#! /usr/local/bin/vvp
:ivl_version "11.0 (devel)" "(s20150603-595-ge745304c)";
:ivl_delay_selection "TYPICAL";
:vpi_time_precision + 0;
:vpi_module "system";
:vpi_module "vhdl_sys";
:vpi_module "vhdl_textio";
:vpi_module "v2005_math";
:vpi_module "va_math";
:vpi_module "v2009";
S_0x7fbdabe000a0 .scope package, "$unit" "$unit" 2 1;
 .timescale 0 0;
S_0x7fbdabe02ac0 .scope module, "Copier_tb" "Copier_tb" 3 3;
 .timescale 0 0;
P_0x7fbdabe05120 .param/l "addrBits" 1 3 10, +C4<00000000000000000000000000001000>;
P_0x7fbdabe05160 .param/l "dataBits" 1 3 11, +C4<00000000000000000000000000010000>;
P_0x7fbdabe051a0 .param/str "dstFile" 0 3 5, "zeroes.hex";
P_0x7fbdabe051e0 .param/str "srcFile" 0 3 4, "../programs/hexes/resume_untested.hex";
v0x7fbdabe2abf0_0 .var "clk", 0 0;
v0x7fbdabe2ac90_0 .net "finished", 0 0, L_0x7fbdabe2b9c0;  1 drivers
L_0x100be4050 .functor BUFT 1, C4<00000011>, C4<0>, C4<0>, C4<0>;
v0x7fbdabe2ad30_0 .net "numberOfWordsToCopy", 7 0, L_0x100be4050;  1 drivers
v0x7fbdabe2ae00_0 .net "readAddress", 7 0, L_0x7fbdabe2bb20;  1 drivers
o0x100bb37e8 .functor BUFZ 16, C4<zzzzzzzzzzzzzzzz>; HiZ drive
v0x7fbdabe2aed0_0 .net "readDataIn", 15 0, o0x100bb37e8;  0 drivers
v0x7fbdabe2afa0_0 .net "readDataOut", 15 0, L_0x7fbdabe2b630;  1 drivers
L_0x100be4170 .functor BUFT 1, C4<1>, C4<0>, C4<0>, C4<0>;
v0x7fbdabe2b070_0 .net "readReadWriteMode", 0 0, L_0x100be4170;  1 drivers
v0x7fbdabe2b140_0 .var "reset", 0 0;
L_0x100be4008 .functor BUFT 1, C4<01110000>, C4<0>, C4<0>, C4<0>;
v0x7fbdabe2b1d0_0 .net "startReadAddress", 7 0, L_0x100be4008;  1 drivers
L_0x100be4098 .functor BUFT 1, C4<11111101>, C4<0>, C4<0>, C4<0>;
v0x7fbdabe2b2e0_0 .net "startWriteAddress", 7 0, L_0x100be4098;  1 drivers
v0x7fbdabe2b370_0 .net "writeAddress", 7 0, L_0x7fbdabe2bb90;  1 drivers
v0x7fbdabe2b400_0 .net "writeDataIn", 15 0, L_0x7fbdabe2c040;  1 drivers
v0x7fbdabe2b4d0_0 .net "writeDataOut", 15 0, L_0x7fbdabe2b6a0;  1 drivers
v0x7fbdabe2b560_0 .net "writeReadWriteMode", 0 0, L_0x7fbdabe2bee0;  1 drivers
E_0x7fbdabe01a40 .event posedge, v0x7fbdabe28910_0;
S_0x7fbdabe0ab40 .scope module, "copier0" "Copier" 3 45, 4 3 0, S_0x7fbdabe02ac0;
 .timescale 0 0;
    .port_info 0 /INPUT 1 "clk";
    .port_info 1 /INPUT 1 "reset";
    .port_info 2 /OUTPUT 1 "finished";
    .port_info 3 /OUTPUT 8 "readAddress";
    .port_info 4 /OUTPUT 1 "readReadWriteMode";
    .port_info 5 /INPUT 16 "readDataOut";
    .port_info 6 /OUTPUT 8 "writeAddress";
    .port_info 7 /OUTPUT 1 "writeReadWriteMode";
    .port_info 8 /OUTPUT 16 "writeDataIn";
    .port_info 9 /INPUT 8 "startReadAddress";
    .port_info 10 /INPUT 8 "numberOfWordsToCopy";
    .port_info 11 /INPUT 8 "startWriteAddress";
P_0x7fbdabe02c30 .param/l "STATE_DONE" 1 4 23, +C4<00000000000000000000000000000010>;
P_0x7fbdabe02c70 .param/l "STATE_READ_WRITE" 1 4 22, +C4<00000000000000000000000000000001>;
P_0x7fbdabe02cb0 .param/l "STATE_WAIT" 1 4 21, +C4<00000000000000000000000000000000>;
P_0x7fbdabe02cf0 .param/l "addrBits" 0 4 3, +C4<00000000000000000000000000001000>;
P_0x7fbdabe02d30 .param/l "dataBits" 0 4 3, +C4<00000000000000000000000000010000>;
L_0x7fbdabe2bb20 .functor BUFZ 8, v0x7fbdabe28bb0_0, C4<00000000>, C4<00000000>, C4<00000000>;
L_0x7fbdabe2bb90 .functor BUFZ 8, v0x7fbdabe28ea0_0, C4<00000000>, C4<00000000>, C4<00000000>;
L_0x7fbdabe2c040 .functor BUFZ 16, v0x7fbdabe28a60_0, C4<0000000000000000>, C4<0000000000000000>, C4<0000000000000000>;
v0x7fbdabe185d0_0 .net *"_s0", 31 0, L_0x7fbdabe2b810;  1 drivers
v0x7fbdabe282d0_0 .net *"_s14", 31 0, L_0x7fbdabe2bc00;  1 drivers
L_0x100be41b8 .functor BUFT 1, C4<000000000000000000000000000000>, C4<0>, C4<0>, C4<0>;
v0x7fbdabe28370_0 .net *"_s17", 29 0, L_0x100be41b8;  1 drivers
L_0x100be4200 .functor BUFT 1, C4<00000000000000000000000000000001>, C4<0>, C4<0>, C4<0>;
v0x7fbdabe28400_0 .net/2u *"_s18", 31 0, L_0x100be4200;  1 drivers
v0x7fbdabe28490_0 .net *"_s20", 0 0, L_0x7fbdabe2bd20;  1 drivers
L_0x100be4248 .functor BUFT 1, C4<0>, C4<0>, C4<0>, C4<0>;
v0x7fbdabe28560_0 .net/2u *"_s22", 0 0, L_0x100be4248;  1 drivers
L_0x100be4290 .functor BUFT 1, C4<1>, C4<0>, C4<0>, C4<0>;
v0x7fbdabe28600_0 .net/2u *"_s24", 0 0, L_0x100be4290;  1 drivers
L_0x100be40e0 .functor BUFT 1, C4<000000000000000000000000000000>, C4<0>, C4<0>, C4<0>;
v0x7fbdabe286b0_0 .net *"_s3", 29 0, L_0x100be40e0;  1 drivers
L_0x100be4128 .functor BUFT 1, C4<00000000000000000000000000000010>, C4<0>, C4<0>, C4<0>;
v0x7fbdabe28760_0 .net/2u *"_s4", 31 0, L_0x100be4128;  1 drivers
v0x7fbdabe28870_0 .net "clk", 0 0, v0x7fbdabe2abf0_0;  1 drivers
v0x7fbdabe28910_0 .net "finished", 0 0, L_0x7fbdabe2b9c0;  alias, 1 drivers
v0x7fbdabe289b0_0 .net "numberOfWordsToCopy", 7 0, L_0x100be4050;  alias, 1 drivers
v0x7fbdabe28a60_0 .var "rDataIn", 15 0;
v0x7fbdabe28b10_0 .var "rMemoryCycle", 0 0;
v0x7fbdabe28bb0_0 .var "rReadAddress", 7 0;
v0x7fbdabe28c60_0 .var "rState", 1 0;
v0x7fbdabe28d10_0 .var "rWordsCopied", 7 0;
v0x7fbdabe28ea0_0 .var "rWriteAddress", 7 0;
v0x7fbdabe28f30_0 .net "readAddress", 7 0, L_0x7fbdabe2bb20;  alias, 1 drivers
v0x7fbdabe28fe0_0 .net "readDataOut", 15 0, L_0x7fbdabe2b630;  alias, 1 drivers
v0x7fbdabe29090_0 .net "readReadWriteMode", 0 0, L_0x100be4170;  alias, 1 drivers
v0x7fbdabe29130_0 .net "reset", 0 0, v0x7fbdabe2b140_0;  1 drivers
v0x7fbdabe291d0_0 .net "startReadAddress", 7 0, L_0x100be4008;  alias, 1 drivers
v0x7fbdabe29280_0 .net "startWriteAddress", 7 0, L_0x100be4098;  alias, 1 drivers
v0x7fbdabe29330_0 .var "wIncrementReadAddress", 0 0;
v0x7fbdabe293d0_0 .var "wIncrementWriteAddress", 0 0;
v0x7fbdabe29470_0 .var "wNextState", 1 0;
v0x7fbdabe29520_0 .net "writeAddress", 7 0, L_0x7fbdabe2bb90;  alias, 1 drivers
v0x7fbdabe295d0_0 .net "writeDataIn", 15 0, L_0x7fbdabe2c040;  alias, 1 drivers
v0x7fbdabe29680_0 .net "writeReadWriteMode", 0 0, L_0x7fbdabe2bee0;  alias, 1 drivers
E_0x7fbdabe02e00 .event edge, v0x7fbdabe28c60_0, v0x7fbdabe28d10_0, v0x7fbdabe289b0_0;
E_0x7fbdabe0b4f0 .event posedge, v0x7fbdabe28870_0;
L_0x7fbdabe2b810 .concat [ 2 30 0 0], v0x7fbdabe28c60_0, L_0x100be40e0;
L_0x7fbdabe2b9c0 .cmp/eq 32, L_0x7fbdabe2b810, L_0x100be4128;
L_0x7fbdabe2bc00 .concat [ 2 30 0 0], v0x7fbdabe28c60_0, L_0x100be41b8;
L_0x7fbdabe2bd20 .cmp/eq 32, L_0x7fbdabe2bc00, L_0x100be4200;
L_0x7fbdabe2bee0 .functor MUXZ 1, L_0x100be4290, L_0x100be4248, L_0x7fbdabe2bd20, C4<>;
S_0x7fbdabe29840 .scope module, "read" "IceRam" 3 23, 5 6 0, S_0x7fbdabe02ac0;
 .timescale 0 0;
    .port_info 0 /INPUT 1 "clk";
    .port_info 1 /INPUT 8 "address";
    .port_info 2 /INPUT 1 "readWriteMode";
    .port_info 3 /INPUT 16 "dataIn";
    .port_info 4 /OUTPUT 16 "dataOut";
P_0x7fbdabe299b0 .param/l "addrBits" 0 5 6, +C4<00000000000000000000000000001000>;
P_0x7fbdabe299f0 .param/l "dataBits" 0 5 6, +C4<00000000000000000000000000010000>;
P_0x7fbdabe29a30 .param/l "ramSize" 1 5 16, +C4<00000000000000000000000100000000>;
P_0x7fbdabe29a70 .param/str "romFile" 0 5 14, "../programs/hexes/resume_untested.hex";
L_0x7fbdabe2b630 .functor BUFZ 16, v0x7fbdabe29f60_0, C4<0000000000000000>, C4<0000000000000000>, C4<0000000000000000>;
v0x7fbdabe29ce0_0 .net "address", 7 0, L_0x7fbdabe2bb20;  alias, 1 drivers
v0x7fbdabe29d70_0 .net "clk", 0 0, v0x7fbdabe2abf0_0;  alias, 1 drivers
v0x7fbdabe29e00_0 .net "dataIn", 15 0, o0x100bb37e8;  alias, 0 drivers
v0x7fbdabe29eb0_0 .net "dataOut", 15 0, L_0x7fbdabe2b630;  alias, 1 drivers
v0x7fbdabe29f60_0 .var "rDataOut", 15 0;
v0x7fbdabe2a030 .array "ram", 255 0, 15 0;
v0x7fbdabe2a0c0_0 .net "readWriteMode", 0 0, L_0x100be4170;  alias, 1 drivers
S_0x7fbdabe2a1c0 .scope module, "write" "IceRam" 3 31, 5 6 0, S_0x7fbdabe02ac0;
 .timescale 0 0;
    .port_info 0 /INPUT 1 "clk";
    .port_info 1 /INPUT 8 "address";
    .port_info 2 /INPUT 1 "readWriteMode";
    .port_info 3 /INPUT 16 "dataIn";
    .port_info 4 /OUTPUT 16 "dataOut";
P_0x7fbdabe2a3a0 .param/l "addrBits" 0 5 6, +C4<00000000000000000000000000001000>;
P_0x7fbdabe2a3e0 .param/l "dataBits" 0 5 6, +C4<00000000000000000000000000010000>;
P_0x7fbdabe2a420 .param/l "ramSize" 1 5 16, +C4<00000000000000000000000100000000>;
P_0x7fbdabe2a460 .param/str "romFile" 0 5 14, "zeroes.hex";
L_0x7fbdabe2b6a0 .functor BUFZ 16, v0x7fbdabe2a960_0, C4<0000000000000000>, C4<0000000000000000>, C4<0000000000000000>;
v0x7fbdabe2a690_0 .net "address", 7 0, L_0x7fbdabe2bb90;  alias, 1 drivers
v0x7fbdabe2a750_0 .net "clk", 0 0, v0x7fbdabe2abf0_0;  alias, 1 drivers
v0x7fbdabe2a820_0 .net "dataIn", 15 0, L_0x7fbdabe2c040;  alias, 1 drivers
v0x7fbdabe2a8d0_0 .net "dataOut", 15 0, L_0x7fbdabe2b6a0;  alias, 1 drivers
v0x7fbdabe2a960_0 .var "rDataOut", 15 0;
v0x7fbdabe2aa50 .array "ram", 255 0, 15 0;
v0x7fbdabe2aaf0_0 .net "readWriteMode", 0 0, L_0x7fbdabe2bee0;  alias, 1 drivers
    .scope S_0x7fbdabe29840;
T_0 ;
    %wait E_0x7fbdabe0b4f0;
    %load/vec4 v0x7fbdabe2a0c0_0;
    %cmpi/e 0, 0, 1;
    %jmp/0xz  T_0.0, 4;
    %load/vec4 v0x7fbdabe29e00_0;
    %load/vec4 v0x7fbdabe29ce0_0;
    %pad/u 10;
    %ix/vec4 3;
    %ix/load 4, 0, 0; Constant delay
    %assign/vec4/a/d v0x7fbdabe2a030, 0, 4;
T_0.0 ;
    %load/vec4 v0x7fbdabe29ce0_0;
    %pad/u 10;
    %ix/vec4 4;
    %load/vec4a v0x7fbdabe2a030, 4;
    %assign/vec4 v0x7fbdabe29f60_0, 0;
    %jmp T_0;
    .thread T_0;
    .scope S_0x7fbdabe29840;
T_1 ;
    %vpi_call/w 5 30 "$readmemh", P_0x7fbdabe29a70, v0x7fbdabe2a030 {0 0 0};
    %end;
    .thread T_1;
    .scope S_0x7fbdabe2a1c0;
T_2 ;
    %wait E_0x7fbdabe0b4f0;
    %load/vec4 v0x7fbdabe2aaf0_0;
    %cmpi/e 0, 0, 1;
    %jmp/0xz  T_2.0, 4;
    %load/vec4 v0x7fbdabe2a820_0;
    %load/vec4 v0x7fbdabe2a690_0;
    %pad/u 10;
    %ix/vec4 3;
    %ix/load 4, 0, 0; Constant delay
    %assign/vec4/a/d v0x7fbdabe2aa50, 0, 4;
T_2.0 ;
    %load/vec4 v0x7fbdabe2a690_0;
    %pad/u 10;
    %ix/vec4 4;
    %load/vec4a v0x7fbdabe2aa50, 4;
    %assign/vec4 v0x7fbdabe2a960_0, 0;
    %jmp T_2;
    .thread T_2;
    .scope S_0x7fbdabe2a1c0;
T_3 ;
    %vpi_call/w 5 30 "$readmemh", P_0x7fbdabe2a460, v0x7fbdabe2aa50 {0 0 0};
    %end;
    .thread T_3;
    .scope S_0x7fbdabe0ab40;
T_4 ;
    %pushi/vec4 0, 0, 2;
    %store/vec4 v0x7fbdabe28c60_0, 0, 2;
    %end;
    .thread T_4, $init;
    .scope S_0x7fbdabe0ab40;
T_5 ;
    %wait E_0x7fbdabe0b4f0;
    %load/vec4 v0x7fbdabe28b10_0;
    %flag_set/vec4 8;
    %jmp/0xz  T_5.0, 8;
    %load/vec4 v0x7fbdabe28fe0_0;
    %assign/vec4 v0x7fbdabe28a60_0, 0;
T_5.0 ;
    %load/vec4 v0x7fbdabe28c60_0;
    %pad/u 32;
    %cmpi/e 0, 0, 32;
    %jmp/0xz  T_5.2, 4;
    %load/vec4 v0x7fbdabe291d0_0;
    %assign/vec4 v0x7fbdabe28bb0_0, 0;
    %load/vec4 v0x7fbdabe29280_0;
    %assign/vec4 v0x7fbdabe28ea0_0, 0;
    %pushi/vec4 0, 0, 8;
    %assign/vec4 v0x7fbdabe28d10_0, 0;
T_5.2 ;
    %load/vec4 v0x7fbdabe28b10_0;
    %load/vec4 v0x7fbdabe29330_0;
    %and;
    %flag_set/vec4 8;
    %jmp/0xz  T_5.4, 8;
    %load/vec4 v0x7fbdabe28bb0_0;
    %addi 1, 0, 8;
    %assign/vec4 v0x7fbdabe28bb0_0, 0;
T_5.4 ;
    %load/vec4 v0x7fbdabe28b10_0;
    %load/vec4 v0x7fbdabe29330_0;
    %and;
    %flag_set/vec4 8;
    %jmp/0xz  T_5.6, 8;
    %load/vec4 v0x7fbdabe28d10_0;
    %addi 1, 0, 8;
    %assign/vec4 v0x7fbdabe28d10_0, 0;
T_5.6 ;
    %load/vec4 v0x7fbdabe28b10_0;
    %load/vec4 v0x7fbdabe293d0_0;
    %and;
    %flag_set/vec4 8;
    %jmp/0xz  T_5.8, 8;
    %load/vec4 v0x7fbdabe28ea0_0;
    %addi 1, 0, 8;
    %assign/vec4 v0x7fbdabe28ea0_0, 0;
T_5.8 ;
    %load/vec4 v0x7fbdabe29130_0;
    %nor/r;
    %flag_set/vec4 8;
    %jmp/0xz  T_5.10, 8;
    %pushi/vec4 0, 0, 2;
    %assign/vec4 v0x7fbdabe28c60_0, 0;
    %jmp T_5.11;
T_5.10 ;
    %load/vec4 v0x7fbdabe28b10_0;
    %flag_set/vec4 8;
    %jmp/0xz  T_5.12, 8;
    %load/vec4 v0x7fbdabe29470_0;
    %assign/vec4 v0x7fbdabe28c60_0, 0;
T_5.12 ;
T_5.11 ;
    %load/vec4 v0x7fbdabe29130_0;
    %nor/r;
    %flag_set/vec4 8;
    %jmp/0xz  T_5.14, 8;
    %pushi/vec4 0, 0, 1;
    %assign/vec4 v0x7fbdabe28b10_0, 0;
    %jmp T_5.15;
T_5.14 ;
    %load/vec4 v0x7fbdabe28b10_0;
    %pad/u 2;
    %addi 1, 0, 2;
    %pad/u 1;
    %assign/vec4 v0x7fbdabe28b10_0, 0;
T_5.15 ;
    %jmp T_5;
    .thread T_5;
    .scope S_0x7fbdabe0ab40;
T_6 ;
    %wait E_0x7fbdabe02e00;
    %pushi/vec4 0, 0, 1;
    %store/vec4 v0x7fbdabe29330_0, 0, 1;
    %pushi/vec4 0, 0, 1;
    %store/vec4 v0x7fbdabe293d0_0, 0, 1;
    %load/vec4 v0x7fbdabe28c60_0;
    %dup/vec4;
    %pushi/vec4 0, 0, 2;
    %cmp/u;
    %jmp/1 T_6.0, 6;
    %dup/vec4;
    %pushi/vec4 1, 0, 2;
    %cmp/u;
    %jmp/1 T_6.1, 6;
    %pushi/vec4 0, 0, 2;
    %store/vec4 v0x7fbdabe29470_0, 0, 2;
    %jmp T_6.3;
T_6.0 ;
    %load/vec4 v0x7fbdabe28d10_0;
    %load/vec4 v0x7fbdabe289b0_0;
    %cmp/e;
    %flag_mov 8, 4;
    %jmp/0 T_6.4, 8;
    %pushi/vec4 2, 0, 32;
    %jmp/1 T_6.5, 8;
T_6.4 ; End of true expr.
    %pushi/vec4 1, 0, 32;
    %jmp/0 T_6.5, 8;
 ; End of false expr.
    %blend;
T_6.5;
    %pad/s 2;
    %store/vec4 v0x7fbdabe29470_0, 0, 2;
    %pushi/vec4 1, 0, 1;
    %store/vec4 v0x7fbdabe29330_0, 0, 1;
    %jmp T_6.3;
T_6.1 ;
    %load/vec4 v0x7fbdabe28d10_0;
    %load/vec4 v0x7fbdabe289b0_0;
    %cmp/e;
    %flag_mov 8, 4;
    %jmp/0 T_6.6, 8;
    %pushi/vec4 2, 0, 32;
    %jmp/1 T_6.7, 8;
T_6.6 ; End of true expr.
    %pushi/vec4 1, 0, 32;
    %jmp/0 T_6.7, 8;
 ; End of false expr.
    %blend;
T_6.7;
    %pad/s 2;
    %store/vec4 v0x7fbdabe29470_0, 0, 2;
    %pushi/vec4 1, 0, 1;
    %store/vec4 v0x7fbdabe29330_0, 0, 1;
    %pushi/vec4 1, 0, 1;
    %store/vec4 v0x7fbdabe293d0_0, 0, 1;
    %jmp T_6.3;
T_6.3 ;
    %pop/vec4 1;
    %jmp T_6;
    .thread T_6, $push;
    .scope S_0x7fbdabe02ac0;
T_7 ;
    %pushi/vec4 0, 0, 1;
    %store/vec4 v0x7fbdabe2b140_0, 0, 1;
    %end;
    .thread T_7, $init;
    .scope S_0x7fbdabe02ac0;
T_8 ;
    %delay 1, 0;
    %load/vec4 v0x7fbdabe2abf0_0;
    %pushi/vec4 1, 0, 1;
    %cmp/ne;
    %flag_get/vec4 6;
    %store/vec4 v0x7fbdabe2abf0_0, 0, 1;
    %jmp T_8;
    .thread T_8;
    .scope S_0x7fbdabe02ac0;
T_9 ;
    %vpi_call/w 3 61 "$dumpfile", "Copier_tb.vcd" {0 0 0};
    %vpi_call/w 3 62 "$dumpvars", 32'sb00000000000000000000000000000000, S_0x7fbdabe02ac0 {0 0 0};
    %delay 3, 0;
    %pushi/vec4 1, 0, 1;
    %assign/vec4 v0x7fbdabe2b140_0, 0;
    %wait E_0x7fbdabe01a40;
    %ix/load 4, 253, 0;
    %flag_set/imm 4, 0;
    %load/vec4a v0x7fbdabe2aa50, 4;
    %ix/load 4, 112, 0;
    %flag_set/imm 4, 0;
    %load/vec4a v0x7fbdabe2a030, 4;
    %cmp/ne;
    %jmp/0xz  T_9.0, 4;
    %vpi_call/w 3 69 "$error", "Memory value 1" {0 0 0};
T_9.0 ;
    %ix/load 4, 254, 0;
    %flag_set/imm 4, 0;
    %load/vec4a v0x7fbdabe2aa50, 4;
    %ix/load 4, 113, 0;
    %flag_set/imm 4, 0;
    %load/vec4a v0x7fbdabe2a030, 4;
    %cmp/ne;
    %jmp/0xz  T_9.2, 4;
    %vpi_call/w 3 70 "$error", "Memory value 2" {0 0 0};
T_9.2 ;
    %ix/load 4, 255, 0;
    %flag_set/imm 4, 0;
    %load/vec4a v0x7fbdabe2aa50, 4;
    %ix/load 4, 114, 0;
    %flag_set/imm 4, 0;
    %load/vec4a v0x7fbdabe2a030, 4;
    %cmp/ne;
    %jmp/0xz  T_9.4, 4;
    %vpi_call/w 3 71 "$error", "Memory value 3" {0 0 0};
T_9.4 ;
    %vpi_call/w 3 72 "$finish" {0 0 0};
    %end;
    .thread T_9;
# The file index is used to find the file name in the following table.
:file_names 6;
    "N/A";
    "<interactive>";
    "-";
    "Copier_tb.v";
    "Copier.v";
    "IceRam.v";
