#! /usr/local/bin/vvp
:ivl_version "11.0 (devel)" "(s20150603-595-ge745304c)";
:ivl_delay_selection "TYPICAL";
:vpi_time_precision + 0;
:vpi_module "system";
:vpi_module "vhdl_sys";
:vpi_module "vhdl_textio";
:vpi_module "v2005_math";
:vpi_module "va_math";
:vpi_module "v2009";
S_0x7f8fabf16e40 .scope package, "$unit" "$unit" 2 1;
 .timescale 0 0;
S_0x7f8fabf0c7c0 .scope module, "Execute_tb" "Execute_tb" 3 6;
 .timescale 0 0;
P_0x7f8fabf06e30 .param/l "addrBits" 1 3 7, +C4<00000000000000000000000000001000>;
P_0x7f8fabf06e70 .param/l "dataBits" 1 3 8, +C4<00000000000000000000000000010000>;
v0x7f8fabf57c10_0 .net "address", 7 0, L_0x7f8fad801980;  1 drivers
v0x7f8fabf57ce0_0 .var "callStackPointer", 7 0;
v0x7f8fabf57d70_0 .var "clk", 0 0;
v0x7f8fabf57e00_0 .net "dataIn", 15 0, L_0x7f8fad801aa0;  1 drivers
o0x10b35c0d8 .functor BUFZ 16, C4<zzzzzzzzzzzzzzzz>; HiZ drive
v0x7f8fabf57eb0_0 .net "dataInReal", 15 0, o0x10b35c0d8;  0 drivers
v0x7f8fabf57f80_0 .net "dataOut", 15 0, L_0x7f8fad801580;  1 drivers
v0x7f8fabf58030_0 .net "destinationRegisterOfRamOutput", 2 0, L_0x7f8fad801c40;  1 drivers
v0x7f8fabf580e0_0 .net "executeFinished", 0 0, L_0x7f8fad801820;  1 drivers
v0x7f8fabf58190_0 .var "expectedNextProgramCounter", 8 0;
v0x7f8fabf582c0_0 .var "instruction", 7 0;
v0x7f8fabf58350_0 .net "ioAddress0", 7 0, L_0x7f8fad801e10;  1 drivers
v0x7f8fabf583e0_0 .net "ioEnabled0", 0 0, L_0x7f8fad801d50;  1 drivers
v0x7f8fabf58490_0 .net "ioReadRegister0", 2 0, L_0x7f8fad802120;  1 drivers
v0x7f8fabf58540_0 .net "ioReadWriteMode0", 0 0, L_0x7f8fad801f30;  1 drivers
v0x7f8fad800000_0 .net "ioWriteValue0", 15 0, L_0x7f8fad802010;  1 drivers
v0x7f8fad8000c0_0 .net "message", 3 0, v0x7f8fabf54dc0_0;  1 drivers
v0x7f8fad800180_0 .net "messageChannel", 7 0, v0x7f8fabf54e60_0;  1 drivers
v0x7f8fad800340_0 .net "messageJumpDestination", 8 0, v0x7f8fabf54f10_0;  1 drivers
v0x7f8fad800400_0 .net "messageMessage", 15 0, v0x7f8fabf54fc0_0;  1 drivers
v0x7f8fad8004c0_0 .net "messageNumWords", 7 0, v0x7f8fabf55070_0;  1 drivers
v0x7f8fad800580_0 .net "nextCallStackPointer", 7 0, L_0x7f8fad802450;  1 drivers
v0x7f8fad800640_0 .var "nextPCOnAlt", 8 0;
v0x7f8fad800700_0 .net "nextProgramCounter", 8 0, L_0x7f8fad8022b0;  1 drivers
v0x7f8fad8007c0_0 .net "nextStackPointer", 7 0, L_0x7f8fad802370;  1 drivers
v0x7f8fad800880_0 .net "nextTopOfStack1", 15 0, L_0x7f8fad802510;  1 drivers
v0x7f8fad800940_0 .net "nextTopOfStack2", 15 0, L_0x7f8fad8023e0;  1 drivers
v0x7f8fad800a00_0 .net "nextTopOfStack3", 15 0, L_0x7f8fad802640;  1 drivers
v0x7f8fad800ac0_0 .var "nextTopOfStackOnAlt", 15 0;
v0x7f8fad800b80_0 .net "programCounterIsIncremented", 0 0, L_0x7f8fad804b50;  1 drivers
v0x7f8fad800c30_0 .net "pushNextLower", 0 0, L_0x7f8fad8046a0;  1 drivers
v0x7f8fad800ce0_0 .net "pushNextUpper", 0 0, L_0x7f8fad804810;  1 drivers
v0x7f8fad800d90_0 .net "readWriteMode", 0 0, L_0x7f8fad8019f0;  1 drivers
L_0x10b38b008 .functor BUFT 1, C4<1>, C4<0>, C4<0>, C4<0>;
v0x7f8fad800e40_0 .net "readWriteModeReal", 0 0, L_0x10b38b008;  1 drivers
v0x7f8fad800230_0 .var "reset", 0 0;
v0x7f8fad8010d0_0 .var "stackPointer", 7 0;
v0x7f8fad801180_0 .net "status", 1 0, L_0x7f8fad802790;  1 drivers
v0x7f8fad801240_0 .var "topOfStack1", 15 0;
v0x7f8fad801300_0 .var "topOfStack2", 15 0;
v0x7f8fad8013c0_0 .var "topOfStack3", 15 0;
v0x7f8fad801480_0 .net "useOutputOfRAM", 0 0, L_0x7f8fad801b90;  1 drivers
S_0x7f8fabf114c0 .scope module, "execute0" "Execute" 3 76, 4 8 0, S_0x7f8fabf0c7c0;
 .timescale 0 0;
    .port_info 0 /INPUT 1 "clk";
    .port_info 1 /INPUT 1 "enabled";
    .port_info 2 /INPUT 1 "reset";
    .port_info 3 /OUTPUT 1 "finished";
    .port_info 4 /OUTPUT 8 "addr";
    .port_info 5 /OUTPUT 16 "dataIn";
    .port_info 6 /OUTPUT 1 "ramRW";
    .port_info 7 /INPUT 9 "expectedNextProgramCounter";
    .port_info 8 /INPUT 8 "stackPointer";
    .port_info 9 /INPUT 8 "callStackPointer";
    .port_info 10 /INPUT 8 "instruction";
    .port_info 11 /INPUT 16 "topOfStack1";
    .port_info 12 /INPUT 16 "topOfStack2";
    .port_info 13 /INPUT 16 "topOfStack3";
    .port_info 14 /INPUT 16 "nextTopOfStackOnAlt";
    .port_info 15 /INPUT 9 "nextPCOnAlt";
    .port_info 16 /INPUT 1 "loadFlagsFromSavedState";
    .port_info 17 /INPUT 4 "savedFlags";
    .port_info 18 /OUTPUT 9 "nextProgramCounter";
    .port_info 19 /OUTPUT 8 "nextStackPointer";
    .port_info 20 /OUTPUT 8 "nextCallStackPointer";
    .port_info 21 /OUTPUT 16 "nextTopOfStack1";
    .port_info 22 /OUTPUT 16 "nextTopOfStack2";
    .port_info 23 /OUTPUT 16 "nextTopOfStack3";
    .port_info 24 /OUTPUT 1 "useOutputOfRAM";
    .port_info 25 /OUTPUT 3 "destinationRegisterOfRamOutput";
    .port_info 26 /OUTPUT 1 "pushNextLower";
    .port_info 27 /OUTPUT 1 "pushNextUpper";
    .port_info 28 /OUTPUT 1 "programCounterIsIncremented";
    .port_info 29 /OUTPUT 2 "status";
    .port_info 30 /OUTPUT 1 "ioEnabled0";
    .port_info 31 /OUTPUT 8 "ioAddress0";
    .port_info 32 /OUTPUT 1 "ioReadWriteMode0";
    .port_info 33 /OUTPUT 16 "ioWriteValue0";
    .port_info 34 /OUTPUT 3 "ioReadRegister0";
    .port_info 35 /OUTPUT 1 "needsFullFetch";
    .port_info 36 /OUTPUT 4 "exportedAluFlags";
    .port_info 37 /OUTPUT 4 "message";
    .port_info 38 /OUTPUT 8 "messageChannel";
    .port_info 39 /OUTPUT 16 "messageMessage";
    .port_info 40 /OUTPUT 8 "messageNumWords";
    .port_info 41 /OUTPUT 9 "messageJumpDestination";
P_0x7f8fabf27700 .param/l "addrBits" 0 4 8, +C4<00000000000000000000000000001000>;
P_0x7f8fabf27740 .param/l "cpuId" 0 4 8, +C4<00000000000000000000000000000000>;
P_0x7f8fabf27780 .param/l "dataBits" 0 4 8, +C4<00000000000000000000000000010000>;
L_0x7f8fad801980 .functor BUFZ 8, v0x7f8fabf55a80_0, C4<00000000>, C4<00000000>, C4<00000000>;
L_0x7f8fad8019f0 .functor BUFZ 1, v0x7f8fabf563e0_0, C4<0>, C4<0>, C4<0>;
L_0x7f8fad801aa0 .functor BUFZ 16, v0x7f8fabf55b30_0, C4<0000000000000000>, C4<0000000000000000>, C4<0000000000000000>;
L_0x7f8fad801b90 .functor BUFZ 1, v0x7f8fabf56530_0, C4<0>, C4<0>, C4<0>;
L_0x7f8fad801c40 .functor BUFZ 3, v0x7f8fabf55be0_0, C4<000>, C4<000>, C4<000>;
L_0x7f8fad801d50 .functor BUFZ 1, v0x7f8fabf55d40_0, C4<0>, C4<0>, C4<0>;
L_0x7f8fad801e10 .functor BUFZ 8, v0x7f8fabf55c90_0, C4<00000000>, C4<00000000>, C4<00000000>;
L_0x7f8fad801f30 .functor BUFZ 1, v0x7f8fabf55e90_0, C4<0>, C4<0>, C4<0>;
L_0x7f8fad802010 .functor BUFZ 16, v0x7f8fabf548d0_0, C4<0000000000000000>, C4<0000000000000000>, C4<0000000000000000>;
L_0x7f8fad802120 .functor BUFZ 3, v0x7f8fabf55de0_0, C4<000>, C4<000>, C4<000>;
L_0x7f8fad802190 .functor BUFZ 1, v0x7f8fabf54980_0, C4<0>, C4<0>, C4<0>;
L_0x7f8fad8022b0 .functor BUFZ 9, v0x7f8fabf55f30_0, C4<000000000>, C4<000000000>, C4<000000000>;
L_0x7f8fad802370 .functor BUFZ 8, v0x7f8fabf55fe0_0, C4<00000000>, C4<00000000>, C4<00000000>;
L_0x7f8fad802450 .functor BUFZ 8, v0x7f8fabf54a20_0, C4<00000000>, C4<00000000>, C4<00000000>;
L_0x7f8fad802510 .functor BUFZ 16, v0x7f8fabf56090_0, C4<0000000000000000>, C4<0000000000000000>, C4<0000000000000000>;
L_0x7f8fad8023e0 .functor BUFZ 16, v0x7f8fabf56140_0, C4<0000000000000000>, C4<0000000000000000>, C4<0000000000000000>;
L_0x7f8fad802640 .functor BUFZ 16, v0x7f8fabf561f0_0, C4<0000000000000000>, C4<0000000000000000>, C4<0000000000000000>;
L_0x7f8fad802790 .functor BUFZ 2, v0x7f8fabf56480_0, C4<00>, C4<00>, C4<00>;
L_0x7f8fad804010 .functor OR 1, L_0x7f8fad803df0, L_0x7f8fad803ef0, C4<0>, C4<0>;
L_0x7f8fad8041a0 .functor BUFZ 1, L_0x7f8fad804010, C4<0>, C4<0>, C4<0>;
L_0x7f8fad802700 .functor OR 1, L_0x7f8fad804100, L_0x7f8fad8041a0, C4<0>, C4<0>;
L_0x7f8fad804340 .functor NOT 1, L_0x7f8fad802700, C4<0>, C4<0>, C4<0>;
L_0x7f8fad8046a0 .functor BUFZ 1, v0x7f8fabf562a0_0, C4<0>, C4<0>, C4<0>;
L_0x7f8fad804810 .functor BUFZ 1, v0x7f8fabf56340_0, C4<0>, C4<0>, C4<0>;
L_0x7f8fad804b50 .functor AND 1, L_0x7f8fad804940, L_0x7f8fad804ab0, C4<1>, C4<1>;
v0x7f8fabf532d0_0 .net *"_s0", 31 0, L_0x7f8fad801650;  1 drivers
L_0x10b38b050 .functor BUFT 1, C4<0000000000000000000000000000000>, C4<0>, C4<0>, C4<0>;
v0x7f8fabf53360_0 .net *"_s3", 30 0, L_0x10b38b050;  1 drivers
L_0x10b38b098 .functor BUFT 1, C4<00000000000000000000000000000001>, C4<0>, C4<0>, C4<0>;
v0x7f8fabf533f0_0 .net/2u *"_s4", 31 0, L_0x10b38b098;  1 drivers
L_0x10b38b0e0 .functor BUFT 1, C4<1110>, C4<0>, C4<0>, C4<0>;
v0x7f8fabf53480_0 .net/2u *"_s44", 3 0, L_0x10b38b0e0;  1 drivers
v0x7f8fabf53510_0 .net *"_s46", 0 0, L_0x7f8fad803df0;  1 drivers
L_0x10b38b128 .functor BUFT 1, C4<1111>, C4<0>, C4<0>, C4<0>;
v0x7f8fabf535b0_0 .net/2u *"_s48", 3 0, L_0x10b38b128;  1 drivers
v0x7f8fabf53660_0 .net *"_s50", 0 0, L_0x7f8fad803ef0;  1 drivers
v0x7f8fabf53700_0 .net *"_s56", 0 0, L_0x7f8fad802700;  1 drivers
L_0x10b38b170 .functor BUFT 1, C4<1000>, C4<0>, C4<0>, C4<0>;
v0x7f8fabf537a0_0 .net/2u *"_s60", 3 0, L_0x10b38b170;  1 drivers
L_0x10b38b1b8 .functor BUFT 1, C4<0111>, C4<0>, C4<0>, C4<0>;
v0x7f8fabf538b0_0 .net/2u *"_s72", 3 0, L_0x10b38b1b8;  1 drivers
v0x7f8fabf53960_0 .net *"_s76", 0 0, L_0x7f8fad804940;  1 drivers
v0x7f8fabf53a00_0 .net *"_s79", 0 0, L_0x7f8fad804ab0;  1 drivers
v0x7f8fabf53aa0_0 .net "addr", 7 0, L_0x7f8fad801980;  alias, 1 drivers
v0x7f8fabf53b50_0 .var "aluA", 15 0;
v0x7f8fabf53c10_0 .var "aluB", 15 0;
v0x7f8fabf53ca0_0 .var "aluFunc", 3 0;
v0x7f8fabf53d30_0 .net "aluOpPops1", 0 0, L_0x7f8fad804340;  1 drivers
v0x7f8fabf53ec0_0 .net "aluOpPops2", 0 0, L_0x7f8fad8041a0;  1 drivers
v0x7f8fabf53f60_0 .net "aluOpPopsNone", 0 0, L_0x7f8fad804100;  1 drivers
v0x7f8fabf54000_0 .net "aluOut", 15 0, L_0x7f8fad803cf0;  1 drivers
v0x7f8fabf540c0_0 .net "callStackPointer", 7 0, v0x7f8fabf57ce0_0;  1 drivers
v0x7f8fabf54150_0 .net "clk", 0 0, v0x7f8fabf57d70_0;  1 drivers
v0x7f8fabf541e0_0 .var "condition", 3 0;
v0x7f8fabf54270_0 .net "conditionHolds", 0 0, v0x7f8fabf525d0_0;  1 drivers
v0x7f8fabf54300_0 .net "dataIn", 15 0, L_0x7f8fad801aa0;  alias, 1 drivers
v0x7f8fabf54390_0 .net "destinationRegisterOfRamOutput", 2 0, L_0x7f8fad801c40;  alias, 1 drivers
L_0x10b38b200 .functor BUFT 1, C4<1>, C4<0>, C4<0>, C4<0>;
v0x7f8fabf54430_0 .net "enabled", 0 0, L_0x10b38b200;  1 drivers
v0x7f8fabf544d0_0 .net "expectedNextProgramCounter", 8 0, v0x7f8fabf58190_0;  1 drivers
v0x7f8fabf54580_0 .net "exportedAluFlags", 3 0, L_0x7f8fad803a80;  1 drivers
v0x7f8fabf54640_0 .net "finished", 0 0, L_0x7f8fad801820;  alias, 1 drivers
v0x7f8fabf546d0_0 .net "instruction", 7 0, v0x7f8fabf582c0_0;  1 drivers
v0x7f8fabf54780_0 .net "ioAddress0", 7 0, L_0x7f8fad801e10;  alias, 1 drivers
v0x7f8fabf54830_0 .net "ioEnabled0", 0 0, L_0x7f8fad801d50;  alias, 1 drivers
v0x7f8fabf53dd0_0 .net "ioReadRegister0", 2 0, L_0x7f8fad802120;  alias, 1 drivers
v0x7f8fabf54ac0_0 .net "ioReadWriteMode0", 0 0, L_0x7f8fad801f30;  alias, 1 drivers
v0x7f8fabf54b50_0 .net "ioWriteValue0", 15 0, L_0x7f8fad802010;  alias, 1 drivers
v0x7f8fabf54be0_0 .net "isCompare", 0 0, L_0x7f8fad804010;  1 drivers
v0x7f8fabf54c70_0 .net "isFunctionOp", 0 0, L_0x7f8fad804290;  1 drivers
L_0x10b38b248 .functor BUFT 1, C4<0>, C4<0>, C4<0>, C4<0>;
v0x7f8fabf54d10_0 .net "loadFlagsFromSavedState", 0 0, L_0x10b38b248;  1 drivers
v0x7f8fabf54dc0_0 .var "message", 3 0;
v0x7f8fabf54e60_0 .var "messageChannel", 7 0;
v0x7f8fabf54f10_0 .var "messageJumpDestination", 8 0;
v0x7f8fabf54fc0_0 .var "messageMessage", 15 0;
v0x7f8fabf55070_0 .var "messageNumWords", 7 0;
v0x7f8fabf55120_0 .net "needsFullFetch", 0 0, L_0x7f8fad802190;  1 drivers
v0x7f8fabf551c0_0 .net "nextCallStackPointer", 7 0, L_0x7f8fad802450;  alias, 1 drivers
v0x7f8fabf55270_0 .net "nextPCOnAlt", 8 0, v0x7f8fad800640_0;  1 drivers
v0x7f8fabf55320_0 .net "nextProgramCounter", 8 0, L_0x7f8fad8022b0;  alias, 1 drivers
v0x7f8fabf553d0_0 .net "nextStackPointer", 7 0, L_0x7f8fad802370;  alias, 1 drivers
v0x7f8fabf55480_0 .net "nextTopOfStack1", 15 0, L_0x7f8fad802510;  alias, 1 drivers
v0x7f8fabf55530_0 .net "nextTopOfStack2", 15 0, L_0x7f8fad8023e0;  alias, 1 drivers
v0x7f8fabf555e0_0 .net "nextTopOfStack3", 15 0, L_0x7f8fad802640;  alias, 1 drivers
v0x7f8fabf55690_0 .net "nextTopOfStackOnAlt", 15 0, v0x7f8fad800ac0_0;  1 drivers
v0x7f8fabf55740_0 .net "opcode", 3 0, L_0x7f8fad8044a0;  1 drivers
v0x7f8fabf557f0_0 .net "operand", 3 0, L_0x7f8fad804580;  1 drivers
v0x7f8fabf558a0_0 .net "programCounterIsIncremented", 0 0, L_0x7f8fad804b50;  alias, 1 drivers
v0x7f8fabf55940_0 .net "pushNextLower", 0 0, L_0x7f8fad8046a0;  alias, 1 drivers
v0x7f8fabf559e0_0 .net "pushNextUpper", 0 0, L_0x7f8fad804810;  alias, 1 drivers
v0x7f8fabf55a80_0 .var "rAddr", 7 0;
v0x7f8fabf55b30_0 .var "rDataIn", 15 0;
v0x7f8fabf55be0_0 .var "rDestinationRegisterOfRamOutput", 2 0;
v0x7f8fabf55c90_0 .var "rIoAddress0", 7 0;
v0x7f8fabf55d40_0 .var "rIoEnabled0", 0 0;
v0x7f8fabf55de0_0 .var "rIoReadRegister0", 2 0;
v0x7f8fabf55e90_0 .var "rIoReadWriteMode0", 0 0;
v0x7f8fabf548d0_0 .var "rIoWriteValue0", 15 0;
v0x7f8fabf54980_0 .var "rNeedsFullFetch", 0 0;
v0x7f8fabf54a20_0 .var "rNextCallStackPointer", 7 0;
v0x7f8fabf55f30_0 .var "rNextProgramCounter", 8 0;
v0x7f8fabf55fe0_0 .var "rNextStackPointer", 7 0;
v0x7f8fabf56090_0 .var "rNextTopOfStack1", 15 0;
v0x7f8fabf56140_0 .var "rNextTopOfStack2", 15 0;
v0x7f8fabf561f0_0 .var "rNextTopOfStack3", 15 0;
v0x7f8fabf562a0_0 .var "rPushNextLower", 0 0;
v0x7f8fabf56340_0 .var "rPushNextUpper", 0 0;
v0x7f8fabf563e0_0 .var "rRamRW", 0 0;
v0x7f8fabf56480_0 .var "rStatus", 1 0;
v0x7f8fabf56530_0 .var "rUseOutputOfRAM", 0 0;
v0x7f8fabf565d0_0 .net "ramRW", 0 0, L_0x7f8fad8019f0;  alias, 1 drivers
v0x7f8fabf56670_0 .net "reset", 0 0, v0x7f8fad800230_0;  1 drivers
L_0x10b38b290 .functor BUFT 1, C4<0000>, C4<0>, C4<0>, C4<0>;
v0x7f8fabf56720_0 .net "savedFlags", 3 0, L_0x10b38b290;  1 drivers
v0x7f8fabf567d0_0 .net "stackPointer", 7 0, v0x7f8fad8010d0_0;  1 drivers
v0x7f8fabf56870_0 .var "state", 0 0;
v0x7f8fabf56910_0 .net "status", 1 0, L_0x7f8fad802790;  alias, 1 drivers
v0x7f8fabf569c0_0 .net "topOfStack1", 15 0, v0x7f8fad801240_0;  1 drivers
v0x7f8fabf56a70_0 .net "topOfStack2", 15 0, v0x7f8fad801300_0;  1 drivers
v0x7f8fabf56b20_0 .net "topOfStack3", 15 0, v0x7f8fad8013c0_0;  1 drivers
v0x7f8fabf56bd0_0 .var "updateFlags", 0 0;
v0x7f8fabf56c80_0 .net "useOutputOfRAM", 0 0, L_0x7f8fad801b90;  alias, 1 drivers
v0x7f8fabf56d10_0 .var "wPop1", 0 0;
v0x7f8fabf56db0_0 .var "wPop2", 0 0;
v0x7f8fabf56e50_0 .var "wWrite3", 0 0;
E_0x7f8fabf43a40/0 .event edge, v0x7f8fabf544d0_0, v0x7f8fabf567d0_0, v0x7f8fabf540c0_0, v0x7f8fabf569c0_0;
E_0x7f8fabf43a40/1 .event edge, v0x7f8fabf56a70_0, v0x7f8fabf56b20_0, v0x7f8fabf557f0_0, v0x7f8fabf55740_0;
E_0x7f8fabf43a40/2 .event edge, v0x7f8fabf54430_0, v0x7f8fabf521f0_0, v0x7f8fabf53d30_0, v0x7f8fabf53ec0_0;
E_0x7f8fabf43a40/3 .event edge, v0x7f8fabf525d0_0, v0x7f8fabf55270_0, v0x7f8fabf55690_0, v0x7f8fabf56d10_0;
E_0x7f8fabf43a40/4 .event edge, v0x7f8fabf56db0_0, v0x7f8fabf56e50_0;
E_0x7f8fabf43a40 .event/or E_0x7f8fabf43a40/0, E_0x7f8fabf43a40/1, E_0x7f8fabf43a40/2, E_0x7f8fabf43a40/3, E_0x7f8fabf43a40/4;
L_0x7f8fad801650 .concat [ 1 31 0 0], v0x7f8fabf56870_0, L_0x10b38b050;
L_0x7f8fad801820 .cmp/eq 32, L_0x7f8fad801650, L_0x10b38b098;
L_0x7f8fad803df0 .cmp/eq 4, L_0x7f8fad804580, L_0x10b38b0e0;
L_0x7f8fad803ef0 .cmp/eq 4, L_0x7f8fad804580, L_0x10b38b128;
L_0x7f8fad804100 .cmp/eq 4, L_0x7f8fad804580, L_0x10b38b170;
L_0x7f8fad8044a0 .part v0x7f8fabf582c0_0, 4, 4;
L_0x7f8fad804580 .part v0x7f8fabf582c0_0, 0, 4;
L_0x7f8fad804290 .cmp/eq 4, L_0x7f8fad8044a0, L_0x10b38b1b8;
L_0x7f8fad804940 .cmp/eq 9, v0x7f8fabf55f30_0, v0x7f8fabf58190_0;
L_0x7f8fad804ab0 .reduce/nor L_0x7f8fad804290;
S_0x7f8fabf18660 .scope module, "alu0" "Alu" 4 126, 5 7 0, S_0x7f8fabf114c0;
 .timescale 0 0;
    .port_info 0 /INPUT 1 "clk";
    .port_info 1 /INPUT 1 "reset";
    .port_info 2 /INPUT 16 "aluA";
    .port_info 3 /INPUT 16 "aluB";
    .port_info 4 /INPUT 4 "func";
    .port_info 5 /INPUT 4 "condition";
    .port_info 6 /INPUT 1 "updateFlags";
    .port_info 7 /INPUT 1 "loadFlagsFromSavedState";
    .port_info 8 /INPUT 4 "savedFlags";
    .port_info 9 /OUTPUT 16 "aluOut";
    .port_info 10 /OUTPUT 1 "conditionHolds";
    .port_info 11 /OUTPUT 4 "exportedAluFlags";
P_0x7f8fabf28360 .param/l "dataBits" 0 5 7, +C4<00000000000000000000000000010000>;
L_0x7f8fad802580 .functor NOT 16, v0x7f8fabf527d0_0, C4<0000000000000000>, C4<0000000000000000>, C4<0000000000000000>;
L_0x7f8fad802a90 .functor BUFZ 1, v0x7f8fabf52340_0, C4<0>, C4<0>, C4<0>;
L_0x7f8fad802d50 .functor XNOR 1, L_0x7f8fad802b30, L_0x7f8fad802c50, C4<0>, C4<0>;
L_0x7f8fad802ff0 .functor XOR 1, L_0x7f8fad802e80, L_0x7f8fad802f50, C4<0>, C4<0>;
L_0x7f8fad803120 .functor AND 1, L_0x7f8fad802d50, L_0x7f8fad802ff0, C4<1>, C4<1>;
L_0x7f8fad803400 .functor XOR 1, L_0x7f8fad803240, L_0x7f8fad803360, C4<0>, C4<0>;
L_0x7f8fad8037a0 .functor XNOR 1, L_0x7f8fad803510, L_0x7f8fad803680, C4<0>, C4<0>;
L_0x7f8fad803850 .functor AND 1, L_0x7f8fad803400, L_0x7f8fad8037a0, C4<1>, C4<1>;
L_0x7f8fad803cf0 .functor BUFZ 16, v0x7f8fabf527d0_0, C4<0000000000000000>, C4<0000000000000000>, C4<0000000000000000>;
v0x7f8fabf18450_0 .net *"_s0", 15 0, L_0x7f8fad802580;  1 drivers
v0x7f8fabf515c0_0 .net *"_s11", 0 0, L_0x7f8fad802c50;  1 drivers
v0x7f8fabf51660_0 .net *"_s12", 0 0, L_0x7f8fad802d50;  1 drivers
v0x7f8fabf516f0_0 .net *"_s15", 0 0, L_0x7f8fad802e80;  1 drivers
v0x7f8fabf51780_0 .net *"_s17", 0 0, L_0x7f8fad802f50;  1 drivers
v0x7f8fabf51850_0 .net *"_s18", 0 0, L_0x7f8fad802ff0;  1 drivers
v0x7f8fabf518e0_0 .net *"_s20", 0 0, L_0x7f8fad803120;  1 drivers
v0x7f8fabf51980_0 .net *"_s23", 0 0, L_0x7f8fad803240;  1 drivers
v0x7f8fabf51a30_0 .net *"_s25", 0 0, L_0x7f8fad803360;  1 drivers
v0x7f8fabf51b40_0 .net *"_s26", 0 0, L_0x7f8fad803400;  1 drivers
v0x7f8fabf51be0_0 .net *"_s29", 0 0, L_0x7f8fad803510;  1 drivers
v0x7f8fabf51c90_0 .net *"_s31", 0 0, L_0x7f8fad803680;  1 drivers
v0x7f8fabf51d40_0 .net *"_s32", 0 0, L_0x7f8fad8037a0;  1 drivers
v0x7f8fabf51de0_0 .net *"_s34", 0 0, L_0x7f8fad803850;  1 drivers
v0x7f8fabf51e80_0 .net *"_s9", 0 0, L_0x7f8fad802b30;  1 drivers
v0x7f8fabf51f30_0 .var "additionStyleOverflow", 0 0;
v0x7f8fabf51fd0_0 .net "aluA", 15 0, v0x7f8fabf53b50_0;  1 drivers
v0x7f8fabf52160_0 .net "aluB", 15 0, v0x7f8fabf53c10_0;  1 drivers
v0x7f8fabf521f0_0 .net "aluOut", 15 0, L_0x7f8fad803cf0;  alias, 1 drivers
v0x7f8fabf522a0_0 .var "c", 0 0;
v0x7f8fabf52340_0 .var "carryBit", 0 0;
v0x7f8fabf523e0_0 .var "carryFlag", 0 0;
v0x7f8fabf52480_0 .net "clk", 0 0, v0x7f8fabf57d70_0;  alias, 1 drivers
v0x7f8fabf52520_0 .net "condition", 3 0, v0x7f8fabf541e0_0;  1 drivers
v0x7f8fabf525d0_0 .var "conditionHolds", 0 0;
v0x7f8fabf52670_0 .net "exportedAluFlags", 3 0, L_0x7f8fad803a80;  alias, 1 drivers
v0x7f8fabf52720_0 .net "func", 3 0, v0x7f8fabf53ca0_0;  1 drivers
v0x7f8fabf527d0_0 .var "internalAluOut", 15 0;
v0x7f8fabf52880_0 .net "loadFlagsFromSavedState", 0 0, L_0x10b38b248;  alias, 1 drivers
v0x7f8fabf52920_0 .var "overflowFlag", 0 0;
v0x7f8fabf529c0_0 .net "reset", 0 0, v0x7f8fad800230_0;  alias, 1 drivers
v0x7f8fabf52a60_0 .net "savedFlags", 3 0, L_0x10b38b290;  alias, 1 drivers
v0x7f8fabf52b10_0 .net "shouldNegateConditionResult", 0 0, L_0x7f8fad803b80;  1 drivers
v0x7f8fabf52070_0 .var "signFlag", 0 0;
v0x7f8fabf52da0_0 .net "updateFlags", 0 0, v0x7f8fabf56bd0_0;  1 drivers
v0x7f8fabf52e30_0 .net "wCarryFlag", 0 0, L_0x7f8fad802a90;  1 drivers
v0x7f8fabf52ec0_0 .net "wOverflowFlag", 0 0, L_0x7f8fad803940;  1 drivers
v0x7f8fabf52f50_0 .net "wSignFlag", 0 0, L_0x7f8fad8029b0;  1 drivers
v0x7f8fabf52fe0_0 .var "wUpdateLogicFlags", 0 0;
v0x7f8fabf53070_0 .net "wZeroFlag", 0 0, L_0x7f8fad8028a0;  1 drivers
v0x7f8fabf53110_0 .var "zeroFlag", 0 0;
E_0x7f8fabf19d80/0 .event edge, v0x7f8fabf52720_0, v0x7f8fabf51fd0_0, v0x7f8fabf52160_0, v0x7f8fabf52520_0;
E_0x7f8fabf19d80/1 .event edge, v0x7f8fabf53110_0, v0x7f8fabf52070_0, v0x7f8fabf523e0_0, v0x7f8fabf52920_0;
E_0x7f8fabf19d80/2 .event edge, v0x7f8fabf522a0_0, v0x7f8fabf52b10_0;
E_0x7f8fabf19d80 .event/or E_0x7f8fabf19d80/0, E_0x7f8fabf19d80/1, E_0x7f8fabf19d80/2;
E_0x7f8fabf28460 .event posedge, v0x7f8fabf52480_0;
L_0x7f8fad8028a0 .reduce/and L_0x7f8fad802580;
L_0x7f8fad8029b0 .part v0x7f8fabf527d0_0, 15, 1;
L_0x7f8fad802b30 .part v0x7f8fabf53b50_0, 15, 1;
L_0x7f8fad802c50 .part v0x7f8fabf53c10_0, 15, 1;
L_0x7f8fad802e80 .part v0x7f8fabf53b50_0, 15, 1;
L_0x7f8fad802f50 .part v0x7f8fabf527d0_0, 15, 1;
L_0x7f8fad803240 .part v0x7f8fabf53b50_0, 15, 1;
L_0x7f8fad803360 .part v0x7f8fabf53c10_0, 15, 1;
L_0x7f8fad803510 .part v0x7f8fabf53c10_0, 15, 1;
L_0x7f8fad803680 .part v0x7f8fabf527d0_0, 15, 1;
L_0x7f8fad803940 .functor MUXZ 1, L_0x7f8fad803850, L_0x7f8fad803120, v0x7f8fabf51f30_0, C4<>;
L_0x7f8fad803a80 .concat [ 1 1 1 1], v0x7f8fabf52920_0, v0x7f8fabf523e0_0, v0x7f8fabf52070_0, v0x7f8fabf53110_0;
L_0x7f8fad803b80 .part v0x7f8fabf541e0_0, 0, 1;
S_0x7f8fabf572e0 .scope module, "ram0" "IceRam" 3 23, 6 6 0, S_0x7f8fabf0c7c0;
 .timescale 0 0;
    .port_info 0 /INPUT 1 "clk";
    .port_info 1 /INPUT 8 "address";
    .port_info 2 /INPUT 1 "readWriteMode";
    .port_info 3 /INPUT 16 "dataIn";
    .port_info 4 /OUTPUT 16 "dataOut";
P_0x7f8fabf57450 .param/l "addrBits" 0 6 6, +C4<00000000000000000000000000001000>;
P_0x7f8fabf57490 .param/l "dataBits" 0 6 6, +C4<00000000000000000000000000010000>;
P_0x7f8fabf574d0 .param/l "ramSize" 1 6 16, +C4<00000000000000000000000100000000>;
P_0x7f8fabf57510 .param/str "romFile" 0 6 14, "execute_tb_data.hex";
L_0x7f8fad801580 .functor BUFZ 16, v0x7f8fabf57960_0, C4<0000000000000000>, C4<0000000000000000>, C4<0000000000000000>;
v0x7f8fabf576a0_0 .net "address", 7 0, L_0x7f8fad801980;  alias, 1 drivers
v0x7f8fabf57750_0 .net "clk", 0 0, v0x7f8fabf57d70_0;  alias, 1 drivers
v0x7f8fabf57820_0 .net "dataIn", 15 0, o0x10b35c0d8;  alias, 0 drivers
v0x7f8fabf578b0_0 .net "dataOut", 15 0, L_0x7f8fad801580;  alias, 1 drivers
v0x7f8fabf57960_0 .var "rDataOut", 15 0;
v0x7f8fabf57a50 .array "ram", 255 0, 15 0;
v0x7f8fabf57af0_0 .net "readWriteMode", 0 0, L_0x10b38b008;  alias, 1 drivers
    .scope S_0x7f8fabf572e0;
T_0 ;
    %wait E_0x7f8fabf28460;
    %load/vec4 v0x7f8fabf57af0_0;
    %cmpi/e 0, 0, 1;
    %jmp/0xz  T_0.0, 4;
    %load/vec4 v0x7f8fabf57820_0;
    %load/vec4 v0x7f8fabf576a0_0;
    %pad/u 10;
    %ix/vec4 3;
    %ix/load 4, 0, 0; Constant delay
    %assign/vec4/a/d v0x7f8fabf57a50, 0, 4;
T_0.0 ;
    %load/vec4 v0x7f8fabf576a0_0;
    %pad/u 10;
    %ix/vec4 4;
    %load/vec4a v0x7f8fabf57a50, 4;
    %assign/vec4 v0x7f8fabf57960_0, 0;
    %jmp T_0;
    .thread T_0;
    .scope S_0x7f8fabf572e0;
T_1 ;
    %vpi_call/w 6 30 "$readmemh", P_0x7f8fabf57510, v0x7f8fabf57a50 {0 0 0};
    %end;
    .thread T_1;
    .scope S_0x7f8fabf18660;
T_2 ;
    %wait E_0x7f8fabf28460;
    %load/vec4 v0x7f8fabf529c0_0;
    %nor/r;
    %flag_set/vec4 8;
    %jmp/0xz  T_2.0, 8;
    %pushi/vec4 0, 0, 1;
    %assign/vec4 v0x7f8fabf53110_0, 0;
    %pushi/vec4 0, 0, 1;
    %assign/vec4 v0x7f8fabf52070_0, 0;
    %pushi/vec4 0, 0, 1;
    %assign/vec4 v0x7f8fabf523e0_0, 0;
    %pushi/vec4 0, 0, 1;
    %assign/vec4 v0x7f8fabf52920_0, 0;
    %jmp T_2.1;
T_2.0 ;
    %load/vec4 v0x7f8fabf52da0_0;
    %flag_set/vec4 8;
    %jmp/0xz  T_2.2, 8;
    %load/vec4 v0x7f8fabf52fe0_0;
    %flag_set/vec4 8;
    %jmp/0xz  T_2.4, 8;
    %load/vec4 v0x7f8fabf53070_0;
    %assign/vec4 v0x7f8fabf53110_0, 0;
    %load/vec4 v0x7f8fabf52f50_0;
    %assign/vec4 v0x7f8fabf52070_0, 0;
T_2.4 ;
    %load/vec4 v0x7f8fabf52e30_0;
    %assign/vec4 v0x7f8fabf523e0_0, 0;
    %load/vec4 v0x7f8fabf52ec0_0;
    %assign/vec4 v0x7f8fabf52920_0, 0;
    %jmp T_2.3;
T_2.2 ;
    %load/vec4 v0x7f8fabf52880_0;
    %flag_set/vec4 8;
    %jmp/0xz  T_2.6, 8;
    %load/vec4 v0x7f8fabf52a60_0;
    %parti/s 1, 3, 3;
    %assign/vec4 v0x7f8fabf53110_0, 0;
    %load/vec4 v0x7f8fabf52a60_0;
    %parti/s 1, 2, 3;
    %assign/vec4 v0x7f8fabf52070_0, 0;
    %load/vec4 v0x7f8fabf52a60_0;
    %parti/s 1, 1, 2;
    %assign/vec4 v0x7f8fabf523e0_0, 0;
    %load/vec4 v0x7f8fabf52a60_0;
    %parti/s 1, 0, 2;
    %assign/vec4 v0x7f8fabf52920_0, 0;
T_2.6 ;
T_2.3 ;
T_2.1 ;
    %jmp T_2;
    .thread T_2;
    .scope S_0x7f8fabf18660;
T_3 ;
    %wait E_0x7f8fabf19d80;
    %pushi/vec4 1, 0, 1;
    %store/vec4 v0x7f8fabf51f30_0, 0, 1;
    %pushi/vec4 0, 0, 1;
    %store/vec4 v0x7f8fabf52340_0, 0, 1;
    %load/vec4 v0x7f8fabf52720_0;
    %pushi/vec4 0, 0, 4;
    %cmp/ne;
    %flag_get/vec4 4;
    %load/vec4 v0x7f8fabf52720_0;
    %pushi/vec4 1, 0, 4;
    %cmp/ne;
    %flag_get/vec4 4;
    %and;
    %store/vec4 v0x7f8fabf52fe0_0, 0, 1;
    %load/vec4 v0x7f8fabf52720_0;
    %dup/vec4;
    %pushi/vec4 0, 0, 4;
    %cmp/u;
    %jmp/1 T_3.0, 6;
    %dup/vec4;
    %pushi/vec4 1, 0, 4;
    %cmp/u;
    %jmp/1 T_3.1, 6;
    %dup/vec4;
    %pushi/vec4 15, 0, 4;
    %cmp/u;
    %jmp/1 T_3.2, 6;
    %dup/vec4;
    %pushi/vec4 8, 0, 4;
    %cmp/u;
    %jmp/1 T_3.3, 6;
    %dup/vec4;
    %pushi/vec4 10, 0, 4;
    %cmp/u;
    %jmp/1 T_3.4, 6;
    %dup/vec4;
    %pushi/vec4 9, 0, 4;
    %cmp/u;
    %jmp/1 T_3.5, 6;
    %dup/vec4;
    %pushi/vec4 14, 0, 4;
    %cmp/u;
    %jmp/1 T_3.6, 6;
    %dup/vec4;
    %pushi/vec4 11, 0, 4;
    %cmp/u;
    %jmp/1 T_3.7, 6;
    %pushi/vec4 0, 0, 16;
    %store/vec4 v0x7f8fabf527d0_0, 0, 16;
    %jmp T_3.9;
T_3.0 ;
    %pushi/vec4 0, 0, 1;
    %load/vec4 v0x7f8fabf51fd0_0;
    %concat/vec4; draw_concat_vec4
    %pushi/vec4 0, 0, 1;
    %load/vec4 v0x7f8fabf52160_0;
    %concat/vec4; draw_concat_vec4
    %add;
    %split/vec4 16;
    %store/vec4 v0x7f8fabf527d0_0, 0, 16;
    %store/vec4 v0x7f8fabf52340_0, 0, 1;
    %jmp T_3.9;
T_3.1 ;
    %pushi/vec4 0, 0, 1;
    %load/vec4 v0x7f8fabf51fd0_0;
    %concat/vec4; draw_concat_vec4
    %pushi/vec4 0, 0, 1;
    %load/vec4 v0x7f8fabf52160_0;
    %concat/vec4; draw_concat_vec4
    %sub;
    %split/vec4 16;
    %store/vec4 v0x7f8fabf527d0_0, 0, 16;
    %store/vec4 v0x7f8fabf52340_0, 0, 1;
    %pushi/vec4 0, 0, 1;
    %store/vec4 v0x7f8fabf51f30_0, 0, 1;
    %jmp T_3.9;
T_3.2 ;
    %pushi/vec4 0, 0, 1;
    %load/vec4 v0x7f8fabf51fd0_0;
    %concat/vec4; draw_concat_vec4
    %pushi/vec4 0, 0, 1;
    %load/vec4 v0x7f8fabf52160_0;
    %concat/vec4; draw_concat_vec4
    %sub;
    %split/vec4 16;
    %store/vec4 v0x7f8fabf527d0_0, 0, 16;
    %store/vec4 v0x7f8fabf52340_0, 0, 1;
    %pushi/vec4 0, 0, 1;
    %store/vec4 v0x7f8fabf51f30_0, 0, 1;
    %jmp T_3.9;
T_3.3 ;
    %load/vec4 v0x7f8fabf52160_0;
    %inv;
    %store/vec4 v0x7f8fabf527d0_0, 0, 16;
    %jmp T_3.9;
T_3.4 ;
    %load/vec4 v0x7f8fabf51fd0_0;
    %load/vec4 v0x7f8fabf52160_0;
    %or;
    %store/vec4 v0x7f8fabf527d0_0, 0, 16;
    %jmp T_3.9;
T_3.5 ;
    %load/vec4 v0x7f8fabf51fd0_0;
    %load/vec4 v0x7f8fabf52160_0;
    %and;
    %store/vec4 v0x7f8fabf527d0_0, 0, 16;
    %jmp T_3.9;
T_3.6 ;
    %load/vec4 v0x7f8fabf51fd0_0;
    %load/vec4 v0x7f8fabf52160_0;
    %and;
    %store/vec4 v0x7f8fabf527d0_0, 0, 16;
    %jmp T_3.9;
T_3.7 ;
    %load/vec4 v0x7f8fabf51fd0_0;
    %load/vec4 v0x7f8fabf52160_0;
    %xor;
    %store/vec4 v0x7f8fabf527d0_0, 0, 16;
    %jmp T_3.9;
T_3.9 ;
    %pop/vec4 1;
    %load/vec4 v0x7f8fabf52520_0;
    %parti/s 3, 1, 2;
    %dup/vec4;
    %pushi/vec4 0, 0, 3;
    %cmp/u;
    %jmp/1 T_3.10, 6;
    %dup/vec4;
    %pushi/vec4 1, 0, 3;
    %cmp/u;
    %jmp/1 T_3.11, 6;
    %dup/vec4;
    %pushi/vec4 2, 0, 3;
    %cmp/u;
    %jmp/1 T_3.12, 6;
    %dup/vec4;
    %pushi/vec4 3, 0, 3;
    %cmp/u;
    %jmp/1 T_3.13, 6;
    %dup/vec4;
    %pushi/vec4 4, 0, 3;
    %cmp/u;
    %jmp/1 T_3.14, 6;
    %dup/vec4;
    %pushi/vec4 5, 0, 3;
    %cmp/u;
    %jmp/1 T_3.15, 6;
    %dup/vec4;
    %pushi/vec4 6, 0, 3;
    %cmp/u;
    %jmp/1 T_3.16, 6;
    %dup/vec4;
    %pushi/vec4 7, 0, 3;
    %cmp/u;
    %jmp/1 T_3.17, 6;
    %jmp T_3.18;
T_3.10 ;
    %load/vec4 v0x7f8fabf53110_0;
    %store/vec4 v0x7f8fabf522a0_0, 0, 1;
    %jmp T_3.18;
T_3.11 ;
    %load/vec4 v0x7f8fabf52070_0;
    %store/vec4 v0x7f8fabf522a0_0, 0, 1;
    %jmp T_3.18;
T_3.12 ;
    %load/vec4 v0x7f8fabf523e0_0;
    %inv;
    %load/vec4 v0x7f8fabf53110_0;
    %inv;
    %and;
    %store/vec4 v0x7f8fabf522a0_0, 0, 1;
    %jmp T_3.18;
T_3.13 ;
    %load/vec4 v0x7f8fabf523e0_0;
    %inv;
    %store/vec4 v0x7f8fabf522a0_0, 0, 1;
    %jmp T_3.18;
T_3.14 ;
    %load/vec4 v0x7f8fabf52070_0;
    %load/vec4 v0x7f8fabf52920_0;
    %xor;
    %inv;
    %load/vec4 v0x7f8fabf53110_0;
    %inv;
    %and;
    %store/vec4 v0x7f8fabf522a0_0, 0, 1;
    %jmp T_3.18;
T_3.15 ;
    %load/vec4 v0x7f8fabf52070_0;
    %load/vec4 v0x7f8fabf52920_0;
    %xor;
    %inv;
    %store/vec4 v0x7f8fabf522a0_0, 0, 1;
    %jmp T_3.18;
T_3.16 ;
    %load/vec4 v0x7f8fabf52920_0;
    %store/vec4 v0x7f8fabf522a0_0, 0, 1;
    %jmp T_3.18;
T_3.17 ;
    %pushi/vec4 0, 0, 1;
    %store/vec4 v0x7f8fabf522a0_0, 0, 1;
    %jmp T_3.18;
T_3.18 ;
    %pop/vec4 1;
    %load/vec4 v0x7f8fabf522a0_0;
    %load/vec4 v0x7f8fabf52b10_0;
    %xor;
    %store/vec4 v0x7f8fabf525d0_0, 0, 1;
    %jmp T_3;
    .thread T_3, $push;
    .scope S_0x7f8fabf114c0;
T_4 ;
    %wait E_0x7f8fabf28460;
    %load/vec4 v0x7f8fabf56670_0;
    %nor/r;
    %flag_set/vec4 8;
    %load/vec4 v0x7f8fabf54430_0;
    %nor/r;
    %flag_set/vec4 9;
    %flag_or 9, 8;
    %jmp/0xz  T_4.0, 9;
    %pushi/vec4 0, 0, 1;
    %assign/vec4 v0x7f8fabf56870_0, 0;
    %jmp T_4.1;
T_4.0 ;
    %load/vec4 v0x7f8fabf56870_0;
    %pad/u 2;
    %addi 1, 0, 2;
    %pad/u 1;
    %assign/vec4 v0x7f8fabf56870_0, 0;
T_4.1 ;
    %jmp T_4;
    .thread T_4;
    .scope S_0x7f8fabf114c0;
T_5 ;
    %wait E_0x7f8fabf43a40;
    %load/vec4 v0x7f8fabf544d0_0;
    %store/vec4 v0x7f8fabf55f30_0, 0, 9;
    %load/vec4 v0x7f8fabf567d0_0;
    %store/vec4 v0x7f8fabf55fe0_0, 0, 8;
    %load/vec4 v0x7f8fabf540c0_0;
    %store/vec4 v0x7f8fabf54a20_0, 0, 8;
    %load/vec4 v0x7f8fabf569c0_0;
    %store/vec4 v0x7f8fabf56090_0, 0, 16;
    %load/vec4 v0x7f8fabf56a70_0;
    %store/vec4 v0x7f8fabf56140_0, 0, 16;
    %load/vec4 v0x7f8fabf56b20_0;
    %store/vec4 v0x7f8fabf561f0_0, 0, 16;
    %pushi/vec4 7, 7, 3;
    %store/vec4 v0x7f8fabf55be0_0, 0, 3;
    %pushi/vec4 15, 15, 4;
    %store/vec4 v0x7f8fabf53ca0_0, 0, 4;
    %pushi/vec4 65535, 65535, 16;
    %store/vec4 v0x7f8fabf53b50_0, 0, 16;
    %pushi/vec4 65535, 65535, 16;
    %store/vec4 v0x7f8fabf53c10_0, 0, 16;
    %load/vec4 v0x7f8fabf557f0_0;
    %store/vec4 v0x7f8fabf541e0_0, 0, 4;
    %pushi/vec4 0, 0, 1;
    %store/vec4 v0x7f8fabf56bd0_0, 0, 1;
    %pushi/vec4 1, 0, 1;
    %store/vec4 v0x7f8fabf563e0_0, 0, 1;
    %pushi/vec4 255, 255, 8;
    %store/vec4 v0x7f8fabf55a80_0, 0, 8;
    %pushi/vec4 0, 0, 1;
    %store/vec4 v0x7f8fabf56530_0, 0, 1;
    %pushi/vec4 65535, 65535, 16;
    %store/vec4 v0x7f8fabf55b30_0, 0, 16;
    %pushi/vec4 0, 0, 2;
    %store/vec4 v0x7f8fabf56480_0, 0, 2;
    %pushi/vec4 0, 0, 1;
    %store/vec4 v0x7f8fabf562a0_0, 0, 1;
    %pushi/vec4 0, 0, 1;
    %store/vec4 v0x7f8fabf56340_0, 0, 1;
    %pushi/vec4 0, 0, 1;
    %store/vec4 v0x7f8fabf55d40_0, 0, 1;
    %pushi/vec4 255, 255, 8;
    %store/vec4 v0x7f8fabf55c90_0, 0, 8;
    %pushi/vec4 1, 0, 1;
    %store/vec4 v0x7f8fabf55e90_0, 0, 1;
    %pushi/vec4 65535, 65535, 16;
    %store/vec4 v0x7f8fabf548d0_0, 0, 16;
    %pushi/vec4 7, 7, 3;
    %store/vec4 v0x7f8fabf55de0_0, 0, 3;
    %pushi/vec4 0, 0, 1;
    %store/vec4 v0x7f8fabf54980_0, 0, 1;
    %pushi/vec4 15, 0, 4;
    %store/vec4 v0x7f8fabf54dc0_0, 0, 4;
    %pushi/vec4 255, 255, 8;
    %store/vec4 v0x7f8fabf54e60_0, 0, 8;
    %pushi/vec4 511, 511, 9;
    %store/vec4 v0x7f8fabf54f10_0, 0, 9;
    %pushi/vec4 65535, 65535, 16;
    %store/vec4 v0x7f8fabf54fc0_0, 0, 16;
    %pushi/vec4 255, 255, 8;
    %store/vec4 v0x7f8fabf55070_0, 0, 8;
    %pushi/vec4 0, 0, 1;
    %store/vec4 v0x7f8fabf56d10_0, 0, 1;
    %pushi/vec4 0, 0, 1;
    %store/vec4 v0x7f8fabf56db0_0, 0, 1;
    %pushi/vec4 0, 0, 1;
    %store/vec4 v0x7f8fabf56e50_0, 0, 1;
    %load/vec4 v0x7f8fabf55740_0;
    %dup/vec4;
    %pushi/vec4 0, 0, 4;
    %cmp/u;
    %jmp/1 T_5.0, 6;
    %dup/vec4;
    %pushi/vec4 1, 0, 4;
    %cmp/u;
    %jmp/1 T_5.1, 6;
    %dup/vec4;
    %pushi/vec4 3, 0, 4;
    %cmp/u;
    %jmp/1 T_5.2, 6;
    %dup/vec4;
    %pushi/vec4 4, 0, 4;
    %cmp/u;
    %jmp/1 T_5.3, 6;
    %dup/vec4;
    %pushi/vec4 2, 0, 4;
    %cmp/u;
    %jmp/1 T_5.4, 6;
    %dup/vec4;
    %pushi/vec4 5, 0, 4;
    %cmp/u;
    %jmp/1 T_5.5, 6;
    %dup/vec4;
    %pushi/vec4 8, 0, 4;
    %cmp/u;
    %jmp/1 T_5.6, 6;
    %dup/vec4;
    %pushi/vec4 7, 0, 4;
    %cmp/u;
    %jmp/1 T_5.7, 6;
    %dup/vec4;
    %pushi/vec4 6, 0, 4;
    %cmp/u;
    %jmp/1 T_5.8, 6;
    %dup/vec4;
    %pushi/vec4 12, 0, 4;
    %cmp/u;
    %jmp/1 T_5.9, 6;
    %dup/vec4;
    %pushi/vec4 14, 0, 4;
    %cmp/u;
    %jmp/1 T_5.10, 6;
    %pushi/vec4 2, 0, 2;
    %store/vec4 v0x7f8fabf56480_0, 0, 2;
    %jmp T_5.12;
T_5.0 ;
    %load/vec4 v0x7f8fabf557f0_0;
    %store/vec4 v0x7f8fabf53ca0_0, 0, 4;
    %load/vec4 v0x7f8fabf56a70_0;
    %store/vec4 v0x7f8fabf53b50_0, 0, 16;
    %load/vec4 v0x7f8fabf569c0_0;
    %store/vec4 v0x7f8fabf53c10_0, 0, 16;
    %load/vec4 v0x7f8fabf54430_0;
    %store/vec4 v0x7f8fabf56bd0_0, 0, 1;
    %load/vec4 v0x7f8fabf54000_0;
    %store/vec4 v0x7f8fabf56090_0, 0, 16;
    %load/vec4 v0x7f8fabf53d30_0;
    %flag_set/vec4 8;
    %jmp/0xz  T_5.13, 8;
    %load/vec4 v0x7f8fabf567d0_0;
    %addi 1, 0, 8;
    %store/vec4 v0x7f8fabf55fe0_0, 0, 8;
    %pushi/vec4 1, 0, 1;
    %store/vec4 v0x7f8fabf56d10_0, 0, 1;
    %jmp T_5.14;
T_5.13 ;
    %load/vec4 v0x7f8fabf53ec0_0;
    %flag_set/vec4 8;
    %jmp/0xz  T_5.15, 8;
    %pushi/vec4 1, 0, 1;
    %store/vec4 v0x7f8fabf56db0_0, 0, 1;
T_5.15 ;
T_5.14 ;
    %jmp T_5.12;
T_5.1 ;
    %pushi/vec4 0, 0, 12;
    %load/vec4 v0x7f8fabf557f0_0;
    %concat/vec4; draw_concat_vec4
    %store/vec4 v0x7f8fabf56090_0, 0, 16;
    %load/vec4 v0x7f8fabf569c0_0;
    %store/vec4 v0x7f8fabf56140_0, 0, 16;
    %load/vec4 v0x7f8fabf56a70_0;
    %store/vec4 v0x7f8fabf561f0_0, 0, 16;
    %load/vec4 v0x7f8fabf567d0_0;
    %subi 1, 0, 8;
    %store/vec4 v0x7f8fabf55fe0_0, 0, 8;
    %pushi/vec4 1, 0, 1;
    %store/vec4 v0x7f8fabf56e50_0, 0, 1;
    %jmp T_5.12;
T_5.2 ;
    %pushi/vec4 0, 0, 4;
    %load/vec4 v0x7f8fabf557f0_0;
    %concat/vec4; draw_concat_vec4
    %concati/vec4 0, 0, 8;
    %store/vec4 v0x7f8fabf56090_0, 0, 16;
    %load/vec4 v0x7f8fabf569c0_0;
    %store/vec4 v0x7f8fabf56140_0, 0, 16;
    %load/vec4 v0x7f8fabf56a70_0;
    %store/vec4 v0x7f8fabf561f0_0, 0, 16;
    %load/vec4 v0x7f8fabf567d0_0;
    %subi 1, 0, 8;
    %store/vec4 v0x7f8fabf55fe0_0, 0, 8;
    %pushi/vec4 1, 0, 1;
    %store/vec4 v0x7f8fabf56e50_0, 0, 1;
    %pushi/vec4 1, 0, 1;
    %store/vec4 v0x7f8fabf562a0_0, 0, 1;
    %jmp T_5.12;
T_5.3 ;
    %load/vec4 v0x7f8fabf557f0_0;
    %concati/vec4 0, 0, 12;
    %store/vec4 v0x7f8fabf56090_0, 0, 16;
    %load/vec4 v0x7f8fabf569c0_0;
    %store/vec4 v0x7f8fabf56140_0, 0, 16;
    %load/vec4 v0x7f8fabf56a70_0;
    %store/vec4 v0x7f8fabf561f0_0, 0, 16;
    %load/vec4 v0x7f8fabf567d0_0;
    %subi 1, 0, 8;
    %store/vec4 v0x7f8fabf55fe0_0, 0, 8;
    %pushi/vec4 1, 0, 1;
    %store/vec4 v0x7f8fabf56e50_0, 0, 1;
    %pushi/vec4 1, 0, 1;
    %store/vec4 v0x7f8fabf56340_0, 0, 1;
    %jmp T_5.12;
T_5.4 ;
    %pushi/vec4 0, 0, 4;
    %store/vec4 v0x7f8fabf53ca0_0, 0, 4;
    %load/vec4 v0x7f8fabf569c0_0;
    %store/vec4 v0x7f8fabf53b50_0, 0, 16;
    %pushi/vec4 0, 0, 12;
    %load/vec4 v0x7f8fabf557f0_0;
    %concat/vec4; draw_concat_vec4
    %store/vec4 v0x7f8fabf53c10_0, 0, 16;
    %load/vec4 v0x7f8fabf54000_0;
    %store/vec4 v0x7f8fabf56090_0, 0, 16;
    %pushi/vec4 0, 0, 1;
    %store/vec4 v0x7f8fabf56bd0_0, 0, 1;
    %jmp T_5.12;
T_5.5 ;
    %load/vec4 v0x7f8fabf54270_0;
    %flag_set/vec4 8;
    %jmp/0 T_5.17, 8;
    %load/vec4 v0x7f8fabf569c0_0;
    %parti/s 9, 0, 2;
    %jmp/1 T_5.18, 8;
T_5.17 ; End of true expr.
    %load/vec4 v0x7f8fabf544d0_0;
    %jmp/0 T_5.18, 8;
 ; End of false expr.
    %blend;
T_5.18;
    %store/vec4 v0x7f8fabf55f30_0, 0, 9;
    %load/vec4 v0x7f8fabf557f0_0;
    %cmpi/ne 14, 0, 4;
    %jmp/0xz  T_5.19, 4;
    %load/vec4 v0x7f8fabf56a70_0;
    %store/vec4 v0x7f8fabf56090_0, 0, 16;
    %pushi/vec4 1, 0, 1;
    %store/vec4 v0x7f8fabf56d10_0, 0, 1;
T_5.19 ;
    %jmp T_5.12;
T_5.6 ;
    %load/vec4 v0x7f8fabf557f0_0;
    %dup/vec4;
    %pushi/vec4 0, 0, 4;
    %cmp/u;
    %jmp/1 T_5.21, 6;
    %dup/vec4;
    %pushi/vec4 1, 0, 4;
    %cmp/u;
    %jmp/1 T_5.22, 6;
    %dup/vec4;
    %pushi/vec4 4, 0, 4;
    %cmp/u;
    %jmp/1 T_5.23, 6;
    %dup/vec4;
    %pushi/vec4 2, 0, 4;
    %cmp/u;
    %jmp/1 T_5.24, 6;
    %dup/vec4;
    %pushi/vec4 3, 0, 4;
    %cmp/u;
    %jmp/1 T_5.25, 6;
    %pushi/vec4 2, 0, 2;
    %store/vec4 v0x7f8fabf56480_0, 0, 2;
    %jmp T_5.27;
T_5.21 ;
    %pushi/vec4 1, 0, 1;
    %store/vec4 v0x7f8fabf56d10_0, 0, 1;
    %load/vec4 v0x7f8fabf56a70_0;
    %store/vec4 v0x7f8fabf56090_0, 0, 16;
    %jmp T_5.27;
T_5.22 ;
    %load/vec4 v0x7f8fabf567d0_0;
    %subi 1, 0, 8;
    %store/vec4 v0x7f8fabf55fe0_0, 0, 8;
    %load/vec4 v0x7f8fabf569c0_0;
    %store/vec4 v0x7f8fabf56090_0, 0, 16;
    %load/vec4 v0x7f8fabf569c0_0;
    %store/vec4 v0x7f8fabf56140_0, 0, 16;
    %load/vec4 v0x7f8fabf56a70_0;
    %store/vec4 v0x7f8fabf561f0_0, 0, 16;
    %pushi/vec4 1, 0, 1;
    %store/vec4 v0x7f8fabf56e50_0, 0, 1;
    %jmp T_5.27;
T_5.23 ;
    %load/vec4 v0x7f8fabf56a70_0;
    %store/vec4 v0x7f8fabf56090_0, 0, 16;
    %load/vec4 v0x7f8fabf56b20_0;
    %store/vec4 v0x7f8fabf56140_0, 0, 16;
    %load/vec4 v0x7f8fabf569c0_0;
    %store/vec4 v0x7f8fabf561f0_0, 0, 16;
    %jmp T_5.27;
T_5.24 ;
    %load/vec4 v0x7f8fabf56a70_0;
    %store/vec4 v0x7f8fabf56090_0, 0, 16;
    %load/vec4 v0x7f8fabf569c0_0;
    %store/vec4 v0x7f8fabf56140_0, 0, 16;
    %jmp T_5.27;
T_5.25 ;
    %load/vec4 v0x7f8fabf56b20_0;
    %store/vec4 v0x7f8fabf56090_0, 0, 16;
    %load/vec4 v0x7f8fabf569c0_0;
    %store/vec4 v0x7f8fabf56140_0, 0, 16;
    %load/vec4 v0x7f8fabf56a70_0;
    %store/vec4 v0x7f8fabf561f0_0, 0, 16;
    %jmp T_5.27;
T_5.27 ;
    %pop/vec4 1;
    %jmp T_5.12;
T_5.7 ;
    %load/vec4 v0x7f8fabf557f0_0;
    %dup/vec4;
    %pushi/vec4 0, 0, 4;
    %cmp/u;
    %jmp/1 T_5.28, 6;
    %dup/vec4;
    %pushi/vec4 1, 0, 4;
    %cmp/u;
    %jmp/1 T_5.29, 6;
    %pushi/vec4 2, 0, 2;
    %store/vec4 v0x7f8fabf56480_0, 0, 2;
    %jmp T_5.31;
T_5.28 ;
    %load/vec4 v0x7f8fabf569c0_0;
    %parti/s 9, 0, 2;
    %store/vec4 v0x7f8fabf55f30_0, 0, 9;
    %pushi/vec4 0, 0, 7;
    %load/vec4 v0x7f8fabf544d0_0;
    %concat/vec4; draw_concat_vec4
    %store/vec4 v0x7f8fabf55b30_0, 0, 16;
    %pushi/vec4 0, 0, 1;
    %store/vec4 v0x7f8fabf563e0_0, 0, 1;
    %load/vec4 v0x7f8fabf540c0_0;
    %store/vec4 v0x7f8fabf55a80_0, 0, 8;
    %load/vec4 v0x7f8fabf540c0_0;
    %addi 1, 0, 8;
    %store/vec4 v0x7f8fabf54a20_0, 0, 8;
    %load/vec4 v0x7f8fabf567d0_0;
    %addi 1, 0, 8;
    %store/vec4 v0x7f8fabf55fe0_0, 0, 8;
    %load/vec4 v0x7f8fabf56a70_0;
    %store/vec4 v0x7f8fabf56090_0, 0, 16;
    %load/vec4 v0x7f8fabf56b20_0;
    %store/vec4 v0x7f8fabf56140_0, 0, 16;
    %pushi/vec4 1, 0, 1;
    %store/vec4 v0x7f8fabf55d40_0, 0, 1;
    %load/vec4 v0x7f8fabf567d0_0;
    %addi 3, 0, 8;
    %store/vec4 v0x7f8fabf55c90_0, 0, 8;
    %pushi/vec4 5, 0, 3;
    %store/vec4 v0x7f8fabf55de0_0, 0, 3;
    %jmp T_5.31;
T_5.29 ;
    %load/vec4 v0x7f8fabf540c0_0;
    %pad/u 32;
    %cmpi/e 2, 0, 32;
    %jmp/0xz  T_5.32, 4;
    %pushi/vec4 1, 0, 4;
    %store/vec4 v0x7f8fabf54dc0_0, 0, 4;
    %jmp T_5.33;
T_5.32 ;
    %load/vec4 v0x7f8fabf540c0_0;
    %subi 1, 0, 8;
    %store/vec4 v0x7f8fabf54a20_0, 0, 8;
    %load/vec4 v0x7f8fabf540c0_0;
    %subi 1, 0, 8;
    %store/vec4 v0x7f8fabf55a80_0, 0, 8;
    %pushi/vec4 1, 0, 1;
    %store/vec4 v0x7f8fabf56530_0, 0, 1;
    %pushi/vec4 0, 0, 3;
    %store/vec4 v0x7f8fabf55be0_0, 0, 3;
T_5.33 ;
    %jmp T_5.31;
T_5.31 ;
    %pop/vec4 1;
    %jmp T_5.12;
T_5.8 ;
    %load/vec4 v0x7f8fabf557f0_0;
    %parti/s 1, 3, 3;
    %load/vec4 v0x7f8fabf557f0_0;
    %parti/s 1, 2, 3;
    %and;
    %flag_set/vec4 8;
    %jmp/0xz  T_5.34, 8;
    %pushi/vec4 15, 0, 4;
    %store/vec4 v0x7f8fabf54dc0_0, 0, 4;
    %jmp T_5.35;
T_5.34 ;
    %load/vec4 v0x7f8fabf557f0_0;
    %store/vec4 v0x7f8fabf54dc0_0, 0, 4;
T_5.35 ;
    %load/vec4 v0x7f8fabf557f0_0;
    %dup/vec4;
    %pushi/vec4 0, 0, 4;
    %cmp/u;
    %jmp/1 T_5.36, 6;
    %dup/vec4;
    %pushi/vec4 2, 0, 4;
    %cmp/u;
    %jmp/1 T_5.37, 6;
    %dup/vec4;
    %pushi/vec4 3, 0, 4;
    %cmp/u;
    %jmp/1 T_5.38, 6;
    %dup/vec4;
    %pushi/vec4 7, 0, 4;
    %cmp/u;
    %jmp/1 T_5.39, 6;
    %dup/vec4;
    %pushi/vec4 8, 0, 4;
    %cmp/u;
    %jmp/1 T_5.40, 6;
    %dup/vec4;
    %pushi/vec4 10, 0, 4;
    %cmp/u;
    %jmp/1 T_5.41, 6;
    %dup/vec4;
    %pushi/vec4 6, 0, 4;
    %cmp/u;
    %jmp/1 T_5.42, 6;
    %jmp T_5.44;
T_5.36 ;
    %load/vec4 v0x7f8fabf569c0_0;
    %parti/s 8, 0, 2;
    %store/vec4 v0x7f8fabf55070_0, 0, 8;
    %load/vec4 v0x7f8fabf56a70_0;
    %parti/s 9, 0, 2;
    %store/vec4 v0x7f8fabf54f10_0, 0, 9;
    %pushi/vec4 1, 0, 1;
    %store/vec4 v0x7f8fabf56db0_0, 0, 1;
    %jmp T_5.44;
T_5.37 ;
    %load/vec4 v0x7f8fabf569c0_0;
    %store/vec4 v0x7f8fabf54fc0_0, 0, 16;
    %load/vec4 v0x7f8fabf56a70_0;
    %parti/s 8, 0, 2;
    %store/vec4 v0x7f8fabf54e60_0, 0, 8;
    %load/vec4 v0x7f8fabf56a70_0;
    %store/vec4 v0x7f8fabf56090_0, 0, 16;
    %pushi/vec4 1, 0, 1;
    %store/vec4 v0x7f8fabf56d10_0, 0, 1;
    %jmp T_5.44;
T_5.38 ;
    %load/vec4 v0x7f8fabf569c0_0;
    %parti/s 8, 0, 2;
    %store/vec4 v0x7f8fabf54e60_0, 0, 8;
    %jmp T_5.44;
T_5.39 ;
    %load/vec4 v0x7f8fabf569c0_0;
    %parti/s 8, 0, 2;
    %store/vec4 v0x7f8fabf54e60_0, 0, 8;
    %load/vec4 v0x7f8fabf56a70_0;
    %store/vec4 v0x7f8fabf56090_0, 0, 16;
    %pushi/vec4 1, 0, 1;
    %store/vec4 v0x7f8fabf56d10_0, 0, 1;
    %jmp T_5.44;
T_5.40 ;
    %load/vec4 v0x7f8fabf569c0_0;
    %parti/s 9, 0, 2;
    %store/vec4 v0x7f8fabf54f10_0, 0, 9;
    %load/vec4 v0x7f8fabf56a70_0;
    %parti/s 8, 0, 2;
    %store/vec4 v0x7f8fabf54e60_0, 0, 8;
    %pushi/vec4 1, 0, 1;
    %store/vec4 v0x7f8fabf56db0_0, 0, 1;
    %jmp T_5.44;
T_5.41 ;
    %load/vec4 v0x7f8fabf569c0_0;
    %parti/s 8, 0, 2;
    %store/vec4 v0x7f8fabf54e60_0, 0, 8;
    %load/vec4 v0x7f8fabf56a70_0;
    %store/vec4 v0x7f8fabf56090_0, 0, 16;
    %pushi/vec4 1, 0, 1;
    %store/vec4 v0x7f8fabf56d10_0, 0, 1;
    %jmp T_5.44;
T_5.42 ;
    %load/vec4 v0x7f8fabf55270_0;
    %store/vec4 v0x7f8fabf55f30_0, 0, 9;
    %load/vec4 v0x7f8fabf55690_0;
    %store/vec4 v0x7f8fabf56090_0, 0, 16;
    %load/vec4 v0x7f8fabf569c0_0;
    %store/vec4 v0x7f8fabf56140_0, 0, 16;
    %load/vec4 v0x7f8fabf56a70_0;
    %store/vec4 v0x7f8fabf561f0_0, 0, 16;
    %pushi/vec4 1, 0, 1;
    %store/vec4 v0x7f8fabf56e50_0, 0, 1;
    %load/vec4 v0x7f8fabf567d0_0;
    %subi 1, 0, 8;
    %store/vec4 v0x7f8fabf55fe0_0, 0, 8;
    %jmp T_5.44;
T_5.44 ;
    %pop/vec4 1;
    %jmp T_5.12;
T_5.9 ;
    %load/vec4 v0x7f8fabf56a70_0;
    %store/vec4 v0x7f8fabf56140_0, 0, 16;
    %load/vec4 v0x7f8fabf56b20_0;
    %store/vec4 v0x7f8fabf561f0_0, 0, 16;
    %load/vec4 v0x7f8fabf569c0_0;
    %pad/u 32;
    %cmpi/e 0, 0, 32;
    %jmp/0xz  T_5.45, 4;
    %load/vec4 v0x7f8fabf56a70_0;
    %store/vec4 v0x7f8fabf56090_0, 0, 16;
    %jmp T_5.46;
T_5.45 ;
    %load/vec4 v0x7f8fabf569c0_0;
    %pad/u 32;
    %cmpi/e 1, 0, 32;
    %jmp/0xz  T_5.47, 4;
    %load/vec4 v0x7f8fabf56b20_0;
    %store/vec4 v0x7f8fabf56090_0, 0, 16;
    %jmp T_5.48;
T_5.47 ;
    %load/vec4 v0x7f8fabf567d0_0;
    %addi 1, 0, 8;
    %load/vec4 v0x7f8fabf569c0_0;
    %parti/s 8, 0, 2;
    %add;
    %store/vec4 v0x7f8fabf55a80_0, 0, 8;
    %pushi/vec4 1, 0, 1;
    %store/vec4 v0x7f8fabf56530_0, 0, 1;
    %pushi/vec4 3, 0, 3;
    %store/vec4 v0x7f8fabf55be0_0, 0, 3;
T_5.48 ;
T_5.46 ;
    %jmp T_5.12;
T_5.10 ;
    %load/vec4 v0x7f8fabf569c0_0;
    %store/vec4 v0x7f8fabf56140_0, 0, 16;
    %load/vec4 v0x7f8fabf56a70_0;
    %store/vec4 v0x7f8fabf561f0_0, 0, 16;
    %load/vec4 v0x7f8fabf567d0_0;
    %subi 1, 0, 8;
    %store/vec4 v0x7f8fabf55fe0_0, 0, 8;
    %load/vec4 v0x7f8fabf567d0_0;
    %addi 2, 0, 8;
    %store/vec4 v0x7f8fabf55a80_0, 0, 8;
    %pushi/vec4 0, 0, 1;
    %store/vec4 v0x7f8fabf563e0_0, 0, 1;
    %load/vec4 v0x7f8fabf56b20_0;
    %store/vec4 v0x7f8fabf55b30_0, 0, 16;
    %load/vec4 v0x7f8fabf557f0_0;
    %pad/u 32;
    %cmpi/e 0, 0, 32;
    %jmp/0xz  T_5.49, 4;
    %load/vec4 v0x7f8fabf569c0_0;
    %store/vec4 v0x7f8fabf56090_0, 0, 16;
    %jmp T_5.50;
T_5.49 ;
    %load/vec4 v0x7f8fabf557f0_0;
    %pad/u 32;
    %cmpi/e 1, 0, 32;
    %jmp/0xz  T_5.51, 4;
    %load/vec4 v0x7f8fabf56a70_0;
    %store/vec4 v0x7f8fabf56090_0, 0, 16;
    %jmp T_5.52;
T_5.51 ;
    %load/vec4 v0x7f8fabf557f0_0;
    %pad/u 32;
    %cmpi/e 2, 0, 32;
    %jmp/0xz  T_5.53, 4;
    %load/vec4 v0x7f8fabf56b20_0;
    %store/vec4 v0x7f8fabf56090_0, 0, 16;
    %jmp T_5.54;
T_5.53 ;
    %pushi/vec4 1, 0, 1;
    %store/vec4 v0x7f8fabf55d40_0, 0, 1;
    %load/vec4 v0x7f8fabf567d0_0;
    %pushi/vec4 0, 0, 4;
    %load/vec4 v0x7f8fabf557f0_0;
    %concat/vec4; draw_concat_vec4
    %add;
    %store/vec4 v0x7f8fabf55c90_0, 0, 8;
    %pushi/vec4 1, 0, 1;
    %store/vec4 v0x7f8fabf55e90_0, 0, 1;
    %pushi/vec4 3, 0, 3;
    %store/vec4 v0x7f8fabf55de0_0, 0, 3;
T_5.54 ;
T_5.52 ;
T_5.50 ;
    %jmp T_5.12;
T_5.12 ;
    %pop/vec4 1;
    %load/vec4 v0x7f8fabf56d10_0;
    %flag_set/vec4 8;
    %jmp/0xz  T_5.55, 8;
    %load/vec4 v0x7f8fabf56b20_0;
    %store/vec4 v0x7f8fabf56140_0, 0, 16;
    %load/vec4 v0x7f8fabf567d0_0;
    %addi 1, 0, 8;
    %store/vec4 v0x7f8fabf55fe0_0, 0, 8;
    %load/vec4 v0x7f8fabf567d0_0;
    %addi 3, 0, 8;
    %store/vec4 v0x7f8fabf55a80_0, 0, 8;
    %pushi/vec4 1, 0, 1;
    %store/vec4 v0x7f8fabf56530_0, 0, 1;
    %pushi/vec4 5, 0, 3;
    %store/vec4 v0x7f8fabf55be0_0, 0, 3;
    %jmp T_5.56;
T_5.55 ;
    %load/vec4 v0x7f8fabf56db0_0;
    %flag_set/vec4 8;
    %jmp/0xz  T_5.57, 8;
    %load/vec4 v0x7f8fabf56b20_0;
    %store/vec4 v0x7f8fabf56090_0, 0, 16;
    %load/vec4 v0x7f8fabf567d0_0;
    %addi 2, 0, 8;
    %store/vec4 v0x7f8fabf55fe0_0, 0, 8;
    %load/vec4 v0x7f8fabf567d0_0;
    %addi 3, 0, 8;
    %store/vec4 v0x7f8fabf55a80_0, 0, 8;
    %pushi/vec4 1, 0, 1;
    %store/vec4 v0x7f8fabf56530_0, 0, 1;
    %pushi/vec4 4, 0, 3;
    %store/vec4 v0x7f8fabf55be0_0, 0, 3;
    %pushi/vec4 1, 0, 1;
    %store/vec4 v0x7f8fabf55d40_0, 0, 1;
    %load/vec4 v0x7f8fabf567d0_0;
    %addi 4, 0, 8;
    %store/vec4 v0x7f8fabf55c90_0, 0, 8;
    %pushi/vec4 5, 0, 3;
    %store/vec4 v0x7f8fabf55de0_0, 0, 3;
    %jmp T_5.58;
T_5.57 ;
    %load/vec4 v0x7f8fabf56e50_0;
    %flag_set/vec4 8;
    %jmp/0xz  T_5.59, 8;
    %pushi/vec4 0, 0, 1;
    %store/vec4 v0x7f8fabf563e0_0, 0, 1;
    %load/vec4 v0x7f8fabf567d0_0;
    %addi 2, 0, 8;
    %store/vec4 v0x7f8fabf55a80_0, 0, 8;
    %load/vec4 v0x7f8fabf56b20_0;
    %store/vec4 v0x7f8fabf55b30_0, 0, 16;
T_5.59 ;
T_5.58 ;
T_5.56 ;
    %jmp T_5;
    .thread T_5, $push;
    .scope S_0x7f8fabf0c7c0;
T_6 ;
    %pushi/vec4 0, 0, 1;
    %store/vec4 v0x7f8fad800230_0, 0, 1;
    %pushi/vec4 65535, 65535, 16;
    %store/vec4 v0x7f8fad800ac0_0, 0, 16;
    %pushi/vec4 511, 511, 9;
    %store/vec4 v0x7f8fad800640_0, 0, 9;
    %end;
    .thread T_6, $init;
    .scope S_0x7f8fabf0c7c0;
T_7 ;
    %delay 1, 0;
    %load/vec4 v0x7f8fabf57d70_0;
    %pushi/vec4 1, 0, 1;
    %cmp/ne;
    %flag_get/vec4 6;
    %assign/vec4 v0x7f8fabf57d70_0, 0;
    %jmp T_7;
    .thread T_7;
    .scope S_0x7f8fabf0c7c0;
T_8 ;
    %vpi_call/w 3 120 "$dumpfile", "Execute_tb.vcd" {0 0 0};
    %vpi_call/w 3 121 "$dumpvars", 32'sb00000000000000000000000000000000, S_0x7f8fabf0c7c0 {0 0 0};
    %delay 3, 0;
    %pushi/vec4 1, 0, 1;
    %assign/vec4 v0x7f8fad800230_0, 0;
    %pushi/vec4 1, 0, 9;
    %store/vec4 v0x7f8fabf58190_0, 0, 9;
    %pushi/vec4 13, 0, 8;
    %store/vec4 v0x7f8fad8010d0_0, 0, 8;
    %pushi/vec4 8, 0, 8;
    %store/vec4 v0x7f8fabf57ce0_0, 0, 8;
    %pushi/vec4 0, 0, 8;
    %store/vec4 v0x7f8fabf582c0_0, 0, 8;
    %load/vec4 v0x7f8fad8010d0_0;
    %pad/u 10;
    %ix/vec4 4;
    %load/vec4a v0x7f8fabf57a50, 4;
    %store/vec4 v0x7f8fad801240_0, 0, 16;
    %load/vec4 v0x7f8fad8010d0_0;
    %pad/u 33;
    %addi 1, 0, 33;
    %ix/vec4 4;
    %load/vec4a v0x7f8fabf57a50, 4;
    %store/vec4 v0x7f8fad801300_0, 0, 16;
    %load/vec4 v0x7f8fad8010d0_0;
    %pad/u 33;
    %addi 2, 0, 33;
    %ix/vec4 4;
    %load/vec4a v0x7f8fabf57a50, 4;
    %store/vec4 v0x7f8fad8013c0_0, 0, 16;
    %delay 4, 0;
    %load/vec4 v0x7f8fad801180_0;
    %cmpi/ne 0, 0, 2;
    %jmp/0xz  T_8.0, 4;
    %vpi_call/w 3 138 "$error", "+: Status is not OK" {0 0 0};
T_8.0 ;
    %load/vec4 v0x7f8fad800700_0;
    %load/vec4 v0x7f8fabf58190_0;
    %cmp/ne;
    %jmp/0xz  T_8.2, 4;
    %vpi_call/w 3 140 "$error", "+: Program couter not incremented" {0 0 0};
T_8.2 ;
    %load/vec4 v0x7f8fad800880_0;
    %load/vec4 v0x7f8fad801240_0;
    %load/vec4 v0x7f8fad801300_0;
    %add;
    %cmp/ne;
    %jmp/0xz  T_8.4, 4;
    %vpi_call/w 3 142 "$error", "+: Top of stack after not computed properly." {0 0 0};
T_8.4 ;
    %load/vec4 v0x7f8fad800940_0;
    %load/vec4 v0x7f8fad8013c0_0;
    %cmp/ne;
    %jmp/0xz  T_8.6, 4;
    %vpi_call/w 3 144 "$error", "+: Second of stack not equal to previous third of stack." {0 0 0};
T_8.6 ;
    %load/vec4 v0x7f8fad8007c0_0;
    %pad/u 32;
    %load/vec4 v0x7f8fad8010d0_0;
    %pad/u 32;
    %addi 1, 0, 32;
    %cmp/ne;
    %jmp/0xz  T_8.8, 4;
    %vpi_call/w 3 146 "$error", "+: Stack pointer not incremented correctly." {0 0 0};
T_8.8 ;
    %load/vec4 v0x7f8fad801480_0;
    %inv;
    %flag_set/vec4 8;
    %jmp/0xz  T_8.10, 8;
    %vpi_call/w 3 148 "$error", "+: Expected to use output of RAM" {0 0 0};
T_8.10 ;
    %load/vec4 v0x7f8fabf58030_0;
    %cmpi/ne 5, 0, 3;
    %jmp/0xz  T_8.12, 4;
    %vpi_call/w 3 150 "$error", "+: Destination register of RAM is not third of stack." {0 0 0};
T_8.12 ;
    %load/vec4 v0x7f8fabf57f80_0;
    %load/vec4 v0x7f8fad8007c0_0;
    %pad/u 33;
    %addi 2, 0, 33;
    %ix/vec4 4;
    %load/vec4a v0x7f8fabf57a50, 4;
    %cmp/ne;
    %jmp/0xz  T_8.14, 4;
    %load/vec4 v0x7f8fad8007c0_0;
    %pad/u 33;
    %addi 2, 0, 33;
    %ix/vec4 4;
    %load/vec4a v0x7f8fabf57a50, 4;
    %vpi_call/w 3 152 "$error", "+: RAM out of %d not expected %d", v0x7f8fabf57f80_0, S<0,vec4,u16> {1 0 0};
T_8.14 ;
    %pushi/vec4 8, 0, 8;
    %store/vec4 v0x7f8fabf582c0_0, 0, 8;
    %delay 4, 0;
    %load/vec4 v0x7f8fad801180_0;
    %cmpi/ne 0, 0, 2;
    %jmp/0xz  T_8.16, 4;
    %vpi_call/w 3 160 "$error", "~: Status is not OK" {0 0 0};
T_8.16 ;
    %load/vec4 v0x7f8fad800700_0;
    %pad/u 32;
    %cmpi/ne 1, 0, 32;
    %jmp/0xz  T_8.18, 4;
    %vpi_call/w 3 162 "$error", "~: Program counter not increment." {0 0 0};
T_8.18 ;
    %load/vec4 v0x7f8fad800880_0;
    %load/vec4 v0x7f8fad801240_0;
    %inv;
    %cmp/ne;
    %jmp/0xz  T_8.20, 4;
    %load/vec4 v0x7f8fad801240_0;
    %inv;
    %vpi_call/w 3 164 "$error", "~: Top of stack not notted %d != %d (%d).", v0x7f8fad800880_0, S<0,vec4,u16>, v0x7f8fad801240_0 {1 0 0};
T_8.20 ;
    %load/vec4 v0x7f8fad800940_0;
    %load/vec4 v0x7f8fad801300_0;
    %cmp/ne;
    %jmp/0xz  T_8.22, 4;
    %vpi_call/w 3 166 "$error", "~: Top of stack 2 not the same." {0 0 0};
T_8.22 ;
    %load/vec4 v0x7f8fad800a00_0;
    %load/vec4 v0x7f8fad8013c0_0;
    %cmp/ne;
    %jmp/0xz  T_8.24, 4;
    %vpi_call/w 3 168 "$error", "~: Top of stack 3 not the same." {0 0 0};
T_8.24 ;
    %load/vec4 v0x7f8fad8007c0_0;
    %load/vec4 v0x7f8fad8010d0_0;
    %cmp/ne;
    %jmp/0xz  T_8.26, 4;
    %vpi_call/w 3 170 "$error", "~: Stack pointer changed." {0 0 0};
T_8.26 ;
    %pushi/vec4 15, 0, 8;
    %store/vec4 v0x7f8fabf582c0_0, 0, 8;
    %delay 4, 0;
    %load/vec4 v0x7f8fad801180_0;
    %cmpi/ne 0, 0, 2;
    %jmp/0xz  T_8.28, 4;
    %vpi_call/w 3 178 "$error", "cmp: Status is not OK" {0 0 0};
T_8.28 ;
    %load/vec4 v0x7f8fad800700_0;
    %pad/u 32;
    %cmpi/ne 1, 0, 32;
    %jmp/0xz  T_8.30, 4;
    %vpi_call/w 3 180 "$error", "cmp: PC not incremented." {0 0 0};
T_8.30 ;
    %load/vec4 v0x7f8fad800880_0;
    %load/vec4 v0x7f8fad8013c0_0;
    %cmp/ne;
    %jmp/0xz  T_8.32, 4;
    %vpi_call/w 3 182 "$error", "cmp: Top of stack not third." {0 0 0};
T_8.32 ;
    %load/vec4 v0x7f8fad8007c0_0;
    %pad/u 32;
    %load/vec4 v0x7f8fad8010d0_0;
    %pad/u 32;
    %addi 2, 0, 32;
    %cmp/ne;
    %jmp/0xz  T_8.34, 4;
    %vpi_call/w 3 184 "$error", "cmp: Stack pointer changed." {0 0 0};
T_8.34 ;
    %load/vec4 v0x7f8fad801480_0;
    %inv;
    %flag_set/vec4 8;
    %jmp/0xz  T_8.36, 8;
    %vpi_call/w 3 186 "$error", "cmp: Expected to use output of RAM" {0 0 0};
T_8.36 ;
    %load/vec4 v0x7f8fabf58030_0;
    %cmpi/ne 4, 0, 3;
    %jmp/0xz  T_8.38, 4;
    %vpi_call/w 3 188 "$error", "cmp: Destination register not second of stack." {0 0 0};
T_8.38 ;
    %load/vec4 v0x7f8fabf57f80_0;
    %load/vec4 v0x7f8fad8007c0_0;
    %pad/u 33;
    %addi 1, 0, 33;
    %ix/vec4 4;
    %load/vec4a v0x7f8fabf57a50, 4;
    %cmp/ne;
    %jmp/0xz  T_8.40, 4;
    %load/vec4 v0x7f8fad8007c0_0;
    %pad/u 33;
    %addi 1, 0, 33;
    %ix/vec4 4;
    %load/vec4a v0x7f8fabf57a50, 4;
    %vpi_call/w 3 190 "$error", "cmp: RAM out of %d not expected %d", v0x7f8fabf57f80_0, S<0,vec4,u16> {1 0 0};
T_8.40 ;
    %load/vec4 v0x7f8fabf583e0_0;
    %inv;
    %flag_set/vec4 8;
    %jmp/0xz  T_8.42, 8;
    %vpi_call/w 3 192 "$error", "cmp: Expected to do IO on next cycle" {0 0 0};
T_8.42 ;
    %load/vec4 v0x7f8fabf58540_0;
    %cmpi/ne 1, 0, 1;
    %jmp/0xz  T_8.44, 4;
    %vpi_call/w 3 194 "$error", "cmp: Expected to read on next cycle" {0 0 0};
T_8.44 ;
    %load/vec4 v0x7f8fabf58490_0;
    %cmpi/ne 5, 0, 3;
    %jmp/0xz  T_8.46, 4;
    %vpi_call/w 3 196 "$error", "cmp: Expected destination of IO to be top of stack 3" {0 0 0};
T_8.46 ;
    %load/vec4 v0x7f8fabf58350_0;
    %pad/u 32;
    %load/vec4 v0x7f8fad8007c0_0;
    %pad/u 32;
    %addi 2, 0, 32;
    %cmp/ne;
    %jmp/0xz  T_8.48, 4;
    %load/vec4 v0x7f8fad8007c0_0;
    %pad/u 32;
    %addi 2, 0, 32;
    %vpi_call/w 3 198 "$error", "cmp: Expected source of IO to be based on stack pointer + 2 (%0d not %0d).", v0x7f8fabf58350_0, S<0,vec4,u32> {1 0 0};
T_8.48 ;
    %pushi/vec4 23, 0, 8;
    %store/vec4 v0x7f8fabf582c0_0, 0, 8;
    %delay 4, 0;
    %load/vec4 v0x7f8fad801180_0;
    %cmpi/ne 0, 0, 2;
    %jmp/0xz  T_8.50, 4;
    %vpi_call/w 3 207 "$error", "push: Status is not OK" {0 0 0};
T_8.50 ;
    %load/vec4 v0x7f8fad800700_0;
    %load/vec4 v0x7f8fabf58190_0;
    %cmp/ne;
    %jmp/0xz  T_8.52, 4;
    %vpi_call/w 3 209 "$error", "push: PC not incremented." {0 0 0};
T_8.52 ;
    %load/vec4 v0x7f8fad8007c0_0;
    %pad/u 32;
    %load/vec4 v0x7f8fad8010d0_0;
    %pad/u 32;
    %subi 1, 0, 32;
    %cmp/ne;
    %jmp/0xz  T_8.54, 4;
    %vpi_call/w 3 211 "$error", "push: stack pointer not decremented." {0 0 0};
T_8.54 ;
    %load/vec4 v0x7f8fad800880_0;
    %pad/u 32;
    %cmpi/ne 7, 0, 32;
    %jmp/0xz  T_8.56, 4;
    %vpi_call/w 3 213 "$error", "push: next top of stack not expected value of 7." {0 0 0};
T_8.56 ;
    %load/vec4 v0x7f8fad800940_0;
    %load/vec4 v0x7f8fad801240_0;
    %cmp/ne;
    %jmp/0xz  T_8.58, 4;
    %vpi_call/w 3 215 "$error", "push: top of stack 2 not expected value." {0 0 0};
T_8.58 ;
    %load/vec4 v0x7f8fad800a00_0;
    %load/vec4 v0x7f8fad801300_0;
    %cmp/ne;
    %jmp/0xz  T_8.60, 4;
    %vpi_call/w 3 217 "$error", "push: top of stack 3 not expected value." {0 0 0};
T_8.60 ;
    %load/vec4 v0x7f8fabf57c10_0;
    %pad/u 32;
    %load/vec4 v0x7f8fad8010d0_0;
    %pad/u 32;
    %addi 2, 0, 32;
    %cmp/ne;
    %jmp/0xz  T_8.62, 4;
    %vpi_call/w 3 219 "$error", "push: execution stage not attempting to write out at sp + 2." {0 0 0};
T_8.62 ;
    %load/vec4 v0x7f8fad800d90_0;
    %cmpi/ne 0, 0, 1;
    %jmp/0xz  T_8.64, 4;
    %vpi_call/w 3 221 "$error", "push: execution stage not attempting any write out." {0 0 0};
T_8.64 ;
    %load/vec4 v0x7f8fabf57e00_0;
    %load/vec4 v0x7f8fad8013c0_0;
    %cmp/ne;
    %jmp/0xz  T_8.66, 4;
    %vpi_call/w 3 223 "$error", "push: execution stage not attempting to write out top of stack 3" {0 0 0};
T_8.66 ;
    %pushi/vec4 39, 0, 8;
    %store/vec4 v0x7f8fabf582c0_0, 0, 8;
    %delay 4, 0;
    %load/vec4 v0x7f8fad801180_0;
    %cmpi/ne 0, 0, 2;
    %jmp/0xz  T_8.68, 4;
    %vpi_call/w 3 230 "$error", "+7: Status is not OK" {0 0 0};
T_8.68 ;
    %load/vec4 v0x7f8fad800700_0;
    %load/vec4 v0x7f8fabf58190_0;
    %cmp/ne;
    %jmp/0xz  T_8.70, 4;
    %vpi_call/w 3 232 "$error", "+7: program counter not incremented." {0 0 0};
T_8.70 ;
    %load/vec4 v0x7f8fad8007c0_0;
    %load/vec4 v0x7f8fad8010d0_0;
    %cmp/ne;
    %jmp/0xz  T_8.72, 4;
    %vpi_call/w 3 234 "$error", "+7: stack pointer changed." {0 0 0};
T_8.72 ;
    %load/vec4 v0x7f8fad800880_0;
    %pad/u 32;
    %load/vec4 v0x7f8fad801240_0;
    %pad/u 32;
    %addi 7, 0, 32;
    %cmp/ne;
    %jmp/0xz  T_8.74, 4;
    %vpi_call/w 3 236 "$error", "+7: top of stack not incremented by 7." {0 0 0};
T_8.74 ;
    %load/vec4 v0x7f8fad800940_0;
    %load/vec4 v0x7f8fad801300_0;
    %cmp/ne;
    %jmp/0xz  T_8.76, 4;
    %vpi_call/w 3 238 "$error", "+7: top of stack 2 changed." {0 0 0};
T_8.76 ;
    %load/vec4 v0x7f8fad800a00_0;
    %load/vec4 v0x7f8fad8013c0_0;
    %cmp/ne;
    %jmp/0xz  T_8.78, 4;
    %vpi_call/w 3 240 "$error", "+7: top of stack 3 changed." {0 0 0};
T_8.78 ;
    %pushi/vec4 95, 0, 8;
    %store/vec4 v0x7f8fabf582c0_0, 0, 8;
    %delay 4, 0;
    %load/vec4 v0x7f8fad801180_0;
    %cmpi/ne 0, 0, 2;
    %jmp/0xz  T_8.80, 4;
    %vpi_call/w 3 249 "$error", "jump: Status is not OK" {0 0 0};
T_8.80 ;
    %load/vec4 v0x7f8fad800700_0;
    %load/vec4 v0x7f8fad801240_0;
    %parti/s 9, 0, 2;
    %cmp/ne;
    %jmp/0xz  T_8.82, 4;
    %vpi_call/w 3 251 "$error", "jump: not atttempted." {0 0 0};
T_8.82 ;
    %load/vec4 v0x7f8fad8007c0_0;
    %pad/u 32;
    %load/vec4 v0x7f8fad8010d0_0;
    %pad/u 32;
    %addi 1, 0, 32;
    %cmp/ne;
    %jmp/0xz  T_8.84, 4;
    %vpi_call/w 3 253 "$error", "jump: stack pointer not popped" {0 0 0};
T_8.84 ;
    %load/vec4 v0x7f8fad800880_0;
    %load/vec4 v0x7f8fad801300_0;
    %cmp/ne;
    %jmp/0xz  T_8.86, 4;
    %vpi_call/w 3 255 "$error", "jump: top of stack 1 not expected value." {0 0 0};
T_8.86 ;
    %load/vec4 v0x7f8fad800940_0;
    %load/vec4 v0x7f8fad8013c0_0;
    %cmp/ne;
    %jmp/0xz  T_8.88, 4;
    %vpi_call/w 3 257 "$error", "jump: top of stack 2 not expected value." {0 0 0};
T_8.88 ;
    %load/vec4 v0x7f8fad801480_0;
    %inv;
    %flag_set/vec4 8;
    %jmp/0xz  T_8.90, 8;
    %vpi_call/w 3 259 "$error", "jump: expected to use output of RAM." {0 0 0};
T_8.90 ;
    %load/vec4 v0x7f8fabf57c10_0;
    %pad/u 32;
    %load/vec4 v0x7f8fad8010d0_0;
    %pad/u 32;
    %addi 3, 0, 32;
    %cmp/ne;
    %jmp/0xz  T_8.92, 4;
    %vpi_call/w 3 261 "$error", "jump: not reading expected address." {0 0 0};
T_8.92 ;
    %load/vec4 v0x7f8fabf57f80_0;
    %load/vec4 v0x7f8fad8010d0_0;
    %pad/u 33;
    %addi 3, 0, 33;
    %ix/vec4 4;
    %load/vec4a v0x7f8fabf57a50, 4;
    %cmp/ne;
    %jmp/0xz  T_8.94, 4;
    %vpi_call/w 3 263 "$error", "jump: read value not expected." {0 0 0};
T_8.94 ;
    %load/vec4 v0x7f8fabf58030_0;
    %cmpi/ne 5, 0, 3;
    %jmp/0xz  T_8.96, 4;
    %vpi_call/w 3 265 "$error", "jump: destination register not top of stack 3" {0 0 0};
T_8.96 ;
    %pushi/vec4 94, 0, 8;
    %store/vec4 v0x7f8fabf582c0_0, 0, 8;
    %delay 4, 0;
    %load/vec4 v0x7f8fad801180_0;
    %cmpi/ne 0, 0, 2;
    %jmp/0xz  T_8.98, 4;
    %vpi_call/w 3 273 "$error", "jump never: Status is not OK" {0 0 0};
T_8.98 ;
    %load/vec4 v0x7f8fad800700_0;
    %load/vec4 v0x7f8fabf58190_0;
    %cmp/ne;
    %jmp/0xz  T_8.100, 4;
    %vpi_call/w 3 275 "$error", "jump never: program counter not incremented as expected." {0 0 0};
T_8.100 ;
    %load/vec4 v0x7f8fad8007c0_0;
    %load/vec4 v0x7f8fad8010d0_0;
    %cmp/ne;
    %jmp/0xz  T_8.102, 4;
    %vpi_call/w 3 277 "$error", "jump never: stack pointer not changed as expected." {0 0 0};
T_8.102 ;
    %pushi/vec4 128, 0, 8;
    %store/vec4 v0x7f8fabf582c0_0, 0, 8;
    %delay 4, 0;
    %load/vec4 v0x7f8fad801180_0;
    %cmpi/ne 0, 0, 2;
    %jmp/0xz  T_8.104, 4;
    %vpi_call/w 3 285 "$error", "drop: Status is not OK" {0 0 0};
T_8.104 ;
    %load/vec4 v0x7f8fad800700_0;
    %load/vec4 v0x7f8fabf58190_0;
    %cmp/ne;
    %jmp/0xz  T_8.106, 4;
    %vpi_call/w 3 287 "$error", "drop: not attempted." {0 0 0};
T_8.106 ;
    %load/vec4 v0x7f8fad8007c0_0;
    %pad/u 32;
    %load/vec4 v0x7f8fad8010d0_0;
    %pad/u 32;
    %addi 1, 0, 32;
    %cmp/ne;
    %jmp/0xz  T_8.108, 4;
    %vpi_call/w 3 289 "$error", "drop: stack pointer not popped" {0 0 0};
T_8.108 ;
    %load/vec4 v0x7f8fad800880_0;
    %load/vec4 v0x7f8fad801300_0;
    %cmp/ne;
    %jmp/0xz  T_8.110, 4;
    %vpi_call/w 3 291 "$error", "drop: top of stack 1 not expected value." {0 0 0};
T_8.110 ;
    %load/vec4 v0x7f8fad800940_0;
    %load/vec4 v0x7f8fad8013c0_0;
    %cmp/ne;
    %jmp/0xz  T_8.112, 4;
    %vpi_call/w 3 293 "$error", "drop: top of stack 2 not expected value." {0 0 0};
T_8.112 ;
    %load/vec4 v0x7f8fad801480_0;
    %inv;
    %flag_set/vec4 8;
    %jmp/0xz  T_8.114, 8;
    %vpi_call/w 3 295 "$error", "drop: expected to use output of RAM." {0 0 0};
T_8.114 ;
    %load/vec4 v0x7f8fabf57c10_0;
    %pad/u 32;
    %load/vec4 v0x7f8fad8010d0_0;
    %pad/u 32;
    %addi 3, 0, 32;
    %cmp/ne;
    %jmp/0xz  T_8.116, 4;
    %vpi_call/w 3 297 "$error", "drop: not reading expected address." {0 0 0};
T_8.116 ;
    %load/vec4 v0x7f8fabf57f80_0;
    %load/vec4 v0x7f8fad8010d0_0;
    %pad/u 33;
    %addi 3, 0, 33;
    %ix/vec4 4;
    %load/vec4a v0x7f8fabf57a50, 4;
    %cmp/ne;
    %jmp/0xz  T_8.118, 4;
    %vpi_call/w 3 299 "$error", "drop: read value not expected." {0 0 0};
T_8.118 ;
    %load/vec4 v0x7f8fabf58030_0;
    %cmpi/ne 5, 0, 3;
    %jmp/0xz  T_8.120, 4;
    %vpi_call/w 3 301 "$error", "drop: destination register not top of stack 3" {0 0 0};
T_8.120 ;
    %pushi/vec4 129, 0, 8;
    %store/vec4 v0x7f8fabf582c0_0, 0, 8;
    %delay 4, 0;
    %load/vec4 v0x7f8fad801180_0;
    %cmpi/ne 0, 0, 2;
    %jmp/0xz  T_8.122, 4;
    %vpi_call/w 3 308 "$error", "dup: status is not OK" {0 0 0};
T_8.122 ;
    %load/vec4 v0x7f8fad800700_0;
    %load/vec4 v0x7f8fabf58190_0;
    %cmp/ne;
    %jmp/0xz  T_8.124, 4;
    %vpi_call/w 3 310 "$error", "dup: program counter not incremented" {0 0 0};
T_8.124 ;
    %load/vec4 v0x7f8fad8007c0_0;
    %pad/u 32;
    %load/vec4 v0x7f8fad8010d0_0;
    %pad/u 32;
    %subi 1, 0, 32;
    %cmp/ne;
    %jmp/0xz  T_8.126, 4;
    %vpi_call/w 3 312 "$error", "dup: stack pointer not pushed" {0 0 0};
T_8.126 ;
    %load/vec4 v0x7f8fad800880_0;
    %load/vec4 v0x7f8fad801240_0;
    %cmp/ne;
    %flag_mov 8, 4;
    %load/vec4 v0x7f8fad800940_0;
    %load/vec4 v0x7f8fad801240_0;
    %cmp/ne;
    %flag_or 4, 8;
    %jmp/0xz  T_8.128, 4;
    %vpi_call/w 3 314 "$error", "dup: stack top not duplicated" {0 0 0};
T_8.128 ;
    %load/vec4 v0x7f8fad800a00_0;
    %load/vec4 v0x7f8fad801300_0;
    %cmp/ne;
    %jmp/0xz  T_8.130, 4;
    %vpi_call/w 3 316 "$error", "dup: stack top 3 unexpected." {0 0 0};
T_8.130 ;
    %load/vec4 v0x7f8fad800d90_0;
    %cmpi/ne 0, 0, 1;
    %jmp/0xz  T_8.132, 4;
    %vpi_call/w 3 318 "$error", "dup: not attempting a write." {0 0 0};
T_8.132 ;
    %load/vec4 v0x7f8fabf57c10_0;
    %pad/u 32;
    %load/vec4 v0x7f8fad8010d0_0;
    %pad/u 32;
    %addi 2, 0, 32;
    %cmp/ne;
    %jmp/0xz  T_8.134, 4;
    %vpi_call/w 3 320 "$error", "dup: unexpected address" {0 0 0};
T_8.134 ;
    %load/vec4 v0x7f8fabf57e00_0;
    %load/vec4 v0x7f8fad8013c0_0;
    %cmp/ne;
    %jmp/0xz  T_8.136, 4;
    %vpi_call/w 3 322 "$error", "dup: unexpected write value" {0 0 0};
T_8.136 ;
    %pushi/vec4 130, 0, 8;
    %store/vec4 v0x7f8fabf582c0_0, 0, 8;
    %delay 4, 0;
    %load/vec4 v0x7f8fad801180_0;
    %cmpi/ne 0, 0, 2;
    %jmp/0xz  T_8.138, 4;
    %vpi_call/w 3 329 "$error", "swap: status is not OK." {0 0 0};
T_8.138 ;
    %load/vec4 v0x7f8fad800700_0;
    %load/vec4 v0x7f8fabf58190_0;
    %cmp/ne;
    %jmp/0xz  T_8.140, 4;
    %vpi_call/w 3 331 "$error", "swap: program counter not incremented" {0 0 0};
T_8.140 ;
    %load/vec4 v0x7f8fad8007c0_0;
    %load/vec4 v0x7f8fad8010d0_0;
    %cmp/ne;
    %jmp/0xz  T_8.142, 4;
    %vpi_call/w 3 333 "$error", "swap: stack pointer changed (%0d %0d).", v0x7f8fad8007c0_0, v0x7f8fad8010d0_0 {0 0 0};
T_8.142 ;
    %load/vec4 v0x7f8fad800880_0;
    %load/vec4 v0x7f8fad801300_0;
    %cmp/ne;
    %flag_mov 8, 4;
    %load/vec4 v0x7f8fad800940_0;
    %load/vec4 v0x7f8fad801240_0;
    %cmp/ne;
    %flag_or 4, 8;
    %jmp/0xz  T_8.144, 4;
    %vpi_call/w 3 335 "$error", "swap: didn't swap values as expected" {0 0 0};
T_8.144 ;
    %load/vec4 v0x7f8fad800a00_0;
    %load/vec4 v0x7f8fad8013c0_0;
    %cmp/ne;
    %jmp/0xz  T_8.146, 4;
    %vpi_call/w 3 337 "$error", "swap: unexpected manipulation of top of stack 3" {0 0 0};
T_8.146 ;
    %load/vec4 v0x7f8fad801480_0;
    %flag_set/vec4 8;
    %jmp/0xz  T_8.148, 8;
    %vpi_call/w 3 339 "$error", "swap: unexpected use of RAM" {0 0 0};
T_8.148 ;
    %load/vec4 v0x7f8fad800d90_0;
    %cmpi/ne 1, 0, 1;
    %jmp/0xz  T_8.150, 4;
    %vpi_call/w 3 341 "$error", "swap: unexpected write of RAM" {0 0 0};
T_8.150 ;
    %pushi/vec4 132, 0, 8;
    %store/vec4 v0x7f8fabf582c0_0, 0, 8;
    %delay 4, 0;
    %load/vec4 v0x7f8fad801180_0;
    %cmpi/ne 0, 0, 2;
    %jmp/0xz  T_8.152, 4;
    %vpi_call/w 3 348 "$error", "rot: status is not OK." {0 0 0};
T_8.152 ;
    %load/vec4 v0x7f8fad800700_0;
    %load/vec4 v0x7f8fabf58190_0;
    %cmp/ne;
    %jmp/0xz  T_8.154, 4;
    %vpi_call/w 3 350 "$error", "rot: program counter not incremented" {0 0 0};
T_8.154 ;
    %load/vec4 v0x7f8fad8007c0_0;
    %load/vec4 v0x7f8fad8010d0_0;
    %cmp/ne;
    %jmp/0xz  T_8.156, 4;
    %vpi_call/w 3 352 "$error", "rot: stack pointer changed" {0 0 0};
T_8.156 ;
    %load/vec4 v0x7f8fad800880_0;
    %load/vec4 v0x7f8fad801300_0;
    %cmp/ne;
    %jmp/0xz  T_8.158, 4;
    %vpi_call/w 3 354 "$error", "rot: next top of stack 1 unexpected" {0 0 0};
T_8.158 ;
    %load/vec4 v0x7f8fad800940_0;
    %load/vec4 v0x7f8fad8013c0_0;
    %cmp/ne;
    %jmp/0xz  T_8.160, 4;
    %vpi_call/w 3 356 "$error", "rot: next top of stack 2 unexpected" {0 0 0};
T_8.160 ;
    %load/vec4 v0x7f8fad800a00_0;
    %load/vec4 v0x7f8fad801240_0;
    %cmp/ne;
    %jmp/0xz  T_8.162, 4;
    %vpi_call/w 3 358 "$error", "rot: next top of stack 3 unexpected" {0 0 0};
T_8.162 ;
    %load/vec4 v0x7f8fad801480_0;
    %flag_set/vec4 8;
    %jmp/0xz  T_8.164, 8;
    %vpi_call/w 3 360 "$error", "rot: unexpected use of RAM output" {0 0 0};
T_8.164 ;
    %load/vec4 v0x7f8fad800d90_0;
    %cmpi/ne 1, 0, 1;
    %jmp/0xz  T_8.166, 4;
    %vpi_call/w 3 362 "$error", "rot: unexpected write of RAM" {0 0 0};
T_8.166 ;
    %pushi/vec4 131, 0, 8;
    %store/vec4 v0x7f8fabf582c0_0, 0, 8;
    %delay 4, 0;
    %load/vec4 v0x7f8fad801180_0;
    %cmpi/ne 0, 0, 2;
    %jmp/0xz  T_8.168, 4;
    %vpi_call/w 3 369 "$error", "tuck: status is not OK." {0 0 0};
T_8.168 ;
    %load/vec4 v0x7f8fad800700_0;
    %load/vec4 v0x7f8fabf58190_0;
    %cmp/ne;
    %jmp/0xz  T_8.170, 4;
    %vpi_call/w 3 371 "$error", "tuck: program counter not incremented" {0 0 0};
T_8.170 ;
    %load/vec4 v0x7f8fad8007c0_0;
    %load/vec4 v0x7f8fad8010d0_0;
    %cmp/ne;
    %jmp/0xz  T_8.172, 4;
    %vpi_call/w 3 373 "$error", "tuck: stack pointer changed" {0 0 0};
T_8.172 ;
    %load/vec4 v0x7f8fad800880_0;
    %load/vec4 v0x7f8fad8013c0_0;
    %cmp/ne;
    %jmp/0xz  T_8.174, 4;
    %vpi_call/w 3 375 "$error", "tuck: next top of stack 1 unexpected" {0 0 0};
T_8.174 ;
    %load/vec4 v0x7f8fad800940_0;
    %load/vec4 v0x7f8fad801240_0;
    %cmp/ne;
    %jmp/0xz  T_8.176, 4;
    %vpi_call/w 3 377 "$error", "tuck: next top of stack 2 unexpected" {0 0 0};
T_8.176 ;
    %load/vec4 v0x7f8fad800a00_0;
    %load/vec4 v0x7f8fad801300_0;
    %cmp/ne;
    %jmp/0xz  T_8.178, 4;
    %vpi_call/w 3 379 "$error", "tuck: next top of stack 3 unexpected" {0 0 0};
T_8.178 ;
    %load/vec4 v0x7f8fad801480_0;
    %flag_set/vec4 8;
    %jmp/0xz  T_8.180, 8;
    %vpi_call/w 3 381 "$error", "tuck: unexpected use of RAM output" {0 0 0};
T_8.180 ;
    %load/vec4 v0x7f8fad800d90_0;
    %cmpi/ne 1, 0, 1;
    %jmp/0xz  T_8.182, 4;
    %vpi_call/w 3 383 "$error", "tuck: unexpected write of RAM" {0 0 0};
T_8.182 ;
    %pushi/vec4 143, 0, 8;
    %store/vec4 v0x7f8fabf582c0_0, 0, 8;
    %delay 4, 0;
    %load/vec4 v0x7f8fad801180_0;
    %cmpi/e 0, 0, 2;
    %jmp/0xz  T_8.184, 4;
    %vpi_call/w 3 390 "$error", "Unexpectedly executed invalid stack instruction OK." {0 0 0};
T_8.184 ;
    %pushi/vec4 97, 0, 8;
    %store/vec4 v0x7f8fabf582c0_0, 0, 8;
    %delay 4, 0;
    %load/vec4 v0x7f8fad8000c0_0;
    %cmpi/ne 1, 0, 4;
    %jmp/0xz  T_8.186, 4;
    %vpi_call/w 3 397 "$error", "halt: did not halt as expected." {0 0 0};
T_8.186 ;
    %load/vec4 v0x7f8fad801480_0;
    %flag_set/vec4 8;
    %jmp/0xz  T_8.188, 8;
    %vpi_call/w 3 399 "$error", "halt: unexpectedly using output of RAM." {0 0 0};
T_8.188 ;
    %load/vec4 v0x7f8fad800d90_0;
    %cmpi/e 0, 0, 1;
    %jmp/0xz  T_8.190, 4;
    %vpi_call/w 3 401 "$error", "halt: trying to write." {0 0 0};
T_8.190 ;
    %pushi/vec4 112, 0, 8;
    %store/vec4 v0x7f8fabf582c0_0, 0, 8;
    %delay 4, 0;
    %load/vec4 v0x7f8fad801180_0;
    %cmpi/ne 0, 0, 2;
    %jmp/0xz  T_8.192, 4;
    %vpi_call/w 3 408 "$error", "call: status not OK." {0 0 0};
T_8.192 ;
    %load/vec4 v0x7f8fad800700_0;
    %load/vec4 v0x7f8fad801240_0;
    %parti/s 9, 0, 2;
    %cmp/ne;
    %jmp/0xz  T_8.194, 4;
    %vpi_call/w 3 410 "$error", "call: didn't jump to call destination." {0 0 0};
T_8.194 ;
    %load/vec4 v0x7f8fad8007c0_0;
    %pad/u 32;
    %load/vec4 v0x7f8fad8010d0_0;
    %pad/u 32;
    %addi 1, 0, 32;
    %cmp/ne;
    %jmp/0xz  T_8.196, 4;
    %vpi_call/w 3 412 "$error", "call: didn't pop call destination." {0 0 0};
T_8.196 ;
    %load/vec4 v0x7f8fad800880_0;
    %load/vec4 v0x7f8fad801300_0;
    %cmp/ne;
    %jmp/0xz  T_8.198, 4;
    %vpi_call/w 3 414 "$error", "call: top of stack 1 unexpected." {0 0 0};
T_8.198 ;
    %load/vec4 v0x7f8fad800940_0;
    %load/vec4 v0x7f8fad8013c0_0;
    %cmp/ne;
    %jmp/0xz  T_8.200, 4;
    %vpi_call/w 3 416 "$error", "call: top of stack2 unexpected." {0 0 0};
T_8.200 ;
    %load/vec4 v0x7f8fad800d90_0;
    %cmpi/ne 0, 0, 1;
    %jmp/0xz  T_8.202, 4;
    %vpi_call/w 3 418 "$error", "call: expected to write." {0 0 0};
T_8.202 ;
    %load/vec4 v0x7f8fabf57c10_0;
    %load/vec4 v0x7f8fabf57ce0_0;
    %cmp/ne;
    %jmp/0xz  T_8.204, 4;
    %vpi_call/w 3 420 "$error", "call: unexpected write address." {0 0 0};
T_8.204 ;
    %load/vec4 v0x7f8fabf57e00_0;
    %load/vec4 v0x7f8fabf58190_0;
    %pad/u 16;
    %cmp/ne;
    %jmp/0xz  T_8.206, 4;
    %vpi_call/w 3 422 "$error", "call: unexpected write value." {0 0 0};
T_8.206 ;
    %load/vec4 v0x7f8fabf583e0_0;
    %inv;
    %flag_set/vec4 8;
    %jmp/0xz  T_8.208, 8;
    %vpi_call/w 3 424 "$error", "call: expected to do IO on next cycle." {0 0 0};
T_8.208 ;
    %load/vec4 v0x7f8fabf58540_0;
    %cmpi/ne 1, 0, 1;
    %jmp/0xz  T_8.210, 4;
    %vpi_call/w 3 426 "$error", "call: read/write action was not read." {0 0 0};
T_8.210 ;
    %load/vec4 v0x7f8fabf58490_0;
    %cmpi/ne 5, 0, 3;
    %jmp/0xz  T_8.212, 4;
    %vpi_call/w 3 428 "$error", "call: destination of read is not top of stack 3." {0 0 0};
T_8.212 ;
    %load/vec4 v0x7f8fabf58350_0;
    %pad/u 32;
    %load/vec4 v0x7f8fad8007c0_0;
    %pad/u 32;
    %addi 2, 0, 32;
    %cmp/ne;
    %jmp/0xz  T_8.214, 4;
    %vpi_call/w 3 430 "$error", "call: source of read is not stack pointer + 2" {0 0 0};
T_8.214 ;
    %pushi/vec4 113, 0, 8;
    %store/vec4 v0x7f8fabf582c0_0, 0, 8;
    %delay 4, 0;
    %load/vec4 v0x7f8fad801180_0;
    %cmpi/ne 0, 0, 2;
    %jmp/0xz  T_8.216, 4;
    %vpi_call/w 3 437 "$error", "ret: status not OK" {0 0 0};
T_8.216 ;
    %load/vec4 v0x7f8fad800580_0;
    %pad/u 32;
    %load/vec4 v0x7f8fabf57ce0_0;
    %pad/u 32;
    %subi 1, 0, 32;
    %cmp/ne;
    %jmp/0xz  T_8.218, 4;
    %vpi_call/w 3 439 "$error", "ret: didn't pop return address" {0 0 0};
T_8.218 ;
    %load/vec4 v0x7f8fad801480_0;
    %inv;
    %flag_set/vec4 8;
    %jmp/0xz  T_8.220, 8;
    %vpi_call/w 3 441 "$error", "ret: expected to use output of RAM" {0 0 0};
T_8.220 ;
    %load/vec4 v0x7f8fad800d90_0;
    %cmpi/ne 1, 0, 1;
    %jmp/0xz  T_8.222, 4;
    %vpi_call/w 3 443 "$error", "ret: expected to read from RAM" {0 0 0};
T_8.222 ;
    %load/vec4 v0x7f8fabf57c10_0;
    %pad/u 32;
    %load/vec4 v0x7f8fabf57ce0_0;
    %pad/u 32;
    %subi 1, 0, 32;
    %cmp/ne;
    %jmp/0xz  T_8.224, 4;
    %vpi_call/w 3 445 "$error", "ret: unexpected read address" {0 0 0};
T_8.224 ;
    %load/vec4 v0x7f8fabf58030_0;
    %cmpi/ne 0, 0, 3;
    %jmp/0xz  T_8.226, 4;
    %vpi_call/w 3 447 "$error", "ret: expected to output to PC" {0 0 0};
T_8.226 ;
    %vpi_call/w 3 450 "$finish" {0 0 0};
    %end;
    .thread T_8;
# The file index is used to find the file name in the following table.
:file_names 7;
    "N/A";
    "<interactive>";
    "-";
    "Execute_tb.v";
    "Execute.v";
    "Alu.v";
    "IceRam.v";
