#! /usr/local/bin/vvp
:ivl_version "11.0 (devel)" "(s20150603-595-ge745304c)";
:ivl_delay_selection "TYPICAL";
:vpi_time_precision + 0;
:vpi_module "system";
:vpi_module "vhdl_sys";
:vpi_module "vhdl_textio";
:vpi_module "v2005_math";
:vpi_module "va_math";
:vpi_module "v2009";
S_0x7fc4bc513050 .scope package, "$unit" "$unit" 2 1;
 .timescale 0 0;
S_0x7fc4bc514580 .scope module, "FetchInstruction_tb" "FetchInstruction_tb" 3 3;
 .timescale 0 0;
P_0x7fc4bc503020 .param/l "addrBits" 1 3 4, +C4<00000000000000000000000000001000>;
P_0x7fc4bc503060 .param/l "dataBits" 1 3 5, +C4<00000000000000000000000000010000>;
v0x7fc4bc52bd70_0 .net "address", 7 0, L_0x7fc4bc6001f0;  1 drivers
v0x7fc4bc52be40_0 .var "clk", 0 0;
o0x10af82638 .functor BUFZ 16, C4<zzzzzzzzzzzzzzzz>; HiZ drive
v0x7fc4bc52bf10_0 .net "dataIn", 15 0, o0x10af82638;  0 drivers
v0x7fc4bc52bfa0_0 .net "dataOut", 15 0, v0x7fc4bc52bad0_0;  1 drivers
v0x7fc4bc52c070_0 .net "instruction", 7 0, L_0x7fc4bc600100;  1 drivers
v0x7fc4bc52c140_0 .net "nextProgramCounter", 8 0, L_0x7fc4bc600290;  1 drivers
v0x7fc4bc52c1d0_0 .var "programCounter", 8 0;
v0x7fc4bc52c260_0 .var "reset", 0 0;
L_0x10afb3008 .functor BUFT 1, C4<1>, C4<0>, C4<0>, C4<0>;
v0x7fc4bc52c310_0 .net "rw", 0 0, L_0x10afb3008;  1 drivers
v0x7fc4bc52c440_0 .var "useInternalProgramCounter", 0 0;
S_0x7fc4bc514220 .scope module, "fetch0" "FetchInstruction" 3 33, 4 3 0, S_0x7fc4bc514580;
 .timescale 0 0;
    .port_info 0 /INPUT 1 "clk";
    .port_info 1 /INPUT 1 "reset";
    .port_info 2 /INPUT 1 "useInternalProgramCounter";
    .port_info 3 /OUTPUT 8 "programAddress";
    .port_info 4 /INPUT 16 "programDataOut";
    .port_info 5 /OUTPUT 1 "finished";
    .port_info 6 /INPUT 9 "programCounter";
    .port_info 7 /OUTPUT 8 "instruction";
    .port_info 8 /OUTPUT 9 "nextProgramCounter";
P_0x7fc4bc512cb0 .param/l "STATE_DONE" 1 4 33, +C4<00000000000000000000000000000001>;
P_0x7fc4bc512cf0 .param/l "STATE_PREPARE" 1 4 32, +C4<00000000000000000000000000000000>;
P_0x7fc4bc512d30 .param/l "addrBits" 0 4 3, +C4<00000000000000000000000000001000>;
P_0x7fc4bc512d70 .param/l "dataBits" 0 4 3, +C4<00000000000000000000000000010000>;
L_0x7fc4bc600100 .functor BUFZ 8, v0x7fc4bc52abb0_0, C4<00000000>, C4<00000000>, C4<00000000>;
L_0x7fc4bc6001f0 .functor BUFZ 8, v0x7fc4bc52b1a0_0, C4<00000000>, C4<00000000>, C4<00000000>;
L_0x7fc4bc600290 .functor BUFZ 9, v0x7fc4bc52ac60_0, C4<000000000>, C4<000000000>, C4<000000000>;
v0x7fc4bc505ec0_0 .net *"_s11", 7 0, L_0x7fc4bc6005b0;  1 drivers
v0x7fc4bc52a2b0_0 .net *"_s14", 31 0, L_0x7fc4bc600810;  1 drivers
L_0x10afb3050 .functor BUFT 1, C4<0000000000000000000000000000000>, C4<0>, C4<0>, C4<0>;
v0x7fc4bc52a350_0 .net *"_s17", 30 0, L_0x10afb3050;  1 drivers
L_0x10afb3098 .functor BUFT 1, C4<00000000000000000000000000000001>, C4<0>, C4<0>, C4<0>;
v0x7fc4bc52a3e0_0 .net/2u *"_s18", 31 0, L_0x10afb3098;  1 drivers
v0x7fc4bc52a470_0 .net *"_s7", 0 0, L_0x7fc4bc600390;  1 drivers
v0x7fc4bc52a540_0 .net *"_s9", 7 0, L_0x7fc4bc600470;  1 drivers
v0x7fc4bc52a5f0_0 .net "clk", 0 0, v0x7fc4bc52be40_0;  1 drivers
v0x7fc4bc52a690_0 .net "finished", 0 0, L_0x7fc4bc600980;  1 drivers
v0x7fc4bc52a730_0 .net "instruction", 7 0, L_0x7fc4bc600100;  alias, 1 drivers
v0x7fc4bc52a840_0 .net "instructionFromRamOut", 7 0, L_0x7fc4bc600690;  1 drivers
v0x7fc4bc52a8f0_0 .net "nextProgramCounter", 8 0, L_0x7fc4bc600290;  alias, 1 drivers
v0x7fc4bc52a9a0_0 .net "programAddress", 7 0, L_0x7fc4bc6001f0;  alias, 1 drivers
v0x7fc4bc52aa50_0 .net "programCounter", 8 0, v0x7fc4bc52c1d0_0;  1 drivers
v0x7fc4bc52ab00_0 .net "programDataOut", 15 0, v0x7fc4bc52bad0_0;  alias, 1 drivers
v0x7fc4bc52abb0_0 .var "rInstruction", 7 0;
v0x7fc4bc52ac60_0 .var "rInternalProgramCounter", 8 0;
v0x7fc4bc52ad10_0 .var "rState", 0 0;
v0x7fc4bc52aea0_0 .net "reset", 0 0, v0x7fc4bc52c260_0;  1 drivers
v0x7fc4bc52af30_0 .net "useInternalProgramCounter", 0 0, v0x7fc4bc52c440_0;  1 drivers
v0x7fc4bc52afc0_0 .var "wActualProgramCounter", 8 0;
v0x7fc4bc52b060_0 .var "wIncrementInternalProgramCounter", 0 0;
v0x7fc4bc52b100_0 .var "wNextState", 0 0;
v0x7fc4bc52b1a0_0 .var "wProgramAddress", 7 0;
v0x7fc4bc52b250_0 .var "wUpdateInstruction", 0 0;
E_0x7fc4bc5140d0/0 .event edge, v0x7fc4bc52af30_0, v0x7fc4bc52ac60_0, v0x7fc4bc52aa50_0, v0x7fc4bc52afc0_0;
E_0x7fc4bc5140d0/1 .event edge, v0x7fc4bc52ad10_0;
E_0x7fc4bc5140d0 .event/or E_0x7fc4bc5140d0/0, E_0x7fc4bc5140d0/1;
E_0x7fc4bc508630 .event posedge, v0x7fc4bc52a5f0_0;
L_0x7fc4bc600390 .part v0x7fc4bc52afc0_0, 0, 1;
L_0x7fc4bc600470 .part v0x7fc4bc52bad0_0, 0, 8;
L_0x7fc4bc6005b0 .part v0x7fc4bc52bad0_0, 8, 8;
L_0x7fc4bc600690 .functor MUXZ 8, L_0x7fc4bc6005b0, L_0x7fc4bc600470, L_0x7fc4bc600390, C4<>;
L_0x7fc4bc600810 .concat [ 1 31 0 0], v0x7fc4bc52ad10_0, L_0x10afb3050;
L_0x7fc4bc600980 .cmp/eq 32, L_0x7fc4bc600810, L_0x10afb3098;
S_0x7fc4bc52b3d0 .scope module, "ram0" "IceRam" 3 17, 5 6 0, S_0x7fc4bc514580;
 .timescale 0 0;
    .port_info 0 /INPUT 1 "clk";
    .port_info 1 /INPUT 8 "address";
    .port_info 2 /INPUT 1 "readWriteMode";
    .port_info 3 /INPUT 16 "dataIn";
    .port_info 4 /OUTPUT 16 "dataOut";
P_0x7fc4bc52b540 .param/l "addrBits" 0 5 6, +C4<00000000000000000000000000001000>;
P_0x7fc4bc52b580 .param/l "dataBits" 0 5 6, +C4<00000000000000000000000000010000>;
P_0x7fc4bc52b5c0 .param/l "ramSize" 1 5 16, +C4<00000000000000000000000100000000>;
P_0x7fc4bc52b600 .param/str "romFile" 0 5 14, "fetch_test_data.hex";
v0x7fc4bc52b810_0 .net "address", 7 0, L_0x7fc4bc6001f0;  alias, 1 drivers
v0x7fc4bc52b8c0_0 .net "clk", 0 0, v0x7fc4bc52be40_0;  alias, 1 drivers
v0x7fc4bc52b970_0 .net "dataIn", 15 0, o0x10af82638;  alias, 0 drivers
v0x7fc4bc52ba20_0 .net "dataOut", 15 0, v0x7fc4bc52bad0_0;  alias, 1 drivers
v0x7fc4bc52bad0_0 .var "rDataOut", 15 0;
v0x7fc4bc52bbb0 .array "ram", 255 0, 15 0;
v0x7fc4bc52bc50_0 .net "readWriteMode", 0 0, L_0x10afb3008;  alias, 1 drivers
    .scope S_0x7fc4bc52b3d0;
T_0 ;
    %wait E_0x7fc4bc508630;
    %load/vec4 v0x7fc4bc52bc50_0;
    %cmpi/e 0, 0, 1;
    %jmp/0xz  T_0.0, 4;
    %load/vec4 v0x7fc4bc52b970_0;
    %load/vec4 v0x7fc4bc52b810_0;
    %pad/u 10;
    %ix/vec4 3;
    %ix/load 4, 0, 0; Constant delay
    %assign/vec4/a/d v0x7fc4bc52bbb0, 0, 4;
T_0.0 ;
    %load/vec4 v0x7fc4bc52b810_0;
    %pad/u 10;
    %ix/vec4 4;
    %load/vec4a v0x7fc4bc52bbb0, 4;
    %assign/vec4 v0x7fc4bc52bad0_0, 0;
    %jmp T_0;
    .thread T_0;
    .scope S_0x7fc4bc52b3d0;
T_1 ;
    %vpi_call/w 5 30 "$readmemh", P_0x7fc4bc52b600, v0x7fc4bc52bbb0 {0 0 0};
    %end;
    .thread T_1;
    .scope S_0x7fc4bc514220;
T_2 ;
    %wait E_0x7fc4bc508630;
    %load/vec4 v0x7fc4bc52b250_0;
    %flag_set/vec4 8;
    %jmp/0xz  T_2.0, 8;
    %load/vec4 v0x7fc4bc52a840_0;
    %assign/vec4 v0x7fc4bc52abb0_0, 0;
T_2.0 ;
    %load/vec4 v0x7fc4bc52b060_0;
    %flag_set/vec4 8;
    %jmp/0xz  T_2.2, 8;
    %load/vec4 v0x7fc4bc52ac60_0;
    %addi 1, 0, 9;
    %assign/vec4 v0x7fc4bc52ac60_0, 0;
    %jmp T_2.3;
T_2.2 ;
    %load/vec4 v0x7fc4bc52af30_0;
    %inv;
    %flag_set/vec4 8;
    %jmp/0xz  T_2.4, 8;
    %load/vec4 v0x7fc4bc52aa50_0;
    %assign/vec4 v0x7fc4bc52ac60_0, 0;
T_2.4 ;
T_2.3 ;
    %load/vec4 v0x7fc4bc52aea0_0;
    %nor/r;
    %flag_set/vec4 8;
    %jmp/0xz  T_2.6, 8;
    %pushi/vec4 0, 0, 1;
    %assign/vec4 v0x7fc4bc52ad10_0, 0;
    %jmp T_2.7;
T_2.6 ;
    %load/vec4 v0x7fc4bc52b100_0;
    %assign/vec4 v0x7fc4bc52ad10_0, 0;
T_2.7 ;
    %jmp T_2;
    .thread T_2;
    .scope S_0x7fc4bc514220;
T_3 ;
    %wait E_0x7fc4bc5140d0;
    %load/vec4 v0x7fc4bc52af30_0;
    %flag_set/vec4 8;
    %jmp/0 T_3.0, 8;
    %load/vec4 v0x7fc4bc52ac60_0;
    %jmp/1 T_3.1, 8;
T_3.0 ; End of true expr.
    %load/vec4 v0x7fc4bc52aa50_0;
    %jmp/0 T_3.1, 8;
 ; End of false expr.
    %blend;
T_3.1;
    %store/vec4 v0x7fc4bc52afc0_0, 0, 9;
    %load/vec4 v0x7fc4bc52afc0_0;
    %parti/s 8, 1, 2;
    %store/vec4 v0x7fc4bc52b1a0_0, 0, 8;
    %load/vec4 v0x7fc4bc52ad10_0;
    %pad/u 2;
    %addi 1, 0, 2;
    %pad/u 1;
    %store/vec4 v0x7fc4bc52b100_0, 0, 1;
    %load/vec4 v0x7fc4bc52ad10_0;
    %pad/u 32;
    %pushi/vec4 1, 0, 32;
    %cmp/e;
    %flag_get/vec4 4;
    %store/vec4 v0x7fc4bc52b060_0, 0, 1;
    %load/vec4 v0x7fc4bc52ad10_0;
    %pad/u 32;
    %pushi/vec4 1, 0, 32;
    %cmp/e;
    %flag_get/vec4 4;
    %store/vec4 v0x7fc4bc52b250_0, 0, 1;
    %jmp T_3;
    .thread T_3, $push;
    .scope S_0x7fc4bc514580;
T_4 ;
    %pushi/vec4 0, 0, 1;
    %store/vec4 v0x7fc4bc52c260_0, 0, 1;
    %end;
    .thread T_4, $init;
    .scope S_0x7fc4bc514580;
T_5 ;
    %delay 1, 0;
    %load/vec4 v0x7fc4bc52be40_0;
    %pad/u 32;
    %pushi/vec4 1, 0, 32;
    %cmp/ne;
    %flag_get/vec4 6;
    %assign/vec4 v0x7fc4bc52be40_0, 0;
    %jmp T_5;
    .thread T_5;
    .scope S_0x7fc4bc514580;
T_6 ;
    %vpi_call/w 3 45 "$dumpfile", "FetchInstruction_tb.vcd" {0 0 0};
    %vpi_call/w 3 46 "$dumpvars", 32'sb00000000000000000000000000000000, S_0x7fc4bc514580 {0 0 0};
    %pushi/vec4 0, 0, 9;
    %store/vec4 v0x7fc4bc52c1d0_0, 0, 9;
    %pushi/vec4 0, 0, 1;
    %store/vec4 v0x7fc4bc52c440_0, 0, 1;
    %delay 4, 0;
    %pushi/vec4 1, 0, 1;
    %assign/vec4 v0x7fc4bc52c260_0, 0;
    %delay 4, 0;
    %load/vec4 v0x7fc4bc52c070_0;
    %cmpi/ne 0, 0, 8;
    %jmp/0xz  T_6.0, 4;
    %vpi_call/w 3 52 "$error", "Instruction at 0 should be 00" {0 0 0};
T_6.0 ;
    %load/vec4 v0x7fc4bc52c140_0;
    %pad/u 32;
    %cmpi/ne 1, 0, 32;
    %jmp/0xz  T_6.2, 4;
    %vpi_call/w 3 53 "$error", "Next program counter not 1" {0 0 0};
T_6.2 ;
    %pushi/vec4 1, 0, 1;
    %store/vec4 v0x7fc4bc52c440_0, 0, 1;
    %delay 4, 0;
    %load/vec4 v0x7fc4bc52c070_0;
    %cmpi/ne 1, 0, 8;
    %jmp/0xz  T_6.4, 4;
    %vpi_call/w 3 57 "$error", "Instruction at 1 should be 01" {0 0 0};
T_6.4 ;
    %load/vec4 v0x7fc4bc52c140_0;
    %pad/u 32;
    %cmpi/ne 2, 0, 32;
    %jmp/0xz  T_6.6, 4;
    %vpi_call/w 3 58 "$error", "Next program counter not 2" {0 0 0};
T_6.6 ;
    %delay 4, 0;
    %load/vec4 v0x7fc4bc52c070_0;
    %cmpi/ne 2, 0, 8;
    %jmp/0xz  T_6.8, 4;
    %vpi_call/w 3 60 "$error", "Instruction at 2 should be 02" {0 0 0};
T_6.8 ;
    %load/vec4 v0x7fc4bc52c140_0;
    %pad/u 32;
    %cmpi/ne 3, 0, 32;
    %jmp/0xz  T_6.10, 4;
    %vpi_call/w 3 61 "$error", "Next program counter not 3" {0 0 0};
T_6.10 ;
    %pushi/vec4 0, 0, 1;
    %store/vec4 v0x7fc4bc52c440_0, 0, 1;
    %pushi/vec4 14, 0, 9;
    %store/vec4 v0x7fc4bc52c1d0_0, 0, 9;
    %delay 4, 0;
    %load/vec4 v0x7fc4bc52c070_0;
    %cmpi/ne 14, 0, 8;
    %jmp/0xz  T_6.12, 4;
    %vpi_call/w 3 66 "$error", "Instruction at 14 should be 0E" {0 0 0};
T_6.12 ;
    %load/vec4 v0x7fc4bc52c140_0;
    %pad/u 32;
    %cmpi/ne 15, 0, 32;
    %jmp/0xz  T_6.14, 4;
    %vpi_call/w 3 67 "$error", "Next program counter should be 15" {0 0 0};
T_6.14 ;
    %delay 4, 0;
    %vpi_call/w 3 69 "$finish" {0 0 0};
    %end;
    .thread T_6;
# The file index is used to find the file name in the following table.
:file_names 6;
    "N/A";
    "<interactive>";
    "-";
    "FetchInstruction_tb.v";
    "FetchInstruction.v";
    "IceRam.v";
