#! /usr/local/bin/vvp
:ivl_version "11.0 (devel)" "(s20150603-595-ge745304c)";
:ivl_delay_selection "TYPICAL";
:vpi_time_precision + 0;
:vpi_module "system";
:vpi_module "vhdl_sys";
:vpi_module "vhdl_textio";
:vpi_module "v2005_math";
:vpi_module "va_math";
:vpi_module "v2009";
S_0x7fc8fed01db0 .scope package, "$unit" "$unit" 2 1;
 .timescale 0 0;
S_0x7fc8fed03b00 .scope module, "Io_tb" "Io_tb" 3 6;
 .timescale 0 0;
P_0x7fc8fed024d0 .param/l "addrBits" 1 3 7, +C4<00000000000000000000000000001000>;
P_0x7fc8fed02510 .param/l "dataBits" 1 3 8, +C4<00000000000000000000000000010000>;
v0x7fc8fed265d0_0 .net "address", 7 0, L_0x7fc8fed27bc0;  1 drivers
v0x7fc8fed266a0_0 .var "callStackPointer", 7 0;
v0x7fc8fed26730_0 .var "clk", 0 0;
v0x7fc8fed26800_0 .net "dataIn", 15 0, L_0x7fc8fed27c70;  1 drivers
o0x1044d0f98 .functor BUFZ 16, C4<zzzzzzzzzzzzzzzz>; HiZ drive
v0x7fc8fed26890_0 .net "dataInReal", 15 0, o0x1044d0f98;  0 drivers
v0x7fc8fed26960_0 .net "dataOut", 15 0, v0x7fc8fed26330_0;  1 drivers
v0x7fc8fed26a30_0 .var "destinationRegister", 2 0;
v0x7fc8fed26ac0_0 .net "nextCallStackPointer", 7 0, L_0x7fc8fed28c90;  1 drivers
v0x7fc8fed26b70_0 .net "nextProgramCounter", 8 0, L_0x7fc8fed281b0;  1 drivers
v0x7fc8fed26ca0_0 .net "nextStackPointer", 7 0, L_0x7fc8fed286f0;  1 drivers
v0x7fc8fed26d30_0 .net "nextTopOfStack1", 15 0, L_0x7fc8fed290f0;  1 drivers
v0x7fc8fed26dc0_0 .net "nextTopOfStack2", 15 0, L_0x7fc8fed29530;  1 drivers
v0x7fc8fed26e70_0 .net "nextTopOfStack3", 15 0, L_0x7fc8fed29aa0;  1 drivers
v0x7fc8fed26f20_0 .var "programCounter", 8 0;
v0x7fc8fed26fd0_0 .var "readOrWriteAddress", 7 0;
v0x7fc8fed27080_0 .var "readWriteAction", 0 0;
v0x7fc8fed27130_0 .net "readWriteMode", 0 0, L_0x7fc8fed27ad0;  1 drivers
L_0x104501008 .functor BUFT 1, C4<1>, C4<0>, C4<0>, C4<0>;
v0x7fc8fed272e0_0 .net "readWriteModeReal", 0 0, L_0x104501008;  1 drivers
v0x7fc8fed27370_0 .var "reset", 0 0;
v0x7fc8fed27400_0 .var "stackPointer", 7 0;
v0x7fc8fed27490_0 .var "topOfStack1", 15 0;
v0x7fc8fed27520_0 .var "topOfStack2", 15 0;
v0x7fc8fed275d0_0 .var "topOfStack3", 15 0;
v0x7fc8fed27680_0 .var "writeValue", 15 0;
S_0x7fc8fed04160 .scope module, "io0" "Io" 3 54, 4 7 0, S_0x7fc8fed03b00;
 .timescale 0 0;
    .port_info 0 /INPUT 1 "clk";
    .port_info 1 /INPUT 1 "reset";
    .port_info 2 /OUTPUT 1 "finished";
    .port_info 3 /INPUT 16 "dataOut";
    .port_info 4 /OUTPUT 8 "addr";
    .port_info 5 /OUTPUT 16 "dataIn";
    .port_info 6 /OUTPUT 1 "ramRW";
    .port_info 7 /INPUT 1 "readWriteAction";
    .port_info 8 /INPUT 8 "readOrWriteAddress";
    .port_info 9 /INPUT 16 "writeValue";
    .port_info 10 /INPUT 3 "destinationRegister";
    .port_info 11 /INPUT 9 "programCounter";
    .port_info 12 /INPUT 8 "stackPointer";
    .port_info 13 /INPUT 8 "callStackPointer";
    .port_info 14 /INPUT 16 "topOfStack1";
    .port_info 15 /INPUT 16 "topOfStack2";
    .port_info 16 /INPUT 16 "topOfStack3";
    .port_info 17 /OUTPUT 9 "nextProgramCounter";
    .port_info 18 /OUTPUT 8 "nextStackPointer";
    .port_info 19 /OUTPUT 8 "nextCallStackPointer";
    .port_info 20 /OUTPUT 16 "nextTopOfStack1";
    .port_info 21 /OUTPUT 16 "nextTopOfStack2";
    .port_info 22 /OUTPUT 16 "nextTopOfStack3";
P_0x7fc8fed0c510 .param/l "STATE_DONE" 1 4 38, +C4<00000000000000000000000000000001>;
P_0x7fc8fed0c550 .param/l "STATE_DO_IO" 1 4 37, +C4<00000000000000000000000000000000>;
P_0x7fc8fed0c590 .param/l "addrBits" 0 4 7, +C4<00000000000000000000000000001000>;
P_0x7fc8fed0c5d0 .param/l "dataBits" 0 4 7, +C4<00000000000000000000000000010000>;
L_0x7fc8fed27ad0 .functor BUFZ 1, v0x7fc8fed27080_0, C4<0>, C4<0>, C4<0>;
L_0x7fc8fed27bc0 .functor BUFZ 8, v0x7fc8fed26fd0_0, C4<00000000>, C4<00000000>, C4<00000000>;
L_0x7fc8fed27c70 .functor BUFZ 16, v0x7fc8fed27680_0, C4<0000000000000000>, C4<0000000000000000>, C4<0000000000000000>;
L_0x1045010e0 .functor BUFT 1, C4<1>, C4<0>, C4<0>, C4<0>;
L_0x7fc8fed27d60 .functor XNOR 1, v0x7fc8fed27080_0, L_0x1045010e0, C4<0>, C4<0>;
L_0x7fc8fed27f70 .functor AND 1, L_0x7fc8fed27d60, L_0x7fc8fed27e50, C4<1>, C4<1>;
L_0x104501170 .functor BUFT 1, C4<1>, C4<0>, C4<0>, C4<0>;
L_0x7fc8fed28310 .functor XNOR 1, v0x7fc8fed27080_0, L_0x104501170, C4<0>, C4<0>;
L_0x7fc8fed284e0 .functor AND 1, L_0x7fc8fed28310, L_0x7fc8fed28400, C4<1>, C4<1>;
L_0x104501200 .functor BUFT 1, C4<1>, C4<0>, C4<0>, C4<0>;
L_0x7fc8fed28890 .functor XNOR 1, v0x7fc8fed27080_0, L_0x104501200, C4<0>, C4<0>;
L_0x7fc8fed28b30 .functor AND 1, L_0x7fc8fed28890, L_0x7fc8fed289c0, C4<1>, C4<1>;
L_0x104501290 .functor BUFT 1, C4<1>, C4<0>, C4<0>, C4<0>;
L_0x7fc8fed28e10 .functor XNOR 1, v0x7fc8fed27080_0, L_0x104501290, C4<0>, C4<0>;
L_0x7fc8fed28fa0 .functor AND 1, L_0x7fc8fed28e10, L_0x7fc8fed28ec0, C4<1>, C4<1>;
L_0x104501320 .functor BUFT 1, C4<1>, C4<0>, C4<0>, C4<0>;
L_0x7fc8fed29240 .functor XNOR 1, v0x7fc8fed27080_0, L_0x104501320, C4<0>, C4<0>;
L_0x7fc8fed293d0 .functor AND 1, L_0x7fc8fed29240, L_0x7fc8fed292f0, C4<1>, C4<1>;
L_0x1045013b0 .functor BUFT 1, C4<1>, C4<0>, C4<0>, C4<0>;
L_0x7fc8fed28130 .functor XNOR 1, v0x7fc8fed27080_0, L_0x1045013b0, C4<0>, C4<0>;
L_0x7fc8fed29970 .functor AND 1, L_0x7fc8fed28130, L_0x7fc8fed298d0, C4<1>, C4<1>;
v0x7fc8fed087a0_0 .net *"_s0", 31 0, L_0x7fc8fed277e0;  1 drivers
v0x7fc8fed23170_0 .net/2u *"_s14", 0 0, L_0x1045010e0;  1 drivers
v0x7fc8fed23210_0 .net *"_s16", 0 0, L_0x7fc8fed27d60;  1 drivers
L_0x104501128 .functor BUFT 1, C4<000>, C4<0>, C4<0>, C4<0>;
v0x7fc8fed232a0_0 .net/2u *"_s18", 2 0, L_0x104501128;  1 drivers
v0x7fc8fed23330_0 .net *"_s20", 0 0, L_0x7fc8fed27e50;  1 drivers
v0x7fc8fed23400_0 .net *"_s22", 0 0, L_0x7fc8fed27f70;  1 drivers
v0x7fc8fed23490_0 .net *"_s25", 8 0, L_0x7fc8fed28090;  1 drivers
v0x7fc8fed23530_0 .net/2u *"_s28", 0 0, L_0x104501170;  1 drivers
L_0x104501050 .functor BUFT 1, C4<0000000000000000000000000000000>, C4<0>, C4<0>, C4<0>;
v0x7fc8fed235e0_0 .net *"_s3", 30 0, L_0x104501050;  1 drivers
v0x7fc8fed236f0_0 .net *"_s30", 0 0, L_0x7fc8fed28310;  1 drivers
L_0x1045011b8 .functor BUFT 1, C4<001>, C4<0>, C4<0>, C4<0>;
v0x7fc8fed23790_0 .net/2u *"_s32", 2 0, L_0x1045011b8;  1 drivers
v0x7fc8fed23840_0 .net *"_s34", 0 0, L_0x7fc8fed28400;  1 drivers
v0x7fc8fed238e0_0 .net *"_s36", 0 0, L_0x7fc8fed284e0;  1 drivers
v0x7fc8fed23980_0 .net *"_s39", 7 0, L_0x7fc8fed28610;  1 drivers
L_0x104501098 .functor BUFT 1, C4<00000000000000000000000000000001>, C4<0>, C4<0>, C4<0>;
v0x7fc8fed23a30_0 .net/2u *"_s4", 31 0, L_0x104501098;  1 drivers
v0x7fc8fed23ae0_0 .net/2u *"_s42", 0 0, L_0x104501200;  1 drivers
v0x7fc8fed23b90_0 .net *"_s44", 0 0, L_0x7fc8fed28890;  1 drivers
L_0x104501248 .functor BUFT 1, C4<010>, C4<0>, C4<0>, C4<0>;
v0x7fc8fed23d20_0 .net/2u *"_s46", 2 0, L_0x104501248;  1 drivers
v0x7fc8fed23db0_0 .net *"_s48", 0 0, L_0x7fc8fed289c0;  1 drivers
v0x7fc8fed23e40_0 .net *"_s50", 0 0, L_0x7fc8fed28b30;  1 drivers
v0x7fc8fed23ee0_0 .net *"_s53", 7 0, L_0x7fc8fed28bf0;  1 drivers
v0x7fc8fed23f90_0 .net/2u *"_s56", 0 0, L_0x104501290;  1 drivers
v0x7fc8fed24040_0 .net *"_s58", 0 0, L_0x7fc8fed28e10;  1 drivers
L_0x1045012d8 .functor BUFT 1, C4<011>, C4<0>, C4<0>, C4<0>;
v0x7fc8fed240e0_0 .net/2u *"_s60", 2 0, L_0x1045012d8;  1 drivers
v0x7fc8fed24190_0 .net *"_s62", 0 0, L_0x7fc8fed28ec0;  1 drivers
v0x7fc8fed24230_0 .net *"_s64", 0 0, L_0x7fc8fed28fa0;  1 drivers
v0x7fc8fed242d0_0 .net/2u *"_s68", 0 0, L_0x104501320;  1 drivers
v0x7fc8fed24380_0 .net *"_s70", 0 0, L_0x7fc8fed29240;  1 drivers
L_0x104501368 .functor BUFT 1, C4<100>, C4<0>, C4<0>, C4<0>;
v0x7fc8fed24420_0 .net/2u *"_s72", 2 0, L_0x104501368;  1 drivers
v0x7fc8fed244d0_0 .net *"_s74", 0 0, L_0x7fc8fed292f0;  1 drivers
v0x7fc8fed24570_0 .net *"_s76", 0 0, L_0x7fc8fed293d0;  1 drivers
v0x7fc8fed24610_0 .net/2u *"_s80", 0 0, L_0x1045013b0;  1 drivers
v0x7fc8fed246c0_0 .net *"_s82", 0 0, L_0x7fc8fed28130;  1 drivers
L_0x1045013f8 .functor BUFT 1, C4<101>, C4<0>, C4<0>, C4<0>;
v0x7fc8fed23c30_0 .net/2u *"_s84", 2 0, L_0x1045013f8;  1 drivers
v0x7fc8fed24950_0 .net *"_s86", 0 0, L_0x7fc8fed298d0;  1 drivers
v0x7fc8fed249e0_0 .net *"_s88", 0 0, L_0x7fc8fed29970;  1 drivers
v0x7fc8fed24a70_0 .net "addr", 7 0, L_0x7fc8fed27bc0;  alias, 1 drivers
v0x7fc8fed24b00_0 .net "callStackPointer", 7 0, v0x7fc8fed266a0_0;  1 drivers
v0x7fc8fed24bb0_0 .net "clk", 0 0, v0x7fc8fed26730_0;  1 drivers
v0x7fc8fed24c50_0 .net "dataIn", 15 0, L_0x7fc8fed27c70;  alias, 1 drivers
v0x7fc8fed24d00_0 .net "dataOut", 15 0, v0x7fc8fed26330_0;  alias, 1 drivers
v0x7fc8fed24db0_0 .net "destinationRegister", 2 0, v0x7fc8fed26a30_0;  1 drivers
v0x7fc8fed24e60_0 .net "finished", 0 0, L_0x7fc8fed27990;  1 drivers
v0x7fc8fed24f00_0 .net "nextCallStackPointer", 7 0, L_0x7fc8fed28c90;  alias, 1 drivers
v0x7fc8fed24fb0_0 .net "nextProgramCounter", 8 0, L_0x7fc8fed281b0;  alias, 1 drivers
v0x7fc8fed25060_0 .net "nextStackPointer", 7 0, L_0x7fc8fed286f0;  alias, 1 drivers
v0x7fc8fed25110_0 .net "nextTopOfStack1", 15 0, L_0x7fc8fed290f0;  alias, 1 drivers
v0x7fc8fed251c0_0 .net "nextTopOfStack2", 15 0, L_0x7fc8fed29530;  alias, 1 drivers
v0x7fc8fed25270_0 .net "nextTopOfStack3", 15 0, L_0x7fc8fed29aa0;  alias, 1 drivers
v0x7fc8fed25320_0 .net "programCounter", 8 0, v0x7fc8fed26f20_0;  1 drivers
v0x7fc8fed253d0_0 .var "rState", 0 0;
v0x7fc8fed25470_0 .net "ramRW", 0 0, L_0x7fc8fed27ad0;  alias, 1 drivers
v0x7fc8fed25510_0 .net "readOrWriteAddress", 7 0, v0x7fc8fed26fd0_0;  1 drivers
v0x7fc8fed255c0_0 .net "readWriteAction", 0 0, v0x7fc8fed27080_0;  1 drivers
v0x7fc8fed25660_0 .net "reset", 0 0, v0x7fc8fed27370_0;  1 drivers
v0x7fc8fed25700_0 .net "stackPointer", 7 0, v0x7fc8fed27400_0;  1 drivers
v0x7fc8fed257b0_0 .net "topOfStack1", 15 0, v0x7fc8fed27490_0;  1 drivers
v0x7fc8fed25860_0 .net "topOfStack2", 15 0, v0x7fc8fed27520_0;  1 drivers
v0x7fc8fed25910_0 .net "topOfStack3", 15 0, v0x7fc8fed275d0_0;  1 drivers
v0x7fc8fed259c0_0 .net "writeValue", 15 0, v0x7fc8fed27680_0;  1 drivers
E_0x7fc8fed03690 .event posedge, v0x7fc8fed24bb0_0;
L_0x7fc8fed277e0 .concat [ 1 31 0 0], v0x7fc8fed253d0_0, L_0x104501050;
L_0x7fc8fed27990 .cmp/eq 32, L_0x7fc8fed277e0, L_0x104501098;
L_0x7fc8fed27e50 .cmp/eq 3, v0x7fc8fed26a30_0, L_0x104501128;
L_0x7fc8fed28090 .part v0x7fc8fed26330_0, 0, 9;
L_0x7fc8fed281b0 .functor MUXZ 9, v0x7fc8fed26f20_0, L_0x7fc8fed28090, L_0x7fc8fed27f70, C4<>;
L_0x7fc8fed28400 .cmp/eq 3, v0x7fc8fed26a30_0, L_0x1045011b8;
L_0x7fc8fed28610 .part v0x7fc8fed26330_0, 0, 8;
L_0x7fc8fed286f0 .functor MUXZ 8, v0x7fc8fed27400_0, L_0x7fc8fed28610, L_0x7fc8fed284e0, C4<>;
L_0x7fc8fed289c0 .cmp/eq 3, v0x7fc8fed26a30_0, L_0x104501248;
L_0x7fc8fed28bf0 .part v0x7fc8fed26330_0, 0, 8;
L_0x7fc8fed28c90 .functor MUXZ 8, v0x7fc8fed266a0_0, L_0x7fc8fed28bf0, L_0x7fc8fed28b30, C4<>;
L_0x7fc8fed28ec0 .cmp/eq 3, v0x7fc8fed26a30_0, L_0x1045012d8;
L_0x7fc8fed290f0 .functor MUXZ 16, v0x7fc8fed27490_0, v0x7fc8fed26330_0, L_0x7fc8fed28fa0, C4<>;
L_0x7fc8fed292f0 .cmp/eq 3, v0x7fc8fed26a30_0, L_0x104501368;
L_0x7fc8fed29530 .functor MUXZ 16, v0x7fc8fed27520_0, v0x7fc8fed26330_0, L_0x7fc8fed293d0, C4<>;
L_0x7fc8fed298d0 .cmp/eq 3, v0x7fc8fed26a30_0, L_0x1045013f8;
L_0x7fc8fed29aa0 .functor MUXZ 16, v0x7fc8fed275d0_0, v0x7fc8fed26330_0, L_0x7fc8fed29970, C4<>;
S_0x7fc8fed25ca0 .scope module, "ram0" "IceRam" 3 23, 5 6 0, S_0x7fc8fed03b00;
 .timescale 0 0;
    .port_info 0 /INPUT 1 "clk";
    .port_info 1 /INPUT 8 "address";
    .port_info 2 /INPUT 1 "readWriteMode";
    .port_info 3 /INPUT 16 "dataIn";
    .port_info 4 /OUTPUT 16 "dataOut";
P_0x7fc8fed25e10 .param/l "addrBits" 0 5 6, +C4<00000000000000000000000000001000>;
P_0x7fc8fed25e50 .param/l "dataBits" 0 5 6, +C4<00000000000000000000000000010000>;
P_0x7fc8fed25e90 .param/l "ramSize" 1 5 16, +C4<00000000000000000000000100000000>;
P_0x7fc8fed25ed0 .param/str "romFile" 0 5 14, "execute_tb_data.hex";
v0x7fc8fed26060_0 .net "address", 7 0, L_0x7fc8fed27bc0;  alias, 1 drivers
v0x7fc8fed26120_0 .net "clk", 0 0, v0x7fc8fed26730_0;  alias, 1 drivers
v0x7fc8fed261d0_0 .net "dataIn", 15 0, o0x1044d0f98;  alias, 0 drivers
v0x7fc8fed26280_0 .net "dataOut", 15 0, v0x7fc8fed26330_0;  alias, 1 drivers
v0x7fc8fed26330_0 .var "rDataOut", 15 0;
v0x7fc8fed26410 .array "ram", 255 0, 15 0;
v0x7fc8fed264b0_0 .net "readWriteMode", 0 0, L_0x104501008;  alias, 1 drivers
    .scope S_0x7fc8fed25ca0;
T_0 ;
    %wait E_0x7fc8fed03690;
    %load/vec4 v0x7fc8fed264b0_0;
    %cmpi/e 0, 0, 1;
    %jmp/0xz  T_0.0, 4;
    %load/vec4 v0x7fc8fed261d0_0;
    %load/vec4 v0x7fc8fed26060_0;
    %pad/u 10;
    %ix/vec4 3;
    %ix/load 4, 0, 0; Constant delay
    %assign/vec4/a/d v0x7fc8fed26410, 0, 4;
T_0.0 ;
    %load/vec4 v0x7fc8fed26060_0;
    %pad/u 10;
    %ix/vec4 4;
    %load/vec4a v0x7fc8fed26410, 4;
    %assign/vec4 v0x7fc8fed26330_0, 0;
    %jmp T_0;
    .thread T_0;
    .scope S_0x7fc8fed25ca0;
T_1 ;
    %vpi_call/w 5 30 "$readmemh", P_0x7fc8fed25ed0, v0x7fc8fed26410 {0 0 0};
    %end;
    .thread T_1;
    .scope S_0x7fc8fed04160;
T_2 ;
    %wait E_0x7fc8fed03690;
    %load/vec4 v0x7fc8fed25660_0;
    %nor/r;
    %flag_set/vec4 8;
    %jmp/0xz  T_2.0, 8;
    %pushi/vec4 0, 0, 1;
    %assign/vec4 v0x7fc8fed253d0_0, 0;
    %jmp T_2.1;
T_2.0 ;
    %load/vec4 v0x7fc8fed253d0_0;
    %pad/u 2;
    %addi 1, 0, 2;
    %pad/u 1;
    %assign/vec4 v0x7fc8fed253d0_0, 0;
T_2.1 ;
    %jmp T_2;
    .thread T_2;
    .scope S_0x7fc8fed03b00;
T_3 ;
    %pushi/vec4 1, 0, 1;
    %store/vec4 v0x7fc8fed26730_0, 0, 1;
    %pushi/vec4 0, 0, 1;
    %store/vec4 v0x7fc8fed27370_0, 0, 1;
    %pushi/vec4 0, 0, 9;
    %store/vec4 v0x7fc8fed26f20_0, 0, 9;
    %pushi/vec4 13, 0, 8;
    %store/vec4 v0x7fc8fed27400_0, 0, 8;
    %pushi/vec4 8, 0, 8;
    %store/vec4 v0x7fc8fed266a0_0, 0, 8;
    %end;
    .thread T_3, $init;
    .scope S_0x7fc8fed03b00;
T_4 ;
    %delay 1, 0;
    %load/vec4 v0x7fc8fed26730_0;
    %inv;
    %assign/vec4 v0x7fc8fed26730_0, 0;
    %jmp T_4;
    .thread T_4;
    .scope S_0x7fc8fed03b00;
T_5 ;
    %vpi_call/w 3 80 "$dumpfile", "Io_tb.vcd" {0 0 0};
    %vpi_call/w 3 81 "$dumpvars", 32'sb00000000000000000000000000000000, S_0x7fc8fed03b00 {0 0 0};
    %delay 4, 0;
    %pushi/vec4 0, 0, 1;
    %store/vec4 v0x7fc8fed27370_0, 0, 1;
    %pushi/vec4 1, 0, 1;
    %store/vec4 v0x7fc8fed27080_0, 0, 1;
    %load/vec4 v0x7fc8fed27400_0;
    %store/vec4 v0x7fc8fed26fd0_0, 0, 8;
    %pushi/vec4 3, 0, 3;
    %store/vec4 v0x7fc8fed26a30_0, 0, 3;
    %delay 4, 0;
    %pushi/vec4 1, 0, 1;
    %store/vec4 v0x7fc8fed27370_0, 0, 1;
    %delay 4, 0;
    %load/vec4 v0x7fc8fed26d30_0;
    %load/vec4 v0x7fc8fed27400_0;
    %pad/u 33;
    %addi 0, 0, 33;
    %ix/vec4 4;
    %load/vec4a v0x7fc8fed26410, 4;
    %cmp/ne;
    %jmp/0xz  T_5.0, 4;
    %vpi_call/w 3 92 "$error", "readSp1: top of stack not updated as expected" {0 0 0};
T_5.0 ;
    %load/vec4 v0x7fc8fed27130_0;
    %cmpi/ne 1, 0, 1;
    %jmp/0xz  T_5.2, 4;
    %vpi_call/w 3 94 "$error", "readSp1: didn't perform read" {0 0 0};
T_5.2 ;
    %load/vec4 v0x7fc8fed265d0_0;
    %pad/u 32;
    %load/vec4 v0x7fc8fed27400_0;
    %pad/u 32;
    %addi 0, 0, 32;
    %cmp/ne;
    %jmp/0xz  T_5.4, 4;
    %vpi_call/w 3 96 "$error", "readSp1: didn't perform read at expected address" {0 0 0};
T_5.4 ;
    %load/vec4 v0x7fc8fed26b70_0;
    %load/vec4 v0x7fc8fed26f20_0;
    %cmp/ne;
    %jmp/0xz  T_5.6, 4;
    %vpi_call/w 3 99 "$error", "readSp1: PC changed" {0 0 0};
T_5.6 ;
    %load/vec4 v0x7fc8fed26ca0_0;
    %load/vec4 v0x7fc8fed27400_0;
    %cmp/ne;
    %jmp/0xz  T_5.8, 4;
    %vpi_call/w 3 101 "$error", "readSp1: SP changed" {0 0 0};
T_5.8 ;
    %load/vec4 v0x7fc8fed26ac0_0;
    %load/vec4 v0x7fc8fed266a0_0;
    %cmp/ne;
    %jmp/0xz  T_5.10, 4;
    %vpi_call/w 3 103 "$error", "readSp1: CSP changed" {0 0 0};
T_5.10 ;
    %load/vec4 v0x7fc8fed26dc0_0;
    %load/vec4 v0x7fc8fed27520_0;
    %cmp/ne;
    %jmp/0xz  T_5.12, 4;
    %vpi_call/w 3 105 "$error", "readSp1: stack top 2 changed" {0 0 0};
T_5.12 ;
    %load/vec4 v0x7fc8fed26e70_0;
    %load/vec4 v0x7fc8fed275d0_0;
    %cmp/ne;
    %jmp/0xz  T_5.14, 4;
    %vpi_call/w 3 107 "$error", "readSp1: stack top 3 changed" {0 0 0};
T_5.14 ;
    %delay 4, 0;
    %pushi/vec4 0, 0, 1;
    %store/vec4 v0x7fc8fed27370_0, 0, 1;
    %pushi/vec4 1, 0, 1;
    %store/vec4 v0x7fc8fed27080_0, 0, 1;
    %load/vec4 v0x7fc8fed27400_0;
    %addi 1, 0, 8;
    %store/vec4 v0x7fc8fed26fd0_0, 0, 8;
    %pushi/vec4 4, 0, 3;
    %store/vec4 v0x7fc8fed26a30_0, 0, 3;
    %delay 4, 0;
    %pushi/vec4 1, 0, 1;
    %store/vec4 v0x7fc8fed27370_0, 0, 1;
    %delay 4, 0;
    %load/vec4 v0x7fc8fed26dc0_0;
    %load/vec4 v0x7fc8fed27400_0;
    %pad/u 33;
    %addi 1, 0, 33;
    %ix/vec4 4;
    %load/vec4a v0x7fc8fed26410, 4;
    %cmp/ne;
    %jmp/0xz  T_5.16, 4;
    %vpi_call/w 3 118 "$error", "readSp2: top of stack 2 not updated as expected." {0 0 0};
T_5.16 ;
    %load/vec4 v0x7fc8fed27130_0;
    %cmpi/ne 1, 0, 1;
    %jmp/0xz  T_5.18, 4;
    %vpi_call/w 3 120 "$error", "readSp2: didn't perform read" {0 0 0};
T_5.18 ;
    %load/vec4 v0x7fc8fed265d0_0;
    %pad/u 32;
    %load/vec4 v0x7fc8fed27400_0;
    %pad/u 32;
    %addi 1, 0, 32;
    %cmp/ne;
    %jmp/0xz  T_5.20, 4;
    %vpi_call/w 3 122 "$error", "readSp2: read not from expected address" {0 0 0};
T_5.20 ;
    %delay 4, 0;
    %pushi/vec4 0, 0, 1;
    %store/vec4 v0x7fc8fed27370_0, 0, 1;
    %pushi/vec4 1, 0, 1;
    %store/vec4 v0x7fc8fed27080_0, 0, 1;
    %load/vec4 v0x7fc8fed27400_0;
    %addi 2, 0, 8;
    %store/vec4 v0x7fc8fed26fd0_0, 0, 8;
    %pushi/vec4 5, 0, 3;
    %store/vec4 v0x7fc8fed26a30_0, 0, 3;
    %delay 4, 0;
    %pushi/vec4 1, 0, 1;
    %store/vec4 v0x7fc8fed27370_0, 0, 1;
    %delay 4, 0;
    %load/vec4 v0x7fc8fed26e70_0;
    %load/vec4 v0x7fc8fed27400_0;
    %pad/u 33;
    %addi 2, 0, 33;
    %ix/vec4 4;
    %load/vec4a v0x7fc8fed26410, 4;
    %cmp/ne;
    %jmp/0xz  T_5.22, 4;
    %vpi_call/w 3 135 "$error", "readSp3: top of stack 3 not updated as expected." {0 0 0};
T_5.22 ;
    %load/vec4 v0x7fc8fed27130_0;
    %cmpi/ne 1, 0, 1;
    %jmp/0xz  T_5.24, 4;
    %vpi_call/w 3 137 "$error", "readSp3: didn't perform read" {0 0 0};
T_5.24 ;
    %load/vec4 v0x7fc8fed265d0_0;
    %pad/u 32;
    %load/vec4 v0x7fc8fed27400_0;
    %pad/u 32;
    %addi 2, 0, 32;
    %cmp/ne;
    %jmp/0xz  T_5.26, 4;
    %vpi_call/w 3 139 "$error", "readSp3: read not from expected address" {0 0 0};
T_5.26 ;
    %delay 4, 0;
    %pushi/vec4 0, 0, 1;
    %store/vec4 v0x7fc8fed27370_0, 0, 1;
    %pushi/vec4 0, 0, 1;
    %store/vec4 v0x7fc8fed27080_0, 0, 1;
    %load/vec4 v0x7fc8fed27400_0;
    %addi 2, 0, 8;
    %store/vec4 v0x7fc8fed26fd0_0, 0, 8;
    %load/vec4 v0x7fc8fed275d0_0;
    %store/vec4 v0x7fc8fed27680_0, 0, 16;
    %delay 4, 0;
    %pushi/vec4 1, 0, 1;
    %store/vec4 v0x7fc8fed27370_0, 0, 1;
    %delay 4, 0;
    %load/vec4 v0x7fc8fed27130_0;
    %cmpi/ne 0, 0, 1;
    %jmp/0xz  T_5.28, 4;
    %vpi_call/w 3 150 "$error", "writeSp3: not writing as expected" {0 0 0};
T_5.28 ;
    %load/vec4 v0x7fc8fed26800_0;
    %load/vec4 v0x7fc8fed275d0_0;
    %cmp/ne;
    %jmp/0xz  T_5.30, 4;
    %vpi_call/w 3 152 "$error", "writeSp3: not writing top of stack 3 as expected." {0 0 0};
T_5.30 ;
    %load/vec4 v0x7fc8fed265d0_0;
    %pad/u 32;
    %load/vec4 v0x7fc8fed27400_0;
    %pad/u 32;
    %addi 2, 0, 32;
    %cmp/ne;
    %jmp/0xz  T_5.32, 4;
    %vpi_call/w 3 154 "$error", "writeSp3: not writing to stack pointer + 2 as expected." {0 0 0};
T_5.32 ;
    %delay 4, 0;
    %vpi_call/w 3 157 "$finish" {0 0 0};
    %end;
    .thread T_5;
# The file index is used to find the file name in the following table.
:file_names 6;
    "N/A";
    "<interactive>";
    "-";
    "Io_tb.v";
    "Io.v";
    "IceRam.v";
