#! /usr/local/bin/vvp
:ivl_version "11.0 (devel)" "(s20150603-595-ge745304c)";
:ivl_delay_selection "TYPICAL";
:vpi_time_precision + 0;
:vpi_module "system";
:vpi_module "vhdl_sys";
:vpi_module "vhdl_textio";
:vpi_module "v2005_math";
:vpi_module "va_math";
:vpi_module "v2009";
S_0x7f8508d26c10 .scope package, "$unit" "$unit" 2 1;
 .timescale 0 0;
S_0x7f8508d0e620 .scope module, "MessageDelivery_tb" "MessageDelivery_tb" 3 3;
 .timescale 0 0;
P_0x7f8508d03060 .param/l "addrBits" 1 3 4, +C4<00000000000000000000000000001000>;
P_0x7f8508d030a0 .param/l "dataBits" 1 3 5, +C4<00000000000000000000000000010000>;
v0x7f8508d3ed00_0 .net "address", 7 0, v0x7f8508d3d3a0_0;  1 drivers
v0x7f8508d3edf0_0 .var "clk", 0 0;
v0x7f8508d3eec0_0 .var "core0Process", 7 0;
v0x7f8508d3ef50_0 .var "core1Process", 7 0;
v0x7f8508d3efe0_0 .net "dataIn", 15 0, v0x7f8508d3d450_0;  1 drivers
v0x7f8508d3f0f0_0 .net "dataOut", 15 0, L_0x7f8508d3f7d0;  1 drivers
v0x7f8508d3f1c0_0 .net "deliverMessageToCore0", 0 0, v0x7f8508d3d0b0_0;  1 drivers
v0x7f8508d3f250_0 .net "deliverMessageToCore1", 0 0, v0x7f8508d3d150_0;  1 drivers
v0x7f8508d3f2e0_0 .net "finished", 0 0, v0x7f8508d3d1f0_0;  1 drivers
v0x7f8508d3f3f0_0 .var "jumpDestination", 8 0;
v0x7f8508d3f480_0 .var "message", 15 0;
v0x7f8508d3f510_0 .var "needsJump", 0 0;
v0x7f8508d3f5c0_0 .net "readWriteMode", 0 0, v0x7f8508d3d5b0_0;  1 drivers
v0x7f8508d3f690_0 .var "reset", 0 0;
v0x7f8508d3f720_0 .var "targetProcess", 7 0;
S_0x7f8508d02ca0 .scope task, "deliverToCore0Test" "deliverToCore0Test" 3 61, 3 61 0, S_0x7f8508d0e620;
 .timescale 0 0;
E_0x7f8508d256c0 .event posedge, v0x7f8508d3d1f0_0;
TD_MessageDelivery_tb.deliverToCore0Test ;
    %pushi/vec4 1, 0, 1;
    %assign/vec4 v0x7f8508d3f690_0, 0;
    %pushi/vec4 1, 0, 8;
    %assign/vec4 v0x7f8508d3eec0_0, 0;
    %pushi/vec4 2, 0, 8;
    %assign/vec4 v0x7f8508d3ef50_0, 0;
    %pushi/vec4 1, 0, 8;
    %assign/vec4 v0x7f8508d3f720_0, 0;
    %pushi/vec4 42, 0, 16;
    %assign/vec4 v0x7f8508d3f480_0, 0;
    %pushi/vec4 0, 0, 1;
    %assign/vec4 v0x7f8508d3f510_0, 0;
    %pushi/vec4 511, 511, 9;
    %assign/vec4 v0x7f8508d3f3f0_0, 0;
    %wait E_0x7f8508d256c0;
    %pushi/vec4 0, 0, 1;
    %assign/vec4 v0x7f8508d3f690_0, 0;
    %load/vec4 v0x7f8508d3f1c0_0;
    %pad/u 32;
    %cmpi/ne 1, 0, 32;
    %jmp/0xz  T_0.0, 4;
    %vpi_call/w 3 74 "$error", "Expected to deliver to core 0" {0 0 0};
T_0.0 ;
    %load/vec4 v0x7f8508d3f250_0;
    %flag_set/vec4 8;
    %jmp/0xz  T_0.2, 8;
    %vpi_call/w 3 75 "$error", "Not expecting to deliver to core 1" {0 0 0};
T_0.2 ;
    %ix/load 4, 0, 0;
    %flag_set/imm 4, 0;
    %load/vec4a v0x7f8508d3eb70, 4;
    %pad/u 32;
    %cmpi/ne 0, 0, 32;
    %jmp/0xz  T_0.4, 4;
    %vpi_call/w 3 76 "$error", "Modified stack pointers" {0 0 0};
T_0.4 ;
    %ix/load 4, 1, 0;
    %flag_set/imm 4, 0;
    %load/vec4a v0x7f8508d3eb70, 4;
    %pad/u 32;
    %cmpi/ne 0, 0, 32;
    %jmp/0xz  T_0.6, 4;
    %vpi_call/w 3 77 "$error", "Modified program counter" {0 0 0};
T_0.6 ;
    %end;
S_0x7f8508d00220 .scope task, "deliverToCore1Test" "deliverToCore1Test" 3 82, 3 82 0, S_0x7f8508d0e620;
 .timescale 0 0;
TD_MessageDelivery_tb.deliverToCore1Test ;
    %pushi/vec4 1, 0, 1;
    %assign/vec4 v0x7f8508d3f690_0, 0;
    %pushi/vec4 2, 0, 8;
    %assign/vec4 v0x7f8508d3f720_0, 0;
    %wait E_0x7f8508d256c0;
    %pushi/vec4 0, 0, 1;
    %assign/vec4 v0x7f8508d3f690_0, 0;
    %load/vec4 v0x7f8508d3f1c0_0;
    %flag_set/vec4 8;
    %jmp/0xz  T_1.8, 8;
    %vpi_call/w 3 90 "$error", "Not expecting to deliver to core 0" {0 0 0};
T_1.8 ;
    %load/vec4 v0x7f8508d3f250_0;
    %nor/r;
    %flag_set/vec4 8;
    %jmp/0xz  T_1.10, 8;
    %vpi_call/w 3 91 "$error", "Expecting to deliver to core 1" {0 0 0};
T_1.10 ;
    %ix/load 4, 0, 0;
    %flag_set/imm 4, 0;
    %load/vec4a v0x7f8508d3eb70, 4;
    %pad/u 32;
    %cmpi/ne 0, 0, 32;
    %jmp/0xz  T_1.12, 4;
    %vpi_call/w 3 92 "$error", "Modified stack pointers" {0 0 0};
T_1.12 ;
    %ix/load 4, 1, 0;
    %flag_set/imm 4, 0;
    %load/vec4a v0x7f8508d3eb70, 4;
    %pad/u 32;
    %cmpi/ne 0, 0, 32;
    %jmp/0xz  T_1.14, 4;
    %vpi_call/w 3 93 "$error", "Modified program counter" {0 0 0};
T_1.14 ;
    %end;
S_0x7f8508d2df60 .scope task, "deliverToMemoryAndJumpTest" "deliverToMemoryAndJumpTest" 3 115, 3 115 0, S_0x7f8508d0e620;
 .timescale 0 0;
TD_MessageDelivery_tb.deliverToMemoryAndJumpTest ;
    %pushi/vec4 1, 0, 1;
    %assign/vec4 v0x7f8508d3f690_0, 0;
    %pushi/vec4 1, 0, 1;
    %assign/vec4 v0x7f8508d3f510_0, 0;
    %pushi/vec4 42, 0, 9;
    %assign/vec4 v0x7f8508d3f3f0_0, 0;
    %wait E_0x7f8508d256c0;
    %pushi/vec4 0, 0, 1;
    %assign/vec4 v0x7f8508d3f690_0, 0;
    %load/vec4 v0x7f8508d3f1c0_0;
    %flag_set/vec4 8;
    %jmp/0xz  T_2.16, 8;
    %vpi_call/w 3 124 "$error", "Not expecting to deliver to core 0" {0 0 0};
T_2.16 ;
    %load/vec4 v0x7f8508d3f250_0;
    %flag_set/vec4 8;
    %jmp/0xz  T_2.18, 8;
    %vpi_call/w 3 125 "$error", "Not expecting to deliver to core 1" {0 0 0};
T_2.18 ;
    %ix/load 4, 0, 0;
    %flag_set/imm 4, 0;
    %load/vec4a v0x7f8508d3eb70, 4;
    %cmpi/ne 65024, 0, 16;
    %jmp/0xz  T_2.20, 4;
    %vpi_call/w 3 126 "$error", "Incorrect stack pointers" {0 0 0};
T_2.20 ;
    %ix/load 4, 1, 0;
    %flag_set/imm 4, 0;
    %load/vec4a v0x7f8508d3eb70, 4;
    %cmpi/ne 42, 0, 16;
    %jmp/0xz  T_2.22, 4;
    %vpi_call/w 3 127 "$error", "Modified program counter" {0 0 0};
T_2.22 ;
    %ix/load 4, 254, 0;
    %flag_set/imm 4, 0;
    %load/vec4a v0x7f8508d3eb70, 4;
    %load/vec4 v0x7f8508d3f480_0;
    %cmp/ne;
    %jmp/0xz  T_2.24, 4;
    %vpi_call/w 3 128 "$error", "Didn't deliver message" {0 0 0};
T_2.24 ;
    %end;
S_0x7f8508d2e0d0 .scope task, "deliverToMemoryTest" "deliverToMemoryTest" 3 98, 3 98 0, S_0x7f8508d0e620;
 .timescale 0 0;
TD_MessageDelivery_tb.deliverToMemoryTest ;
    %pushi/vec4 1, 0, 1;
    %assign/vec4 v0x7f8508d3f690_0, 0;
    %pushi/vec4 3, 0, 8;
    %assign/vec4 v0x7f8508d3f720_0, 0;
    %wait E_0x7f8508d256c0;
    %pushi/vec4 0, 0, 1;
    %assign/vec4 v0x7f8508d3f690_0, 0;
    %load/vec4 v0x7f8508d3f1c0_0;
    %flag_set/vec4 8;
    %jmp/0xz  T_3.26, 8;
    %vpi_call/w 3 106 "$error", "Not expecting to deliver to core 0" {0 0 0};
T_3.26 ;
    %load/vec4 v0x7f8508d3f250_0;
    %flag_set/vec4 8;
    %jmp/0xz  T_3.28, 8;
    %vpi_call/w 3 107 "$error", "Not expecting to deliver to core 1" {0 0 0};
T_3.28 ;
    %ix/load 4, 0, 0;
    %flag_set/imm 4, 0;
    %load/vec4a v0x7f8508d3eb70, 4;
    %cmpi/ne 65280, 0, 16;
    %jmp/0xz  T_3.30, 4;
    %vpi_call/w 3 108 "$error", "Incorrect stack pointers" {0 0 0};
T_3.30 ;
    %ix/load 4, 1, 0;
    %flag_set/imm 4, 0;
    %load/vec4a v0x7f8508d3eb70, 4;
    %pad/u 32;
    %cmpi/ne 0, 0, 32;
    %jmp/0xz  T_3.32, 4;
    %vpi_call/w 3 109 "$error", "Modified program counter" {0 0 0};
T_3.32 ;
    %ix/load 4, 255, 0;
    %flag_set/imm 4, 0;
    %load/vec4a v0x7f8508d3eb70, 4;
    %load/vec4 v0x7f8508d3f480_0;
    %cmp/ne;
    %jmp/0xz  T_3.34, 4;
    %vpi_call/w 3 110 "$error", "Didn't deliver message" {0 0 0};
T_3.34 ;
    %end;
S_0x7f8508d2e240 .scope module, "msg" "MessageDelivery" 3 39, 4 6 0, S_0x7f8508d0e620;
 .timescale 0 0;
    .port_info 0 /INPUT 1 "clk";
    .port_info 1 /INPUT 1 "reset";
    .port_info 2 /OUTPUT 1 "finished";
    .port_info 3 /OUTPUT 1 "memoryCellReadWriteMode";
    .port_info 4 /OUTPUT 8 "memoryCellAddress";
    .port_info 5 /OUTPUT 16 "memoryCellDataIn";
    .port_info 6 /INPUT 16 "memoryCellDataOut";
    .port_info 7 /INPUT 8 "core0Process";
    .port_info 8 /INPUT 8 "core1Process";
    .port_info 9 /INPUT 8 "targetProcess";
    .port_info 10 /INPUT 16 "message";
    .port_info 11 /INPUT 1 "needsJump";
    .port_info 12 /INPUT 9 "jumpDestination";
    .port_info 13 /OUTPUT 1 "deliverMessageToCore0";
    .port_info 14 /OUTPUT 1 "deliverMessageToCore1";
P_0x7f8508d2e3b0 .param/l "STATE_INIT_READ_STACK_POINTER" 1 4 28, C4<000>;
P_0x7f8508d2e3f0 .param/l "STATE_MEMORY_READ_PROGRAM_COUNTER" 1 4 31, C4<011>;
P_0x7f8508d2e430 .param/l "STATE_MEMORY_WRITE_PROGRAM_COUNTER" 1 4 32, C4<100>;
P_0x7f8508d2e470 .param/l "STATE_MEMORY_WRITE_STACK_POINTER" 1 4 29, C4<001>;
P_0x7f8508d2e4b0 .param/l "STATE_MEMORY_WRITE_TOP_OF_STACK" 1 4 30, C4<010>;
P_0x7f8508d2e4f0 .param/l "addrBits" 0 4 6, +C4<00000000000000000000000000001000>;
P_0x7f8508d2e530 .param/l "dataBits" 0 4 6, +C4<00000000000000000000000000010000>;
v0x7f8508d24270_0 .net *"_s11", 6 0, L_0x7f8508d3fcc0;  1 drivers
L_0x104c68008 .functor BUFT 1, C4<00000001>, C4<0>, C4<0>, C4<0>;
v0x7f8508d3cdb0_0 .net/2u *"_s4", 7 0, L_0x104c68008;  1 drivers
v0x7f8508d3ce60_0 .net "clk", 0 0, v0x7f8508d3edf0_0;  1 drivers
v0x7f8508d3cf10_0 .net "core0Process", 7 0, v0x7f8508d3eec0_0;  1 drivers
v0x7f8508d3cfc0_0 .net "core1Process", 7 0, v0x7f8508d3ef50_0;  1 drivers
v0x7f8508d3d0b0_0 .var "deliverMessageToCore0", 0 0;
v0x7f8508d3d150_0 .var "deliverMessageToCore1", 0 0;
v0x7f8508d3d1f0_0 .var "finished", 0 0;
v0x7f8508d3d290_0 .net "jumpDestination", 8 0, v0x7f8508d3f3f0_0;  1 drivers
v0x7f8508d3d3a0_0 .var "memoryCellAddress", 7 0;
v0x7f8508d3d450_0 .var "memoryCellDataIn", 15 0;
v0x7f8508d3d500_0 .net "memoryCellDataOut", 15 0, L_0x7f8508d3f7d0;  alias, 1 drivers
v0x7f8508d3d5b0_0 .var "memoryCellReadWriteMode", 0 0;
v0x7f8508d3d650_0 .net "message", 15 0, v0x7f8508d3f480_0;  1 drivers
v0x7f8508d3d700_0 .net "needsJump", 0 0, v0x7f8508d3f510_0;  1 drivers
v0x7f8508d3d7a0_0 .net "newAluFlagsAndPC", 15 0, L_0x7f8508d3fd90;  1 drivers
v0x7f8508d3d850_0 .net "newStackPointer", 7 0, L_0x7f8508d3fa40;  1 drivers
v0x7f8508d3d9e0_0 .net "newStackPointers", 15 0, L_0x7f8508d3fba0;  1 drivers
v0x7f8508d3da70_0 .net "oldCallStackPointer", 7 0, L_0x7f8508d3f940;  1 drivers
v0x7f8508d3db20_0 .net "oldStackPointer", 7 0, L_0x7f8508d3f860;  1 drivers
v0x7f8508d3dbd0_0 .var "rIoTicker", 0 0;
v0x7f8508d3dc70_0 .var "rOldData", 15 0;
v0x7f8508d3dd20_0 .var "rState", 2 0;
v0x7f8508d3ddd0_0 .net "reset", 0 0, v0x7f8508d3f690_0;  1 drivers
v0x7f8508d3de70_0 .net "targetProcess", 7 0, v0x7f8508d3f720_0;  1 drivers
v0x7f8508d3df20_0 .var "wDeliverMessageToCore0", 0 0;
v0x7f8508d3dfc0_0 .var "wDeliverMessageToCore1", 0 0;
v0x7f8508d3e060_0 .var "wFinished", 0 0;
v0x7f8508d3e100_0 .var "wNextState", 2 0;
v0x7f8508d3e1b0_0 .var "wSaveOutput", 0 0;
E_0x7f8508d01780/0 .event edge, v0x7f8508d3dd20_0, v0x7f8508d3cf10_0, v0x7f8508d3de70_0, v0x7f8508d3cfc0_0;
E_0x7f8508d01780/1 .event edge, v0x7f8508d3d9e0_0, v0x7f8508d3d850_0, v0x7f8508d3d650_0, v0x7f8508d3d700_0;
E_0x7f8508d01780/2 .event edge, v0x7f8508d3d7a0_0;
E_0x7f8508d01780 .event/or E_0x7f8508d01780/0, E_0x7f8508d01780/1, E_0x7f8508d01780/2;
E_0x7f8508d005c0 .event posedge, v0x7f8508d3ce60_0;
L_0x7f8508d3f860 .part v0x7f8508d3dc70_0, 8, 8;
L_0x7f8508d3f940 .part v0x7f8508d3dc70_0, 0, 8;
L_0x7f8508d3fa40 .arith/sub 8, L_0x7f8508d3f860, L_0x104c68008;
L_0x7f8508d3fba0 .concat [ 8 8 0 0], L_0x7f8508d3f940, L_0x7f8508d3fa40;
L_0x7f8508d3fcc0 .part v0x7f8508d3dc70_0, 9, 7;
L_0x7f8508d3fd90 .concat [ 9 7 0 0], v0x7f8508d3f3f0_0, L_0x7f8508d3fcc0;
S_0x7f8508d3e340 .scope module, "ram0" "IceRam" 3 17, 5 6 0, S_0x7f8508d0e620;
 .timescale 0 0;
    .port_info 0 /INPUT 1 "clk";
    .port_info 1 /INPUT 8 "address";
    .port_info 2 /INPUT 1 "readWriteMode";
    .port_info 3 /INPUT 16 "dataIn";
    .port_info 4 /OUTPUT 16 "dataOut";
P_0x7f8508d3e500 .param/l "addrBits" 0 5 6, +C4<00000000000000000000000000001000>;
P_0x7f8508d3e540 .param/l "dataBits" 0 5 6, +C4<00000000000000000000000000010000>;
P_0x7f8508d3e580 .param/l "ramSize" 1 5 16, +C4<00000000000000000000000100000000>;
P_0x7f8508d3e5c0 .param/str "romFile" 0 5 14, "zeroes.hex";
L_0x7f8508d3f7d0 .functor BUFZ 16, v0x7f8508d3eaa0_0, C4<0000000000000000>, C4<0000000000000000>, C4<0000000000000000>;
v0x7f8508d3e7a0_0 .net "address", 7 0, v0x7f8508d3d3a0_0;  alias, 1 drivers
v0x7f8508d3e870_0 .net "clk", 0 0, v0x7f8508d3edf0_0;  alias, 1 drivers
v0x7f8508d3e920_0 .net "dataIn", 15 0, v0x7f8508d3d450_0;  alias, 1 drivers
v0x7f8508d3e9f0_0 .net "dataOut", 15 0, L_0x7f8508d3f7d0;  alias, 1 drivers
v0x7f8508d3eaa0_0 .var "rDataOut", 15 0;
v0x7f8508d3eb70 .array "ram", 255 0, 15 0;
v0x7f8508d3ec00_0 .net "readWriteMode", 0 0, v0x7f8508d3d5b0_0;  alias, 1 drivers
    .scope S_0x7f8508d3e340;
T_4 ;
    %wait E_0x7f8508d005c0;
    %load/vec4 v0x7f8508d3ec00_0;
    %cmpi/e 0, 0, 1;
    %jmp/0xz  T_4.0, 4;
    %load/vec4 v0x7f8508d3e920_0;
    %load/vec4 v0x7f8508d3e7a0_0;
    %pad/u 10;
    %ix/vec4 3;
    %ix/load 4, 0, 0; Constant delay
    %assign/vec4/a/d v0x7f8508d3eb70, 0, 4;
T_4.0 ;
    %load/vec4 v0x7f8508d3e7a0_0;
    %pad/u 10;
    %ix/vec4 4;
    %load/vec4a v0x7f8508d3eb70, 4;
    %assign/vec4 v0x7f8508d3eaa0_0, 0;
    %jmp T_4;
    .thread T_4;
    .scope S_0x7f8508d3e340;
T_5 ;
    %vpi_call/w 5 30 "$readmemh", P_0x7f8508d3e5c0, v0x7f8508d3eb70 {0 0 0};
    %end;
    .thread T_5;
    .scope S_0x7f8508d2e240;
T_6 ;
    %wait E_0x7f8508d005c0;
    %load/vec4 v0x7f8508d3ddd0_0;
    %nor/r;
    %flag_set/vec4 8;
    %jmp/0xz  T_6.0, 8;
    %pushi/vec4 0, 0, 3;
    %assign/vec4 v0x7f8508d3dd20_0, 0;
    %pushi/vec4 0, 0, 1;
    %assign/vec4 v0x7f8508d3dbd0_0, 0;
    %pushi/vec4 0, 0, 1;
    %assign/vec4 v0x7f8508d3d1f0_0, 0;
    %pushi/vec4 0, 0, 1;
    %assign/vec4 v0x7f8508d3d0b0_0, 0;
    %pushi/vec4 0, 0, 1;
    %assign/vec4 v0x7f8508d3d150_0, 0;
    %jmp T_6.1;
T_6.0 ;
    %load/vec4 v0x7f8508d3dbd0_0;
    %flag_set/vec4 8;
    %load/vec4 v0x7f8508d3dd20_0;
    %cmpi/e 0, 0, 3;
    %flag_or 4, 8;
    %jmp/0xz  T_6.2, 4;
    %load/vec4 v0x7f8508d3e060_0;
    %assign/vec4 v0x7f8508d3d1f0_0, 0;
T_6.2 ;
    %load/vec4 v0x7f8508d3dbd0_0;
    %flag_set/vec4 8;
    %jmp/0xz  T_6.4, 8;
    %load/vec4 v0x7f8508d3e100_0;
    %assign/vec4 v0x7f8508d3dd20_0, 0;
T_6.4 ;
    %load/vec4 v0x7f8508d3dbd0_0;
    %pad/u 2;
    %addi 1, 0, 2;
    %pad/u 1;
    %assign/vec4 v0x7f8508d3dbd0_0, 0;
    %load/vec4 v0x7f8508d3e1b0_0;
    %flag_set/vec4 8;
    %jmp/0xz  T_6.6, 8;
    %load/vec4 v0x7f8508d3d500_0;
    %assign/vec4 v0x7f8508d3dc70_0, 0;
T_6.6 ;
    %load/vec4 v0x7f8508d3e060_0;
    %flag_set/vec4 8;
    %jmp/0xz  T_6.8, 8;
    %load/vec4 v0x7f8508d3df20_0;
    %assign/vec4 v0x7f8508d3d0b0_0, 0;
    %load/vec4 v0x7f8508d3dfc0_0;
    %assign/vec4 v0x7f8508d3d150_0, 0;
T_6.8 ;
T_6.1 ;
    %jmp T_6;
    .thread T_6;
    .scope S_0x7f8508d2e240;
T_7 ;
    %wait E_0x7f8508d01780;
    %pushi/vec4 1, 0, 1;
    %store/vec4 v0x7f8508d3d5b0_0, 0, 1;
    %pushi/vec4 255, 255, 8;
    %store/vec4 v0x7f8508d3d3a0_0, 0, 8;
    %pushi/vec4 65535, 65535, 16;
    %store/vec4 v0x7f8508d3d450_0, 0, 16;
    %load/vec4 v0x7f8508d3dd20_0;
    %store/vec4 v0x7f8508d3e100_0, 0, 3;
    %pushi/vec4 0, 0, 1;
    %store/vec4 v0x7f8508d3e060_0, 0, 1;
    %pushi/vec4 0, 0, 1;
    %store/vec4 v0x7f8508d3e1b0_0, 0, 1;
    %pushi/vec4 0, 0, 1;
    %store/vec4 v0x7f8508d3df20_0, 0, 1;
    %pushi/vec4 0, 0, 1;
    %store/vec4 v0x7f8508d3dfc0_0, 0, 1;
    %load/vec4 v0x7f8508d3dd20_0;
    %dup/vec4;
    %pushi/vec4 0, 0, 3;
    %cmp/u;
    %jmp/1 T_7.0, 6;
    %dup/vec4;
    %pushi/vec4 1, 0, 3;
    %cmp/u;
    %jmp/1 T_7.1, 6;
    %dup/vec4;
    %pushi/vec4 2, 0, 3;
    %cmp/u;
    %jmp/1 T_7.2, 6;
    %dup/vec4;
    %pushi/vec4 3, 0, 3;
    %cmp/u;
    %jmp/1 T_7.3, 6;
    %dup/vec4;
    %pushi/vec4 4, 0, 3;
    %cmp/u;
    %jmp/1 T_7.4, 6;
    %jmp T_7.6;
T_7.0 ;
    %pushi/vec4 0, 0, 8;
    %store/vec4 v0x7f8508d3d3a0_0, 0, 8;
    %pushi/vec4 1, 0, 1;
    %store/vec4 v0x7f8508d3e1b0_0, 0, 1;
    %load/vec4 v0x7f8508d3cf10_0;
    %load/vec4 v0x7f8508d3de70_0;
    %cmp/e;
    %jmp/0xz  T_7.7, 4;
    %pushi/vec4 1, 0, 1;
    %store/vec4 v0x7f8508d3df20_0, 0, 1;
    %pushi/vec4 1, 0, 1;
    %store/vec4 v0x7f8508d3e060_0, 0, 1;
    %jmp T_7.8;
T_7.7 ;
    %load/vec4 v0x7f8508d3cfc0_0;
    %load/vec4 v0x7f8508d3de70_0;
    %cmp/e;
    %jmp/0xz  T_7.9, 4;
    %pushi/vec4 1, 0, 1;
    %store/vec4 v0x7f8508d3dfc0_0, 0, 1;
    %pushi/vec4 1, 0, 1;
    %store/vec4 v0x7f8508d3e060_0, 0, 1;
T_7.9 ;
T_7.8 ;
    %pushi/vec4 1, 0, 3;
    %store/vec4 v0x7f8508d3e100_0, 0, 3;
    %jmp T_7.6;
T_7.1 ;
    %pushi/vec4 0, 0, 8;
    %store/vec4 v0x7f8508d3d3a0_0, 0, 8;
    %pushi/vec4 0, 0, 1;
    %store/vec4 v0x7f8508d3d5b0_0, 0, 1;
    %load/vec4 v0x7f8508d3d9e0_0;
    %store/vec4 v0x7f8508d3d450_0, 0, 16;
    %pushi/vec4 2, 0, 3;
    %store/vec4 v0x7f8508d3e100_0, 0, 3;
    %jmp T_7.6;
T_7.2 ;
    %load/vec4 v0x7f8508d3d850_0;
    %store/vec4 v0x7f8508d3d3a0_0, 0, 8;
    %pushi/vec4 0, 0, 1;
    %store/vec4 v0x7f8508d3d5b0_0, 0, 1;
    %load/vec4 v0x7f8508d3d650_0;
    %store/vec4 v0x7f8508d3d450_0, 0, 16;
    %load/vec4 v0x7f8508d3d700_0;
    %nor/r;
    %store/vec4 v0x7f8508d3e060_0, 0, 1;
    %load/vec4 v0x7f8508d3d700_0;
    %flag_set/vec4 8;
    %jmp/0xz  T_7.11, 8;
    %pushi/vec4 3, 0, 3;
    %store/vec4 v0x7f8508d3e100_0, 0, 3;
T_7.11 ;
    %jmp T_7.6;
T_7.3 ;
    %pushi/vec4 1, 0, 8;
    %store/vec4 v0x7f8508d3d3a0_0, 0, 8;
    %pushi/vec4 1, 0, 1;
    %store/vec4 v0x7f8508d3e1b0_0, 0, 1;
    %pushi/vec4 4, 0, 3;
    %store/vec4 v0x7f8508d3e100_0, 0, 3;
    %jmp T_7.6;
T_7.4 ;
    %pushi/vec4 1, 0, 8;
    %store/vec4 v0x7f8508d3d3a0_0, 0, 8;
    %pushi/vec4 0, 0, 1;
    %store/vec4 v0x7f8508d3d5b0_0, 0, 1;
    %load/vec4 v0x7f8508d3d7a0_0;
    %store/vec4 v0x7f8508d3d450_0, 0, 16;
    %pushi/vec4 1, 0, 1;
    %store/vec4 v0x7f8508d3e060_0, 0, 1;
    %jmp T_7.6;
T_7.6 ;
    %pop/vec4 1;
    %jmp T_7;
    .thread T_7, $push;
    .scope S_0x7f8508d0e620;
T_8 ;
    %pushi/vec4 0, 0, 1;
    %store/vec4 v0x7f8508d3edf0_0, 0, 1;
    %pushi/vec4 0, 0, 1;
    %store/vec4 v0x7f8508d3f690_0, 0, 1;
    %end;
    .thread T_8, $init;
    .scope S_0x7f8508d0e620;
T_9 ;
    %delay 1, 0;
    %load/vec4 v0x7f8508d3edf0_0;
    %inv;
    %assign/vec4 v0x7f8508d3edf0_0, 0;
    %jmp T_9;
    .thread T_9;
    .scope S_0x7f8508d0e620;
T_10 ;
    %vpi_call/w 3 134 "$dumpfile", "MessageDelivery_tb.vcd" {0 0 0};
    %vpi_call/w 3 135 "$dumpvars", 32'sb00000000000000000000000000000000, S_0x7f8508d0e620 {0 0 0};
    %delay 4, 0;
    %fork TD_MessageDelivery_tb.deliverToCore0Test, S_0x7f8508d02ca0;
    %join;
    %delay 4, 0;
    %fork TD_MessageDelivery_tb.deliverToCore1Test, S_0x7f8508d00220;
    %join;
    %delay 4, 0;
    %fork TD_MessageDelivery_tb.deliverToMemoryTest, S_0x7f8508d2e0d0;
    %join;
    %delay 4, 0;
    %fork TD_MessageDelivery_tb.deliverToMemoryAndJumpTest, S_0x7f8508d2df60;
    %join;
    %delay 4, 0;
    %vpi_call/w 3 142 "$finish" {0 0 0};
    %end;
    .thread T_10;
# The file index is used to find the file name in the following table.
:file_names 6;
    "N/A";
    "<interactive>";
    "-";
    "MessageDelivery_tb.v";
    "MessageDelivery.v";
    "IceRam.v";
