#! /usr/local/bin/vvp
:ivl_version "11.0 (devel)" "(s20150603-595-ge745304c)";
:ivl_delay_selection "TYPICAL";
:vpi_time_precision + 0;
:vpi_module "system";
:vpi_module "vhdl_sys";
:vpi_module "vhdl_textio";
:vpi_module "v2005_math";
:vpi_module "va_math";
:vpi_module "v2009";
S_0x7f836d700540 .scope package, "$unit" "$unit" 2 1;
 .timescale 0 0;
S_0x7f836d7006b0 .scope module, "ProcessAllocator_tb" "ProcessAllocator_tb" 3 3;
 .timescale 0 0;
P_0x7f836d7003b0 .param/l "addrBits" 1 3 5, +C4<00000000000000000000000000001000>;
P_0x7f836d7003f0 .param/l "dataBits" 1 3 6, +C4<00000000000000000000000000010000>;
v0x7f836d719780_0 .var "clk", 0 0;
v0x7f836d719820_0 .var "enabled", 0 0;
v0x7f836d7198c0_0 .net "finished", 0 0, v0x7f836d715fc0_0;  1 drivers
v0x7f836d719990_0 .var "hasProcessCreate", 0 0;
v0x7f836d719a40_0 .net "newAddress", 7 0, L_0x7f836d71a8f0;  1 drivers
v0x7f836d719b50_0 .net "newDataIn", 15 0, L_0x7f836d71aa30;  1 drivers
v0x7f836d719c20_0 .net "newDataOut", 15 0, L_0x7f836d71a650;  1 drivers
v0x7f836d719cb0_0 .net "newPid", 7 0, L_0x7f836d71b3c0;  1 drivers
v0x7f836d719d40_0 .net "newReadWriteMode", 0 0, L_0x7f836d71ab10;  1 drivers
v0x7f836d719e50_0 .net "oldAddress", 7 0, L_0x7f836d71a6c0;  1 drivers
v0x7f836d719f20_0 .net "oldDataIn", 15 0, L_0x7f836d71a880;  1 drivers
v0x7f836d719ff0_0 .net "oldDataOut", 15 0, L_0x7f836d71a560;  1 drivers
v0x7f836d71a080_0 .net "oldReadWriteMode", 0 0, L_0x7f836d71a7a0;  1 drivers
v0x7f836d71a150_0 .var "pidToFree", 7 0;
v0x7f836d71a1e0_0 .var "reset", 0 0;
v0x7f836d71a2b0_0 .var "startProgramCounter", 8 0;
v0x7f836d71a340_0 .net "targetMemoryCell", 4 0, L_0x7f836d71b550;  1 drivers
v0x7f836d71a4d0_0 .var "wordsToCopy", 7 0;
S_0x7f836d7008a0 .scope module, "allocator" "ProcessAllocator" 3 48, 4 3 0, S_0x7f836d7006b0;
 .timescale 0 0;
    .port_info 0 /INPUT 1 "clk";
    .port_info 1 /INPUT 1 "reset";
    .port_info 2 /INPUT 1 "enabled";
    .port_info 3 /OUTPUT 1 "finished";
    .port_info 4 /INPUT 1 "hasProcessCreate";
    .port_info 5 /INPUT 8 "wordsToCopy";
    .port_info 6 /INPUT 9 "startProgramCounter";
    .port_info 7 /INPUT 8 "pidToFree";
    .port_info 8 /OUTPUT 5 "targetMemoryCell";
    .port_info 9 /INPUT 16 "dataOutForOldStack";
    .port_info 10 /OUTPUT 8 "addressForOldStack";
    .port_info 11 /OUTPUT 1 "readWriteForOldStack";
    .port_info 12 /OUTPUT 16 "dataInForOldStack";
    .port_info 13 /OUTPUT 16 "dataInForNewStack";
    .port_info 14 /OUTPUT 8 "addressForNewStack";
    .port_info 15 /OUTPUT 1 "readWriteForNewStack";
    .port_info 16 /OUTPUT 8 "newPid";
P_0x7f836d700a10 .param/l "STATE_ALLOC" 1 4 49, C4<0011>;
P_0x7f836d700a50 .param/l "STATE_COPY" 1 4 56, C4<1010>;
P_0x7f836d700a90 .param/l "STATE_INIT" 1 4 46, C4<0000>;
P_0x7f836d700ad0 .param/l "STATE_READ_OLD_STACK_POINTER" 1 4 48, C4<0010>;
P_0x7f836d700b10 .param/l "STATE_WAIT_FOR_HEAP_FREE" 1 4 47, C4<0001>;
P_0x7f836d700b50 .param/l "STATE_WRITE_PC_0" 1 4 54, C4<1000>;
P_0x7f836d700b90 .param/l "STATE_WRITE_PC_1" 1 4 55, C4<1001>;
P_0x7f836d700bd0 .param/l "STATE_WRITE_SP_0" 1 4 52, C4<0110>;
P_0x7f836d700c10 .param/l "STATE_WRITE_SP_1" 1 4 53, C4<0111>;
P_0x7f836d700c50 .param/l "STATE_WRITE_UPDATED_SP_0" 1 4 50, C4<0100>;
P_0x7f836d700c90 .param/l "STATE_WRITE_UPDATED_SP_1" 1 4 51, C4<0101>;
P_0x7f836d700cd0 .param/l "addrBits" 0 4 3, +C4<00000000000000000000000000001000>;
P_0x7f836d700d10 .param/l "dataBits" 0 4 3, +C4<00000000000000000000000000010000>;
L_0x7f836d71a880 .functor BUFZ 16, v0x7f836d717340_0, C4<0000000000000000>, C4<0000000000000000>, C4<0000000000000000>;
L_0x7f836d71b550 .functor BUFZ 5, v0x7f836d7168e0_0, C4<00000>, C4<00000>, C4<00000>;
v0x7f836d715270_0 .net *"_s17", 7 0, L_0x7f836d71ae00;  1 drivers
L_0x107d70008 .functor BUFT 1, C4<00000000>, C4<0>, C4<0>, C4<0>;
v0x7f836d715330_0 .net *"_s20", 7 0, L_0x107d70008;  1 drivers
L_0x107d70050 .functor BUFT 1, C4<00000000>, C4<0>, C4<0>, C4<0>;
v0x7f836d7153d0_0 .net/2u *"_s24", 7 0, L_0x107d70050;  1 drivers
L_0x107d70098 .functor BUFT 1, C4<0000000>, C4<0>, C4<0>, C4<0>;
v0x7f836d715470_0 .net/2u *"_s28", 6 0, L_0x107d70098;  1 drivers
L_0x107d700e0 .functor BUFT 1, C4<000>, C4<0>, C4<0>, C4<0>;
v0x7f836d715520_0 .net/2u *"_s32", 2 0, L_0x107d700e0;  1 drivers
v0x7f836d715610_0 .net "addressForNewStack", 7 0, L_0x7f836d71a8f0;  alias, 1 drivers
v0x7f836d7156c0_0 .net "addressForOldStack", 7 0, L_0x7f836d71a6c0;  alias, 1 drivers
v0x7f836d715770_0 .net "clk", 0 0, v0x7f836d719780_0;  1 drivers
v0x7f836d715800_0 .net "copierDataIn", 15 0, v0x7f836d7123e0_0;  1 drivers
v0x7f836d715930_0 .net "copierFinished", 0 0, L_0x7f836d71b770;  1 drivers
v0x7f836d7159c0_0 .net "copierReadAddress", 7 0, v0x7f836d712530_0;  1 drivers
L_0x107d701b8 .functor BUFT 1, C4<1>, C4<0>, C4<0>, C4<0>;
v0x7f836d715a50_0 .net "copierReadReadWriteMode", 0 0, L_0x107d701b8;  1 drivers
v0x7f836d715b00_0 .net "copierWriteAddress", 7 0, v0x7f836d712820_0;  1 drivers
v0x7f836d715bb0_0 .net "copierWriteReadWriteMode", 0 0, L_0x7f836d71bc50;  1 drivers
v0x7f836d715c60_0 .net "dataInForNewStack", 15 0, L_0x7f836d71aa30;  alias, 1 drivers
v0x7f836d715cf0_0 .net "dataInForOldStack", 15 0, L_0x7f836d71a880;  alias, 1 drivers
v0x7f836d715d80_0 .net "dataOutForOldStack", 15 0, L_0x7f836d71a560;  alias, 1 drivers
v0x7f836d715f30_0 .net "enabled", 0 0, v0x7f836d719820_0;  1 drivers
v0x7f836d715fc0_0 .var "finished", 0 0;
v0x7f836d716050_0 .net "hasProcessCreate", 0 0, v0x7f836d719990_0;  1 drivers
v0x7f836d7160e0_0 .net "heapAddress", 7 0, v0x7f836d7139e0_0;  1 drivers
v0x7f836d716170_0 .net "heapAllocAddress", 7 0, v0x7f836d713b30_0;  1 drivers
v0x7f836d716200_0 .net "heapDataIn", 15 0, v0x7f836d713c50_0;  1 drivers
v0x7f836d7162d0_0 .net "heapDataOut", 15 0, L_0x7f836d71be20;  1 drivers
v0x7f836d7163b0_0 .net "heapFinished", 0 0, v0x7f836d713db0_0;  1 drivers
v0x7f836d716440_0 .net "heapReadWriteMode", 0 0, v0x7f836d714210_0;  1 drivers
v0x7f836d716510_0 .net "newPCAndAluFlags", 15 0, L_0x7f836d71b260;  1 drivers
v0x7f836d7165a0_0 .net "newPid", 7 0, L_0x7f836d71b3c0;  alias, 1 drivers
v0x7f836d716640_0 .net "newStackPointer", 7 0, L_0x7f836d71b000;  1 drivers
v0x7f836d7166e0_0 .net "newStackPointers", 15 0, L_0x7f836d71b1c0;  1 drivers
v0x7f836d716780_0 .net "oldStackPointer", 7 0, L_0x7f836d71ac20;  1 drivers
v0x7f836d716840_0 .net "pidToFree", 7 0, v0x7f836d71a150_0;  1 drivers
v0x7f836d7168e0_0 .var "rAllocatedPid", 4 0;
v0x7f836d715e30_0 .var "rOldStackPointers", 15 0;
v0x7f836d716b70_0 .var "rState", 3 0;
v0x7f836d716c00_0 .net "readWriteForNewStack", 0 0, L_0x7f836d71ab10;  alias, 1 drivers
v0x7f836d716c90_0 .net "readWriteForOldStack", 0 0, L_0x7f836d71a7a0;  alias, 1 drivers
v0x7f836d716d30_0 .net "reset", 0 0, v0x7f836d71a1e0_0;  1 drivers
v0x7f836d716de0_0 .net "startProgramCounter", 8 0, v0x7f836d71a2b0_0;  1 drivers
v0x7f836d716e80_0 .net "targetMemoryCell", 4 0, L_0x7f836d71b550;  alias, 1 drivers
v0x7f836d716f30_0 .net "updatedStackPointer", 7 0, L_0x7f836d71ad00;  1 drivers
v0x7f836d716fe0_0 .net "updatedStackPointers", 15 0, L_0x7f836d71aee0;  1 drivers
v0x7f836d717090_0 .var "wAddressForNewStack", 7 0;
v0x7f836d717140_0 .var "wAddressForOldStack", 7 0;
v0x7f836d7171f0_0 .var "wCopierEnabled", 0 0;
v0x7f836d7172a0_0 .var "wDataInForNewStack", 15 0;
v0x7f836d717340_0 .var "wDataInForOldStack", 15 0;
v0x7f836d7173f0_0 .var "wFinished", 0 0;
v0x7f836d717490_0 .var "wHeapAlloc", 0 0;
v0x7f836d717540_0 .var "wHeapFree", 0 0;
v0x7f836d7175f0_0 .var "wHeapFreeAddress", 7 0;
v0x7f836d7176a0_0 .var "wNextState", 3 0;
v0x7f836d717730_0 .var "wReadWriteModeForNewStack", 0 0;
v0x7f836d7177d0_0 .var "wReadWriteModeForOldStack", 0 0;
v0x7f836d717870_0 .var "wSaveAllocatedPid", 0 0;
v0x7f836d717910_0 .var "wSaveOldStackPointer", 0 0;
v0x7f836d7179b0_0 .net "wordsToCopy", 7 0, v0x7f836d71a4d0_0;  1 drivers
E_0x7f836d701400/0 .event edge, v0x7f836d716840_0, v0x7f836d716b70_0, v0x7f836d715f30_0, v0x7f836d716050_0;
E_0x7f836d701400/1 .event edge, v0x7f836d713db0_0, v0x7f836d716fe0_0, v0x7f836d7166e0_0, v0x7f836d716510_0;
E_0x7f836d701400/2 .event edge, v0x7f836d712290_0;
E_0x7f836d701400 .event/or E_0x7f836d701400/0, E_0x7f836d701400/1, E_0x7f836d701400/2;
L_0x7f836d71a6c0 .functor MUXZ 8, v0x7f836d717140_0, v0x7f836d712530_0, v0x7f836d7171f0_0, C4<>;
L_0x7f836d71a7a0 .functor MUXZ 1, v0x7f836d7177d0_0, L_0x107d701b8, v0x7f836d7171f0_0, C4<>;
L_0x7f836d71a8f0 .functor MUXZ 8, v0x7f836d717090_0, v0x7f836d712820_0, v0x7f836d7171f0_0, C4<>;
L_0x7f836d71aa30 .functor MUXZ 16, v0x7f836d7172a0_0, v0x7f836d7123e0_0, v0x7f836d7171f0_0, C4<>;
L_0x7f836d71ab10 .functor MUXZ 1, v0x7f836d717730_0, L_0x7f836d71bc50, v0x7f836d7171f0_0, C4<>;
L_0x7f836d71ac20 .part v0x7f836d715e30_0, 8, 8;
L_0x7f836d71ad00 .arith/sum 8, L_0x7f836d71ac20, v0x7f836d71a4d0_0;
L_0x7f836d71ae00 .part v0x7f836d715e30_0, 0, 8;
L_0x7f836d71aee0 .concat [ 8 8 0 0], L_0x7f836d71ae00, L_0x7f836d71ad00;
L_0x7f836d71b000 .arith/sub 8, L_0x107d70008, v0x7f836d71a4d0_0;
L_0x7f836d71b1c0 .concat [ 8 8 0 0], L_0x107d70050, L_0x7f836d71b000;
L_0x7f836d71b260 .concat [ 9 7 0 0], v0x7f836d71a2b0_0, L_0x107d70098;
L_0x7f836d71b3c0 .concat [ 5 3 0 0], v0x7f836d7168e0_0, L_0x107d700e0;
S_0x7f836d701480 .scope module, "copier" "Copier" 4 91, 5 3 0, S_0x7f836d7008a0;
 .timescale 0 0;
    .port_info 0 /INPUT 1 "clk";
    .port_info 1 /INPUT 1 "reset";
    .port_info 2 /OUTPUT 1 "finished";
    .port_info 3 /OUTPUT 8 "readAddress";
    .port_info 4 /OUTPUT 1 "readReadWriteMode";
    .port_info 5 /INPUT 16 "readDataOut";
    .port_info 6 /OUTPUT 8 "writeAddress";
    .port_info 7 /OUTPUT 1 "writeReadWriteMode";
    .port_info 8 /OUTPUT 16 "writeDataIn";
    .port_info 9 /INPUT 8 "startReadAddress";
    .port_info 10 /INPUT 8 "numberOfWordsToCopy";
    .port_info 11 /INPUT 8 "startWriteAddress";
P_0x7f836d701650 .param/l "STATE_DONE" 1 5 23, +C4<00000000000000000000000000000010>;
P_0x7f836d701690 .param/l "STATE_READ_WRITE" 1 5 22, +C4<00000000000000000000000000000001>;
P_0x7f836d7016d0 .param/l "STATE_WAIT" 1 5 21, +C4<00000000000000000000000000000000>;
P_0x7f836d701710 .param/l "addrBits" 0 5 3, +C4<00000000000000000000000000001000>;
P_0x7f836d701750 .param/l "dataBits" 0 5 3, +C4<00000000000000000000000000010000>;
v0x7f836d701b90_0 .net *"_s0", 31 0, L_0x7f836d71b600;  1 drivers
v0x7f836d711c50_0 .net *"_s14", 31 0, L_0x7f836d71b9b0;  1 drivers
L_0x107d70200 .functor BUFT 1, C4<000000000000000000000000000000>, C4<0>, C4<0>, C4<0>;
v0x7f836d711cf0_0 .net *"_s17", 29 0, L_0x107d70200;  1 drivers
L_0x107d70248 .functor BUFT 1, C4<00000000000000000000000000000001>, C4<0>, C4<0>, C4<0>;
v0x7f836d711d80_0 .net/2u *"_s18", 31 0, L_0x107d70248;  1 drivers
v0x7f836d711e10_0 .net *"_s20", 0 0, L_0x7f836d71bb50;  1 drivers
L_0x107d70290 .functor BUFT 1, C4<0>, C4<0>, C4<0>, C4<0>;
v0x7f836d711ee0_0 .net/2u *"_s22", 0 0, L_0x107d70290;  1 drivers
L_0x107d702d8 .functor BUFT 1, C4<1>, C4<0>, C4<0>, C4<0>;
v0x7f836d711f80_0 .net/2u *"_s24", 0 0, L_0x107d702d8;  1 drivers
L_0x107d70128 .functor BUFT 1, C4<000000000000000000000000000000>, C4<0>, C4<0>, C4<0>;
v0x7f836d712030_0 .net *"_s3", 29 0, L_0x107d70128;  1 drivers
L_0x107d70170 .functor BUFT 1, C4<00000000000000000000000000000010>, C4<0>, C4<0>, C4<0>;
v0x7f836d7120e0_0 .net/2u *"_s4", 31 0, L_0x107d70170;  1 drivers
v0x7f836d7121f0_0 .net "clk", 0 0, v0x7f836d719780_0;  alias, 1 drivers
v0x7f836d712290_0 .net "finished", 0 0, L_0x7f836d71b770;  alias, 1 drivers
v0x7f836d712330_0 .net "numberOfWordsToCopy", 7 0, v0x7f836d71a4d0_0;  alias, 1 drivers
v0x7f836d7123e0_0 .var "rDataIn", 15 0;
v0x7f836d712490_0 .var "rMemoryCycle", 0 0;
v0x7f836d712530_0 .var "rReadAddress", 7 0;
v0x7f836d7125e0_0 .var "rState", 1 0;
v0x7f836d712690_0 .var "rWordsCopied", 7 0;
v0x7f836d712820_0 .var "rWriteAddress", 7 0;
v0x7f836d7128b0_0 .net "readAddress", 7 0, v0x7f836d712530_0;  alias, 1 drivers
v0x7f836d712960_0 .net "readDataOut", 15 0, L_0x7f836d71a560;  alias, 1 drivers
v0x7f836d712a10_0 .net "readReadWriteMode", 0 0, L_0x107d701b8;  alias, 1 drivers
v0x7f836d712ab0_0 .net "reset", 0 0, v0x7f836d7171f0_0;  1 drivers
v0x7f836d712b50_0 .net "startReadAddress", 7 0, L_0x7f836d71ac20;  alias, 1 drivers
v0x7f836d712c00_0 .net "startWriteAddress", 7 0, L_0x7f836d71b000;  alias, 1 drivers
v0x7f836d712cb0_0 .var "wIncrementReadAddress", 0 0;
v0x7f836d712d50_0 .var "wIncrementWriteAddress", 0 0;
v0x7f836d712df0_0 .var "wNextState", 1 0;
v0x7f836d712ea0_0 .net "writeAddress", 7 0, v0x7f836d712820_0;  alias, 1 drivers
v0x7f836d712f50_0 .net "writeDataIn", 15 0, v0x7f836d7123e0_0;  alias, 1 drivers
v0x7f836d713000_0 .net "writeReadWriteMode", 0 0, L_0x7f836d71bc50;  alias, 1 drivers
E_0x7f836d701af0 .event edge, v0x7f836d7125e0_0, v0x7f836d712690_0, v0x7f836d712330_0;
E_0x7f836d701b50 .event posedge, v0x7f836d7121f0_0;
L_0x7f836d71b600 .concat [ 2 30 0 0], v0x7f836d7125e0_0, L_0x107d70128;
L_0x7f836d71b770 .cmp/eq 32, L_0x7f836d71b600, L_0x107d70170;
L_0x7f836d71b9b0 .concat [ 2 30 0 0], v0x7f836d7125e0_0, L_0x107d70200;
L_0x7f836d71bb50 .cmp/eq 32, L_0x7f836d71b9b0, L_0x107d70248;
L_0x7f836d71bc50 .functor MUXZ 1, L_0x107d702d8, L_0x107d70290, L_0x7f836d71bb50, C4<>;
S_0x7f836d7131c0 .scope module, "heap" "Heap" 4 128, 6 4 0, S_0x7f836d7008a0;
 .timescale 0 0;
    .port_info 0 /INPUT 1 "clk";
    .port_info 1 /INPUT 1 "reset";
    .port_info 2 /OUTPUT 1 "finished";
    .port_info 3 /OUTPUT 8 "address";
    .port_info 4 /OUTPUT 1 "readWriteMode";
    .port_info 5 /INPUT 16 "dataOut";
    .port_info 6 /OUTPUT 16 "dataIn";
    .port_info 7 /INPUT 1 "alloc";
    .port_info 8 /OUTPUT 8 "allocAddress";
    .port_info 9 /INPUT 1 "free";
    .port_info 10 /INPUT 8 "freeAddress";
P_0x7f836d713330 .param/l "STATE_INIT" 1 6 33, C4<00>;
P_0x7f836d713370 .param/l "STATE_UPDATE_HEAP_FREE" 1 6 34, C4<01>;
P_0x7f836d7133b0 .param/l "STATE_WRITE_FREE" 1 6 35, C4<10>;
P_0x7f836d7133f0 .param/l "addrBits" 0 6 5, +C4<00000000000000000000000000001000>;
P_0x7f836d713430 .param/l "allocSize" 0 6 10, +C4<00000000000000000000000000000001>;
P_0x7f836d713470 .param/l "dataBits" 0 6 6, +C4<00000000000000000000000000010000>;
P_0x7f836d7134b0 .param/l "heapBase" 0 6 8, +C4<00000000000000000000000000000001>;
P_0x7f836d7134f0 .param/l "heapMax" 0 6 9, +C4<00000000000000000000000000010000>;
v0x7f836d7139e0_0 .var "address", 7 0;
v0x7f836d713a90_0 .net "alloc", 0 0, v0x7f836d717490_0;  1 drivers
v0x7f836d713b30_0 .var "allocAddress", 7 0;
v0x7f836d713bc0_0 .net "clk", 0 0, v0x7f836d719780_0;  alias, 1 drivers
v0x7f836d713c50_0 .var "dataIn", 15 0;
v0x7f836d713d20_0 .net "dataOut", 15 0, L_0x7f836d71be20;  alias, 1 drivers
v0x7f836d713db0_0 .var "finished", 0 0;
v0x7f836d713e50_0 .net "free", 0 0, v0x7f836d717540_0;  1 drivers
v0x7f836d713ef0_0 .net "freeAddress", 7 0, v0x7f836d7175f0_0;  1 drivers
v0x7f836d714000_0 .var "heapEnd", 7 0;
v0x7f836d7140b0_0 .var "heapFree", 7 0;
v0x7f836d714160_0 .var "rState", 1 0;
v0x7f836d714210_0 .var "readWriteMode", 0 0;
v0x7f836d7142b0_0 .net "reset", 0 0, v0x7f836d71a1e0_0;  alias, 1 drivers
v0x7f836d714350_0 .var "wAllocFromHeapEnd", 0 0;
v0x7f836d7143f0_0 .var "wFinished", 0 0;
v0x7f836d714490_0 .var "wIncrementHeapEnd", 0 0;
v0x7f836d714620_0 .var "wNextState", 1 0;
v0x7f836d7146b0_0 .var "wUpdateHeapFreeFromFreedAddress", 0 0;
v0x7f836d714740_0 .var "wUpdateHeapFreeFromMemory", 0 0;
E_0x7f836d713980/0 .event edge, v0x7f836d714160_0, v0x7f836d713a90_0, v0x7f836d714000_0, v0x7f836d7140b0_0;
E_0x7f836d713980/1 .event edge, v0x7f836d713e50_0, v0x7f836d713ef0_0;
E_0x7f836d713980 .event/or E_0x7f836d713980/0, E_0x7f836d713980/1;
S_0x7f836d7148f0 .scope module, "heapRam" "IceRam" 4 120, 7 6 0, S_0x7f836d7008a0;
 .timescale 0 0;
    .port_info 0 /INPUT 1 "clk";
    .port_info 1 /INPUT 8 "address";
    .port_info 2 /INPUT 1 "readWriteMode";
    .port_info 3 /INPUT 16 "dataIn";
    .port_info 4 /OUTPUT 16 "dataOut";
P_0x7f836d714a60 .param/l "addrBits" 0 7 6, +C4<00000000000000000000000000001000>;
P_0x7f836d714aa0 .param/l "dataBits" 0 7 6, +C4<00000000000000000000000000010000>;
P_0x7f836d714ae0 .param/l "ramSize" 1 7 16, +C4<00000000000000000000000100000000>;
P_0x7f836d714b20 .param/str "romFile" 0 7 14, "zeroes.hex";
L_0x7f836d71be20 .functor BUFZ 16, v0x7f836d715000_0, C4<0000000000000000>, C4<0000000000000000>, C4<0000000000000000>;
v0x7f836d714d10_0 .net "address", 7 0, v0x7f836d7139e0_0;  alias, 1 drivers
v0x7f836d714dd0_0 .net "clk", 0 0, v0x7f836d719780_0;  alias, 1 drivers
v0x7f836d714ea0_0 .net "dataIn", 15 0, v0x7f836d713c50_0;  alias, 1 drivers
v0x7f836d714f50_0 .net "dataOut", 15 0, L_0x7f836d71be20;  alias, 1 drivers
v0x7f836d715000_0 .var "rDataOut", 15 0;
v0x7f836d7150d0 .array "ram", 255 0, 15 0;
v0x7f836d715170_0 .net "readWriteMode", 0 0, v0x7f836d714210_0;  alias, 1 drivers
S_0x7f836d717c00 .scope task, "freeProcess1Test" "freeProcess1Test" 3 118, 3 118 0, S_0x7f836d7006b0;
 .timescale 0 0;
E_0x7f836d7011d0 .event posedge, v0x7f836d715fc0_0;
TD_ProcessAllocator_tb.freeProcess1Test ;
    %pushi/vec4 1, 0, 8;
    %assign/vec4 v0x7f836d71a150_0, 0;
    %pushi/vec4 1, 0, 1;
    %assign/vec4 v0x7f836d719820_0, 0;
    %wait E_0x7f836d7011d0;
    %pushi/vec4 0, 0, 1;
    %assign/vec4 v0x7f836d719820_0, 0;
    %end;
S_0x7f836d717dd0 .scope task, "freeProcess2Test" "freeProcess2Test" 3 108, 3 108 0, S_0x7f836d7006b0;
 .timescale 0 0;
TD_ProcessAllocator_tb.freeProcess2Test ;
    %pushi/vec4 0, 0, 1;
    %assign/vec4 v0x7f836d719990_0, 0;
    %pushi/vec4 2, 0, 8;
    %assign/vec4 v0x7f836d71a150_0, 0;
    %pushi/vec4 1, 0, 1;
    %assign/vec4 v0x7f836d719820_0, 0;
    %wait E_0x7f836d7011d0;
    %pushi/vec4 0, 0, 1;
    %assign/vec4 v0x7f836d719820_0, 0;
    %end;
S_0x7f836d717f60 .scope task, "initialiseProcess1Test" "initialiseProcess1Test" 3 68, 3 68 0, S_0x7f836d7006b0;
 .timescale 0 0;
TD_ProcessAllocator_tb.initialiseProcess1Test ;
    %pushi/vec4 1, 0, 1;
    %assign/vec4 v0x7f836d719990_0, 0;
    %pushi/vec4 0, 0, 8;
    %assign/vec4 v0x7f836d71a4d0_0, 0;
    %pushi/vec4 0, 0, 9;
    %assign/vec4 v0x7f836d71a2b0_0, 0;
    %pushi/vec4 1, 0, 1;
    %assign/vec4 v0x7f836d719820_0, 0;
    %wait E_0x7f836d7011d0;
    %pushi/vec4 0, 0, 1;
    %assign/vec4 v0x7f836d719820_0, 0;
    %load/vec4 v0x7f836d719cb0_0;
    %pad/u 32;
    %cmpi/ne 1, 0, 32;
    %jmp/0xz  T_2.0, 4;
    %vpi_call/w 3 77 "$error", "Expect first PID to be 1" {0 0 0};
T_2.0 ;
    %load/vec4 v0x7f836d71a340_0;
    %pad/u 8;
    %load/vec4 v0x7f836d719cb0_0;
    %cmp/ne;
    %jmp/0xz  T_2.2, 4;
    %vpi_call/w 3 78 "$error", "Target memory cell and new PID should be the same" {0 0 0};
T_2.2 ;
    %ix/load 4, 0, 0;
    %flag_set/imm 4, 0;
    %load/vec4a v0x7f836d718bc0, 4;
    %cmpi/ne 0, 0, 16;
    %jmp/0xz  T_2.4, 4;
    %vpi_call/w 3 79 "$error", "Stack pointers should be initialised to zero, not %4h", &A<v0x7f836d718bc0, 0> {0 0 0};
T_2.4 ;
    %ix/load 4, 1, 0;
    %flag_set/imm 4, 0;
    %load/vec4a v0x7f836d718bc0, 4;
    %cmpi/ne 0, 0, 16;
    %jmp/0xz  T_2.6, 4;
    %vpi_call/w 3 80 "$error", "Program counter and ALU flags should be initialised to zero, not %4h", &A<v0x7f836d718bc0, 1> {0 0 0};
T_2.6 ;
    %end;
S_0x7f836d718120 .scope task, "initialiseProcess2Test" "initialiseProcess2Test" 3 85, 3 85 0, S_0x7f836d7006b0;
 .timescale 0 0;
TD_ProcessAllocator_tb.initialiseProcess2Test ;
    %pushi/vec4 1, 0, 1;
    %assign/vec4 v0x7f836d719990_0, 0;
    %pushi/vec4 5, 0, 8;
    %assign/vec4 v0x7f836d71a4d0_0, 0;
    %pushi/vec4 7, 0, 9;
    %assign/vec4 v0x7f836d71a2b0_0, 0;
    %pushi/vec4 1, 0, 1;
    %assign/vec4 v0x7f836d719820_0, 0;
    %wait E_0x7f836d7011d0;
    %pushi/vec4 0, 0, 1;
    %assign/vec4 v0x7f836d719820_0, 0;
    %load/vec4 v0x7f836d719cb0_0;
    %pad/u 32;
    %cmpi/ne 2, 0, 32;
    %jmp/0xz  T_3.8, 4;
    %vpi_call/w 3 94 "$error", "Expect second PID to be 2" {0 0 0};
T_3.8 ;
    %load/vec4 v0x7f836d71a340_0;
    %pad/u 8;
    %load/vec4 v0x7f836d719cb0_0;
    %cmp/ne;
    %jmp/0xz  T_3.10, 4;
    %vpi_call/w 3 95 "$error", "Target memory cell and new PID should be the same" {0 0 0};
T_3.10 ;
    %ix/load 4, 0, 0;
    %flag_set/imm 4, 0;
    %load/vec4a v0x7f836d718bc0, 4;
    %cmpi/ne 64256, 0, 16;
    %jmp/0xz  T_3.12, 4;
    %vpi_call/w 3 96 "$error", "Stack pointer not correct" {0 0 0};
T_3.12 ;
    %ix/load 4, 1, 0;
    %flag_set/imm 4, 0;
    %load/vec4a v0x7f836d718bc0, 4;
    %cmpi/ne 7, 0, 16;
    %jmp/0xz  T_3.14, 4;
    %vpi_call/w 3 97 "$error", "New program counter not correct" {0 0 0};
T_3.14 ;
    %ix/load 4, 251, 0;
    %flag_set/imm 4, 0;
    %load/vec4a v0x7f836d718bc0, 4;
    %ix/load 4, 251, 0;
    %flag_set/imm 4, 0;
    %load/vec4a v0x7f836d7195f0, 4;
    %cmp/ne;
    %jmp/0xz  T_3.16, 4;
    %vpi_call/w 3 98 "$error", "Element FB doesn't match" {0 0 0};
T_3.16 ;
    %ix/load 4, 252, 0;
    %flag_set/imm 4, 0;
    %load/vec4a v0x7f836d718bc0, 4;
    %ix/load 4, 252, 0;
    %flag_set/imm 4, 0;
    %load/vec4a v0x7f836d7195f0, 4;
    %cmp/ne;
    %jmp/0xz  T_3.18, 4;
    %vpi_call/w 3 99 "$error", "Element FC doesn't match" {0 0 0};
T_3.18 ;
    %ix/load 4, 253, 0;
    %flag_set/imm 4, 0;
    %load/vec4a v0x7f836d718bc0, 4;
    %ix/load 4, 253, 0;
    %flag_set/imm 4, 0;
    %load/vec4a v0x7f836d7195f0, 4;
    %cmp/ne;
    %jmp/0xz  T_3.20, 4;
    %vpi_call/w 3 100 "$error", "Element FD doesn't match" {0 0 0};
T_3.20 ;
    %ix/load 4, 254, 0;
    %flag_set/imm 4, 0;
    %load/vec4a v0x7f836d718bc0, 4;
    %ix/load 4, 254, 0;
    %flag_set/imm 4, 0;
    %load/vec4a v0x7f836d7195f0, 4;
    %cmp/ne;
    %jmp/0xz  T_3.22, 4;
    %vpi_call/w 3 101 "$error", "Element FE doesn't match" {0 0 0};
T_3.22 ;
    %ix/load 4, 255, 0;
    %flag_set/imm 4, 0;
    %load/vec4a v0x7f836d718bc0, 4;
    %ix/load 4, 255, 0;
    %flag_set/imm 4, 0;
    %load/vec4a v0x7f836d7195f0, 4;
    %cmp/ne;
    %jmp/0xz  T_3.24, 4;
    %vpi_call/w 3 102 "$error", "Element FF doesn't match" {0 0 0};
T_3.24 ;
    %ix/load 4, 0, 0;
    %flag_set/imm 4, 0;
    %load/vec4a v0x7f836d7195f0, 4;
    %cmpi/ne 1281, 0, 16;
    %jmp/0xz  T_3.26, 4;
    %vpi_call/w 3 103 "$error", "Old stack pointer not updated correctly" {0 0 0};
T_3.26 ;
    %end;
S_0x7f836d718320 .scope module, "ramNew" "IceRam" 3 33, 7 6 0, S_0x7f836d7006b0;
 .timescale 0 0;
    .port_info 0 /INPUT 1 "clk";
    .port_info 1 /INPUT 8 "address";
    .port_info 2 /INPUT 1 "readWriteMode";
    .port_info 3 /INPUT 16 "dataIn";
    .port_info 4 /OUTPUT 16 "dataOut";
P_0x7f836d7184e0 .param/l "addrBits" 0 7 6, +C4<00000000000000000000000000001000>;
P_0x7f836d718520 .param/l "dataBits" 0 7 6, +C4<00000000000000000000000000010000>;
P_0x7f836d718560 .param/l "ramSize" 1 7 16, +C4<00000000000000000000000100000000>;
P_0x7f836d7185a0 .param/str "romFile" 0 7 14, "zeroes.hex";
L_0x7f836d71a650 .functor BUFZ 16, v0x7f836d718af0_0, C4<0000000000000000>, C4<0000000000000000>, C4<0000000000000000>;
v0x7f836d7187d0_0 .net "address", 7 0, L_0x7f836d71a8f0;  alias, 1 drivers
v0x7f836d7188a0_0 .net "clk", 0 0, v0x7f836d719780_0;  alias, 1 drivers
v0x7f836d7189b0_0 .net "dataIn", 15 0, L_0x7f836d71aa30;  alias, 1 drivers
v0x7f836d718a60_0 .net "dataOut", 15 0, L_0x7f836d71a650;  alias, 1 drivers
v0x7f836d718af0_0 .var "rDataOut", 15 0;
v0x7f836d718bc0 .array "ram", 255 0, 15 0;
v0x7f836d718c60_0 .net "readWriteMode", 0 0, L_0x7f836d71ab10;  alias, 1 drivers
S_0x7f836d718d60 .scope module, "ramOld" "IceRam" 3 25, 7 6 0, S_0x7f836d7006b0;
 .timescale 0 0;
    .port_info 0 /INPUT 1 "clk";
    .port_info 1 /INPUT 8 "address";
    .port_info 2 /INPUT 1 "readWriteMode";
    .port_info 3 /INPUT 16 "dataIn";
    .port_info 4 /OUTPUT 16 "dataOut";
P_0x7f836d718f20 .param/l "addrBits" 0 7 6, +C4<00000000000000000000000000001000>;
P_0x7f836d718f60 .param/l "dataBits" 0 7 6, +C4<00000000000000000000000000010000>;
P_0x7f836d718fa0 .param/l "ramSize" 1 7 16, +C4<00000000000000000000000100000000>;
P_0x7f836d718fe0 .param/str "romFile" 0 7 14, "fetch_test_data.hex";
L_0x7f836d71a560 .functor BUFZ 16, v0x7f836d719520_0, C4<0000000000000000>, C4<0000000000000000>, C4<0000000000000000>;
v0x7f836d719230_0 .net "address", 7 0, L_0x7f836d71a6c0;  alias, 1 drivers
v0x7f836d7192f0_0 .net "clk", 0 0, v0x7f836d719780_0;  alias, 1 drivers
v0x7f836d719380_0 .net "dataIn", 15 0, L_0x7f836d71a880;  alias, 1 drivers
v0x7f836d719450_0 .net "dataOut", 15 0, L_0x7f836d71a560;  alias, 1 drivers
v0x7f836d719520_0 .var "rDataOut", 15 0;
v0x7f836d7195f0 .array "ram", 255 0, 15 0;
v0x7f836d719680_0 .net "readWriteMode", 0 0, L_0x7f836d71a7a0;  alias, 1 drivers
    .scope S_0x7f836d718d60;
T_4 ;
    %wait E_0x7f836d701b50;
    %load/vec4 v0x7f836d719680_0;
    %cmpi/e 0, 0, 1;
    %jmp/0xz  T_4.0, 4;
    %load/vec4 v0x7f836d719380_0;
    %load/vec4 v0x7f836d719230_0;
    %pad/u 10;
    %ix/vec4 3;
    %ix/load 4, 0, 0; Constant delay
    %assign/vec4/a/d v0x7f836d7195f0, 0, 4;
T_4.0 ;
    %load/vec4 v0x7f836d719230_0;
    %pad/u 10;
    %ix/vec4 4;
    %load/vec4a v0x7f836d7195f0, 4;
    %assign/vec4 v0x7f836d719520_0, 0;
    %jmp T_4;
    .thread T_4;
    .scope S_0x7f836d718d60;
T_5 ;
    %vpi_call/w 7 30 "$readmemh", P_0x7f836d718fe0, v0x7f836d7195f0 {0 0 0};
    %end;
    .thread T_5;
    .scope S_0x7f836d718320;
T_6 ;
    %wait E_0x7f836d701b50;
    %load/vec4 v0x7f836d718c60_0;
    %cmpi/e 0, 0, 1;
    %jmp/0xz  T_6.0, 4;
    %load/vec4 v0x7f836d7189b0_0;
    %load/vec4 v0x7f836d7187d0_0;
    %pad/u 10;
    %ix/vec4 3;
    %ix/load 4, 0, 0; Constant delay
    %assign/vec4/a/d v0x7f836d718bc0, 0, 4;
T_6.0 ;
    %load/vec4 v0x7f836d7187d0_0;
    %pad/u 10;
    %ix/vec4 4;
    %load/vec4a v0x7f836d718bc0, 4;
    %assign/vec4 v0x7f836d718af0_0, 0;
    %jmp T_6;
    .thread T_6;
    .scope S_0x7f836d718320;
T_7 ;
    %vpi_call/w 7 30 "$readmemh", P_0x7f836d7185a0, v0x7f836d718bc0 {0 0 0};
    %end;
    .thread T_7;
    .scope S_0x7f836d701480;
T_8 ;
    %pushi/vec4 0, 0, 2;
    %store/vec4 v0x7f836d7125e0_0, 0, 2;
    %end;
    .thread T_8, $init;
    .scope S_0x7f836d701480;
T_9 ;
    %wait E_0x7f836d701b50;
    %load/vec4 v0x7f836d712490_0;
    %flag_set/vec4 8;
    %jmp/0xz  T_9.0, 8;
    %load/vec4 v0x7f836d712960_0;
    %assign/vec4 v0x7f836d7123e0_0, 0;
T_9.0 ;
    %load/vec4 v0x7f836d7125e0_0;
    %pad/u 32;
    %cmpi/e 0, 0, 32;
    %jmp/0xz  T_9.2, 4;
    %load/vec4 v0x7f836d712b50_0;
    %assign/vec4 v0x7f836d712530_0, 0;
    %load/vec4 v0x7f836d712c00_0;
    %assign/vec4 v0x7f836d712820_0, 0;
    %pushi/vec4 0, 0, 8;
    %assign/vec4 v0x7f836d712690_0, 0;
T_9.2 ;
    %load/vec4 v0x7f836d712490_0;
    %load/vec4 v0x7f836d712cb0_0;
    %and;
    %flag_set/vec4 8;
    %jmp/0xz  T_9.4, 8;
    %load/vec4 v0x7f836d712530_0;
    %addi 1, 0, 8;
    %assign/vec4 v0x7f836d712530_0, 0;
T_9.4 ;
    %load/vec4 v0x7f836d712490_0;
    %load/vec4 v0x7f836d712cb0_0;
    %and;
    %flag_set/vec4 8;
    %jmp/0xz  T_9.6, 8;
    %load/vec4 v0x7f836d712690_0;
    %addi 1, 0, 8;
    %assign/vec4 v0x7f836d712690_0, 0;
T_9.6 ;
    %load/vec4 v0x7f836d712490_0;
    %load/vec4 v0x7f836d712d50_0;
    %and;
    %flag_set/vec4 8;
    %jmp/0xz  T_9.8, 8;
    %load/vec4 v0x7f836d712820_0;
    %addi 1, 0, 8;
    %assign/vec4 v0x7f836d712820_0, 0;
T_9.8 ;
    %load/vec4 v0x7f836d712ab0_0;
    %nor/r;
    %flag_set/vec4 8;
    %jmp/0xz  T_9.10, 8;
    %pushi/vec4 0, 0, 2;
    %assign/vec4 v0x7f836d7125e0_0, 0;
    %jmp T_9.11;
T_9.10 ;
    %load/vec4 v0x7f836d712490_0;
    %flag_set/vec4 8;
    %jmp/0xz  T_9.12, 8;
    %load/vec4 v0x7f836d712df0_0;
    %assign/vec4 v0x7f836d7125e0_0, 0;
T_9.12 ;
T_9.11 ;
    %load/vec4 v0x7f836d712ab0_0;
    %nor/r;
    %flag_set/vec4 8;
    %jmp/0xz  T_9.14, 8;
    %pushi/vec4 0, 0, 1;
    %assign/vec4 v0x7f836d712490_0, 0;
    %jmp T_9.15;
T_9.14 ;
    %load/vec4 v0x7f836d712490_0;
    %pad/u 2;
    %addi 1, 0, 2;
    %pad/u 1;
    %assign/vec4 v0x7f836d712490_0, 0;
T_9.15 ;
    %jmp T_9;
    .thread T_9;
    .scope S_0x7f836d701480;
T_10 ;
    %wait E_0x7f836d701af0;
    %pushi/vec4 0, 0, 1;
    %store/vec4 v0x7f836d712cb0_0, 0, 1;
    %pushi/vec4 0, 0, 1;
    %store/vec4 v0x7f836d712d50_0, 0, 1;
    %load/vec4 v0x7f836d7125e0_0;
    %dup/vec4;
    %pushi/vec4 0, 0, 2;
    %cmp/u;
    %jmp/1 T_10.0, 6;
    %dup/vec4;
    %pushi/vec4 1, 0, 2;
    %cmp/u;
    %jmp/1 T_10.1, 6;
    %pushi/vec4 0, 0, 2;
    %store/vec4 v0x7f836d712df0_0, 0, 2;
    %jmp T_10.3;
T_10.0 ;
    %load/vec4 v0x7f836d712690_0;
    %load/vec4 v0x7f836d712330_0;
    %cmp/e;
    %flag_mov 8, 4;
    %jmp/0 T_10.4, 8;
    %pushi/vec4 2, 0, 32;
    %jmp/1 T_10.5, 8;
T_10.4 ; End of true expr.
    %pushi/vec4 1, 0, 32;
    %jmp/0 T_10.5, 8;
 ; End of false expr.
    %blend;
T_10.5;
    %pad/s 2;
    %store/vec4 v0x7f836d712df0_0, 0, 2;
    %pushi/vec4 1, 0, 1;
    %store/vec4 v0x7f836d712cb0_0, 0, 1;
    %jmp T_10.3;
T_10.1 ;
    %load/vec4 v0x7f836d712690_0;
    %load/vec4 v0x7f836d712330_0;
    %cmp/e;
    %flag_mov 8, 4;
    %jmp/0 T_10.6, 8;
    %pushi/vec4 2, 0, 32;
    %jmp/1 T_10.7, 8;
T_10.6 ; End of true expr.
    %pushi/vec4 1, 0, 32;
    %jmp/0 T_10.7, 8;
 ; End of false expr.
    %blend;
T_10.7;
    %pad/s 2;
    %store/vec4 v0x7f836d712df0_0, 0, 2;
    %pushi/vec4 1, 0, 1;
    %store/vec4 v0x7f836d712cb0_0, 0, 1;
    %pushi/vec4 1, 0, 1;
    %store/vec4 v0x7f836d712d50_0, 0, 1;
    %jmp T_10.3;
T_10.3 ;
    %pop/vec4 1;
    %jmp T_10;
    .thread T_10, $push;
    .scope S_0x7f836d7148f0;
T_11 ;
    %wait E_0x7f836d701b50;
    %load/vec4 v0x7f836d715170_0;
    %cmpi/e 0, 0, 1;
    %jmp/0xz  T_11.0, 4;
    %load/vec4 v0x7f836d714ea0_0;
    %load/vec4 v0x7f836d714d10_0;
    %pad/u 10;
    %ix/vec4 3;
    %ix/load 4, 0, 0; Constant delay
    %assign/vec4/a/d v0x7f836d7150d0, 0, 4;
T_11.0 ;
    %load/vec4 v0x7f836d714d10_0;
    %pad/u 10;
    %ix/vec4 4;
    %load/vec4a v0x7f836d7150d0, 4;
    %assign/vec4 v0x7f836d715000_0, 0;
    %jmp T_11;
    .thread T_11;
    .scope S_0x7f836d7148f0;
T_12 ;
    %vpi_call/w 7 30 "$readmemh", P_0x7f836d714b20, v0x7f836d7150d0 {0 0 0};
    %end;
    .thread T_12;
    .scope S_0x7f836d7131c0;
T_13 ;
    %wait E_0x7f836d701b50;
    %load/vec4 v0x7f836d7142b0_0;
    %nor/r;
    %flag_set/vec4 8;
    %jmp/0xz  T_13.0, 8;
    %pushi/vec4 0, 0, 2;
    %assign/vec4 v0x7f836d714160_0, 0;
    %pushi/vec4 0, 0, 8;
    %assign/vec4 v0x7f836d7140b0_0, 0;
    %pushi/vec4 1, 0, 8;
    %assign/vec4 v0x7f836d714000_0, 0;
    %pushi/vec4 0, 0, 1;
    %assign/vec4 v0x7f836d713db0_0, 0;
    %jmp T_13.1;
T_13.0 ;
    %load/vec4 v0x7f836d714620_0;
    %assign/vec4 v0x7f836d714160_0, 0;
    %load/vec4 v0x7f836d7143f0_0;
    %assign/vec4 v0x7f836d713db0_0, 0;
    %load/vec4 v0x7f836d714490_0;
    %flag_set/vec4 8;
    %jmp/0xz  T_13.2, 8;
    %load/vec4 v0x7f836d714000_0;
    %pad/u 32;
    %addi 1, 0, 32;
    %pad/u 8;
    %assign/vec4 v0x7f836d714000_0, 0;
T_13.2 ;
    %load/vec4 v0x7f836d714350_0;
    %flag_set/vec4 8;
    %jmp/0xz  T_13.4, 8;
    %load/vec4 v0x7f836d714000_0;
    %assign/vec4 v0x7f836d713b30_0, 0;
    %jmp T_13.5;
T_13.4 ;
    %load/vec4 v0x7f836d714740_0;
    %flag_set/vec4 8;
    %jmp/0xz  T_13.6, 8;
    %load/vec4 v0x7f836d7140b0_0;
    %assign/vec4 v0x7f836d713b30_0, 0;
T_13.6 ;
T_13.5 ;
    %load/vec4 v0x7f836d714740_0;
    %flag_set/vec4 8;
    %jmp/0xz  T_13.8, 8;
    %load/vec4 v0x7f836d713d20_0;
    %parti/s 8, 0, 2;
    %assign/vec4 v0x7f836d7140b0_0, 0;
    %jmp T_13.9;
T_13.8 ;
    %load/vec4 v0x7f836d7146b0_0;
    %flag_set/vec4 8;
    %jmp/0xz  T_13.10, 8;
    %load/vec4 v0x7f836d713ef0_0;
    %assign/vec4 v0x7f836d7140b0_0, 0;
T_13.10 ;
T_13.9 ;
T_13.1 ;
    %jmp T_13;
    .thread T_13;
    .scope S_0x7f836d7131c0;
T_14 ;
    %wait E_0x7f836d713980;
    %pushi/vec4 255, 255, 8;
    %store/vec4 v0x7f836d7139e0_0, 0, 8;
    %pushi/vec4 65535, 65535, 16;
    %store/vec4 v0x7f836d713c50_0, 0, 16;
    %pushi/vec4 1, 0, 1;
    %store/vec4 v0x7f836d714210_0, 0, 1;
    %pushi/vec4 0, 0, 1;
    %store/vec4 v0x7f836d7143f0_0, 0, 1;
    %pushi/vec4 0, 0, 1;
    %store/vec4 v0x7f836d714490_0, 0, 1;
    %pushi/vec4 0, 0, 1;
    %store/vec4 v0x7f836d714740_0, 0, 1;
    %pushi/vec4 0, 0, 1;
    %store/vec4 v0x7f836d7146b0_0, 0, 1;
    %pushi/vec4 0, 0, 1;
    %store/vec4 v0x7f836d714350_0, 0, 1;
    %load/vec4 v0x7f836d714160_0;
    %store/vec4 v0x7f836d714620_0, 0, 2;
    %load/vec4 v0x7f836d714160_0;
    %dup/vec4;
    %pushi/vec4 0, 0, 2;
    %cmp/u;
    %jmp/1 T_14.0, 6;
    %dup/vec4;
    %pushi/vec4 1, 0, 2;
    %cmp/u;
    %jmp/1 T_14.1, 6;
    %dup/vec4;
    %pushi/vec4 2, 0, 2;
    %cmp/u;
    %jmp/1 T_14.2, 6;
    %jmp T_14.4;
T_14.0 ;
    %load/vec4 v0x7f836d713a90_0;
    %flag_set/vec4 8;
    %jmp/0xz  T_14.5, 8;
    %load/vec4 v0x7f836d714000_0;
    %pad/u 32;
    %cmpi/ne 16, 0, 32;
    %jmp/0xz  T_14.7, 4;
    %pushi/vec4 1, 0, 1;
    %store/vec4 v0x7f836d714490_0, 0, 1;
    %pushi/vec4 1, 0, 1;
    %store/vec4 v0x7f836d714350_0, 0, 1;
    %pushi/vec4 1, 0, 1;
    %store/vec4 v0x7f836d7143f0_0, 0, 1;
    %pushi/vec4 0, 0, 2;
    %store/vec4 v0x7f836d714620_0, 0, 2;
    %jmp T_14.8;
T_14.7 ;
    %load/vec4 v0x7f836d7140b0_0;
    %store/vec4 v0x7f836d7139e0_0, 0, 8;
    %pushi/vec4 1, 0, 2;
    %store/vec4 v0x7f836d714620_0, 0, 2;
T_14.8 ;
    %jmp T_14.6;
T_14.5 ;
    %load/vec4 v0x7f836d713e50_0;
    %flag_set/vec4 8;
    %jmp/0xz  T_14.9, 8;
    %load/vec4 v0x7f836d713ef0_0;
    %store/vec4 v0x7f836d7139e0_0, 0, 8;
    %pushi/vec4 0, 0, 1;
    %store/vec4 v0x7f836d714210_0, 0, 1;
    %pushi/vec4 0, 0, 8;
    %load/vec4 v0x7f836d7140b0_0;
    %concat/vec4; draw_concat_vec4
    %store/vec4 v0x7f836d713c50_0, 0, 16;
    %pushi/vec4 2, 0, 2;
    %store/vec4 v0x7f836d714620_0, 0, 2;
    %jmp T_14.10;
T_14.9 ;
    %pushi/vec4 0, 0, 2;
    %store/vec4 v0x7f836d714620_0, 0, 2;
T_14.10 ;
T_14.6 ;
    %jmp T_14.4;
T_14.1 ;
    %load/vec4 v0x7f836d7140b0_0;
    %store/vec4 v0x7f836d7139e0_0, 0, 8;
    %pushi/vec4 1, 0, 1;
    %store/vec4 v0x7f836d714740_0, 0, 1;
    %pushi/vec4 1, 0, 1;
    %store/vec4 v0x7f836d7143f0_0, 0, 1;
    %pushi/vec4 0, 0, 2;
    %store/vec4 v0x7f836d714620_0, 0, 2;
    %jmp T_14.4;
T_14.2 ;
    %load/vec4 v0x7f836d713ef0_0;
    %store/vec4 v0x7f836d7139e0_0, 0, 8;
    %pushi/vec4 0, 0, 1;
    %store/vec4 v0x7f836d714210_0, 0, 1;
    %pushi/vec4 0, 0, 8;
    %load/vec4 v0x7f836d7140b0_0;
    %concat/vec4; draw_concat_vec4
    %store/vec4 v0x7f836d713c50_0, 0, 16;
    %pushi/vec4 0, 0, 2;
    %store/vec4 v0x7f836d714620_0, 0, 2;
    %pushi/vec4 1, 0, 1;
    %store/vec4 v0x7f836d7146b0_0, 0, 1;
    %pushi/vec4 1, 0, 1;
    %store/vec4 v0x7f836d7143f0_0, 0, 1;
    %jmp T_14.4;
T_14.4 ;
    %pop/vec4 1;
    %jmp T_14;
    .thread T_14, $push;
    .scope S_0x7f836d7008a0;
T_15 ;
    %wait E_0x7f836d701b50;
    %load/vec4 v0x7f836d716d30_0;
    %nor/r;
    %flag_set/vec4 8;
    %load/vec4 v0x7f836d715f30_0;
    %nor/r;
    %flag_set/vec4 9;
    %flag_or 9, 8;
    %jmp/0xz  T_15.0, 9;
    %pushi/vec4 0, 0, 4;
    %assign/vec4 v0x7f836d716b70_0, 0;
    %pushi/vec4 0, 0, 5;
    %assign/vec4 v0x7f836d7168e0_0, 0;
    %jmp T_15.1;
T_15.0 ;
    %load/vec4 v0x7f836d715f30_0;
    %flag_set/vec4 8;
    %jmp/0xz  T_15.2, 8;
    %load/vec4 v0x7f836d7176a0_0;
    %assign/vec4 v0x7f836d716b70_0, 0;
    %load/vec4 v0x7f836d7173f0_0;
    %assign/vec4 v0x7f836d715fc0_0, 0;
    %load/vec4 v0x7f836d717910_0;
    %flag_set/vec4 8;
    %jmp/0xz  T_15.4, 8;
    %load/vec4 v0x7f836d715d80_0;
    %assign/vec4 v0x7f836d715e30_0, 0;
T_15.4 ;
    %load/vec4 v0x7f836d717870_0;
    %flag_set/vec4 8;
    %jmp/0xz  T_15.6, 8;
    %load/vec4 v0x7f836d716170_0;
    %parti/s 5, 0, 2;
    %assign/vec4 v0x7f836d7168e0_0, 0;
T_15.6 ;
T_15.2 ;
T_15.1 ;
    %jmp T_15;
    .thread T_15;
    .scope S_0x7f836d7008a0;
T_16 ;
    %wait E_0x7f836d701400;
    %pushi/vec4 255, 255, 8;
    %store/vec4 v0x7f836d717140_0, 0, 8;
    %pushi/vec4 1, 0, 1;
    %store/vec4 v0x7f836d7177d0_0, 0, 1;
    %pushi/vec4 65535, 65535, 16;
    %store/vec4 v0x7f836d717340_0, 0, 16;
    %pushi/vec4 255, 255, 8;
    %store/vec4 v0x7f836d717090_0, 0, 8;
    %pushi/vec4 1, 0, 1;
    %store/vec4 v0x7f836d717730_0, 0, 1;
    %pushi/vec4 65535, 65535, 16;
    %store/vec4 v0x7f836d7172a0_0, 0, 16;
    %pushi/vec4 0, 0, 1;
    %store/vec4 v0x7f836d717490_0, 0, 1;
    %pushi/vec4 0, 0, 1;
    %store/vec4 v0x7f836d717540_0, 0, 1;
    %load/vec4 v0x7f836d716840_0;
    %store/vec4 v0x7f836d7175f0_0, 0, 8;
    %load/vec4 v0x7f836d716b70_0;
    %store/vec4 v0x7f836d7176a0_0, 0, 4;
    %pushi/vec4 0, 0, 1;
    %store/vec4 v0x7f836d7171f0_0, 0, 1;
    %pushi/vec4 0, 0, 1;
    %store/vec4 v0x7f836d7173f0_0, 0, 1;
    %pushi/vec4 0, 0, 1;
    %store/vec4 v0x7f836d717910_0, 0, 1;
    %pushi/vec4 0, 0, 1;
    %store/vec4 v0x7f836d717870_0, 0, 1;
    %load/vec4 v0x7f836d716b70_0;
    %dup/vec4;
    %pushi/vec4 0, 0, 4;
    %cmp/u;
    %jmp/1 T_16.0, 6;
    %dup/vec4;
    %pushi/vec4 1, 0, 4;
    %cmp/u;
    %jmp/1 T_16.1, 6;
    %dup/vec4;
    %pushi/vec4 2, 0, 4;
    %cmp/u;
    %jmp/1 T_16.2, 6;
    %dup/vec4;
    %pushi/vec4 3, 0, 4;
    %cmp/u;
    %jmp/1 T_16.3, 6;
    %dup/vec4;
    %pushi/vec4 4, 0, 4;
    %cmp/u;
    %jmp/1 T_16.4, 6;
    %dup/vec4;
    %pushi/vec4 5, 0, 4;
    %cmp/u;
    %jmp/1 T_16.5, 6;
    %dup/vec4;
    %pushi/vec4 6, 0, 4;
    %cmp/u;
    %jmp/1 T_16.6, 6;
    %dup/vec4;
    %pushi/vec4 7, 0, 4;
    %cmp/u;
    %jmp/1 T_16.7, 6;
    %dup/vec4;
    %pushi/vec4 8, 0, 4;
    %cmp/u;
    %jmp/1 T_16.8, 6;
    %dup/vec4;
    %pushi/vec4 9, 0, 4;
    %cmp/u;
    %jmp/1 T_16.9, 6;
    %dup/vec4;
    %pushi/vec4 10, 0, 4;
    %cmp/u;
    %jmp/1 T_16.10, 6;
    %jmp T_16.12;
T_16.0 ;
    %load/vec4 v0x7f836d715f30_0;
    %flag_set/vec4 8;
    %jmp/0xz  T_16.13, 8;
    %load/vec4 v0x7f836d716050_0;
    %flag_set/vec4 8;
    %jmp/0xz  T_16.15, 8;
    %pushi/vec4 2, 0, 4;
    %store/vec4 v0x7f836d7176a0_0, 0, 4;
    %pushi/vec4 0, 0, 8;
    %store/vec4 v0x7f836d717140_0, 0, 8;
    %jmp T_16.16;
T_16.15 ;
    %pushi/vec4 1, 0, 1;
    %store/vec4 v0x7f836d717540_0, 0, 1;
    %pushi/vec4 1, 0, 4;
    %store/vec4 v0x7f836d7176a0_0, 0, 4;
T_16.16 ;
T_16.13 ;
    %jmp T_16.12;
T_16.1 ;
    %load/vec4 v0x7f836d7163b0_0;
    %store/vec4 v0x7f836d7173f0_0, 0, 1;
    %load/vec4 v0x7f836d7163b0_0;
    %inv;
    %store/vec4 v0x7f836d717540_0, 0, 1;
    %jmp T_16.12;
T_16.2 ;
    %pushi/vec4 0, 0, 8;
    %store/vec4 v0x7f836d717140_0, 0, 8;
    %pushi/vec4 1, 0, 1;
    %store/vec4 v0x7f836d717910_0, 0, 1;
    %pushi/vec4 3, 0, 4;
    %store/vec4 v0x7f836d7176a0_0, 0, 4;
    %jmp T_16.12;
T_16.3 ;
    %load/vec4 v0x7f836d7163b0_0;
    %inv;
    %store/vec4 v0x7f836d717490_0, 0, 1;
    %load/vec4 v0x7f836d7163b0_0;
    %flag_set/vec4 8;
    %jmp/0xz  T_16.17, 8;
    %pushi/vec4 1, 0, 1;
    %store/vec4 v0x7f836d717870_0, 0, 1;
    %pushi/vec4 4, 0, 4;
    %store/vec4 v0x7f836d7176a0_0, 0, 4;
T_16.17 ;
    %jmp T_16.12;
T_16.4 ;
    %pushi/vec4 0, 0, 8;
    %store/vec4 v0x7f836d717140_0, 0, 8;
    %load/vec4 v0x7f836d716fe0_0;
    %store/vec4 v0x7f836d717340_0, 0, 16;
    %pushi/vec4 0, 0, 1;
    %store/vec4 v0x7f836d7177d0_0, 0, 1;
    %pushi/vec4 5, 0, 4;
    %store/vec4 v0x7f836d7176a0_0, 0, 4;
    %jmp T_16.12;
T_16.5 ;
    %pushi/vec4 0, 0, 8;
    %store/vec4 v0x7f836d717140_0, 0, 8;
    %load/vec4 v0x7f836d716fe0_0;
    %store/vec4 v0x7f836d717340_0, 0, 16;
    %pushi/vec4 0, 0, 1;
    %store/vec4 v0x7f836d7177d0_0, 0, 1;
    %pushi/vec4 6, 0, 4;
    %store/vec4 v0x7f836d7176a0_0, 0, 4;
    %jmp T_16.12;
T_16.6 ;
    %pushi/vec4 0, 0, 8;
    %store/vec4 v0x7f836d717090_0, 0, 8;
    %load/vec4 v0x7f836d7166e0_0;
    %store/vec4 v0x7f836d7172a0_0, 0, 16;
    %pushi/vec4 0, 0, 1;
    %store/vec4 v0x7f836d717730_0, 0, 1;
    %pushi/vec4 7, 0, 4;
    %store/vec4 v0x7f836d7176a0_0, 0, 4;
    %jmp T_16.12;
T_16.7 ;
    %pushi/vec4 0, 0, 8;
    %store/vec4 v0x7f836d717090_0, 0, 8;
    %load/vec4 v0x7f836d7166e0_0;
    %store/vec4 v0x7f836d7172a0_0, 0, 16;
    %pushi/vec4 0, 0, 1;
    %store/vec4 v0x7f836d717730_0, 0, 1;
    %pushi/vec4 8, 0, 4;
    %store/vec4 v0x7f836d7176a0_0, 0, 4;
    %jmp T_16.12;
T_16.8 ;
    %pushi/vec4 1, 0, 8;
    %store/vec4 v0x7f836d717090_0, 0, 8;
    %load/vec4 v0x7f836d716510_0;
    %store/vec4 v0x7f836d7172a0_0, 0, 16;
    %pushi/vec4 0, 0, 1;
    %store/vec4 v0x7f836d717730_0, 0, 1;
    %pushi/vec4 9, 0, 4;
    %store/vec4 v0x7f836d7176a0_0, 0, 4;
    %jmp T_16.12;
T_16.9 ;
    %pushi/vec4 1, 0, 8;
    %store/vec4 v0x7f836d717090_0, 0, 8;
    %load/vec4 v0x7f836d716510_0;
    %store/vec4 v0x7f836d7172a0_0, 0, 16;
    %pushi/vec4 0, 0, 1;
    %store/vec4 v0x7f836d717730_0, 0, 1;
    %pushi/vec4 10, 0, 4;
    %store/vec4 v0x7f836d7176a0_0, 0, 4;
    %jmp T_16.12;
T_16.10 ;
    %load/vec4 v0x7f836d715930_0;
    %inv;
    %store/vec4 v0x7f836d7171f0_0, 0, 1;
    %load/vec4 v0x7f836d715930_0;
    %flag_set/vec4 8;
    %jmp/0xz  T_16.19, 8;
    %pushi/vec4 1, 0, 1;
    %store/vec4 v0x7f836d7173f0_0, 0, 1;
T_16.19 ;
    %jmp T_16.12;
T_16.12 ;
    %pop/vec4 1;
    %jmp T_16;
    .thread T_16, $push;
    .scope S_0x7f836d7006b0;
T_17 ;
    %pushi/vec4 0, 0, 1;
    %store/vec4 v0x7f836d71a1e0_0, 0, 1;
    %end;
    .thread T_17, $init;
    .scope S_0x7f836d7006b0;
T_18 ;
    %delay 1, 0;
    %load/vec4 v0x7f836d719780_0;
    %pushi/vec4 1, 0, 1;
    %cmp/ne;
    %flag_get/vec4 6;
    %assign/vec4 v0x7f836d719780_0, 0;
    %jmp T_18;
    .thread T_18;
    .scope S_0x7f836d7006b0;
T_19 ;
    %vpi_call/w 3 129 "$dumpfile", "ProcessAllocator_tb.vcd" {0 0 0};
    %vpi_call/w 3 130 "$dumpvars", 32'sb00000000000000000000000000000000, S_0x7f836d7006b0 {0 0 0};
    %delay 2, 0;
    %pushi/vec4 1, 0, 1;
    %assign/vec4 v0x7f836d71a1e0_0, 0;
    %delay 4, 0;
    %fork TD_ProcessAllocator_tb.initialiseProcess1Test, S_0x7f836d717f60;
    %join;
    %delay 4, 0;
    %fork TD_ProcessAllocator_tb.initialiseProcess2Test, S_0x7f836d718120;
    %join;
    %delay 4, 0;
    %fork TD_ProcessAllocator_tb.freeProcess2Test, S_0x7f836d717dd0;
    %join;
    %delay 4, 0;
    %fork TD_ProcessAllocator_tb.freeProcess1Test, S_0x7f836d717c00;
    %join;
    %delay 2, 0;
    %vpi_call/w 3 138 "$finish" {0 0 0};
    %end;
    .thread T_19;
# The file index is used to find the file name in the following table.
:file_names 8;
    "N/A";
    "<interactive>";
    "-";
    "ProcessAllocator_tb.v";
    "ProcessAllocator.v";
    "Copier.v";
    "Heap.v";
    "IceRam.v";
