#! /usr/local/bin/vvp
:ivl_version "11.0 (devel)" "(s20150603-595-ge745304c)";
:ivl_delay_selection "TYPICAL";
:vpi_time_precision + 0;
:vpi_module "system";
:vpi_module "vhdl_sys";
:vpi_module "vhdl_textio";
:vpi_module "v2005_math";
:vpi_module "va_math";
:vpi_module "v2009";
S_0x7fc7c550e900 .scope package, "$unit" "$unit" 2 1;
 .timescale 0 0;
S_0x7fc7c5502c40 .scope module, "Receive_tb" "Receive_tb" 3 3;
 .timescale 0 0;
P_0x7fc7c5502db0 .param/l "addrBits" 1 3 11, +C4<00000000000000000000000000001000>;
P_0x7fc7c5502df0 .param/l "dataBits" 1 3 12, +C4<00000000000000000000000000010000>;
P_0x7fc7c5502e30 .param/str "romFile" 0 3 9, "zeroes.hex";
v0x7fc7c55389b0_0 .net "address", 7 0, v0x7fc7c55373f0_0;  1 drivers
v0x7fc7c5538a80_0 .var "channel", 7 0;
v0x7fc7c5538b10_0 .var "clk", 0 0;
v0x7fc7c5538c00_0 .net "dataIn", 15 0, v0x7fc7c55375b0_0;  1 drivers
v0x7fc7c5538cd0_0 .net "dataOut", 15 0, L_0x7fc7c55393d0;  1 drivers
v0x7fc7c5538da0_0 .net "deliveredMessage", 15 0, v0x7fc7c5537710_0;  1 drivers
v0x7fc7c5538e30_0 .net "finished", 0 0, v0x7fc7c55377b0_0;  1 drivers
v0x7fc7c5538ec0_0 .net "hasDeliveredMessage", 0 0, v0x7fc7c5537850_0;  1 drivers
v0x7fc7c5538f70_0 .net "readWriteMode", 0 0, v0x7fc7c5537ad0_0;  1 drivers
v0x7fc7c5539080_0 .var "reset", 0 0;
v0x7fc7c5539110_0 .var "rxPid", 7 0;
v0x7fc7c55391c0_0 .net "scheduleTxPid", 7 0, v0x7fc7c5537ca0_0;  1 drivers
v0x7fc7c5539270_0 .net "shouldDescheduleReceiver", 0 0, v0x7fc7c5537d30_0;  1 drivers
v0x7fc7c5539320_0 .net "shouldScheduleSender", 0 0, v0x7fc7c5537dd0_0;  1 drivers
S_0x7fc7c5500220 .scope module, "memory" "IceRam" 3 19, 4 6 0, S_0x7fc7c5502c40;
 .timescale 0 0;
    .port_info 0 /INPUT 1 "clk";
    .port_info 1 /INPUT 8 "address";
    .port_info 2 /INPUT 1 "readWriteMode";
    .port_info 3 /INPUT 16 "dataIn";
    .port_info 4 /OUTPUT 16 "dataOut";
P_0x7fc7c5500390 .param/l "addrBits" 0 4 6, +C4<00000000000000000000000000001000>;
P_0x7fc7c55003d0 .param/l "dataBits" 0 4 6, +C4<00000000000000000000000000010000>;
P_0x7fc7c5500410 .param/l "ramSize" 1 4 16, +C4<00000000000000000000000100000000>;
P_0x7fc7c5500450 .param/str "romFile" 0 4 14, "zeroes.hex";
L_0x7fc7c55393d0 .functor BUFZ 16, v0x7fc7c55366a0_0, C4<0000000000000000>, C4<0000000000000000>, C4<0000000000000000>;
v0x7fc7c5503000_0 .net "address", 7 0, v0x7fc7c55373f0_0;  alias, 1 drivers
v0x7fc7c5536490_0 .net "clk", 0 0, v0x7fc7c5538b10_0;  1 drivers
v0x7fc7c5536530_0 .net "dataIn", 15 0, v0x7fc7c55375b0_0;  alias, 1 drivers
v0x7fc7c55365f0_0 .net "dataOut", 15 0, L_0x7fc7c55393d0;  alias, 1 drivers
v0x7fc7c55366a0_0 .var "rDataOut", 15 0;
v0x7fc7c5536790 .array "ram", 255 0, 15 0;
v0x7fc7c5536830_0 .net "readWriteMode", 0 0, v0x7fc7c5537ad0_0;  alias, 1 drivers
E_0x7fc7c550f0e0 .event posedge, v0x7fc7c5536490_0;
S_0x7fc7c5536950 .scope module, "rcv0" "Receive" 3 40, 5 5 0, S_0x7fc7c5502c40;
 .timescale 0 0;
    .port_info 0 /INPUT 1 "clk";
    .port_info 1 /INPUT 1 "reset";
    .port_info 2 /OUTPUT 1 "finished";
    .port_info 3 /OUTPUT 8 "address";
    .port_info 4 /OUTPUT 1 "readWriteMode";
    .port_info 5 /INPUT 16 "dataOut";
    .port_info 6 /OUTPUT 16 "dataIn";
    .port_info 7 /INPUT 8 "channel";
    .port_info 8 /INPUT 8 "rxPid";
    .port_info 9 /OUTPUT 1 "shouldScheduleSender";
    .port_info 10 /OUTPUT 1 "shouldDescheduleReceiver";
    .port_info 11 /OUTPUT 8 "scheduleTxPid";
    .port_info 12 /OUTPUT 1 "hasDeliveredMessage";
    .port_info 13 /OUTPUT 16 "deliveredMessage";
P_0x7fc7c5536b10 .param/l "STATE_HANDLE_TX_PROC" 1 5 33, C4<010>;
P_0x7fc7c5536b50 .param/l "STATE_INIT" 1 5 31, C4<000>;
P_0x7fc7c5536b90 .param/l "STATE_READ_MESSAGE" 1 5 36, C4<101>;
P_0x7fc7c5536bd0 .param/l "STATE_READ_TX_PROC" 1 5 32, C4<001>;
P_0x7fc7c5536c10 .param/l "STATE_WRITE_0" 1 5 37, C4<110>;
P_0x7fc7c5536c50 .param/l "STATE_WRITE_1" 1 5 38, C4<111>;
P_0x7fc7c5536c90 .param/l "STATE_WRITE_RX_PROC_0" 1 5 34, C4<011>;
P_0x7fc7c5536cd0 .param/l "STATE_WRITE_RX_PROC_1" 1 5 35, C4<100>;
P_0x7fc7c5536d10 .param/l "addrBits" 0 5 5, +C4<00000000000000000000000000001000>;
P_0x7fc7c5536d50 .param/l "dataBits" 0 5 5, +C4<00000000000000000000000000010000>;
L_0x10f009008 .functor BUFT 1, C4<00000001>, C4<0>, C4<0>, C4<0>;
v0x7fc7c5537330_0 .net/2u *"_s0", 7 0, L_0x10f009008;  1 drivers
v0x7fc7c55373f0_0 .var "address", 7 0;
v0x7fc7c5537490_0 .net "channel", 7 0, v0x7fc7c5538a80_0;  1 drivers
v0x7fc7c5537520_0 .net "clk", 0 0, v0x7fc7c5538b10_0;  alias, 1 drivers
v0x7fc7c55375b0_0 .var "dataIn", 15 0;
v0x7fc7c5537680_0 .net "dataOut", 15 0, L_0x7fc7c55393d0;  alias, 1 drivers
v0x7fc7c5537710_0 .var "deliveredMessage", 15 0;
v0x7fc7c55377b0_0 .var "finished", 0 0;
v0x7fc7c5537850_0 .var "hasDeliveredMessage", 0 0;
v0x7fc7c5537970_0 .net "messageAddress", 7 0, L_0x7fc7c5539480;  1 drivers
v0x7fc7c5537a20_0 .var "rState", 2 0;
v0x7fc7c5537ad0_0 .var "readWriteMode", 0 0;
v0x7fc7c5537b80_0 .net "reset", 0 0, v0x7fc7c5539080_0;  1 drivers
v0x7fc7c5537c10_0 .net "rxPid", 7 0, v0x7fc7c5539110_0;  1 drivers
v0x7fc7c5537ca0_0 .var "scheduleTxPid", 7 0;
v0x7fc7c5537d30_0 .var "shouldDescheduleReceiver", 0 0;
v0x7fc7c5537dd0_0 .var "shouldScheduleSender", 0 0;
v0x7fc7c5537f70_0 .var "wFinished", 0 0;
v0x7fc7c5538010_0 .var "wHasMessage", 0 0;
v0x7fc7c55380b0_0 .var "wMessage", 15 0;
v0x7fc7c5538160_0 .var "wNextState", 2 0;
v0x7fc7c5538210_0 .var "wShouldDescheduleReceiver", 0 0;
v0x7fc7c55382b0_0 .var "wShouldScheduleSender", 0 0;
v0x7fc7c5538350_0 .var "wUpdateMessage", 0 0;
v0x7fc7c55383f0_0 .var "wUpdateScheduling", 0 0;
v0x7fc7c5538490_0 .var "wUpdateTx", 0 0;
E_0x7fc7c55372d0/0 .event edge, v0x7fc7c5537a20_0, v0x7fc7c5537490_0, v0x7fc7c5537ca0_0, v0x7fc7c5537970_0;
E_0x7fc7c55372d0/1 .event edge, v0x7fc7c5537c10_0, v0x7fc7c55365f0_0;
E_0x7fc7c55372d0 .event/or E_0x7fc7c55372d0/0, E_0x7fc7c55372d0/1;
L_0x7fc7c5539480 .arith/sum 8, v0x7fc7c5538a80_0, L_0x10f009008;
S_0x7fc7c5538680 .scope task, "receiveNoSender" "receiveNoSender" 3 57, 3 57 0, S_0x7fc7c5502c40;
 .timescale 0 0;
E_0x7fc7c5537110 .event posedge, v0x7fc7c55377b0_0;
TD_Receive_tb.receiveNoSender ;
    %pushi/vec4 1, 0, 1;
    %assign/vec4 v0x7fc7c5539080_0, 0;
    %pushi/vec4 2, 0, 8;
    %assign/vec4 v0x7fc7c5538a80_0, 0;
    %pushi/vec4 7, 0, 8;
    %assign/vec4 v0x7fc7c5539110_0, 0;
    %wait E_0x7fc7c5537110;
    %pushi/vec4 0, 0, 1;
    %assign/vec4 v0x7fc7c5539080_0, 0;
    %load/vec4 v0x7fc7c5539270_0;
    %nor/r;
    %flag_set/vec4 8;
    %jmp/0xz  T_0.0, 8;
    %vpi_call/w 3 65 "$error", "Expected to deschedule receiver" {0 0 0};
T_0.0 ;
    %load/vec4 v0x7fc7c5539320_0;
    %flag_set/vec4 8;
    %jmp/0xz  T_0.2, 8;
    %vpi_call/w 3 66 "$error", "Shouldn't schedule sender, both should wait" {0 0 0};
T_0.2 ;
    %load/vec4 v0x7fc7c5538ec0_0;
    %flag_set/vec4 8;
    %jmp/0xz  T_0.4, 8;
    %vpi_call/w 3 67 "$error", "Shouldn't have delivered message" {0 0 0};
T_0.4 ;
    %ix/load 4, 2, 0;
    %flag_set/imm 4, 0;
    %load/vec4a v0x7fc7c5536790, 4;
    %load/vec4 v0x7fc7c5539110_0;
    %pad/u 16;
    %cmp/ne;
    %jmp/0xz  T_0.6, 4;
    %vpi_call/w 3 68 "$error", "Didn't write rx pid to memory" {0 0 0};
T_0.6 ;
    %end;
S_0x7fc7c55387f0 .scope task, "receiveSomeSender" "receiveSomeSender" 3 73, 3 73 0, S_0x7fc7c5502c40;
 .timescale 0 0;
TD_Receive_tb.receiveSomeSender ;
    %pushi/vec4 1, 0, 1;
    %assign/vec4 v0x7fc7c5539080_0, 0;
    %pushi/vec4 8, 0, 8;
    %assign/vec4 v0x7fc7c5538a80_0, 0;
    %pushi/vec4 8, 0, 16;
    %ix/load 4, 8, 0;
    %flag_set/imm 4, 0;
    %store/vec4a v0x7fc7c5536790, 4, 0;
    %pushi/vec4 42, 0, 16;
    %ix/load 4, 9, 0;
    %flag_set/imm 4, 0;
    %store/vec4a v0x7fc7c5536790, 4, 0;
    %pushi/vec4 3, 0, 8;
    %assign/vec4 v0x7fc7c5539110_0, 0;
    %wait E_0x7fc7c5537110;
    %pushi/vec4 0, 0, 1;
    %assign/vec4 v0x7fc7c5539080_0, 0;
    %load/vec4 v0x7fc7c5539270_0;
    %flag_set/vec4 8;
    %jmp/0xz  T_1.8, 8;
    %vpi_call/w 3 83 "$error", "Receiver should continue" {0 0 0};
T_1.8 ;
    %load/vec4 v0x7fc7c5539320_0;
    %nor/r;
    %flag_set/vec4 8;
    %jmp/0xz  T_1.10, 8;
    %vpi_call/w 3 84 "$error", "Sender should be scheduled" {0 0 0};
T_1.10 ;
    %load/vec4 v0x7fc7c55391c0_0;
    %pad/u 32;
    %cmpi/ne 8, 0, 32;
    %jmp/0xz  T_1.12, 4;
    %vpi_call/w 3 85 "$error", "Scheduled tx pid not sending pid" {0 0 0};
T_1.12 ;
    %load/vec4 v0x7fc7c5538ec0_0;
    %nor/r;
    %flag_set/vec4 8;
    %jmp/0xz  T_1.14, 8;
    %vpi_call/w 3 86 "$error", "Doesn't have message" {0 0 0};
T_1.14 ;
    %load/vec4 v0x7fc7c5538da0_0;
    %pad/u 32;
    %cmpi/ne 42, 0, 32;
    %jmp/0xz  T_1.16, 4;
    %vpi_call/w 3 87 "$error", "Delivered message not as expected" {0 0 0};
T_1.16 ;
    %ix/load 4, 8, 0;
    %flag_set/imm 4, 0;
    %load/vec4a v0x7fc7c5536790, 4;
    %pad/u 32;
    %cmpi/ne 0, 0, 32;
    %jmp/0xz  T_1.18, 4;
    %vpi_call/w 3 88 "$error", "Memory not zeroed" {0 0 0};
T_1.18 ;
    %end;
    .scope S_0x7fc7c5500220;
T_2 ;
    %wait E_0x7fc7c550f0e0;
    %load/vec4 v0x7fc7c5536830_0;
    %cmpi/e 0, 0, 1;
    %jmp/0xz  T_2.0, 4;
    %load/vec4 v0x7fc7c5536530_0;
    %load/vec4 v0x7fc7c5503000_0;
    %pad/u 10;
    %ix/vec4 3;
    %ix/load 4, 0, 0; Constant delay
    %assign/vec4/a/d v0x7fc7c5536790, 0, 4;
T_2.0 ;
    %load/vec4 v0x7fc7c5503000_0;
    %pad/u 10;
    %ix/vec4 4;
    %load/vec4a v0x7fc7c5536790, 4;
    %assign/vec4 v0x7fc7c55366a0_0, 0;
    %jmp T_2;
    .thread T_2;
    .scope S_0x7fc7c5500220;
T_3 ;
    %vpi_call/w 4 30 "$readmemh", P_0x7fc7c5500450, v0x7fc7c5536790 {0 0 0};
    %end;
    .thread T_3;
    .scope S_0x7fc7c5536950;
T_4 ;
    %wait E_0x7fc7c550f0e0;
    %load/vec4 v0x7fc7c5537b80_0;
    %nor/r;
    %flag_set/vec4 8;
    %jmp/0xz  T_4.0, 8;
    %pushi/vec4 0, 0, 3;
    %assign/vec4 v0x7fc7c5537a20_0, 0;
    %pushi/vec4 0, 0, 1;
    %assign/vec4 v0x7fc7c5537dd0_0, 0;
    %pushi/vec4 0, 0, 1;
    %assign/vec4 v0x7fc7c5537d30_0, 0;
    %pushi/vec4 0, 0, 1;
    %assign/vec4 v0x7fc7c55377b0_0, 0;
    %pushi/vec4 0, 0, 1;
    %assign/vec4 v0x7fc7c5537850_0, 0;
    %jmp T_4.1;
T_4.0 ;
    %load/vec4 v0x7fc7c5538160_0;
    %assign/vec4 v0x7fc7c5537a20_0, 0;
    %load/vec4 v0x7fc7c5537f70_0;
    %assign/vec4 v0x7fc7c55377b0_0, 0;
    %load/vec4 v0x7fc7c5538490_0;
    %flag_set/vec4 8;
    %jmp/0xz  T_4.2, 8;
    %load/vec4 v0x7fc7c5537680_0;
    %parti/s 8, 0, 2;
    %assign/vec4 v0x7fc7c5537ca0_0, 0;
T_4.2 ;
    %load/vec4 v0x7fc7c55383f0_0;
    %flag_set/vec4 8;
    %jmp/0xz  T_4.4, 8;
    %load/vec4 v0x7fc7c55382b0_0;
    %assign/vec4 v0x7fc7c5537dd0_0, 0;
    %load/vec4 v0x7fc7c5538210_0;
    %assign/vec4 v0x7fc7c5537d30_0, 0;
    %load/vec4 v0x7fc7c5538010_0;
    %assign/vec4 v0x7fc7c5537850_0, 0;
T_4.4 ;
    %load/vec4 v0x7fc7c5538350_0;
    %flag_set/vec4 8;
    %jmp/0xz  T_4.6, 8;
    %load/vec4 v0x7fc7c55380b0_0;
    %assign/vec4 v0x7fc7c5537710_0, 0;
T_4.6 ;
T_4.1 ;
    %jmp T_4;
    .thread T_4;
    .scope S_0x7fc7c5536950;
T_5 ;
    %wait E_0x7fc7c55372d0;
    %pushi/vec4 255, 255, 8;
    %store/vec4 v0x7fc7c55373f0_0, 0, 8;
    %pushi/vec4 65535, 65535, 16;
    %store/vec4 v0x7fc7c55375b0_0, 0, 16;
    %pushi/vec4 1, 0, 1;
    %store/vec4 v0x7fc7c5537ad0_0, 0, 1;
    %pushi/vec4 0, 0, 1;
    %store/vec4 v0x7fc7c5537f70_0, 0, 1;
    %load/vec4 v0x7fc7c5537a20_0;
    %store/vec4 v0x7fc7c5538160_0, 0, 3;
    %pushi/vec4 0, 0, 1;
    %store/vec4 v0x7fc7c5538010_0, 0, 1;
    %pushi/vec4 65535, 65535, 16;
    %store/vec4 v0x7fc7c55380b0_0, 0, 16;
    %pushi/vec4 0, 0, 1;
    %store/vec4 v0x7fc7c55382b0_0, 0, 1;
    %pushi/vec4 0, 0, 1;
    %store/vec4 v0x7fc7c5538210_0, 0, 1;
    %pushi/vec4 0, 0, 1;
    %store/vec4 v0x7fc7c5537f70_0, 0, 1;
    %pushi/vec4 0, 0, 1;
    %store/vec4 v0x7fc7c5538490_0, 0, 1;
    %pushi/vec4 0, 0, 1;
    %store/vec4 v0x7fc7c5538350_0, 0, 1;
    %pushi/vec4 0, 0, 1;
    %store/vec4 v0x7fc7c55383f0_0, 0, 1;
    %load/vec4 v0x7fc7c5537a20_0;
    %dup/vec4;
    %pushi/vec4 0, 0, 3;
    %cmp/u;
    %jmp/1 T_5.0, 6;
    %dup/vec4;
    %pushi/vec4 1, 0, 3;
    %cmp/u;
    %jmp/1 T_5.1, 6;
    %dup/vec4;
    %pushi/vec4 2, 0, 3;
    %cmp/u;
    %jmp/1 T_5.2, 6;
    %dup/vec4;
    %pushi/vec4 3, 0, 3;
    %cmp/u;
    %jmp/1 T_5.3, 6;
    %dup/vec4;
    %pushi/vec4 4, 0, 3;
    %cmp/u;
    %jmp/1 T_5.4, 6;
    %dup/vec4;
    %pushi/vec4 5, 0, 3;
    %cmp/u;
    %jmp/1 T_5.5, 6;
    %dup/vec4;
    %pushi/vec4 6, 0, 3;
    %cmp/u;
    %jmp/1 T_5.6, 6;
    %dup/vec4;
    %pushi/vec4 7, 0, 3;
    %cmp/u;
    %jmp/1 T_5.7, 6;
    %jmp T_5.8;
T_5.0 ;
    %load/vec4 v0x7fc7c5537490_0;
    %store/vec4 v0x7fc7c55373f0_0, 0, 8;
    %pushi/vec4 1, 0, 3;
    %store/vec4 v0x7fc7c5538160_0, 0, 3;
    %jmp T_5.8;
T_5.1 ;
    %pushi/vec4 1, 0, 1;
    %store/vec4 v0x7fc7c5538490_0, 0, 1;
    %load/vec4 v0x7fc7c5537490_0;
    %store/vec4 v0x7fc7c55373f0_0, 0, 8;
    %pushi/vec4 2, 0, 3;
    %store/vec4 v0x7fc7c5538160_0, 0, 3;
    %jmp T_5.8;
T_5.2 ;
    %pushi/vec4 1, 0, 1;
    %store/vec4 v0x7fc7c55383f0_0, 0, 1;
    %load/vec4 v0x7fc7c5537ca0_0;
    %pad/u 32;
    %pushi/vec4 0, 0, 32;
    %cmp/e;
    %flag_get/vec4 4;
    %store/vec4 v0x7fc7c5538210_0, 0, 1;
    %load/vec4 v0x7fc7c5537ca0_0;
    %pad/u 32;
    %pushi/vec4 0, 0, 32;
    %cmp/ne;
    %flag_get/vec4 4;
    %store/vec4 v0x7fc7c55382b0_0, 0, 1;
    %load/vec4 v0x7fc7c5537ca0_0;
    %pad/u 32;
    %pushi/vec4 0, 0, 32;
    %cmp/ne;
    %flag_get/vec4 4;
    %store/vec4 v0x7fc7c5538010_0, 0, 1;
    %load/vec4 v0x7fc7c5537ca0_0;
    %pad/u 32;
    %cmpi/e 0, 0, 32;
    %flag_mov 8, 4;
    %jmp/0 T_5.9, 8;
    %pushi/vec4 3, 0, 3;
    %jmp/1 T_5.10, 8;
T_5.9 ; End of true expr.
    %pushi/vec4 5, 0, 3;
    %jmp/0 T_5.10, 8;
 ; End of false expr.
    %blend;
T_5.10;
    %store/vec4 v0x7fc7c5538160_0, 0, 3;
    %load/vec4 v0x7fc7c5537970_0;
    %store/vec4 v0x7fc7c55373f0_0, 0, 8;
    %jmp T_5.8;
T_5.3 ;
    %load/vec4 v0x7fc7c5537490_0;
    %store/vec4 v0x7fc7c55373f0_0, 0, 8;
    %pushi/vec4 0, 0, 8;
    %load/vec4 v0x7fc7c5537c10_0;
    %concat/vec4; draw_concat_vec4
    %store/vec4 v0x7fc7c55375b0_0, 0, 16;
    %pushi/vec4 0, 0, 1;
    %store/vec4 v0x7fc7c5537ad0_0, 0, 1;
    %pushi/vec4 4, 0, 3;
    %store/vec4 v0x7fc7c5538160_0, 0, 3;
    %jmp T_5.8;
T_5.4 ;
    %load/vec4 v0x7fc7c5537490_0;
    %store/vec4 v0x7fc7c55373f0_0, 0, 8;
    %pushi/vec4 0, 0, 8;
    %load/vec4 v0x7fc7c5537c10_0;
    %concat/vec4; draw_concat_vec4
    %store/vec4 v0x7fc7c55375b0_0, 0, 16;
    %pushi/vec4 0, 0, 1;
    %store/vec4 v0x7fc7c5537ad0_0, 0, 1;
    %pushi/vec4 0, 0, 3;
    %store/vec4 v0x7fc7c5538160_0, 0, 3;
    %pushi/vec4 1, 0, 1;
    %store/vec4 v0x7fc7c5537f70_0, 0, 1;
    %jmp T_5.8;
T_5.5 ;
    %load/vec4 v0x7fc7c5537970_0;
    %store/vec4 v0x7fc7c55373f0_0, 0, 8;
    %pushi/vec4 1, 0, 1;
    %store/vec4 v0x7fc7c5538350_0, 0, 1;
    %load/vec4 v0x7fc7c5537680_0;
    %store/vec4 v0x7fc7c55380b0_0, 0, 16;
    %pushi/vec4 6, 0, 3;
    %store/vec4 v0x7fc7c5538160_0, 0, 3;
    %jmp T_5.8;
T_5.6 ;
    %load/vec4 v0x7fc7c5537490_0;
    %store/vec4 v0x7fc7c55373f0_0, 0, 8;
    %pushi/vec4 0, 0, 16;
    %store/vec4 v0x7fc7c55375b0_0, 0, 16;
    %pushi/vec4 0, 0, 1;
    %store/vec4 v0x7fc7c5537ad0_0, 0, 1;
    %pushi/vec4 7, 0, 3;
    %store/vec4 v0x7fc7c5538160_0, 0, 3;
    %jmp T_5.8;
T_5.7 ;
    %load/vec4 v0x7fc7c5537490_0;
    %store/vec4 v0x7fc7c55373f0_0, 0, 8;
    %pushi/vec4 0, 0, 16;
    %store/vec4 v0x7fc7c55375b0_0, 0, 16;
    %pushi/vec4 0, 0, 1;
    %store/vec4 v0x7fc7c5537ad0_0, 0, 1;
    %pushi/vec4 0, 0, 3;
    %store/vec4 v0x7fc7c5538160_0, 0, 3;
    %pushi/vec4 1, 0, 1;
    %store/vec4 v0x7fc7c5537f70_0, 0, 1;
    %jmp T_5.8;
T_5.8 ;
    %pop/vec4 1;
    %jmp T_5;
    .thread T_5, $push;
    .scope S_0x7fc7c5502c40;
T_6 ;
    %pushi/vec4 0, 0, 1;
    %store/vec4 v0x7fc7c5539080_0, 0, 1;
    %pushi/vec4 0, 0, 8;
    %store/vec4 v0x7fc7c5538a80_0, 0, 8;
    %end;
    .thread T_6, $init;
    .scope S_0x7fc7c5502c40;
T_7 ;
    %delay 1, 0;
    %load/vec4 v0x7fc7c5538b10_0;
    %pushi/vec4 1, 0, 1;
    %cmp/ne;
    %flag_get/vec4 6;
    %store/vec4 v0x7fc7c5538b10_0, 0, 1;
    %jmp T_7;
    .thread T_7;
    .scope S_0x7fc7c5502c40;
T_8 ;
    %vpi_call/w 3 95 "$dumpfile", "Receive_tb.vcd" {0 0 0};
    %vpi_call/w 3 96 "$dumpvars", 32'sb00000000000000000000000000000000, S_0x7fc7c5502c40 {0 0 0};
    %delay 3, 0;
    %fork TD_Receive_tb.receiveNoSender, S_0x7fc7c5538680;
    %join;
    %delay 2, 0;
    %fork TD_Receive_tb.receiveSomeSender, S_0x7fc7c55387f0;
    %join;
    %delay 2, 0;
    %vpi_call/w 3 101 "$finish" {0 0 0};
    %end;
    .thread T_8;
# The file index is used to find the file name in the following table.
:file_names 6;
    "N/A";
    "<interactive>";
    "-";
    "Receive_tb.v";
    "IceRam.v";
    "Receive.v";
