#! /usr/local/bin/vvp
:ivl_version "11.0 (devel)" "(s20150603-595-ge745304c)";
:ivl_delay_selection "TYPICAL";
:vpi_time_precision + 0;
:vpi_module "system";
:vpi_module "vhdl_sys";
:vpi_module "vhdl_textio";
:vpi_module "v2005_math";
:vpi_module "va_math";
:vpi_module "v2009";
S_0x7fd6d643e710 .scope package, "$unit" "$unit" 2 1;
 .timescale 0 0;
S_0x7fd6d6417910 .scope module, "Scheduler_tb" "Scheduler_tb" 3 3;
 .timescale 0 0;
P_0x7fd6d6406c40 .param/l "addrBits" 1 3 4, +C4<00000000000000000000000000001000>;
P_0x7fd6d6406c80 .param/l "dataBits" 1 3 5, +C4<00000000000000000000000000010000>;
v0x7fd6d6404230_0 .net "canHalt", 0 0, L_0x7fd6d645b460;  1 drivers
v0x7fd6d645a650_0 .var "clk", 0 0;
v0x7fd6d645a720_0 .net "core0Active", 0 0, v0x7fd6d6458ca0_0;  1 drivers
v0x7fd6d645a7d0_0 .net "core0NeedsResumeAwake", 0 0, v0x7fd6d6458d30_0;  1 drivers
v0x7fd6d645a880_0 .net "core0Pid", 7 0, v0x7fd6d6458dd0_0;  1 drivers
v0x7fd6d645a950_0 .var "core0ReadyForDeschedule", 0 0;
v0x7fd6d645aa00_0 .net "core1Active", 0 0, v0x7fd6d6458fa0_0;  1 drivers
v0x7fd6d645aab0_0 .net "core1NeedsResumeAwake", 0 0, v0x7fd6d6459040_0;  1 drivers
v0x7fd6d645ab60_0 .net "core1Pid", 7 0, v0x7fd6d64590e0_0;  1 drivers
v0x7fd6d645ac90_0 .var "core1ReadyForDeschedule", 0 0;
v0x7fd6d645ad20_0 .var "deschedulePid", 7 0;
v0x7fd6d645adb0_0 .var "enabled", 0 0;
v0x7fd6d645ae60_0 .net "finished", 0 0, v0x7fd6d6459410_0;  1 drivers
v0x7fd6d645af10_0 .var "hasDeschedule", 0 0;
v0x7fd6d645afa0_0 .var "hasSchedule", 0 0;
v0x7fd6d645b050_0 .var "reset", 0 0;
v0x7fd6d645b0e0_0 .var "schedulePid", 7 0;
S_0x7fd6d6406880 .scope task, "deschedule1" "deschedule1" 3 117, 3 117 0, S_0x7fd6d6417910;
 .timescale 0 0;
E_0x7fd6d643ff00 .event posedge, v0x7fd6d6459410_0;
TD_Scheduler_tb.deschedule1 ;
    %pushi/vec4 1, 0, 1;
    %assign/vec4 v0x7fd6d645af10_0, 0;
    %pushi/vec4 0, 0, 1;
    %assign/vec4 v0x7fd6d645afa0_0, 0;
    %pushi/vec4 1, 0, 8;
    %assign/vec4 v0x7fd6d645ad20_0, 0;
    %pushi/vec4 1, 0, 1;
    %assign/vec4 v0x7fd6d645adb0_0, 0;
    %wait E_0x7fd6d643ff00;
    %pushi/vec4 0, 0, 1;
    %assign/vec4 v0x7fd6d645adb0_0, 0;
    %load/vec4 v0x7fd6d645a720_0;
    %nor/r;
    %flag_set/vec4 8;
    %jmp/0xz  T_0.0, 8;
    %vpi_call/w 3 126 "$error", "Core 0 should be active" {0 0 0};
T_0.0 ;
    %load/vec4 v0x7fd6d645a7d0_0;
    %nor/r;
    %flag_set/vec4 8;
    %jmp/0xz  T_0.2, 8;
    %vpi_call/w 3 127 "$error", "Core 0 should need resume" {0 0 0};
T_0.2 ;
    %load/vec4 v0x7fd6d645a880_0;
    %pad/u 32;
    %cmpi/ne 3, 0, 32;
    %jmp/0xz  T_0.4, 4;
    %vpi_call/w 3 128 "$error", "Core 0 should have pid 3" {0 0 0};
T_0.4 ;
    %load/vec4 v0x7fd6d645aa00_0;
    %nor/r;
    %flag_set/vec4 8;
    %jmp/0xz  T_0.6, 8;
    %vpi_call/w 3 129 "$error", "Core 1 should be active" {0 0 0};
T_0.6 ;
    %load/vec4 v0x7fd6d645aab0_0;
    %flag_set/vec4 8;
    %jmp/0xz  T_0.8, 8;
    %vpi_call/w 3 130 "$error", "Core 1 shouldn't need resume awake" {0 0 0};
T_0.8 ;
    %load/vec4 v0x7fd6d645ab60_0;
    %pad/u 32;
    %cmpi/ne 2, 0, 32;
    %jmp/0xz  T_0.10, 4;
    %vpi_call/w 3 131 "$error", "Expected core 1 to be assigned 2" {0 0 0};
T_0.10 ;
    %load/vec4 v0x7fd6d6404230_0;
    %flag_set/vec4 8;
    %jmp/0xz  T_0.12, 8;
    %vpi_call/w 3 132 "$error", "Shouldn't be able to halt" {0 0 0};
T_0.12 ;
    %end;
S_0x7fd6d6403e20 .scope task, "deschedule2Schedule4" "deschedule2Schedule4" 3 137, 3 137 0, S_0x7fd6d6417910;
 .timescale 0 0;
TD_Scheduler_tb.deschedule2Schedule4 ;
    %pushi/vec4 1, 0, 1;
    %assign/vec4 v0x7fd6d645af10_0, 0;
    %pushi/vec4 1, 0, 1;
    %assign/vec4 v0x7fd6d645afa0_0, 0;
    %pushi/vec4 2, 0, 8;
    %assign/vec4 v0x7fd6d645ad20_0, 0;
    %pushi/vec4 4, 0, 8;
    %store/vec4 v0x7fd6d645b0e0_0, 0, 8;
    %pushi/vec4 1, 0, 1;
    %assign/vec4 v0x7fd6d645adb0_0, 0;
    %wait E_0x7fd6d643ff00;
    %pushi/vec4 0, 0, 1;
    %assign/vec4 v0x7fd6d645adb0_0, 0;
    %load/vec4 v0x7fd6d645a720_0;
    %nor/r;
    %flag_set/vec4 8;
    %jmp/0xz  T_1.14, 8;
    %vpi_call/w 3 147 "$error", "Core 0 should be active" {0 0 0};
T_1.14 ;
    %load/vec4 v0x7fd6d645a7d0_0;
    %flag_set/vec4 8;
    %jmp/0xz  T_1.16, 8;
    %vpi_call/w 3 148 "$error", "Core 0 shouldn't need resume" {0 0 0};
T_1.16 ;
    %load/vec4 v0x7fd6d645a880_0;
    %pad/u 32;
    %cmpi/ne 3, 0, 32;
    %jmp/0xz  T_1.18, 4;
    %vpi_call/w 3 149 "$error", "Core 0 should have pid 3" {0 0 0};
T_1.18 ;
    %load/vec4 v0x7fd6d645aa00_0;
    %nor/r;
    %flag_set/vec4 8;
    %jmp/0xz  T_1.20, 8;
    %vpi_call/w 3 150 "$error", "Core 1 should be active" {0 0 0};
T_1.20 ;
    %load/vec4 v0x7fd6d645aab0_0;
    %nor/r;
    %flag_set/vec4 8;
    %jmp/0xz  T_1.22, 8;
    %vpi_call/w 3 151 "$error", "Core 1 needs resume awake" {0 0 0};
T_1.22 ;
    %load/vec4 v0x7fd6d645ab60_0;
    %pad/u 32;
    %cmpi/ne 4, 0, 32;
    %jmp/0xz  T_1.24, 4;
    %vpi_call/w 3 152 "$error", "Expected core 1 to be assigned 4" {0 0 0};
T_1.24 ;
    %load/vec4 v0x7fd6d6404230_0;
    %flag_set/vec4 8;
    %jmp/0xz  T_1.26, 8;
    %vpi_call/w 3 153 "$error", "Shouldn't be able to halt" {0 0 0};
T_1.26 ;
    %end;
S_0x7fd6d6448ac0 .scope task, "deschedule3" "deschedule3" 3 158, 3 158 0, S_0x7fd6d6417910;
 .timescale 0 0;
TD_Scheduler_tb.deschedule3 ;
    %pushi/vec4 1, 0, 1;
    %assign/vec4 v0x7fd6d645af10_0, 0;
    %pushi/vec4 0, 0, 1;
    %assign/vec4 v0x7fd6d645afa0_0, 0;
    %pushi/vec4 3, 0, 8;
    %assign/vec4 v0x7fd6d645ad20_0, 0;
    %pushi/vec4 1, 0, 1;
    %assign/vec4 v0x7fd6d645adb0_0, 0;
    %wait E_0x7fd6d643ff00;
    %pushi/vec4 0, 0, 1;
    %assign/vec4 v0x7fd6d645adb0_0, 0;
    %load/vec4 v0x7fd6d645a720_0;
    %flag_set/vec4 8;
    %jmp/0xz  T_2.28, 8;
    %vpi_call/w 3 167 "$error", "Core 0 shouldn't be active" {0 0 0};
T_2.28 ;
    %load/vec4 v0x7fd6d645a7d0_0;
    %flag_set/vec4 8;
    %jmp/0xz  T_2.30, 8;
    %vpi_call/w 3 168 "$error", "Core 0 shouldn't need resume" {0 0 0};
T_2.30 ;
    %load/vec4 v0x7fd6d645aa00_0;
    %nor/r;
    %flag_set/vec4 8;
    %jmp/0xz  T_2.32, 8;
    %vpi_call/w 3 169 "$error", "Core 1 should be active" {0 0 0};
T_2.32 ;
    %load/vec4 v0x7fd6d645aab0_0;
    %flag_set/vec4 8;
    %jmp/0xz  T_2.34, 8;
    %vpi_call/w 3 170 "$error", "Core 1 needs resume awake" {0 0 0};
T_2.34 ;
    %load/vec4 v0x7fd6d645ab60_0;
    %pad/u 32;
    %cmpi/ne 4, 0, 32;
    %jmp/0xz  T_2.36, 4;
    %vpi_call/w 3 171 "$error", "Expected core 1 to be assigned 4" {0 0 0};
T_2.36 ;
    %load/vec4 v0x7fd6d6404230_0;
    %flag_set/vec4 8;
    %jmp/0xz  T_2.38, 8;
    %vpi_call/w 3 172 "$error", "Shouldn't be able to halt" {0 0 0};
T_2.38 ;
    %end;
S_0x7fd6d6448c30 .scope task, "deschedule4" "deschedule4" 3 177, 3 177 0, S_0x7fd6d6417910;
 .timescale 0 0;
TD_Scheduler_tb.deschedule4 ;
    %pushi/vec4 1, 0, 1;
    %assign/vec4 v0x7fd6d645af10_0, 0;
    %pushi/vec4 4, 0, 8;
    %assign/vec4 v0x7fd6d645ad20_0, 0;
    %pushi/vec4 1, 0, 1;
    %assign/vec4 v0x7fd6d645adb0_0, 0;
    %wait E_0x7fd6d643ff00;
    %pushi/vec4 0, 0, 1;
    %assign/vec4 v0x7fd6d645adb0_0, 0;
    %load/vec4 v0x7fd6d645a720_0;
    %flag_set/vec4 8;
    %jmp/0xz  T_3.40, 8;
    %vpi_call/w 3 185 "$error", "Core 0 shouldn't be active" {0 0 0};
T_3.40 ;
    %load/vec4 v0x7fd6d645a7d0_0;
    %flag_set/vec4 8;
    %jmp/0xz  T_3.42, 8;
    %vpi_call/w 3 186 "$error", "Core 0 shouldn't need resume" {0 0 0};
T_3.42 ;
    %load/vec4 v0x7fd6d645aa00_0;
    %flag_set/vec4 8;
    %jmp/0xz  T_3.44, 8;
    %vpi_call/w 3 187 "$error", "Core 1 should be active" {0 0 0};
T_3.44 ;
    %load/vec4 v0x7fd6d645aab0_0;
    %flag_set/vec4 8;
    %jmp/0xz  T_3.46, 8;
    %vpi_call/w 3 188 "$error", "Core 1 needs resume awake" {0 0 0};
T_3.46 ;
    %load/vec4 v0x7fd6d6404230_0;
    %nor/r;
    %flag_set/vec4 8;
    %jmp/0xz  T_3.48, 8;
    %vpi_call/w 3 189 "$error", "Shouldn't be able to halt" {0 0 0};
T_3.48 ;
    %end;
S_0x7fd6d6448da0 .scope task, "schedule1" "schedule1" 3 55, 3 55 0, S_0x7fd6d6417910;
 .timescale 0 0;
TD_Scheduler_tb.schedule1 ;
    %pushi/vec4 1, 0, 1;
    %assign/vec4 v0x7fd6d645adb0_0, 0;
    %pushi/vec4 1, 0, 1;
    %assign/vec4 v0x7fd6d645a950_0, 0;
    %pushi/vec4 1, 0, 1;
    %assign/vec4 v0x7fd6d645ac90_0, 0;
    %pushi/vec4 0, 0, 1;
    %assign/vec4 v0x7fd6d645af10_0, 0;
    %pushi/vec4 1, 0, 1;
    %assign/vec4 v0x7fd6d645afa0_0, 0;
    %pushi/vec4 1, 0, 8;
    %assign/vec4 v0x7fd6d645b0e0_0, 0;
    %wait E_0x7fd6d643ff00;
    %pushi/vec4 0, 0, 1;
    %assign/vec4 v0x7fd6d645adb0_0, 0;
    %load/vec4 v0x7fd6d645a720_0;
    %nor/r;
    %flag_set/vec4 8;
    %jmp/0xz  T_4.50, 8;
    %vpi_call/w 3 67 "$error", "Expected core 0 to be active" {0 0 0};
T_4.50 ;
    %load/vec4 v0x7fd6d645a7d0_0;
    %nor/r;
    %flag_set/vec4 8;
    %jmp/0xz  T_4.52, 8;
    %vpi_call/w 3 68 "$error", "Need to awaken core 0" {0 0 0};
T_4.52 ;
    %load/vec4 v0x7fd6d645a880_0;
    %load/vec4 v0x7fd6d645b0e0_0;
    %cmp/ne;
    %jmp/0xz  T_4.54, 4;
    %vpi_call/w 3 69 "$error", "Expected core 0 to be assigned %0d", v0x7fd6d645b0e0_0 {0 0 0};
T_4.54 ;
    %load/vec4 v0x7fd6d645aa00_0;
    %flag_set/vec4 8;
    %jmp/0xz  T_4.56, 8;
    %vpi_call/w 3 70 "$error", "Core 1 should not be active" {0 0 0};
T_4.56 ;
    %load/vec4 v0x7fd6d645aab0_0;
    %flag_set/vec4 8;
    %jmp/0xz  T_4.58, 8;
    %vpi_call/w 3 71 "$error", "Core 1 should not need a resume" {0 0 0};
T_4.58 ;
    %load/vec4 v0x7fd6d6404230_0;
    %flag_set/vec4 8;
    %jmp/0xz  T_4.60, 8;
    %vpi_call/w 3 72 "$error", "Shouldn't be able to halt" {0 0 0};
T_4.60 ;
    %end;
S_0x7fd6d6448f10 .scope task, "schedule2" "schedule2" 3 77, 3 77 0, S_0x7fd6d6417910;
 .timescale 0 0;
TD_Scheduler_tb.schedule2 ;
    %pushi/vec4 1, 0, 1;
    %assign/vec4 v0x7fd6d645afa0_0, 0;
    %pushi/vec4 2, 0, 8;
    %assign/vec4 v0x7fd6d645b0e0_0, 0;
    %pushi/vec4 1, 0, 1;
    %assign/vec4 v0x7fd6d645adb0_0, 0;
    %wait E_0x7fd6d643ff00;
    %pushi/vec4 0, 0, 1;
    %assign/vec4 v0x7fd6d645adb0_0, 0;
    %load/vec4 v0x7fd6d645a720_0;
    %nor/r;
    %flag_set/vec4 8;
    %jmp/0xz  T_5.62, 8;
    %vpi_call/w 3 86 "$error", "Core 0 should be active" {0 0 0};
T_5.62 ;
    %load/vec4 v0x7fd6d645a7d0_0;
    %flag_set/vec4 8;
    %jmp/0xz  T_5.64, 8;
    %vpi_call/w 3 87 "$error", "Core 0 shouldn't be resumed" {0 0 0};
T_5.64 ;
    %load/vec4 v0x7fd6d645a880_0;
    %pad/u 32;
    %cmpi/ne 1, 0, 32;
    %jmp/0xz  T_5.66, 4;
    %vpi_call/w 3 88 "$error", "Core 0 should have pid 1" {0 0 0};
T_5.66 ;
    %load/vec4 v0x7fd6d645aa00_0;
    %nor/r;
    %flag_set/vec4 8;
    %jmp/0xz  T_5.68, 8;
    %vpi_call/w 3 89 "$error", "Core 1 should be active" {0 0 0};
T_5.68 ;
    %load/vec4 v0x7fd6d645aab0_0;
    %nor/r;
    %flag_set/vec4 8;
    %jmp/0xz  T_5.70, 8;
    %vpi_call/w 3 90 "$error", "Core 1 should need resume awake" {0 0 0};
T_5.70 ;
    %load/vec4 v0x7fd6d645ab60_0;
    %load/vec4 v0x7fd6d645b0e0_0;
    %cmp/ne;
    %jmp/0xz  T_5.72, 4;
    %vpi_call/w 3 91 "$error", "Expected core 1 to be assigned %0d", v0x7fd6d645b0e0_0 {0 0 0};
T_5.72 ;
    %load/vec4 v0x7fd6d6404230_0;
    %flag_set/vec4 8;
    %jmp/0xz  T_5.74, 8;
    %vpi_call/w 3 92 "$error", "Shouldn't be able to halt" {0 0 0};
T_5.74 ;
    %end;
S_0x7fd6d6449080 .scope task, "schedule3" "schedule3" 3 97, 3 97 0, S_0x7fd6d6417910;
 .timescale 0 0;
TD_Scheduler_tb.schedule3 ;
    %pushi/vec4 1, 0, 1;
    %assign/vec4 v0x7fd6d645afa0_0, 0;
    %pushi/vec4 3, 0, 8;
    %assign/vec4 v0x7fd6d645b0e0_0, 0;
    %pushi/vec4 1, 0, 1;
    %assign/vec4 v0x7fd6d645adb0_0, 0;
    %wait E_0x7fd6d643ff00;
    %pushi/vec4 0, 0, 1;
    %assign/vec4 v0x7fd6d645adb0_0, 0;
    %load/vec4 v0x7fd6d645a720_0;
    %nor/r;
    %flag_set/vec4 8;
    %jmp/0xz  T_6.76, 8;
    %vpi_call/w 3 106 "$error", "Core 0 should be active" {0 0 0};
T_6.76 ;
    %load/vec4 v0x7fd6d645a7d0_0;
    %flag_set/vec4 8;
    %jmp/0xz  T_6.78, 8;
    %vpi_call/w 3 107 "$error", "Core 0 shouldn't be resumed" {0 0 0};
T_6.78 ;
    %load/vec4 v0x7fd6d645a880_0;
    %pad/u 32;
    %cmpi/ne 1, 0, 32;
    %jmp/0xz  T_6.80, 4;
    %vpi_call/w 3 108 "$error", "Core 0 should have pid 1" {0 0 0};
T_6.80 ;
    %load/vec4 v0x7fd6d645aa00_0;
    %nor/r;
    %flag_set/vec4 8;
    %jmp/0xz  T_6.82, 8;
    %vpi_call/w 3 109 "$error", "Core 1 should be active" {0 0 0};
T_6.82 ;
    %load/vec4 v0x7fd6d645aab0_0;
    %flag_set/vec4 8;
    %jmp/0xz  T_6.84, 8;
    %vpi_call/w 3 110 "$error", "Core 1 should need resume awake" {0 0 0};
T_6.84 ;
    %load/vec4 v0x7fd6d645ab60_0;
    %pad/u 32;
    %cmpi/ne 2, 0, 32;
    %jmp/0xz  T_6.86, 4;
    %vpi_call/w 3 111 "$error", "Expected core 1 to be assigned 2" {0 0 0};
T_6.86 ;
    %load/vec4 v0x7fd6d6404230_0;
    %flag_set/vec4 8;
    %jmp/0xz  T_6.88, 8;
    %vpi_call/w 3 112 "$error", "Shouldn't be able to halt" {0 0 0};
T_6.88 ;
    %end;
S_0x7fd6d64491f0 .scope module, "scheduler" "Scheduler" 3 31, 4 6 0, S_0x7fd6d6417910;
 .timescale 0 0;
    .port_info 0 /INPUT 1 "clk";
    .port_info 1 /INPUT 1 "reset";
    .port_info 2 /INPUT 1 "enabled";
    .port_info 3 /OUTPUT 1 "finished";
    .port_info 4 /INPUT 1 "core0ReadyForDeschedule";
    .port_info 5 /INPUT 1 "core1ReadyForDeschedule";
    .port_info 6 /INPUT 1 "hasDeschedule";
    .port_info 7 /INPUT 8 "deschedulePid";
    .port_info 8 /INPUT 1 "hasSchedule";
    .port_info 9 /INPUT 8 "schedulePid";
    .port_info 10 /OUTPUT 1 "core0Active";
    .port_info 11 /OUTPUT 8 "core0Pid";
    .port_info 12 /OUTPUT 1 "core1Active";
    .port_info 13 /OUTPUT 8 "core1Pid";
    .port_info 14 /OUTPUT 1 "core0NeedsResumeAwake";
    .port_info 15 /OUTPUT 1 "core1NeedsResumeAwake";
    .port_info 16 /OUTPUT 1 "canHalt";
P_0x7fd6d6449360 .param/l "STATE_DESCHEDULE_START" 1 4 67, C4<0001>;
P_0x7fd6d64493a0 .param/l "STATE_DESCHEDULE_WAIT" 1 4 68, C4<0010>;
P_0x7fd6d64493e0 .param/l "STATE_INIT" 1 4 66, C4<0000>;
P_0x7fd6d6449420 .param/l "STATE_SCHEDULE_ADD_TO_SCHEDULE_LIST_0" 1 4 69, C4<0011>;
P_0x7fd6d6449460 .param/l "STATE_SCHEDULE_ADD_TO_SCHEDULE_LIST_1" 1 4 70, C4<0100>;
P_0x7fd6d64494a0 .param/l "STATE_SCHEDULE_INIT" 1 4 71, C4<0101>;
P_0x7fd6d64494e0 .param/l "STATE_SCHEDULE_READ_NEXT" 1 4 72, C4<0110>;
P_0x7fd6d6449520 .param/l "addrBits" 0 4 6, +C4<00000000000000000000000000001000>;
P_0x7fd6d6449560 .param/l "dataBits" 0 4 6, +C4<00000000000000000000000000010000>;
v0x7fd6d6458950_0 .net *"_s0", 31 0, L_0x7fd6d645b2d0;  1 drivers
L_0x107fe4008 .functor BUFT 1, C4<000000000000000>, C4<0>, C4<0>, C4<0>;
v0x7fd6d64589f0_0 .net *"_s3", 14 0, L_0x107fe4008;  1 drivers
L_0x107fe4050 .functor BUFT 1, C4<00000000000000000000000000000000>, C4<0>, C4<0>, C4<0>;
v0x7fd6d6458a90_0 .net/2u *"_s4", 31 0, L_0x107fe4050;  1 drivers
v0x7fd6d6458b30_0 .net "canHalt", 0 0, L_0x7fd6d645b460;  alias, 1 drivers
v0x7fd6d6458bd0_0 .net "clk", 0 0, v0x7fd6d645a650_0;  1 drivers
v0x7fd6d6458ca0_0 .var "core0Active", 0 0;
v0x7fd6d6458d30_0 .var "core0NeedsResumeAwake", 0 0;
v0x7fd6d6458dd0_0 .var "core0Pid", 7 0;
v0x7fd6d6458e80_0 .net "core0ReadyForDeschedule", 0 0, v0x7fd6d645a950_0;  1 drivers
v0x7fd6d6458fa0_0 .var "core1Active", 0 0;
v0x7fd6d6459040_0 .var "core1NeedsResumeAwake", 0 0;
v0x7fd6d64590e0_0 .var "core1Pid", 7 0;
v0x7fd6d6459190_0 .net "core1ReadyForDeschedule", 0 0, v0x7fd6d645ac90_0;  1 drivers
v0x7fd6d6459230_0 .net "dataOut", 15 0, L_0x7fd6d645abf0;  1 drivers
v0x7fd6d64592f0_0 .net "deschedulePid", 7 0, v0x7fd6d645ad20_0;  1 drivers
v0x7fd6d6459380_0 .net "enabled", 0 0, v0x7fd6d645adb0_0;  1 drivers
v0x7fd6d6459410_0 .var "finished", 0 0;
v0x7fd6d64595a0_0 .net "hasDeschedule", 0 0, v0x7fd6d645af10_0;  1 drivers
v0x7fd6d6459630_0 .net "hasSchedule", 0 0, v0x7fd6d645afa0_0;  1 drivers
v0x7fd6d64596d0_0 .var "rEndOfIndexList", 7 0;
v0x7fd6d6459780_0 .var "rFrontOfIndexList", 7 0;
v0x7fd6d6459830_0 .var "rScheduleState", 16 0;
v0x7fd6d64598e0_0 .var "rState", 3 0;
v0x7fd6d6459990_0 .net "reset", 0 0, v0x7fd6d645b050_0;  1 drivers
v0x7fd6d6459a30_0 .net "schedulePid", 7 0, v0x7fd6d645b0e0_0;  1 drivers
v0x7fd6d6459ae0_0 .var "wActivateCore0", 0 0;
v0x7fd6d6459b80_0 .var "wActivateCore1", 0 0;
v0x7fd6d6459c20_0 .var "wAddress", 7 0;
v0x7fd6d6459ce0_0 .var "wCore0NewPid", 7 0;
v0x7fd6d6459d70_0 .var "wCore1NewPid", 7 0;
v0x7fd6d6459e00_0 .var "wDataIn", 15 0;
v0x7fd6d6459e90_0 .var "wDeactivateCore0", 0 0;
v0x7fd6d6459f20_0 .var "wDeactivateCore1", 0 0;
v0x7fd6d64594a0_0 .var "wFinished", 0 0;
v0x7fd6d645a1b0_0 .var "wIncrementListEnd", 0 0;
v0x7fd6d645a240_0 .var "wIncrementListFront", 0 0;
v0x7fd6d645a2d0_0 .var "wNextScheduleState", 16 0;
v0x7fd6d645a360_0 .var "wNextState", 3 0;
v0x7fd6d645a3f0_0 .var "wReadWriteMode", 0 0;
E_0x7fd6d64041a0/0 .event edge, v0x7fd6d64598e0_0, v0x7fd6d6459830_0, v0x7fd6d64595a0_0, v0x7fd6d6459630_0;
E_0x7fd6d64041a0/1 .event edge, v0x7fd6d6458dd0_0, v0x7fd6d64592f0_0, v0x7fd6d64590e0_0, v0x7fd6d6458e80_0;
E_0x7fd6d64041a0/2 .event edge, v0x7fd6d6459190_0, v0x7fd6d64596d0_0, v0x7fd6d6459a30_0, v0x7fd6d6459780_0;
E_0x7fd6d64041a0/3 .event edge, v0x7fd6d6458ca0_0, v0x7fd6d6458fa0_0, v0x7fd6d64585f0_0;
E_0x7fd6d64041a0 .event/or E_0x7fd6d64041a0/0, E_0x7fd6d64041a0/1, E_0x7fd6d64041a0/2, E_0x7fd6d64041a0/3;
L_0x7fd6d645b2d0 .concat [ 17 15 0 0], v0x7fd6d6459830_0, L_0x107fe4008;
L_0x7fd6d645b460 .cmp/eq 32, L_0x7fd6d645b2d0, L_0x107fe4050;
S_0x7fd6d6449740 .scope module, "schedulerListMemory" "IceRam" 4 44, 5 6 0, S_0x7fd6d64491f0;
 .timescale 0 0;
    .port_info 0 /INPUT 1 "clk";
    .port_info 1 /INPUT 8 "address";
    .port_info 2 /INPUT 1 "readWriteMode";
    .port_info 3 /INPUT 16 "dataIn";
    .port_info 4 /OUTPUT 16 "dataOut";
P_0x7fd6d6403f90 .param/l "addrBits" 0 5 6, +C4<00000000000000000000000000001000>;
P_0x7fd6d6403fd0 .param/l "dataBits" 0 5 6, +C4<00000000000000000000000000010000>;
P_0x7fd6d6404010 .param/l "ramSize" 1 5 16, +C4<00000000000000000000000100000000>;
P_0x7fd6d6404050 .param/str "romFile" 0 5 14, "zeroes.hex";
L_0x7fd6d645abf0 .functor BUFZ 16, v0x7fd6d64586a0_0, C4<0000000000000000>, C4<0000000000000000>, C4<0000000000000000>;
v0x7fd6d64367f0_0 .net "address", 7 0, v0x7fd6d6459c20_0;  1 drivers
v0x7fd6d6458490_0 .net "clk", 0 0, v0x7fd6d645a650_0;  alias, 1 drivers
v0x7fd6d6458530_0 .net "dataIn", 15 0, v0x7fd6d6459e00_0;  1 drivers
v0x7fd6d64585f0_0 .net "dataOut", 15 0, L_0x7fd6d645abf0;  alias, 1 drivers
v0x7fd6d64586a0_0 .var "rDataOut", 15 0;
v0x7fd6d6458790 .array "ram", 255 0, 15 0;
v0x7fd6d6458830_0 .net "readWriteMode", 0 0, v0x7fd6d645a3f0_0;  1 drivers
E_0x7fd6d640ac70 .event posedge, v0x7fd6d6458490_0;
    .scope S_0x7fd6d6449740;
T_7 ;
    %wait E_0x7fd6d640ac70;
    %load/vec4 v0x7fd6d6458830_0;
    %cmpi/e 0, 0, 1;
    %jmp/0xz  T_7.0, 4;
    %load/vec4 v0x7fd6d6458530_0;
    %load/vec4 v0x7fd6d64367f0_0;
    %pad/u 10;
    %ix/vec4 3;
    %ix/load 4, 0, 0; Constant delay
    %assign/vec4/a/d v0x7fd6d6458790, 0, 4;
T_7.0 ;
    %load/vec4 v0x7fd6d64367f0_0;
    %pad/u 10;
    %ix/vec4 4;
    %load/vec4a v0x7fd6d6458790, 4;
    %assign/vec4 v0x7fd6d64586a0_0, 0;
    %jmp T_7;
    .thread T_7;
    .scope S_0x7fd6d6449740;
T_8 ;
    %vpi_call/w 5 30 "$readmemh", P_0x7fd6d6404050, v0x7fd6d6458790 {0 0 0};
    %end;
    .thread T_8;
    .scope S_0x7fd6d64491f0;
T_9 ;
    %wait E_0x7fd6d640ac70;
    %load/vec4 v0x7fd6d6459990_0;
    %nor/r;
    %flag_set/vec4 8;
    %jmp/0xz  T_9.0, 8;
    %pushi/vec4 0, 0, 4;
    %assign/vec4 v0x7fd6d64598e0_0, 0;
    %pushi/vec4 0, 0, 17;
    %assign/vec4 v0x7fd6d6459830_0, 0;
    %pushi/vec4 0, 0, 1;
    %assign/vec4 v0x7fd6d6459410_0, 0;
    %pushi/vec4 0, 0, 8;
    %assign/vec4 v0x7fd6d6459780_0, 0;
    %pushi/vec4 0, 0, 8;
    %assign/vec4 v0x7fd6d64596d0_0, 0;
    %pushi/vec4 0, 0, 1;
    %assign/vec4 v0x7fd6d6458ca0_0, 0;
    %pushi/vec4 0, 0, 8;
    %assign/vec4 v0x7fd6d6458dd0_0, 0;
    %pushi/vec4 0, 0, 1;
    %assign/vec4 v0x7fd6d6458fa0_0, 0;
    %pushi/vec4 0, 0, 8;
    %assign/vec4 v0x7fd6d64590e0_0, 0;
    %jmp T_9.1;
T_9.0 ;
    %load/vec4 v0x7fd6d6459380_0;
    %nor/r;
    %flag_set/vec4 8;
    %jmp/0xz  T_9.2, 8;
    %pushi/vec4 0, 0, 4;
    %assign/vec4 v0x7fd6d64598e0_0, 0;
    %pushi/vec4 0, 0, 1;
    %assign/vec4 v0x7fd6d6459410_0, 0;
    %pushi/vec4 0, 0, 1;
    %assign/vec4 v0x7fd6d6458d30_0, 0;
    %pushi/vec4 0, 0, 1;
    %assign/vec4 v0x7fd6d6459040_0, 0;
    %jmp T_9.3;
T_9.2 ;
    %load/vec4 v0x7fd6d645a360_0;
    %assign/vec4 v0x7fd6d64598e0_0, 0;
    %load/vec4 v0x7fd6d64594a0_0;
    %assign/vec4 v0x7fd6d6459410_0, 0;
    %load/vec4 v0x7fd6d645a2d0_0;
    %assign/vec4 v0x7fd6d6459830_0, 0;
    %load/vec4 v0x7fd6d6459e90_0;
    %flag_set/vec4 8;
    %jmp/0xz  T_9.4, 8;
    %pushi/vec4 0, 0, 1;
    %assign/vec4 v0x7fd6d6458ca0_0, 0;
    %jmp T_9.5;
T_9.4 ;
    %load/vec4 v0x7fd6d6459ae0_0;
    %flag_set/vec4 8;
    %jmp/0xz  T_9.6, 8;
    %pushi/vec4 1, 0, 1;
    %assign/vec4 v0x7fd6d6458ca0_0, 0;
    %pushi/vec4 1, 0, 1;
    %assign/vec4 v0x7fd6d6458d30_0, 0;
    %load/vec4 v0x7fd6d6459ce0_0;
    %assign/vec4 v0x7fd6d6458dd0_0, 0;
T_9.6 ;
T_9.5 ;
    %load/vec4 v0x7fd6d6459f20_0;
    %flag_set/vec4 8;
    %jmp/0xz  T_9.8, 8;
    %pushi/vec4 0, 0, 1;
    %assign/vec4 v0x7fd6d6458fa0_0, 0;
    %jmp T_9.9;
T_9.8 ;
    %load/vec4 v0x7fd6d6459b80_0;
    %flag_set/vec4 8;
    %jmp/0xz  T_9.10, 8;
    %pushi/vec4 1, 0, 1;
    %assign/vec4 v0x7fd6d6458fa0_0, 0;
    %pushi/vec4 1, 0, 1;
    %assign/vec4 v0x7fd6d6459040_0, 0;
    %load/vec4 v0x7fd6d6459d70_0;
    %assign/vec4 v0x7fd6d64590e0_0, 0;
T_9.10 ;
T_9.9 ;
    %load/vec4 v0x7fd6d645a240_0;
    %flag_set/vec4 8;
    %jmp/0xz  T_9.12, 8;
    %load/vec4 v0x7fd6d6459780_0;
    %addi 1, 0, 8;
    %assign/vec4 v0x7fd6d6459780_0, 0;
T_9.12 ;
    %load/vec4 v0x7fd6d645a1b0_0;
    %flag_set/vec4 8;
    %jmp/0xz  T_9.14, 8;
    %load/vec4 v0x7fd6d64596d0_0;
    %addi 1, 0, 8;
    %assign/vec4 v0x7fd6d64596d0_0, 0;
T_9.14 ;
T_9.3 ;
T_9.1 ;
    %jmp T_9;
    .thread T_9;
    .scope S_0x7fd6d64491f0;
T_10 ;
    %wait E_0x7fd6d64041a0;
    %pushi/vec4 1, 0, 1;
    %store/vec4 v0x7fd6d645a3f0_0, 0, 1;
    %pushi/vec4 255, 255, 8;
    %store/vec4 v0x7fd6d6459c20_0, 0, 8;
    %pushi/vec4 65535, 65535, 16;
    %store/vec4 v0x7fd6d6459e00_0, 0, 16;
    %load/vec4 v0x7fd6d64598e0_0;
    %store/vec4 v0x7fd6d645a360_0, 0, 4;
    %pushi/vec4 0, 0, 1;
    %store/vec4 v0x7fd6d64594a0_0, 0, 1;
    %pushi/vec4 0, 0, 1;
    %store/vec4 v0x7fd6d6459e90_0, 0, 1;
    %pushi/vec4 0, 0, 1;
    %store/vec4 v0x7fd6d6459f20_0, 0, 1;
    %pushi/vec4 0, 0, 1;
    %store/vec4 v0x7fd6d645a240_0, 0, 1;
    %pushi/vec4 0, 0, 1;
    %store/vec4 v0x7fd6d645a1b0_0, 0, 1;
    %load/vec4 v0x7fd6d6459830_0;
    %store/vec4 v0x7fd6d645a2d0_0, 0, 17;
    %pushi/vec4 0, 0, 1;
    %store/vec4 v0x7fd6d6459ae0_0, 0, 1;
    %pushi/vec4 0, 0, 1;
    %store/vec4 v0x7fd6d6459b80_0, 0, 1;
    %pushi/vec4 0, 0, 8;
    %store/vec4 v0x7fd6d6459ce0_0, 0, 8;
    %pushi/vec4 0, 0, 8;
    %store/vec4 v0x7fd6d6459d70_0, 0, 8;
    %load/vec4 v0x7fd6d64598e0_0;
    %dup/vec4;
    %pushi/vec4 0, 0, 4;
    %cmp/u;
    %jmp/1 T_10.0, 6;
    %dup/vec4;
    %pushi/vec4 1, 0, 4;
    %cmp/u;
    %jmp/1 T_10.1, 6;
    %dup/vec4;
    %pushi/vec4 2, 0, 4;
    %cmp/u;
    %jmp/1 T_10.2, 6;
    %dup/vec4;
    %pushi/vec4 3, 0, 4;
    %cmp/u;
    %jmp/1 T_10.3, 6;
    %dup/vec4;
    %pushi/vec4 4, 0, 4;
    %cmp/u;
    %jmp/1 T_10.4, 6;
    %dup/vec4;
    %pushi/vec4 5, 0, 4;
    %cmp/u;
    %jmp/1 T_10.5, 6;
    %dup/vec4;
    %pushi/vec4 6, 0, 4;
    %cmp/u;
    %jmp/1 T_10.6, 6;
    %jmp T_10.8;
T_10.0 ;
    %load/vec4 v0x7fd6d64595a0_0;
    %flag_set/vec4 8;
    %jmp/0xz  T_10.9, 8;
    %pushi/vec4 1, 0, 4;
    %store/vec4 v0x7fd6d645a360_0, 0, 4;
    %jmp T_10.10;
T_10.9 ;
    %load/vec4 v0x7fd6d6459630_0;
    %flag_set/vec4 8;
    %jmp/0xz  T_10.11, 8;
    %pushi/vec4 3, 0, 4;
    %store/vec4 v0x7fd6d645a360_0, 0, 4;
    %jmp T_10.12;
T_10.11 ;
    %pushi/vec4 5, 0, 4;
    %store/vec4 v0x7fd6d645a360_0, 0, 4;
T_10.12 ;
T_10.10 ;
    %jmp T_10.8;
T_10.1 ;
    %load/vec4 v0x7fd6d6458dd0_0;
    %load/vec4 v0x7fd6d64592f0_0;
    %cmp/e;
    %jmp/0xz  T_10.13, 4;
    %pushi/vec4 1, 0, 1;
    %store/vec4 v0x7fd6d6459e90_0, 0, 1;
T_10.13 ;
    %load/vec4 v0x7fd6d64590e0_0;
    %load/vec4 v0x7fd6d64592f0_0;
    %cmp/e;
    %jmp/0xz  T_10.15, 4;
    %pushi/vec4 1, 0, 1;
    %store/vec4 v0x7fd6d6459f20_0, 0, 1;
T_10.15 ;
    %pushi/vec4 2, 0, 4;
    %store/vec4 v0x7fd6d645a360_0, 0, 4;
    %load/vec4 v0x7fd6d6459830_0;
    %pushi/vec4 131071, 0, 17;
    %pushi/vec4 1, 0, 17;
    %load/vec4 v0x7fd6d64592f0_0;
    %parti/s 5, 0, 2;
    %ix/vec4 4;
    %shiftl 4;
    %xor;
    %and;
    %store/vec4 v0x7fd6d645a2d0_0, 0, 17;
    %jmp T_10.8;
T_10.2 ;
    %load/vec4 v0x7fd6d6458dd0_0;
    %load/vec4 v0x7fd6d64592f0_0;
    %cmp/e;
    %flag_get/vec4 4;
    %load/vec4 v0x7fd6d6458e80_0;
    %nor/r;
    %and;
    %flag_set/vec4 8;
    %jmp/0xz  T_10.17, 8;
    %pushi/vec4 2, 0, 4;
    %store/vec4 v0x7fd6d645a360_0, 0, 4;
    %jmp T_10.18;
T_10.17 ;
    %load/vec4 v0x7fd6d64590e0_0;
    %load/vec4 v0x7fd6d64592f0_0;
    %cmp/e;
    %flag_get/vec4 4;
    %load/vec4 v0x7fd6d6459190_0;
    %nor/r;
    %and;
    %flag_set/vec4 8;
    %jmp/0xz  T_10.19, 8;
    %pushi/vec4 2, 0, 4;
    %store/vec4 v0x7fd6d645a360_0, 0, 4;
    %jmp T_10.20;
T_10.19 ;
    %load/vec4 v0x7fd6d6459630_0;
    %flag_set/vec4 8;
    %jmp/0xz  T_10.21, 8;
    %pushi/vec4 3, 0, 4;
    %store/vec4 v0x7fd6d645a360_0, 0, 4;
    %jmp T_10.22;
T_10.21 ;
    %pushi/vec4 5, 0, 4;
    %store/vec4 v0x7fd6d645a360_0, 0, 4;
T_10.22 ;
T_10.20 ;
T_10.18 ;
    %jmp T_10.8;
T_10.3 ;
    %load/vec4 v0x7fd6d64596d0_0;
    %store/vec4 v0x7fd6d6459c20_0, 0, 8;
    %pushi/vec4 0, 0, 8;
    %load/vec4 v0x7fd6d6459a30_0;
    %concat/vec4; draw_concat_vec4
    %store/vec4 v0x7fd6d6459e00_0, 0, 16;
    %pushi/vec4 0, 0, 1;
    %store/vec4 v0x7fd6d645a3f0_0, 0, 1;
    %pushi/vec4 4, 0, 4;
    %store/vec4 v0x7fd6d645a360_0, 0, 4;
    %jmp T_10.8;
T_10.4 ;
    %pushi/vec4 1, 0, 1;
    %store/vec4 v0x7fd6d645a1b0_0, 0, 1;
    %load/vec4 v0x7fd6d64596d0_0;
    %store/vec4 v0x7fd6d6459c20_0, 0, 8;
    %pushi/vec4 0, 0, 8;
    %load/vec4 v0x7fd6d6459a30_0;
    %concat/vec4; draw_concat_vec4
    %store/vec4 v0x7fd6d6459e00_0, 0, 16;
    %pushi/vec4 0, 0, 1;
    %store/vec4 v0x7fd6d645a3f0_0, 0, 1;
    %pushi/vec4 5, 0, 4;
    %store/vec4 v0x7fd6d645a360_0, 0, 4;
    %jmp T_10.8;
T_10.5 ;
    %load/vec4 v0x7fd6d6459780_0;
    %store/vec4 v0x7fd6d6459c20_0, 0, 8;
    %load/vec4 v0x7fd6d6459780_0;
    %load/vec4 v0x7fd6d64596d0_0;
    %cmp/e;
    %jmp/0xz  T_10.23, 4;
    %pushi/vec4 1, 0, 1;
    %store/vec4 v0x7fd6d64594a0_0, 0, 1;
    %jmp T_10.24;
T_10.23 ;
    %load/vec4 v0x7fd6d6458ca0_0;
    %nor/r;
    %load/vec4 v0x7fd6d6458e80_0;
    %nor/r;
    %and;
    %flag_set/vec4 8;
    %jmp/0xz  T_10.25, 8;
    %pushi/vec4 5, 0, 4;
    %store/vec4 v0x7fd6d645a360_0, 0, 4;
    %jmp T_10.26;
T_10.25 ;
    %load/vec4 v0x7fd6d6458fa0_0;
    %nor/r;
    %load/vec4 v0x7fd6d6459190_0;
    %nor/r;
    %and;
    %flag_set/vec4 8;
    %jmp/0xz  T_10.27, 8;
    %pushi/vec4 5, 0, 4;
    %store/vec4 v0x7fd6d645a360_0, 0, 4;
    %jmp T_10.28;
T_10.27 ;
    %load/vec4 v0x7fd6d6458ca0_0;
    %nor/r;
    %flag_set/vec4 8;
    %jmp/0xz  T_10.29, 8;
    %pushi/vec4 6, 0, 4;
    %store/vec4 v0x7fd6d645a360_0, 0, 4;
    %jmp T_10.30;
T_10.29 ;
    %load/vec4 v0x7fd6d6458fa0_0;
    %nor/r;
    %flag_set/vec4 8;
    %jmp/0xz  T_10.31, 8;
    %pushi/vec4 6, 0, 4;
    %store/vec4 v0x7fd6d645a360_0, 0, 4;
    %jmp T_10.32;
T_10.31 ;
    %pushi/vec4 1, 0, 1;
    %store/vec4 v0x7fd6d64594a0_0, 0, 1;
T_10.32 ;
T_10.30 ;
T_10.28 ;
T_10.26 ;
T_10.24 ;
    %jmp T_10.8;
T_10.6 ;
    %load/vec4 v0x7fd6d6459780_0;
    %store/vec4 v0x7fd6d6459c20_0, 0, 8;
    %pushi/vec4 1, 0, 1;
    %store/vec4 v0x7fd6d645a240_0, 0, 1;
    %pushi/vec4 5, 0, 4;
    %store/vec4 v0x7fd6d645a360_0, 0, 4;
    %load/vec4 v0x7fd6d6459830_0;
    %pushi/vec4 1, 0, 17;
    %load/vec4 v0x7fd6d6459230_0;
    %parti/s 5, 0, 2;
    %ix/vec4 4;
    %shiftl 4;
    %or;
    %store/vec4 v0x7fd6d645a2d0_0, 0, 17;
    %load/vec4 v0x7fd6d6458ca0_0;
    %nor/r;
    %flag_set/vec4 8;
    %jmp/0xz  T_10.33, 8;
    %pushi/vec4 1, 0, 1;
    %store/vec4 v0x7fd6d6459ae0_0, 0, 1;
    %load/vec4 v0x7fd6d6459230_0;
    %parti/s 8, 0, 2;
    %store/vec4 v0x7fd6d6459ce0_0, 0, 8;
    %load/vec4 v0x7fd6d6458fa0_0;
    %store/vec4 v0x7fd6d64594a0_0, 0, 1;
    %jmp T_10.34;
T_10.33 ;
    %pushi/vec4 1, 0, 1;
    %store/vec4 v0x7fd6d6459b80_0, 0, 1;
    %load/vec4 v0x7fd6d6459230_0;
    %parti/s 8, 0, 2;
    %store/vec4 v0x7fd6d6459d70_0, 0, 8;
    %pushi/vec4 1, 0, 1;
    %store/vec4 v0x7fd6d64594a0_0, 0, 1;
T_10.34 ;
    %jmp T_10.8;
T_10.8 ;
    %pop/vec4 1;
    %jmp T_10;
    .thread T_10, $push;
    .scope S_0x7fd6d6417910;
T_11 ;
    %pushi/vec4 0, 0, 1;
    %store/vec4 v0x7fd6d645a650_0, 0, 1;
    %pushi/vec4 0, 0, 1;
    %store/vec4 v0x7fd6d645b050_0, 0, 1;
    %pushi/vec4 0, 0, 1;
    %store/vec4 v0x7fd6d645adb0_0, 0, 1;
    %end;
    .thread T_11, $init;
    .scope S_0x7fd6d6417910;
T_12 ;
    %delay 1, 0;
    %load/vec4 v0x7fd6d645a650_0;
    %inv;
    %assign/vec4 v0x7fd6d645a650_0, 0;
    %jmp T_12;
    .thread T_12;
    .scope S_0x7fd6d6417910;
T_13 ;
    %vpi_call/w 3 194 "$dumpfile", "Scheduler_tb.vcd" {0 0 0};
    %vpi_call/w 3 195 "$dumpvars", 32'sb00000000000000000000000000000000, S_0x7fd6d6417910 {0 0 0};
    %delay 2, 0;
    %pushi/vec4 1, 0, 1;
    %assign/vec4 v0x7fd6d645b050_0, 0;
    %delay 4, 0;
    %fork TD_Scheduler_tb.schedule1, S_0x7fd6d6448da0;
    %join;
    %delay 4, 0;
    %fork TD_Scheduler_tb.schedule2, S_0x7fd6d6448f10;
    %join;
    %delay 4, 0;
    %fork TD_Scheduler_tb.schedule3, S_0x7fd6d6449080;
    %join;
    %delay 4, 0;
    %fork TD_Scheduler_tb.deschedule1, S_0x7fd6d6406880;
    %join;
    %delay 4, 0;
    %fork TD_Scheduler_tb.deschedule2Schedule4, S_0x7fd6d6403e20;
    %join;
    %delay 4, 0;
    %fork TD_Scheduler_tb.deschedule3, S_0x7fd6d6448ac0;
    %join;
    %delay 4, 0;
    %fork TD_Scheduler_tb.deschedule4, S_0x7fd6d6448c30;
    %join;
    %delay 4, 0;
    %vpi_call/w 3 206 "$finish" {0 0 0};
    %end;
    .thread T_13;
# The file index is used to find the file name in the following table.
:file_names 6;
    "N/A";
    "<interactive>";
    "-";
    "Scheduler_tb.v";
    "Scheduler.v";
    "IceRam.v";
