#! /usr/local/bin/vvp
:ivl_version "11.0 (devel)" "(s20150603-595-ge745304c)";
:ivl_delay_selection "TYPICAL";
:vpi_time_precision + 0;
:vpi_module "system";
:vpi_module "vhdl_sys";
:vpi_module "vhdl_textio";
:vpi_module "v2005_math";
:vpi_module "va_math";
:vpi_module "v2009";
S_0x7ffc66d2c6b0 .scope package, "$unit" "$unit" 2 1;
 .timescale 0 0;
S_0x7ffc66d11710 .scope module, "Send_tb" "Send_tb" 3 3;
 .timescale 0 0;
P_0x7ffc66d11880 .param/l "addrBits" 1 3 11, +C4<00000000000000000000000000001000>;
P_0x7ffc66d118c0 .param/l "dataBits" 1 3 12, +C4<00000000000000000000000000010000>;
P_0x7ffc66d11900 .param/str "romFile" 0 3 9, "zeroes.hex";
v0x7ffc66d47050_0 .net "addToAlternationReadySet", 0 0, v0x7ffc66d47ce0_0;  1 drivers
v0x7ffc66d496b0_0 .net "address", 7 0, v0x7ffc66d47d80_0;  1 drivers
v0x7ffc66d49780_0 .var "alternationReadySet", 16 0;
v0x7ffc66d49830_0 .var "alternationSet", 16 0;
v0x7ffc66d498e0_0 .var "channel", 7 0;
v0x7ffc66d499b0_0 .var "clk", 0 0;
v0x7ffc66d49a80_0 .net "dataIn", 15 0, v0x7ffc66d48260_0;  1 drivers
v0x7ffc66d49b50_0 .net "dataOut", 15 0, L_0x7ffc66d49cb0;  1 drivers
v0x7ffc66d49c20_0 .net "deliveredMessage", 15 0, v0x7ffc66d48380_0;  1 drivers
v0x7ffc66d49d30_0 .net "finished", 0 0, v0x7ffc66d48410_0;  1 drivers
v0x7ffc66d49dc0_0 .var "message", 15 0;
v0x7ffc66d49e50_0 .net "readWriteMode", 0 0, v0x7ffc66d48880_0;  1 drivers
v0x7ffc66d49f20_0 .var "reset", 0 0;
v0x7ffc66d49fb0_0 .net "scheduleRxPid", 7 0, v0x7ffc66d47ed0_0;  1 drivers
v0x7ffc66d4a040_0 .net "shouldDescheduleSender", 0 0, v0x7ffc66d48bc0_0;  1 drivers
v0x7ffc66d4a0f0_0 .net "shouldScheduleReceiver", 0 0, v0x7ffc66d48c50_0;  1 drivers
v0x7ffc66d4a1a0_0 .var "txPid", 7 0;
S_0x7ffc66d02c40 .scope task, "altReceiverTest" "altReceiverTest" 3 103, 3 103 0, S_0x7ffc66d11710;
 .timescale 0 0;
E_0x7ffc66d2dff0 .event posedge, v0x7ffc66d48410_0;
TD_Send_tb.altReceiverTest ;
    %pushi/vec4 8, 0, 8;
    %assign/vec4 v0x7ffc66d498e0_0, 0;
    %pushi/vec4 9, 0, 16;
    %ix/load 3, 8, 0;
    %flag_set/imm 4, 0;
    %ix/load 4, 0, 0; Constant delay
    %assign/vec4/a/d v0x7ffc66d464f0, 0, 4;
    %pushi/vec4 512, 0, 17;
    %load/vec4 v0x7ffc66d49830_0;
    %or;
    %assign/vec4 v0x7ffc66d49830_0, 0;
    %pushi/vec4 1, 0, 1;
    %assign/vec4 v0x7ffc66d49f20_0, 0;
    %wait E_0x7ffc66d2dff0;
    %pushi/vec4 0, 0, 1;
    %assign/vec4 v0x7ffc66d49f20_0, 0;
    %load/vec4 v0x7ffc66d4a040_0;
    %nor/r;
    %flag_set/vec4 8;
    %jmp/0xz  T_0.0, 8;
    %vpi_call/w 3 113 "$error", "Should deschedule receiver" {0 0 0};
T_0.0 ;
    %load/vec4 v0x7ffc66d4a0f0_0;
    %nor/r;
    %flag_set/vec4 8;
    %jmp/0xz  T_0.2, 8;
    %vpi_call/w 3 114 "$error", "Should schedule receiver" {0 0 0};
T_0.2 ;
    %load/vec4 v0x7ffc66d49fb0_0;
    %pad/u 32;
    %cmpi/ne 9, 0, 32;
    %jmp/0xz  T_0.4, 4;
    %vpi_call/w 3 115 "$error", "Should have scheduled process 9" {0 0 0};
T_0.4 ;
    %load/vec4 v0x7ffc66d47050_0;
    %nor/r;
    %flag_set/vec4 8;
    %jmp/0xz  T_0.6, 8;
    %vpi_call/w 3 116 "$error", "Should have added to alternation ready set" {0 0 0};
T_0.6 ;
    %load/vec4 v0x7ffc66d49c20_0;
    %load/vec4 v0x7ffc66d49dc0_0;
    %cmp/ne;
    %jmp/0xz  T_0.8, 4;
    %vpi_call/w 3 117 "$error", "Didn't deliver message" {0 0 0};
T_0.8 ;
    %end;
S_0x7ffc66d00220 .scope task, "altReceiverTest2" "altReceiverTest2" 3 124, 3 124 0, S_0x7ffc66d11710;
 .timescale 0 0;
TD_Send_tb.altReceiverTest2 ;
    %pushi/vec4 8, 0, 8;
    %assign/vec4 v0x7ffc66d498e0_0, 0;
    %pushi/vec4 9, 0, 16;
    %ix/load 3, 8, 0;
    %flag_set/imm 4, 0;
    %ix/load 4, 0, 0; Constant delay
    %assign/vec4/a/d v0x7ffc66d464f0, 0, 4;
    %pushi/vec4 512, 0, 17;
    %load/vec4 v0x7ffc66d49830_0;
    %or;
    %assign/vec4 v0x7ffc66d49830_0, 0;
    %pushi/vec4 512, 0, 17;
    %assign/vec4 v0x7ffc66d49780_0, 0;
    %pushi/vec4 1, 0, 1;
    %assign/vec4 v0x7ffc66d49f20_0, 0;
    %wait E_0x7ffc66d2dff0;
    %pushi/vec4 0, 0, 1;
    %assign/vec4 v0x7ffc66d49f20_0, 0;
    %load/vec4 v0x7ffc66d4a040_0;
    %nor/r;
    %flag_set/vec4 8;
    %jmp/0xz  T_1.10, 8;
    %vpi_call/w 3 135 "$error", "Should deschedule sender" {0 0 0};
T_1.10 ;
    %load/vec4 v0x7ffc66d4a0f0_0;
    %flag_set/vec4 8;
    %jmp/0xz  T_1.12, 8;
    %vpi_call/w 3 136 "$error", "Shouldn't schedule receiver" {0 0 0};
T_1.12 ;
    %load/vec4 v0x7ffc66d47050_0;
    %flag_set/vec4 8;
    %jmp/0xz  T_1.14, 8;
    %vpi_call/w 3 137 "$error", "Shouldn't have added to alternation ready set" {0 0 0};
T_1.14 ;
    %end;
S_0x7ffc66d37b40 .scope module, "memory" "IceRam" 3 19, 4 6 0, S_0x7ffc66d11710;
 .timescale 0 0;
    .port_info 0 /INPUT 1 "clk";
    .port_info 1 /INPUT 8 "address";
    .port_info 2 /INPUT 1 "readWriteMode";
    .port_info 3 /INPUT 16 "dataIn";
    .port_info 4 /OUTPUT 16 "dataOut";
P_0x7ffc66d02db0 .param/l "addrBits" 0 4 6, +C4<00000000000000000000000000001000>;
P_0x7ffc66d02df0 .param/l "dataBits" 0 4 6, +C4<00000000000000000000000000010000>;
P_0x7ffc66d02e30 .param/l "ramSize" 1 4 16, +C4<00000000000000000000000100000000>;
P_0x7ffc66d02e70 .param/str "romFile" 0 4 14, "zeroes.hex";
L_0x7ffc66d49cb0 .functor BUFZ 16, v0x7ffc66d46400_0, C4<0000000000000000>, C4<0000000000000000>, C4<0000000000000000>;
v0x7ffc66d03000_0 .net "address", 7 0, v0x7ffc66d47d80_0;  alias, 1 drivers
v0x7ffc66d461f0_0 .net "clk", 0 0, v0x7ffc66d499b0_0;  1 drivers
v0x7ffc66d46290_0 .net "dataIn", 15 0, v0x7ffc66d48260_0;  alias, 1 drivers
v0x7ffc66d46350_0 .net "dataOut", 15 0, L_0x7ffc66d49cb0;  alias, 1 drivers
v0x7ffc66d46400_0 .var "rDataOut", 15 0;
v0x7ffc66d464f0 .array "ram", 255 0, 15 0;
v0x7ffc66d46590_0 .net "readWriteMode", 0 0, v0x7ffc66d48880_0;  alias, 1 drivers
E_0x7ffc66d11e20 .event posedge, v0x7ffc66d461f0_0;
S_0x7ffc66d466b0 .scope task, "noReceiverTest" "noReceiverTest" 3 63, 3 63 0, S_0x7ffc66d11710;
 .timescale 0 0;
TD_Send_tb.noReceiverTest ;
    %pushi/vec4 1, 0, 1;
    %assign/vec4 v0x7ffc66d49f20_0, 0;
    %pushi/vec4 2, 0, 8;
    %assign/vec4 v0x7ffc66d498e0_0, 0;
    %pushi/vec4 42, 0, 16;
    %assign/vec4 v0x7ffc66d49dc0_0, 0;
    %pushi/vec4 12, 0, 8;
    %assign/vec4 v0x7ffc66d4a1a0_0, 0;
    %wait E_0x7ffc66d2dff0;
    %pushi/vec4 0, 0, 1;
    %assign/vec4 v0x7ffc66d49f20_0, 0;
    %load/vec4 v0x7ffc66d4a040_0;
    %nor/r;
    %flag_set/vec4 8;
    %jmp/0xz  T_2.16, 8;
    %vpi_call/w 3 73 "$error", "Should deschedule sender" {0 0 0};
T_2.16 ;
    %load/vec4 v0x7ffc66d4a0f0_0;
    %flag_set/vec4 8;
    %jmp/0xz  T_2.18, 8;
    %vpi_call/w 3 74 "$error", "Shouldn't schedule receiver" {0 0 0};
T_2.18 ;
    %load/vec4 v0x7ffc66d49c20_0;
    %load/vec4 v0x7ffc66d49dc0_0;
    %cmp/ne;
    %jmp/0xz  T_2.20, 4;
    %vpi_call/w 3 75 "$error", "Didn't deliver message" {0 0 0};
T_2.20 ;
    %load/vec4 v0x7ffc66d498e0_0;
    %pad/u 10;
    %ix/vec4 4;
    %load/vec4a v0x7ffc66d464f0, 4;
    %pushi/vec4 0, 0, 8;
    %load/vec4 v0x7ffc66d4a1a0_0;
    %concat/vec4; draw_concat_vec4
    %cmp/ne;
    %jmp/0xz  T_2.22, 4;
    %vpi_call/w 3 76 "$error", "Didn't set sending process" {0 0 0};
T_2.22 ;
    %load/vec4 v0x7ffc66d498e0_0;
    %pad/u 33;
    %addi 1, 0, 33;
    %ix/vec4 4;
    %load/vec4a v0x7ffc66d464f0, 4;
    %load/vec4 v0x7ffc66d49dc0_0;
    %cmp/ne;
    %jmp/0xz  T_2.24, 4;
    %vpi_call/w 3 77 "$error", "Didn't set sent message" {0 0 0};
T_2.24 ;
    %load/vec4 v0x7ffc66d47050_0;
    %flag_set/vec4 8;
    %jmp/0xz  T_2.26, 8;
    %vpi_call/w 3 78 "$error", "Shouldn't add to alternation ready set" {0 0 0};
T_2.26 ;
    %end;
S_0x7ffc66d46870 .scope module, "send0" "Send" 3 42, 5 4 0, S_0x7ffc66d11710;
 .timescale 0 0;
    .port_info 0 /INPUT 1 "clk";
    .port_info 1 /INPUT 1 "reset";
    .port_info 2 /OUTPUT 1 "finished";
    .port_info 3 /OUTPUT 8 "address";
    .port_info 4 /OUTPUT 1 "readWriteMode";
    .port_info 5 /INPUT 16 "dataOut";
    .port_info 6 /OUTPUT 16 "dataIn";
    .port_info 7 /INPUT 8 "channel";
    .port_info 8 /INPUT 16 "message";
    .port_info 9 /INPUT 8 "txPid";
    .port_info 10 /INPUT 17 "alternationSet";
    .port_info 11 /INPUT 17 "alternationReadySet";
    .port_info 12 /OUTPUT 1 "shouldScheduleReceiver";
    .port_info 13 /OUTPUT 1 "shouldDescheduleSender";
    .port_info 14 /OUTPUT 8 "scheduleRxPid";
    .port_info 15 /OUTPUT 1 "addToAlternationReadySet";
    .port_info 16 /OUTPUT 16 "deliveredMessage";
P_0x7ffc66d46a70 .param/l "STATE_ALT_RX_PROC" 1 5 46, C4<100>;
P_0x7ffc66d46ab0 .param/l "STATE_HANDLE_RX_PROC" 1 5 44, C4<010>;
P_0x7ffc66d46af0 .param/l "STATE_INIT" 1 5 42, C4<000>;
P_0x7ffc66d46b30 .param/l "STATE_NORMAL_RX_PROC" 1 5 47, C4<101>;
P_0x7ffc66d46b70 .param/l "STATE_NULL_RX_PROC" 1 5 45, C4<011>;
P_0x7ffc66d46bb0 .param/l "STATE_READ_RX_PROC" 1 5 43, C4<001>;
P_0x7ffc66d46bf0 .param/l "STATE_WRITE_TX_PROC_0" 1 5 48, C4<110>;
P_0x7ffc66d46c30 .param/l "STATE_WRITE_TX_PROC_1" 1 5 49, C4<111>;
P_0x7ffc66d46c70 .param/l "addrBits" 0 5 4, +C4<00000000000000000000000000001000>;
P_0x7ffc66d46cb0 .param/l "dataBits" 0 5 4, +C4<00000000000000000000000000010000>;
L_0x7ffc66d4a890 .functor AND 32, L_0x7ffc66d4a5f0, L_0x7ffc66d4a730, C4<11111111111111111111111111111111>, C4<11111111111111111111111111111111>;
L_0x7ffc66d4ada0 .functor AND 32, L_0x7ffc66d4ab60, L_0x7ffc66d4ac80, C4<11111111111111111111111111111111>, C4<11111111111111111111111111111111>;
L_0x10d79a008 .functor BUFT 1, C4<00000001>, C4<0>, C4<0>, C4<0>;
v0x7ffc66d47300_0 .net/2u *"_s0", 7 0, L_0x10d79a008;  1 drivers
L_0x10d79a098 .functor BUFT 1, C4<000000000000000>, C4<0>, C4<0>, C4<0>;
v0x7ffc66d473c0_0 .net *"_s11", 14 0, L_0x10d79a098;  1 drivers
v0x7ffc66d47460_0 .net *"_s12", 31 0, L_0x7ffc66d4a730;  1 drivers
L_0x10d79a0e0 .functor BUFT 1, C4<000000000000000>, C4<0>, C4<0>, C4<0>;
v0x7ffc66d474f0_0 .net *"_s15", 14 0, L_0x10d79a0e0;  1 drivers
v0x7ffc66d47580_0 .net *"_s16", 31 0, L_0x7ffc66d4a890;  1 drivers
L_0x10d79a128 .functor BUFT 1, C4<00000000000000000000000000000000>, C4<0>, C4<0>, C4<0>;
v0x7ffc66d47650_0 .net/2u *"_s18", 31 0, L_0x10d79a128;  1 drivers
v0x7ffc66d47700_0 .net *"_s22", 31 0, L_0x7ffc66d4ab60;  1 drivers
L_0x10d79a170 .functor BUFT 1, C4<000000000000000>, C4<0>, C4<0>, C4<0>;
v0x7ffc66d477b0_0 .net *"_s25", 14 0, L_0x10d79a170;  1 drivers
v0x7ffc66d47860_0 .net *"_s26", 31 0, L_0x7ffc66d4ac80;  1 drivers
L_0x10d79a1b8 .functor BUFT 1, C4<000000000000000>, C4<0>, C4<0>, C4<0>;
v0x7ffc66d47970_0 .net *"_s29", 14 0, L_0x10d79a1b8;  1 drivers
v0x7ffc66d47a20_0 .net *"_s30", 31 0, L_0x7ffc66d4ada0;  1 drivers
L_0x10d79a200 .functor BUFT 1, C4<00000000000000000000000000000000>, C4<0>, C4<0>, C4<0>;
v0x7ffc66d47ad0_0 .net/2u *"_s32", 31 0, L_0x10d79a200;  1 drivers
L_0x10d79a050 .functor BUFT 1, C4<00000000000000001>, C4<0>, C4<0>, C4<0>;
v0x7ffc66d47b80_0 .net/2u *"_s4", 16 0, L_0x10d79a050;  1 drivers
v0x7ffc66d47c30_0 .net *"_s8", 31 0, L_0x7ffc66d4a5f0;  1 drivers
v0x7ffc66d47ce0_0 .var "addToAlternationReadySet", 0 0;
v0x7ffc66d47d80_0 .var "address", 7 0;
v0x7ffc66d47e40_0 .net "alternationFlag", 16 0, L_0x7ffc66d4a4d0;  1 drivers
v0x7ffc66d47fd0_0 .net "alternationReadySet", 16 0, v0x7ffc66d49780_0;  1 drivers
v0x7ffc66d48060_0 .net "alternationSet", 16 0, v0x7ffc66d49830_0;  1 drivers
v0x7ffc66d48100_0 .net "channel", 7 0, v0x7ffc66d498e0_0;  1 drivers
v0x7ffc66d481b0_0 .net "clk", 0 0, v0x7ffc66d499b0_0;  alias, 1 drivers
v0x7ffc66d48260_0 .var "dataIn", 15 0;
v0x7ffc66d482f0_0 .net "dataOut", 15 0, L_0x7ffc66d49cb0;  alias, 1 drivers
v0x7ffc66d48380_0 .var "deliveredMessage", 15 0;
v0x7ffc66d48410_0 .var "finished", 0 0;
v0x7ffc66d484a0_0 .net "inAlternationReadySet", 0 0, L_0x7ffc66d4ae90;  1 drivers
v0x7ffc66d48530_0 .net "inAlternationSet", 0 0, L_0x7ffc66d4aa10;  1 drivers
v0x7ffc66d485c0_0 .net "message", 15 0, v0x7ffc66d49dc0_0;  1 drivers
v0x7ffc66d48670_0 .net "messageAddress", 7 0, L_0x7ffc66d4a370;  1 drivers
v0x7ffc66d48720_0 .var "rPidToWrite", 15 0;
v0x7ffc66d487d0_0 .var "rState", 2 0;
v0x7ffc66d48880_0 .var "readWriteMode", 0 0;
v0x7ffc66d48930_0 .net "reset", 0 0, v0x7ffc66d49f20_0;  1 drivers
v0x7ffc66d47ed0_0 .var "scheduleRxPid", 7 0;
v0x7ffc66d48bc0_0 .var "shouldDescheduleSender", 0 0;
v0x7ffc66d48c50_0 .var "shouldScheduleReceiver", 0 0;
v0x7ffc66d48ce0_0 .net "txPid", 7 0, v0x7ffc66d4a1a0_0;  1 drivers
v0x7ffc66d48d70_0 .var "wAddToAlternationReadySet", 0 0;
v0x7ffc66d48e00_0 .var "wFinished", 0 0;
v0x7ffc66d48ea0_0 .var "wNextState", 2 0;
v0x7ffc66d48f50_0 .var "wPidToWrite", 15 0;
v0x7ffc66d49000_0 .var "wSaveMessage", 0 0;
v0x7ffc66d490a0_0 .var "wShouldDescheduleSender", 0 0;
v0x7ffc66d49140_0 .var "wShouldScheduleReceiver", 0 0;
v0x7ffc66d491e0_0 .var "wUpdatePidToWrite", 0 0;
v0x7ffc66d49280_0 .var "wUpdateRxPid", 0 0;
E_0x7ffc66d47280/0 .event edge, v0x7ffc66d487d0_0, v0x7ffc66d47ce0_0, v0x7ffc66d48100_0, v0x7ffc66d48670_0;
E_0x7ffc66d47280/1 .event edge, v0x7ffc66d485c0_0, v0x7ffc66d48ce0_0, v0x7ffc66d47ed0_0, v0x7ffc66d48530_0;
E_0x7ffc66d47280/2 .event edge, v0x7ffc66d484a0_0, v0x7ffc66d48720_0;
E_0x7ffc66d47280 .event/or E_0x7ffc66d47280/0, E_0x7ffc66d47280/1, E_0x7ffc66d47280/2;
L_0x7ffc66d4a370 .arith/sum 8, v0x7ffc66d498e0_0, L_0x10d79a008;
L_0x7ffc66d4a4d0 .shift/l 17, L_0x10d79a050, v0x7ffc66d47ed0_0;
L_0x7ffc66d4a5f0 .concat [ 17 15 0 0], v0x7ffc66d49830_0, L_0x10d79a098;
L_0x7ffc66d4a730 .concat [ 17 15 0 0], L_0x7ffc66d4a4d0, L_0x10d79a0e0;
L_0x7ffc66d4aa10 .cmp/ne 32, L_0x7ffc66d4a890, L_0x10d79a128;
L_0x7ffc66d4ab60 .concat [ 17 15 0 0], v0x7ffc66d49780_0, L_0x10d79a170;
L_0x7ffc66d4ac80 .concat [ 17 15 0 0], L_0x7ffc66d4a4d0, L_0x10d79a1b8;
L_0x7ffc66d4ae90 .cmp/ne 32, L_0x7ffc66d4ada0, L_0x10d79a200;
S_0x7ffc66d494c0 .scope task, "someReceiverTest" "someReceiverTest" 3 84, 3 84 0, S_0x7ffc66d11710;
 .timescale 0 0;
TD_Send_tb.someReceiverTest ;
    %pushi/vec4 4, 0, 8;
    %assign/vec4 v0x7ffc66d498e0_0, 0;
    %pushi/vec4 7, 0, 16;
    %ix/load 3, 4, 0;
    %flag_set/imm 4, 0;
    %ix/load 4, 0, 0; Constant delay
    %assign/vec4/a/d v0x7ffc66d464f0, 0, 4;
    %pushi/vec4 1, 0, 1;
    %assign/vec4 v0x7ffc66d49f20_0, 0;
    %wait E_0x7ffc66d2dff0;
    %pushi/vec4 0, 0, 1;
    %assign/vec4 v0x7ffc66d49f20_0, 0;
    %load/vec4 v0x7ffc66d4a040_0;
    %flag_set/vec4 8;
    %jmp/0xz  T_3.28, 8;
    %vpi_call/w 3 93 "$error", "Shouldn't deschedule sender" {0 0 0};
T_3.28 ;
    %load/vec4 v0x7ffc66d4a0f0_0;
    %nor/r;
    %flag_set/vec4 8;
    %jmp/0xz  T_3.30, 8;
    %vpi_call/w 3 94 "$error", "Should schedule receiver" {0 0 0};
T_3.30 ;
    %load/vec4 v0x7ffc66d49fb0_0;
    %pad/u 32;
    %cmpi/ne 7, 0, 32;
    %jmp/0xz  T_3.32, 4;
    %vpi_call/w 3 95 "$error", "Should have scheduled process 7" {0 0 0};
T_3.32 ;
    %load/vec4 v0x7ffc66d49c20_0;
    %load/vec4 v0x7ffc66d49dc0_0;
    %cmp/ne;
    %jmp/0xz  T_3.34, 4;
    %vpi_call/w 3 96 "$error", "Didn't deliver message" {0 0 0};
T_3.34 ;
    %load/vec4 v0x7ffc66d47050_0;
    %flag_set/vec4 8;
    %jmp/0xz  T_3.36, 8;
    %vpi_call/w 3 97 "$error", "Shouldn't add to alternation ready set" {0 0 0};
T_3.36 ;
    %end;
    .scope S_0x7ffc66d37b40;
T_4 ;
    %wait E_0x7ffc66d11e20;
    %load/vec4 v0x7ffc66d46590_0;
    %cmpi/e 0, 0, 1;
    %jmp/0xz  T_4.0, 4;
    %load/vec4 v0x7ffc66d46290_0;
    %load/vec4 v0x7ffc66d03000_0;
    %pad/u 10;
    %ix/vec4 3;
    %ix/load 4, 0, 0; Constant delay
    %assign/vec4/a/d v0x7ffc66d464f0, 0, 4;
T_4.0 ;
    %load/vec4 v0x7ffc66d03000_0;
    %pad/u 10;
    %ix/vec4 4;
    %load/vec4a v0x7ffc66d464f0, 4;
    %assign/vec4 v0x7ffc66d46400_0, 0;
    %jmp T_4;
    .thread T_4;
    .scope S_0x7ffc66d37b40;
T_5 ;
    %vpi_call/w 4 30 "$readmemh", P_0x7ffc66d02e70, v0x7ffc66d464f0 {0 0 0};
    %end;
    .thread T_5;
    .scope S_0x7ffc66d46870;
T_6 ;
    %wait E_0x7ffc66d11e20;
    %load/vec4 v0x7ffc66d48930_0;
    %nor/r;
    %flag_set/vec4 8;
    %jmp/0xz  T_6.0, 8;
    %pushi/vec4 0, 0, 3;
    %assign/vec4 v0x7ffc66d487d0_0, 0;
    %pushi/vec4 0, 0, 16;
    %assign/vec4 v0x7ffc66d48720_0, 0;
    %pushi/vec4 0, 0, 1;
    %assign/vec4 v0x7ffc66d48c50_0, 0;
    %pushi/vec4 0, 0, 1;
    %assign/vec4 v0x7ffc66d48bc0_0, 0;
    %pushi/vec4 0, 0, 1;
    %assign/vec4 v0x7ffc66d48410_0, 0;
    %pushi/vec4 0, 0, 1;
    %assign/vec4 v0x7ffc66d47ce0_0, 0;
    %jmp T_6.1;
T_6.0 ;
    %load/vec4 v0x7ffc66d48ea0_0;
    %assign/vec4 v0x7ffc66d487d0_0, 0;
    %load/vec4 v0x7ffc66d48e00_0;
    %assign/vec4 v0x7ffc66d48410_0, 0;
    %load/vec4 v0x7ffc66d49280_0;
    %flag_set/vec4 8;
    %jmp/0xz  T_6.2, 8;
    %load/vec4 v0x7ffc66d482f0_0;
    %parti/s 8, 0, 2;
    %assign/vec4 v0x7ffc66d47ed0_0, 0;
T_6.2 ;
    %load/vec4 v0x7ffc66d49140_0;
    %flag_set/vec4 8;
    %jmp/0xz  T_6.4, 8;
    %pushi/vec4 1, 0, 1;
    %assign/vec4 v0x7ffc66d48c50_0, 0;
T_6.4 ;
    %load/vec4 v0x7ffc66d490a0_0;
    %flag_set/vec4 8;
    %jmp/0xz  T_6.6, 8;
    %pushi/vec4 1, 0, 1;
    %assign/vec4 v0x7ffc66d48bc0_0, 0;
T_6.6 ;
    %load/vec4 v0x7ffc66d491e0_0;
    %flag_set/vec4 8;
    %jmp/0xz  T_6.8, 8;
    %load/vec4 v0x7ffc66d48f50_0;
    %assign/vec4 v0x7ffc66d48720_0, 0;
T_6.8 ;
    %load/vec4 v0x7ffc66d49000_0;
    %flag_set/vec4 8;
    %jmp/0xz  T_6.10, 8;
    %load/vec4 v0x7ffc66d485c0_0;
    %assign/vec4 v0x7ffc66d48380_0, 0;
T_6.10 ;
    %load/vec4 v0x7ffc66d48d70_0;
    %assign/vec4 v0x7ffc66d47ce0_0, 0;
T_6.1 ;
    %jmp T_6;
    .thread T_6;
    .scope S_0x7ffc66d46870;
T_7 ;
    %wait E_0x7ffc66d47280;
    %pushi/vec4 255, 255, 8;
    %store/vec4 v0x7ffc66d47d80_0, 0, 8;
    %pushi/vec4 65535, 65535, 16;
    %store/vec4 v0x7ffc66d48260_0, 0, 16;
    %pushi/vec4 1, 0, 1;
    %store/vec4 v0x7ffc66d48880_0, 0, 1;
    %pushi/vec4 0, 0, 1;
    %store/vec4 v0x7ffc66d48e00_0, 0, 1;
    %pushi/vec4 0, 0, 1;
    %store/vec4 v0x7ffc66d49280_0, 0, 1;
    %pushi/vec4 0, 0, 1;
    %store/vec4 v0x7ffc66d49000_0, 0, 1;
    %pushi/vec4 0, 0, 1;
    %store/vec4 v0x7ffc66d49140_0, 0, 1;
    %pushi/vec4 0, 0, 1;
    %store/vec4 v0x7ffc66d490a0_0, 0, 1;
    %pushi/vec4 0, 0, 1;
    %store/vec4 v0x7ffc66d491e0_0, 0, 1;
    %pushi/vec4 65535, 65535, 16;
    %store/vec4 v0x7ffc66d48f50_0, 0, 16;
    %load/vec4 v0x7ffc66d487d0_0;
    %store/vec4 v0x7ffc66d48ea0_0, 0, 3;
    %load/vec4 v0x7ffc66d47ce0_0;
    %store/vec4 v0x7ffc66d48d70_0, 0, 1;
    %load/vec4 v0x7ffc66d487d0_0;
    %dup/vec4;
    %pushi/vec4 0, 0, 3;
    %cmp/u;
    %jmp/1 T_7.0, 6;
    %dup/vec4;
    %pushi/vec4 1, 0, 3;
    %cmp/u;
    %jmp/1 T_7.1, 6;
    %dup/vec4;
    %pushi/vec4 2, 0, 3;
    %cmp/u;
    %jmp/1 T_7.2, 6;
    %dup/vec4;
    %pushi/vec4 3, 0, 3;
    %cmp/u;
    %jmp/1 T_7.3, 6;
    %dup/vec4;
    %pushi/vec4 4, 0, 3;
    %cmp/u;
    %jmp/1 T_7.4, 6;
    %dup/vec4;
    %pushi/vec4 5, 0, 3;
    %cmp/u;
    %jmp/1 T_7.5, 6;
    %dup/vec4;
    %pushi/vec4 6, 0, 3;
    %cmp/u;
    %jmp/1 T_7.6, 6;
    %dup/vec4;
    %pushi/vec4 7, 0, 3;
    %cmp/u;
    %jmp/1 T_7.7, 6;
    %jmp T_7.9;
T_7.0 ;
    %load/vec4 v0x7ffc66d48100_0;
    %store/vec4 v0x7ffc66d47d80_0, 0, 8;
    %pushi/vec4 1, 0, 3;
    %store/vec4 v0x7ffc66d48ea0_0, 0, 3;
    %pushi/vec4 1, 0, 1;
    %store/vec4 v0x7ffc66d49000_0, 0, 1;
    %jmp T_7.9;
T_7.1 ;
    %load/vec4 v0x7ffc66d48100_0;
    %store/vec4 v0x7ffc66d47d80_0, 0, 8;
    %pushi/vec4 1, 0, 1;
    %store/vec4 v0x7ffc66d49280_0, 0, 1;
    %pushi/vec4 2, 0, 3;
    %store/vec4 v0x7ffc66d48ea0_0, 0, 3;
    %jmp T_7.9;
T_7.2 ;
    %load/vec4 v0x7ffc66d48670_0;
    %store/vec4 v0x7ffc66d47d80_0, 0, 8;
    %load/vec4 v0x7ffc66d485c0_0;
    %store/vec4 v0x7ffc66d48260_0, 0, 16;
    %pushi/vec4 0, 0, 1;
    %store/vec4 v0x7ffc66d48880_0, 0, 1;
    %pushi/vec4 1, 0, 1;
    %store/vec4 v0x7ffc66d491e0_0, 0, 1;
    %pushi/vec4 0, 0, 8;
    %load/vec4 v0x7ffc66d48ce0_0;
    %concat/vec4; draw_concat_vec4
    %store/vec4 v0x7ffc66d48f50_0, 0, 16;
    %load/vec4 v0x7ffc66d47ed0_0;
    %pad/u 32;
    %cmpi/e 0, 0, 32;
    %jmp/0xz  T_7.10, 4;
    %pushi/vec4 3, 0, 3;
    %store/vec4 v0x7ffc66d48ea0_0, 0, 3;
    %pushi/vec4 1, 0, 1;
    %store/vec4 v0x7ffc66d490a0_0, 0, 1;
    %jmp T_7.11;
T_7.10 ;
    %load/vec4 v0x7ffc66d48530_0;
    %load/vec4 v0x7ffc66d484a0_0;
    %inv;
    %and;
    %flag_set/vec4 8;
    %jmp/0xz  T_7.12, 8;
    %pushi/vec4 1, 0, 1;
    %store/vec4 v0x7ffc66d48d70_0, 0, 1;
    %pushi/vec4 4, 0, 3;
    %store/vec4 v0x7ffc66d48ea0_0, 0, 3;
    %load/vec4 v0x7ffc66d484a0_0;
    %inv;
    %store/vec4 v0x7ffc66d49140_0, 0, 1;
    %pushi/vec4 1, 0, 1;
    %store/vec4 v0x7ffc66d490a0_0, 0, 1;
    %jmp T_7.13;
T_7.12 ;
    %pushi/vec4 5, 0, 3;
    %store/vec4 v0x7ffc66d48ea0_0, 0, 3;
    %load/vec4 v0x7ffc66d484a0_0;
    %inv;
    %store/vec4 v0x7ffc66d49140_0, 0, 1;
    %load/vec4 v0x7ffc66d484a0_0;
    %store/vec4 v0x7ffc66d490a0_0, 0, 1;
    %pushi/vec4 0, 0, 16;
    %store/vec4 v0x7ffc66d48f50_0, 0, 16;
T_7.13 ;
T_7.11 ;
    %jmp T_7.9;
T_7.3 ;
    %load/vec4 v0x7ffc66d48670_0;
    %store/vec4 v0x7ffc66d47d80_0, 0, 8;
    %load/vec4 v0x7ffc66d485c0_0;
    %store/vec4 v0x7ffc66d48260_0, 0, 16;
    %pushi/vec4 0, 0, 1;
    %store/vec4 v0x7ffc66d48880_0, 0, 1;
    %pushi/vec4 6, 0, 3;
    %store/vec4 v0x7ffc66d48ea0_0, 0, 3;
    %jmp T_7.9;
T_7.4 ;
    %load/vec4 v0x7ffc66d48670_0;
    %store/vec4 v0x7ffc66d47d80_0, 0, 8;
    %load/vec4 v0x7ffc66d485c0_0;
    %store/vec4 v0x7ffc66d48260_0, 0, 16;
    %pushi/vec4 0, 0, 1;
    %store/vec4 v0x7ffc66d48880_0, 0, 1;
    %pushi/vec4 6, 0, 3;
    %store/vec4 v0x7ffc66d48ea0_0, 0, 3;
    %jmp T_7.9;
T_7.5 ;
    %load/vec4 v0x7ffc66d48670_0;
    %store/vec4 v0x7ffc66d47d80_0, 0, 8;
    %load/vec4 v0x7ffc66d485c0_0;
    %store/vec4 v0x7ffc66d48260_0, 0, 16;
    %pushi/vec4 0, 0, 1;
    %store/vec4 v0x7ffc66d48880_0, 0, 1;
    %pushi/vec4 7, 0, 3;
    %store/vec4 v0x7ffc66d48ea0_0, 0, 3;
    %jmp T_7.9;
T_7.6 ;
    %load/vec4 v0x7ffc66d48100_0;
    %store/vec4 v0x7ffc66d47d80_0, 0, 8;
    %load/vec4 v0x7ffc66d48720_0;
    %store/vec4 v0x7ffc66d48260_0, 0, 16;
    %pushi/vec4 0, 0, 1;
    %store/vec4 v0x7ffc66d48880_0, 0, 1;
    %pushi/vec4 7, 0, 3;
    %store/vec4 v0x7ffc66d48ea0_0, 0, 3;
    %jmp T_7.9;
T_7.7 ;
    %load/vec4 v0x7ffc66d48100_0;
    %store/vec4 v0x7ffc66d47d80_0, 0, 8;
    %load/vec4 v0x7ffc66d48720_0;
    %store/vec4 v0x7ffc66d48260_0, 0, 16;
    %pushi/vec4 0, 0, 1;
    %store/vec4 v0x7ffc66d48880_0, 0, 1;
    %pushi/vec4 0, 0, 3;
    %store/vec4 v0x7ffc66d48ea0_0, 0, 3;
    %pushi/vec4 1, 0, 1;
    %store/vec4 v0x7ffc66d48e00_0, 0, 1;
    %jmp T_7.9;
T_7.9 ;
    %pop/vec4 1;
    %jmp T_7;
    .thread T_7, $push;
    .scope S_0x7ffc66d11710;
T_8 ;
    %pushi/vec4 0, 0, 1;
    %store/vec4 v0x7ffc66d49f20_0, 0, 1;
    %pushi/vec4 0, 0, 8;
    %store/vec4 v0x7ffc66d498e0_0, 0, 8;
    %pushi/vec4 11, 0, 17;
    %store/vec4 v0x7ffc66d49830_0, 0, 17;
    %pushi/vec4 0, 0, 17;
    %store/vec4 v0x7ffc66d49780_0, 0, 17;
    %end;
    .thread T_8, $init;
    .scope S_0x7ffc66d11710;
T_9 ;
    %delay 1, 0;
    %load/vec4 v0x7ffc66d499b0_0;
    %pushi/vec4 1, 0, 1;
    %cmp/ne;
    %flag_get/vec4 6;
    %store/vec4 v0x7ffc66d499b0_0, 0, 1;
    %jmp T_9;
    .thread T_9;
    .scope S_0x7ffc66d11710;
T_10 ;
    %vpi_call/w 3 143 "$dumpfile", "Send_tb.vcd" {0 0 0};
    %vpi_call/w 3 144 "$dumpvars", 32'sb00000000000000000000000000000000, S_0x7ffc66d11710 {0 0 0};
    %delay 3, 0;
    %fork TD_Send_tb.noReceiverTest, S_0x7ffc66d466b0;
    %join;
    %delay 2, 0;
    %fork TD_Send_tb.someReceiverTest, S_0x7ffc66d494c0;
    %join;
    %delay 2, 0;
    %fork TD_Send_tb.altReceiverTest, S_0x7ffc66d02c40;
    %join;
    %delay 2, 0;
    %fork TD_Send_tb.altReceiverTest2, S_0x7ffc66d00220;
    %join;
    %delay 2, 0;
    %vpi_call/w 3 150 "$finish" {0 0 0};
    %end;
    .thread T_10;
# The file index is used to find the file name in the following table.
:file_names 6;
    "N/A";
    "<interactive>";
    "-";
    "Send_tb.v";
    "IceRam.v";
    "Send.v";
